iter	hours	log_posterior	log_prior	loglik	missing	mixture	scale	shape
0	0.001	-1964.224	-24.33	-1939.894	0.32	0.996	72.18	2.019
10	0.008	-1814.592	-22.278	-1792.315	0.32	0.89	66.731	2.016
20	0.016	-1811.493	-22.936	-1788.557	0.32	0.868	69.304	1.918
30	0.023	-1801.574	-25.096	-1776.478	0.32	0.826	76.216	1.9
40	0.031	-1801.574	-25.096	-1776.478	0.32	0.826	76.216	1.9
50	0.039	-1801.449	-24.3	-1777.148	0.32	0.811	73.475	1.959
60	0.046	-1800.492	-24.235	-1776.257	0.32	0.817	73.515	1.905
70	0.053	-1797.685	-22.648	-1775.036	0.32	0.822	68.889	1.829
80	0.061	-1797.175	-23.327	-1773.848	0.32	0.814	71.192	1.792
90	0.068	-1791.314	-21.892	-1769.422	0.32	0.788	67.545	1.606
100	0.075	-1790.224	-21.299	-1768.924	0.32	0.779	65.811	1.579
110	0.083	-1785.369	-21.941	-1763.428	0.32	0.902	68.342	1.406
120	0.09	-1748.35	-24.14	-1724.21	0.32	0.888	76.066	1.196
130	0.097	-1747.371	-23.439	-1723.931	0.32	0.864	73.986	1.181
140	0.105	-1743.611	-23.3	-1720.312	0.32	0.9	73.719	1.109
150	0.112	-1736.069	-21.287	-1714.782	0.32	0.927	67.904	0.927
160	0.119	-1734.346	-18.834	-1715.512	0.32	0.918	60.515	0.815
170	0.127	-1734.632	-19.029	-1715.604	0.32	0.97	60.748	0.849
180	0.134	-1730.38	-18.79	-1711.59	0.32	0.925	60.191	0.877
190	0.141	-1729.35	-17.611	-1711.739	0.32	0.883	56.461	0.922
200	0.149	-1728.197	-17.711	-1710.486	0.32	0.93	56.912	0.819
210	0.156	-1728.046	-17.35	-1710.695	0.32	0.949	55.614	0.842
220	0.163	-1727.644	-17.531	-1710.113	0.32	0.933	56.224	0.859
230	0.171	-1725.145	-16.089	-1709.056	0.32	0.937	51.629	0.858
240	0.178	-1722.39	-15.219	-1707.172	0.32	0.917	49.006	0.829
250	0.185	-1715.673	-12.9	-1702.772	0.32	0.956	41.491	0.779
260	0.193	-1712.799	-11.859	-1700.941	0.32	0.954	38.188	0.75
270	0.2	-1709.538	-11.194	-1698.344	0.32	0.916	36.333	0.684
280	0.207	-1711.11	-11.796	-1699.313	0.32	0.891	38.277	0.735
290	0.215	-1706.186	-9.968	-1696.219	0.32	0.923	32.277	0.682
300	0.222	-1699.346	-7.074	-1692.272	0.32	0.915	22.666	0.607
310	0.229	-1697.307	-7.637	-1689.671	0.32	0.948	24.354	0.665
320	0.237	-1696.777	-8.082	-1688.695	0.32	0.951	25.868	0.657
330	0.244	-1696.789	-7.392	-1689.397	0.32	0.957	23.482	0.647
340	0.252	-1693.753	-6.617	-1687.135	0.32	0.947	20.901	0.623
350	0.259	-1693.753	-6.617	-1687.135	0.32	0.947	20.901	0.623
360	0.266	-1693.206	-6.927	-1686.278	0.32	0.921	22.093	0.635
370	0.274	-1692.792	-6.504	-1686.288	0.32	0.919	20.639	0.625
380	0.281	-1693.403	-6.216	-1687.187	0.32	0.934	19.61	0.581
390	0.288	-1693.767	-6.369	-1687.397	0.32	0.952	20.005	0.615
400	0.295	-1692.48	-5.836	-1686.644	0.32	0.919	18.337	0.568
410	0.303	-1689.709	-4.597	-1685.112	0.32	0.924	13.757	0.533
420	0.31	-1690.224	-4.581	-1685.643	0.32	0.951	13.542	0.523
430	0.317	-1690.224	-4.581	-1685.643	0.32	0.951	13.542	0.523
440	0.325	-1691.314	-5.2	-1686.114	0.32	0.946	15.905	0.539
450	0.332	-1691.371	-5.254	-1686.117	0.32	0.917	16.255	0.537
460	0.339	-1688.339	-3.978	-1684.36	0.32	0.918	11.351	0.495
470	0.347	-1687.592	-3.519	-1684.073	0.32	0.937	9.289	0.46
480	0.354	-1689.62	-3.694	-1685.926	0.32	0.952	9.96	0.501
490	0.361	-1686.511	-2.991	-1683.52	0.32	0.944	6.66	0.437
500	0.368	-1686.511	-2.991	-1683.52	0.32	0.944	6.66	0.437
510	0.376	-1686.511	-2.991	-1683.52	0.32	0.944	6.66	0.437
520	0.383	-1686.511	-2.991	-1683.52	0.32	0.944	6.66	0.437
530	0.39	-1687.262	-3.389	-1683.872	0.32	0.916	8.835	0.466
540	0.398	-1687.521	-2.967	-1684.554	0.32	0.899	6.82	0.436
550	0.405	-1689.333	-4.329	-1685.004	0.32	0.946	12.602	0.513
560	0.412	-1690.74	-4.874	-1685.865	0.32	0.943	14.705	0.541
570	0.419	-1690.74	-4.874	-1685.865	0.32	0.943	14.705	0.541
580	0.427	-1690.518	-4.688	-1685.829	0.32	0.951	13.955	0.529
590	0.434	-1689.627	-4.381	-1685.245	0.32	0.923	12.928	0.532
600	0.441	-1690.263	-3.601	-1686.662	0.32	0.886	9.885	0.463
610	0.449	-1691.247	-2.843	-1688.404	0.32	0.863	6.241	0.418
620	0.456	-1687.165	-2.947	-1684.218	0.32	0.903	6.696	0.437
630	0.463	-1686.727	-2.663	-1684.064	0.32	0.926	4.581	0.398
640	0.471	-1686.727	-2.663	-1684.064	0.32	0.926	4.581	0.398
650	0.478	-1687.354	-2.835	-1684.519	0.32	0.927	5.844	0.41
660	0.485	-1686.819	-3.246	-1683.573	0.32	0.923	8.124	0.459
670	0.493	-1686.88	-2.595	-1684.285	0.32	0.918	4.001	0.397
680	0.5	-1687.139	-2.635	-1684.505	0.32	0.906	4.558	0.405
690	0.507	-1686.626	-2.989	-1683.636	0.32	0.917	6.857	0.444
700	0.515	-1687.222	-3.498	-1683.724	0.32	0.927	9.27	0.475
710	0.522	-1687.532	-3.445	-1684.088	0.32	0.909	9.121	0.478
720	0.529	-1687.532	-3.445	-1684.088	0.32	0.909	9.121	0.478
730	0.537	-1689.417	-3.489	-1685.929	0.32	0.909	9.298	0.451
740	0.544	-1687.413	-3.323	-1684.09	0.32	0.909	8.566	0.474
750	0.551	-1687.205	-2.581	-1684.624	0.32	0.911	3.886	0.392
760	0.559	-1687.205	-2.581	-1684.624	0.32	0.911	3.886	0.392
770	0.566	-1687.797	-2.812	-1684.986	0.32	0.972	5.07	0.405
780	0.573	-1687.797	-2.812	-1684.986	0.32	0.972	5.07	0.405
790	0.581	-1687.797	-2.812	-1684.986	0.32	0.972	5.07	0.405
800	0.588	-1686.33	-2.796	-1683.534	0.32	0.942	5.476	0.416
810	0.595	-1686.33	-2.796	-1683.534	0.32	0.942	5.476	0.416
820	0.603	-1686.25	-2.816	-1683.435	0.32	0.938	5.659	0.423
830	0.61	-1686.25	-2.816	-1683.435	0.32	0.938	5.659	0.423
840	0.617	-1686.521	-3.096	-1683.426	0.32	0.932	7.314	0.447
850	0.625	-1687.556	-3.552	-1684.004	0.32	0.945	9.382	0.465
860	0.632	-1686.812	-3.211	-1683.602	0.32	0.928	7.917	0.452
870	0.639	-1687.283	-3.396	-1683.887	0.32	0.948	8.65	0.457
880	0.647	-1686.878	-3.199	-1683.679	0.32	0.928	7.872	0.462
890	0.654	-1687.636	-2.856	-1684.78	0.32	0.928	5.963	0.409
900	0.662	-1687.013	-2.801	-1684.212	0.32	0.931	5.587	0.408
910	0.669	-1686.72	-2.603	-1684.117	0.32	0.932	3.879	0.395
920	0.676	-1687.263	-2.654	-1684.609	0.32	0.905	4.738	0.405
930	0.684	-1687.263	-2.654	-1684.609	0.32	0.905	4.738	0.405
940	0.691	-1687.263	-2.654	-1684.609	0.32	0.905	4.738	0.405
950	0.698	-1687.263	-2.654	-1684.609	0.32	0.905	4.738	0.405
960	0.706	-1687.263	-2.654	-1684.609	0.32	0.905	4.738	0.405
970	0.713	-1687.263	-2.654	-1684.609	0.32	0.905	4.738	0.405
980	0.72	-1687.263	-2.654	-1684.609	0.32	0.905	4.738	0.405
990	0.728	-1687.769	-3.035	-1684.734	0.32	0.89	7.232	0.45
1000	0.735	-1687.769	-3.035	-1684.734	0.32	0.89	7.232	0.45
1010	0.742	-1686.868	-3.286	-1683.582	0.32	0.938	8.215	0.454
1020	0.75	-1686.868	-3.286	-1683.582	0.32	0.938	8.215	0.454
1030	0.757	-1689.124	-3.673	-1685.451	0.32	0.903	10.134	0.468
1040	0.764	-1689.124	-3.673	-1685.451	0.32	0.903	10.134	0.468
1050	0.771	-1687.708	-3.498	-1684.21	0.32	0.916	9.32	0.466
1060	0.779	-1687.671	-3.342	-1684.329	0.32	0.909	8.642	0.457
1070	0.786	-1688.237	-3.239	-1684.998	0.32	0.968	7.669	0.445
1080	0.793	-1688.452	-2.675	-1685.777	0.32	0.932	4.562	0.384
1090	0.801	-1688.938	-3.208	-1685.731	0.32	0.915	7.954	0.433
1100	0.808	-1686.596	-3.018	-1683.578	0.32	0.931	6.904	0.435
1110	0.815	-1686.596	-3.018	-1683.578	0.32	0.931	6.904	0.435
1120	0.823	-1686.775	-3.16	-1683.615	0.32	0.94	7.59	0.455
1130	0.83	-1688.576	-3.942	-1684.634	0.32	0.909	11.239	0.508
1140	0.837	-1688.266	-3.657	-1684.61	0.32	0.905	10.064	0.477
1150	0.845	-1688.426	-3.831	-1684.594	0.32	0.906	10.801	0.502
1160	0.852	-1688.426	-3.831	-1684.594	0.32	0.906	10.801	0.502
1170	0.859	-1688.025	-3.801	-1684.224	0.32	0.924	10.591	0.498
1180	0.867	-1689.402	-3.078	-1686.324	0.32	0.954	6.975	0.411
1190	0.874	-1686.278	-2.767	-1683.51	0.32	0.931	5.401	0.42
1200	0.881	-1686.278	-2.767	-1683.51	0.32	0.931	5.401	0.42
1210	0.889	-1686.278	-2.767	-1683.51	0.32	0.931	5.401	0.42
1220	0.896	-1686.278	-2.767	-1683.51	0.32	0.931	5.401	0.42
1230	0.903	-1686.406	-3.004	-1683.402	0.32	0.93	6.848	0.441
1240	0.91	-1687.521	-3.508	-1684.013	0.32	0.942	9.218	0.478
1250	0.918	-1687.436	-3.437	-1683.999	0.32	0.911	9.073	0.472
1260	0.925	-1687.155	-3.038	-1684.117	0.32	0.903	7.194	0.451
1270	0.932	-1686.501	-3.074	-1683.427	0.32	0.93	7.222	0.446
1280	0.94	-1686.68	-3.123	-1683.557	0.32	0.944	7.357	0.442
1290	0.947	-1686.55	-2.857	-1683.693	0.32	0.951	5.773	0.417
1300	0.954	-1686.55	-2.857	-1683.693	0.32	0.951	5.773	0.417
1310	0.962	-1686.55	-2.857	-1683.693	0.32	0.951	5.773	0.417
1320	0.969	-1687.021	-2.983	-1684.038	0.32	0.94	6.669	0.449
1330	0.976	-1686.758	-3.194	-1683.564	0.32	0.936	7.778	0.447
1340	0.983	-1686.758	-3.194	-1683.564	0.32	0.936	7.778	0.447
1350	0.991	-1686.758	-3.194	-1683.564	0.32	0.936	7.778	0.447
1360	0.998	-1687.114	-3.271	-1683.843	0.32	0.95	8.045	0.452
1370	1.005	-1686.758	-3.197	-1683.561	0.32	0.925	7.88	0.459
1380	1.013	-1686.758	-3.197	-1683.561	0.32	0.925	7.88	0.459
1390	1.02	-1687.487	-3.536	-1683.951	0.32	0.924	9.445	0.468
1400	1.028	-1687.487	-3.536	-1683.951	0.32	0.924	9.445	0.468
1410	1.035	-1687.32	-2.617	-1684.703	0.32	0.949	3.368	0.371
1420	1.042	-1687.32	-2.617	-1684.703	0.32	0.949	3.368	0.371
1430	1.05	-1687.32	-2.617	-1684.703	0.32	0.949	3.368	0.371
1440	1.057	-1687.32	-2.617	-1684.703	0.32	0.949	3.368	0.371
1450	1.064	-1687.433	-2.976	-1684.458	0.32	0.895	6.901	0.448
1460	1.072	-1687.433	-2.976	-1684.458	0.32	0.895	6.901	0.448
1470	1.079	-1686.291	-2.768	-1683.524	0.32	0.941	5.286	0.413
1480	1.086	-1686.291	-2.768	-1683.524	0.32	0.941	5.286	0.413
1490	1.094	-1687.749	-2.598	-1685.151	0.32	0.939	2.967	0.363
1500	1.101	-1687.772	-2.636	-1685.136	0.32	0.919	4.362	0.387
1510	1.108	-1687.714	-2.609	-1685.105	0.32	0.93	3.843	0.378
1520	1.116	-1687.714	-2.609	-1685.105	0.32	0.93	3.843	0.378
1530	1.123	-1687.195	-2.717	-1684.478	0.32	0.954	4.642	0.39
1540	1.13	-1686.336	-2.804	-1683.532	0.32	0.937	5.577	0.416
1550	1.138	-1686.274	-2.748	-1683.526	0.32	0.929	5.282	0.418
1560	1.145	-1686.551	-2.746	-1683.806	0.32	0.952	4.985	0.412
1570	1.152	-1686.551	-2.746	-1683.806	0.32	0.952	4.985	0.412
1580	1.16	-1686.551	-2.746	-1683.806	0.32	0.952	4.985	0.412
1590	1.167	-1686.551	-2.746	-1683.806	0.32	0.952	4.985	0.412
1600	1.175	-1687.048	-3.325	-1683.724	0.32	0.941	8.37	0.453
1610	1.182	-1687.048	-3.325	-1683.724	0.32	0.941	8.37	0.453
1620	1.189	-1686.932	-3.217	-1683.715	0.32	0.946	7.824	0.454
1630	1.197	-1687.17	-3.134	-1684.036	0.32	0.939	7.44	0.434
1640	1.204	-1686.982	-3.268	-1683.714	0.32	0.945	8.077	0.458
1650	1.211	-1686.751	-2.699	-1684.052	0.32	0.957	4.455	0.395
1660	1.219	-1686.535	-2.691	-1683.843	0.32	0.938	4.688	0.399
1670	1.226	-1686.535	-2.691	-1683.843	0.32	0.938	4.688	0.399
1680	1.233	-1686.638	-2.894	-1683.743	0.32	0.938	6.165	0.438
1690	1.241	-1686.638	-2.894	-1683.743	0.32	0.938	6.165	0.438
1700	1.248	-1686.638	-2.894	-1683.743	0.32	0.938	6.165	0.438
1710	1.256	-1687.475	-2.947	-1684.528	0.32	0.931	6.482	0.418
1720	1.263	-1686.972	-2.996	-1683.975	0.32	0.944	6.666	0.423
1730	1.27	-1686.577	-2.709	-1683.869	0.32	0.917	5.103	0.419
1740	1.278	-1686.477	-2.668	-1683.809	0.32	0.928	4.66	0.41
1750	1.285	-1686.504	-2.717	-1683.787	0.32	0.944	4.832	0.401
1760	1.292	-1686.504	-2.717	-1683.787	0.32	0.944	4.832	0.401
1770	1.3	-1686.504	-2.717	-1683.787	0.32	0.944	4.832	0.401
1780	1.307	-1686.504	-2.717	-1683.787	0.32	0.944	4.832	0.401
1790	1.314	-1686.504	-2.717	-1683.787	0.32	0.944	4.832	0.401
1800	1.322	-1687.601	-2.657	-1684.944	0.32	0.946	4.154	0.38
1810	1.329	-1686.592	-2.707	-1683.885	0.32	0.95	4.645	0.399
1820	1.336	-1686.806	-2.77	-1684.036	0.32	0.959	5.038	0.408
1830	1.344	-1686.659	-2.869	-1683.791	0.32	0.951	5.861	0.428
1840	1.351	-1686.659	-2.869	-1683.791	0.32	0.951	5.861	0.428
1850	1.358	-1686.659	-2.869	-1683.791	0.32	0.951	5.861	0.428
1860	1.366	-1686.286	-2.798	-1683.488	0.32	0.936	5.561	0.424
1870	1.373	-1688.007	-3.076	-1684.931	0.32	0.956	7.013	0.454
1880	1.38	-1688.287	-3.768	-1684.519	0.32	0.918	10.483	0.503
1890	1.388	-1688.04	-3.554	-1684.486	0.32	0.942	9.425	0.487
1900	1.395	-1687.86	-3.708	-1684.153	0.32	0.938	10.111	0.472
1910	1.402	-1688.83	-3.274	-1685.556	0.32	0.957	8.009	0.472
1920	1.41	-1688.83	-3.274	-1685.556	0.32	0.957	8.009	0.472
1930	1.417	-1689.992	-4.515	-1685.478	0.32	0.924	13.449	0.502
1940	1.424	-1690.535	-4.779	-1685.755	0.32	0.925	14.44	0.548
1950	1.432	-1691.26	-5.304	-1685.956	0.32	0.918	16.422	0.554
1960	1.439	-1689.398	-3.787	-1685.611	0.32	0.966	10.209	0.48
1970	1.446	-1689.037	-4.213	-1684.824	0.32	0.946	12.144	0.506
1980	1.454	-1689.037	-4.213	-1684.824	0.32	0.946	12.144	0.506
1990	1.461	-1689.037	-4.213	-1684.824	0.32	0.946	12.144	0.506
2000	1.468	-1689.845	-4.14	-1685.704	0.32	0.946	11.846	0.52
2010	1.476	-1689.048	-4.293	-1684.756	0.32	0.938	12.509	0.5
2020	1.483	-1689.373	-4.417	-1684.956	0.32	0.929	13.045	0.526
2030	1.49	-1687.458	-3.307	-1684.151	0.32	0.91	8.477	0.458
2040	1.498	-1687.141	-3.469	-1683.671	0.32	0.933	9.103	0.47
2050	1.505	-1687.141	-3.469	-1683.671	0.32	0.933	9.103	0.47
2060	1.512	-1689.596	-3.451	-1686.145	0.32	0.925	9.04	0.441
2070	1.52	-1687.118	-3.286	-1683.832	0.32	0.93	8.264	0.45
2080	1.527	-1686.886	-3.216	-1683.67	0.32	0.926	7.966	0.464
2090	1.534	-1687.285	-3.297	-1683.988	0.32	0.949	8.171	0.446
2100	1.542	-1688.339	-3.093	-1685.246	0.32	0.921	7.344	0.427
2110	1.549	-1688.339	-3.093	-1685.246	0.32	0.921	7.344	0.427
2120	1.557	-1688.339	-3.093	-1685.246	0.32	0.921	7.344	0.427
2130	1.564	-1688.73	-3.485	-1685.245	0.32	0.941	9.099	0.445
2140	1.571	-1687.85	-3.546	-1684.304	0.32	0.934	9.427	0.459
2150	1.578	-1687.85	-3.546	-1684.304	0.32	0.934	9.427	0.459
2160	1.586	-1686.599	-2.753	-1683.846	0.32	0.917	5.407	0.416
2170	1.593	-1686.342	-2.751	-1683.591	0.32	0.928	5.3	0.415
2180	1.6	-1686.342	-2.751	-1683.591	0.32	0.928	5.3	0.415
2190	1.608	-1688.767	-2.639	-1686.129	0.32	0.929	2.205	0.35
2200	1.615	-1688.767	-2.639	-1686.129	0.32	0.929	2.205	0.35
2210	1.622	-1688.767	-2.639	-1686.129	0.32	0.929	2.205	0.35
2220	1.63	-1688.767	-2.639	-1686.129	0.32	0.929	2.205	0.35
2230	1.637	-1686.601	-2.785	-1683.816	0.32	0.92	5.601	0.417
2240	1.644	-1686.258	-2.749	-1683.509	0.32	0.941	5.145	0.412
2250	1.652	-1686.591	-2.628	-1683.962	0.32	0.944	3.929	0.392
2260	1.659	-1686.687	-3.105	-1683.582	0.32	0.924	7.424	0.452
2270	1.666	-1686.687	-3.105	-1683.582	0.32	0.924	7.424	0.452
2280	1.673	-1686.55	-2.886	-1683.663	0.32	0.918	6.259	0.431
2290	1.681	-1687.351	-3.067	-1684.284	0.32	0.899	7.363	0.457
2300	1.688	-1687.419	-3.571	-1683.848	0.32	0.935	9.537	0.472
2310	1.695	-1686.922	-3.224	-1683.698	0.32	0.939	7.92	0.461
2320	1.703	-1686.922	-3.224	-1683.698	0.32	0.939	7.92	0.461
2330	1.71	-1686.347	-2.83	-1683.516	0.32	0.946	5.661	0.419
2340	1.717	-1686.409	-2.923	-1683.486	0.32	0.93	6.397	0.439
2350	1.725	-1686.688	-2.828	-1683.86	0.32	0.932	5.769	0.414
2360	1.732	-1687.39	-3.1	-1684.289	0.32	0.899	7.532	0.454
2370	1.739	-1687.39	-3.1	-1684.289	0.32	0.899	7.532	0.454
2380	1.747	-1687.064	-3.335	-1683.729	0.32	0.923	8.546	0.459
2390	1.754	-1687.563	-2.862	-1684.701	0.32	0.892	6.269	0.435
2400	1.761	-1687.512	-3.413	-1684.099	0.32	0.908	8.984	0.472
2410	1.768	-1687.62	-3.584	-1684.036	0.32	0.931	9.62	0.468
2420	1.776	-1687.62	-3.584	-1684.036	0.32	0.931	9.62	0.468
2430	1.783	-1687.62	-3.584	-1684.036	0.32	0.931	9.62	0.468
2440	1.79	-1687.893	-3.755	-1684.138	0.32	0.919	10.418	0.483
2450	1.798	-1687.893	-3.755	-1684.138	0.32	0.919	10.418	0.483
2460	1.805	-1687.893	-3.755	-1684.138	0.32	0.919	10.418	0.483
2470	1.812	-1688.063	-3.337	-1684.726	0.32	0.894	8.689	0.465
2480	1.82	-1689.425	-3.328	-1686.097	0.32	0.885	8.674	0.454
2490	1.827	-1687.256	-2.804	-1684.452	0.32	0.922	5.691	0.41
2500	1.834	-1686.331	-2.889	-1683.441	0.32	0.94	6.095	0.424
2510	1.842	-1686.642	-2.686	-1683.956	0.32	0.919	4.885	0.407
2520	1.849	-1686.642	-2.686	-1683.956	0.32	0.919	4.885	0.407
2530	1.856	-1686.642	-2.686	-1683.956	0.32	0.919	4.885	0.407
2540	1.864	-1686.642	-2.686	-1683.956	0.32	0.919	4.885	0.407
2550	1.871	-1687.347	-2.826	-1684.521	0.32	0.896	6.031	0.43
2560	1.878	-1689.228	-4.425	-1684.803	0.32	0.922	13.11	0.52
2570	1.886	-1691.882	-5.119	-1686.763	0.32	0.918	15.757	0.519
2580	1.893	-1693.072	-5.86	-1687.212	0.32	0.917	18.444	0.55
2590	1.9	-1690.382	-4.821	-1685.561	0.32	0.938	14.538	0.539
2600	1.908	-1690.034	-4.328	-1685.706	0.32	0.96	12.49	0.503
2610	1.915	-1691.041	-5.207	-1685.834	0.32	0.923	16.044	0.553
2620	1.923	-1690.806	-5.072	-1685.734	0.32	0.927	15.538	0.53
2630	1.93	-1688.297	-3.768	-1684.529	0.32	0.932	10.406	0.471
2640	1.937	-1687.998	-3.884	-1684.114	0.32	0.928	10.916	0.492
2650	1.945	-1687.998	-3.884	-1684.114	0.32	0.928	10.916	0.492
2660	1.952	-1689.948	-4.535	-1685.413	0.32	0.92	13.537	0.539
2670	1.959	-1691.11	-5.031	-1686.079	0.32	0.943	15.304	0.52
2680	1.967	-1689.71	-3.532	-1686.178	0.32	0.967	9.089	0.478
2690	1.974	-1687.819	-3.754	-1684.065	0.32	0.932	10.353	0.49
2700	1.981	-1688.951	-3.54	-1685.41	0.32	0.882	9.648	0.489
2710	1.989	-1689.388	-3.375	-1686.012	0.32	0.878	8.915	0.462
2720	1.996	-1689.388	-3.375	-1686.012	0.32	0.878	8.915	0.462
2730	2.003	-1689.388	-3.375	-1686.012	0.32	0.878	8.915	0.462
2740	2.011	-1690.263	-3.265	-1686.999	0.32	0.857	8.476	0.469
2750	2.018	-1688.896	-3.279	-1685.617	0.32	0.876	8.485	0.469
2760	2.025	-1688.896	-3.279	-1685.617	0.32	0.876	8.485	0.469
2770	2.033	-1687.805	-3.086	-1684.719	0.32	0.89	7.501	0.456
2780	2.04	-1687.432	-2.888	-1684.543	0.32	0.894	6.416	0.44
2790	2.047	-1687.432	-2.888	-1684.543	0.32	0.894	6.416	0.44
2800	2.055	-1686.572	-3.086	-1683.486	0.32	0.933	7.265	0.451
2810	2.062	-1687.814	-2.792	-1685.023	0.32	0.913	5.67	0.409
2820	2.069	-1687.224	-2.639	-1684.584	0.32	0.916	4.469	0.395
2830	2.077	-1687.345	-2.775	-1684.57	0.32	0.919	5.512	0.408
2840	2.084	-1686.413	-2.657	-1683.756	0.32	0.932	4.482	0.401
2850	2.091	-1686.413	-2.657	-1683.756	0.32	0.932	4.482	0.401
2860	2.099	-1686.413	-2.657	-1683.756	0.32	0.932	4.482	0.401
2870	2.106	-1686.413	-2.657	-1683.756	0.32	0.932	4.482	0.401
2880	2.113	-1686.413	-2.657	-1683.756	0.32	0.932	4.482	0.401
2890	2.121	-1687.284	-2.624	-1684.66	0.32	0.947	3.649	0.375
2900	2.128	-1687.284	-2.624	-1684.66	0.32	0.947	3.649	0.375
2910	2.136	-1687.284	-2.624	-1684.66	0.32	0.947	3.649	0.375
2920	2.143	-1686.488	-2.659	-1683.829	0.32	0.944	4.329	0.402
2930	2.15	-1687.016	-2.601	-1684.415	0.32	0.945	3.279	0.379
2940	2.158	-1687.016	-2.601	-1684.415	0.32	0.945	3.279	0.379
2950	2.165	-1687.016	-2.601	-1684.415	0.32	0.945	3.279	0.379
2960	2.172	-1687.016	-2.601	-1684.415	0.32	0.945	3.279	0.379
2970	2.18	-1687.945	-2.651	-1685.294	0.32	0.965	2.962	0.363
2980	2.187	-1687.945	-2.651	-1685.294	0.32	0.965	2.962	0.363
2990	2.194	-1687.945	-2.651	-1685.294	0.32	0.965	2.962	0.363
3000	2.202	-1687.898	-2.728	-1685.17	0.32	0.955	4.697	0.386
3010	2.209	-1687.898	-2.728	-1685.17	0.32	0.955	4.697	0.386
3020	2.216	-1687.898	-2.728	-1685.17	0.32	0.955	4.697	0.386
3030	2.224	-1688.36	-2.78	-1685.579	0.32	0.963	4.963	0.388
3040	2.231	-1687.44	-2.879	-1684.561	0.32	0.949	5.903	0.407
3050	2.238	-1686.704	-2.946	-1683.758	0.32	0.935	6.502	0.445
3060	2.246	-1687.401	-2.675	-1684.726	0.32	0.921	4.736	0.395
3070	2.253	-1686.308	-2.734	-1683.574	0.32	0.933	5.14	0.418
3080	2.261	-1686.481	-2.748	-1683.734	0.32	0.95	5.021	0.41
3090	2.268	-1686.481	-2.748	-1683.734	0.32	0.95	5.021	0.41
3100	2.275	-1687.455	-2.685	-1684.77	0.32	0.96	4.283	0.404
3110	2.283	-1687.455	-2.685	-1684.77	0.32	0.96	4.283	0.404
3120	2.29	-1687.455	-2.685	-1684.77	0.32	0.96	4.283	0.404
3130	2.297	-1687.442	-2.615	-1684.828	0.32	0.953	3.044	0.375
3140	2.305	-1687.843	-2.934	-1684.909	0.32	0.959	6.173	0.44
3150	2.312	-1687.843	-2.934	-1684.909	0.32	0.959	6.173	0.44
3160	2.319	-1686.936	-3.256	-1683.68	0.32	0.925	8.164	0.466
3170	2.327	-1686.838	-3.123	-1683.715	0.32	0.948	7.32	0.438
3180	2.334	-1686.838	-3.123	-1683.715	0.32	0.948	7.32	0.438
3190	2.341	-1687.435	-3.217	-1684.218	0.32	0.913	8.032	0.448
3200	2.349	-1687.285	-3.479	-1683.806	0.32	0.939	9.101	0.465
3210	2.356	-1687.591	-3.282	-1684.309	0.32	0.9	8.412	0.469
3220	2.363	-1687.822	-3.699	-1684.123	0.32	0.918	10.19	0.491
3230	2.371	-1686.408	-2.78	-1683.627	0.32	0.922	5.556	0.419
3240	2.378	-1686.408	-2.78	-1683.627	0.32	0.922	5.556	0.419
3250	2.385	-1686.408	-2.78	-1683.627	0.32	0.922	5.556	0.419
3260	2.393	-1686.513	-2.68	-1683.832	0.32	0.922	4.825	0.411
3270	2.4	-1686.475	-2.76	-1683.715	0.32	0.947	5.168	0.417
3280	2.408	-1689.599	-3.517	-1686.082	0.32	0.903	9.45	0.454
3290	2.415	-1687.295	-2.942	-1684.353	0.32	0.898	6.694	0.44
3300	2.422	-1688.729	-3.17	-1685.559	0.32	0.898	7.857	0.44
3310	2.43	-1690.817	-3.23	-1687.588	0.32	0.85	8.327	0.465
3320	2.437	-1687.126	-3.405	-1683.721	0.32	0.938	8.78	0.47
3330	2.444	-1688.153	-3.416	-1684.737	0.32	0.894	9.048	0.47
3340	2.452	-1688.278	-3.96	-1684.318	0.32	0.921	11.265	0.498
3350	2.459	-1687.876	-3.791	-1684.086	0.32	0.936	10.479	0.49
3360	2.466	-1686.884	-3.082	-1683.803	0.32	0.912	7.37	0.449
3370	2.474	-1687.185	-2.78	-1684.404	0.32	0.911	5.623	0.414
3380	2.481	-1687.898	-2.685	-1685.213	0.32	0.96	4.136	0.378
3390	2.488	-1687.367	-2.581	-1684.786	0.32	0.932	2.974	0.372
3400	2.496	-1687.367	-2.581	-1684.786	0.32	0.932	2.974	0.372
3410	2.503	-1687.367	-2.581	-1684.786	0.32	0.932	2.974	0.372
3420	2.51	-1687.367	-2.581	-1684.786	0.32	0.932	2.974	0.372
3430	2.518	-1686.586	-2.873	-1683.713	0.32	0.953	5.852	0.422
3440	2.525	-1687.868	-2.802	-1685.066	0.32	0.963	5.157	0.394
3450	2.532	-1688.106	-2.792	-1685.313	0.32	0.973	4.849	0.393
3460	2.54	-1686.981	-2.89	-1684.091	0.32	0.951	6.004	0.434
3470	2.547	-1688.772	-3.552	-1685.22	0.32	0.921	9.524	0.454
3480	2.554	-1687.139	-3.178	-1683.961	0.32	0.93	7.761	0.465
3490	2.562	-1687.009	-3.153	-1683.856	0.32	0.947	7.477	0.437
3500	2.569	-1686.657	-3.082	-1683.575	0.32	0.94	7.191	0.45
3510	2.576	-1687.875	-3.345	-1684.53	0.32	0.925	8.568	0.447
3520	2.584	-1687.875	-3.345	-1684.53	0.32	0.925	8.568	0.447
3530	2.591	-1686.588	-3.033	-1683.554	0.32	0.927	7.016	0.438
3540	2.599	-1686.588	-3.033	-1683.554	0.32	0.927	7.016	0.438
3550	2.606	-1686.65	-2.783	-1683.866	0.32	0.913	5.648	0.422
3560	2.613	-1686.65	-2.783	-1683.866	0.32	0.913	5.648	0.422
3570	2.621	-1686.65	-2.783	-1683.866	0.32	0.913	5.648	0.422
3580	2.628	-1686.65	-2.783	-1683.866	0.32	0.913	5.648	0.422
3590	2.635	-1686.592	-2.709	-1683.883	0.32	0.924	5.02	0.407
3600	2.643	-1687.135	-2.972	-1684.163	0.32	0.92	6.722	0.427
3610	2.65	-1686.871	-3.047	-1683.823	0.32	0.914	7.191	0.454
3620	2.657	-1688.016	-3.274	-1684.742	0.32	0.893	8.399	0.462
3630	2.665	-1686.993	-3.255	-1683.738	0.32	0.947	7.992	0.449
3640	2.672	-1686.629	-2.962	-1683.667	0.32	0.915	6.716	0.443
3650	2.679	-1687.079	-3.229	-1683.85	0.32	0.934	7.976	0.466
3660	2.687	-1687.234	-3.109	-1684.125	0.32	0.917	7.463	0.439
3670	2.694	-1690.155	-2.86	-1687.295	0.32	0.932	5.913	0.396
3680	2.701	-1688.748	-2.556	-1686.192	0.32	0.906	2.996	0.367
3690	2.709	-1688.748	-2.556	-1686.192	0.32	0.906	2.996	0.367
3700	2.716	-1688.748	-2.556	-1686.192	0.32	0.906	2.996	0.367
3710	2.723	-1688.748	-2.556	-1686.192	0.32	0.906	2.996	0.367
3720	2.731	-1688.748	-2.556	-1686.192	0.32	0.906	2.996	0.367
3730	2.738	-1688.748	-2.556	-1686.192	0.32	0.906	2.996	0.367
3740	2.745	-1687.858	-2.585	-1685.273	0.32	0.918	3.697	0.378
3750	2.752	-1687.131	-2.621	-1684.51	0.32	0.951	3.428	0.375
3760	2.76	-1688.963	-2.576	-1686.387	0.32	0.919	3.315	0.365
3770	2.767	-1688.963	-2.576	-1686.387	0.32	0.919	3.315	0.365
3780	2.774	-1686.894	-2.64	-1684.254	0.32	0.936	4.185	0.387
3790	2.782	-1686.505	-2.733	-1683.771	0.32	0.952	4.873	0.407
3800	2.789	-1686.505	-2.733	-1683.771	0.32	0.952	4.873	0.407
3810	2.796	-1686.505	-2.733	-1683.771	0.32	0.952	4.873	0.407
3820	2.804	-1686.505	-2.733	-1683.771	0.32	0.952	4.873	0.407
3830	2.811	-1686.505	-2.733	-1683.771	0.32	0.952	4.873	0.407
3840	2.819	-1686.505	-2.733	-1683.771	0.32	0.952	4.873	0.407
3850	2.826	-1686.505	-2.733	-1683.771	0.32	0.952	4.873	0.407
3860	2.833	-1686.505	-2.733	-1683.771	0.32	0.952	4.873	0.407
3870	2.841	-1689.034	-3.165	-1685.869	0.32	0.958	7.396	0.419
3880	2.848	-1688.263	-3.287	-1684.976	0.32	0.956	8.081	0.469
3890	2.855	-1689.917	-4.346	-1685.571	0.32	0.947	12.663	0.489
3900	2.863	-1693.043	-4.492	-1688.551	0.32	0.936	13.296	0.473
3910	2.87	-1690.381	-4.405	-1685.976	0.32	0.89	13.143	0.536
3920	2.877	-1693.814	-3.658	-1690.156	0.32	0.856	10.21	0.461
3930	2.884	-1688.683	-3.63	-1685.053	0.32	0.933	9.796	0.456
3940	2.892	-1688.683	-3.63	-1685.053	0.32	0.933	9.796	0.456
3950	2.899	-1686.576	-3.126	-1683.45	0.32	0.935	7.45	0.446
3960	2.906	-1686.877	-3.185	-1683.692	0.32	0.944	7.667	0.444
3970	2.914	-1686.877	-3.185	-1683.692	0.32	0.944	7.667	0.444
3980	2.921	-1686.877	-3.185	-1683.692	0.32	0.944	7.667	0.444
3990	2.928	-1687.34	-3.097	-1684.244	0.32	0.918	7.393	0.436
