iter	hours	log_posterior	log_prior	loglik	missing	mixture	scale	shape
0	0.001	-1942.604	-13.793	-1928.811	0.32	0.408	45.281	0.453
10	0.008	-1836.937	-11.692	-1825.245	0.32	0.449	38.462	0.596
20	0.015	-1763.947	-10.012	-1753.936	0.32	0.604	32.585	0.794
30	0.023	-1741.202	-10.727	-1730.475	0.32	0.673	34.941	0.783
40	0.03	-1729.531	-9.151	-1720.379	0.32	0.771	29.722	0.754
50	0.037	-1709.473	-8.914	-1700.559	0.32	0.822	28.989	0.695
60	0.045	-1710.036	-8.758	-1701.278	0.32	0.812	28.504	0.683
70	0.052	-1714.921	-8.602	-1706.319	0.32	0.809	28.059	0.636
80	0.059	-1711.663	-7.498	-1704.165	0.32	0.77	24.347	0.649
90	0.067	-1704.481	-6.425	-1698.055	0.32	0.814	20.633	0.609
100	0.074	-1704.481	-6.425	-1698.055	0.32	0.814	20.633	0.609
110	0.081	-1700.287	-6.301	-1693.986	0.32	0.866	20.137	0.579
120	0.088	-1694.0	-5.508	-1688.492	0.32	0.866	17.305	0.575
130	0.096	-1692.991	-4.681	-1688.31	0.32	0.856	14.295	0.533
140	0.103	-1688.934	-3.666	-1685.268	0.32	0.886	10.175	0.495
150	0.11	-1689.457	-3.551	-1685.906	0.32	0.879	9.697	0.474
160	0.118	-1688.041	-3.82	-1684.221	0.32	0.916	10.712	0.495
170	0.125	-1689.168	-3.414	-1685.753	0.32	0.946	8.734	0.436
180	0.132	-1689.772	-2.98	-1686.791	0.32	0.924	6.699	0.409
190	0.14	-1689.223	-2.881	-1686.342	0.32	0.876	6.434	0.428
200	0.147	-1689.223	-2.881	-1686.342	0.32	0.876	6.434	0.428
210	0.154	-1687.766	-2.717	-1685.049	0.32	0.916	5.121	0.401
220	0.162	-1686.93	-3.312	-1683.618	0.32	0.941	8.317	0.457
230	0.169	-1687.297	-3.368	-1683.929	0.32	0.932	8.651	0.475
240	0.176	-1687.297	-3.368	-1683.929	0.32	0.932	8.651	0.475
250	0.184	-1686.446	-2.987	-1683.459	0.32	0.936	6.715	0.442
260	0.191	-1686.446	-2.987	-1683.459	0.32	0.936	6.715	0.442
270	0.198	-1686.446	-2.987	-1683.459	0.32	0.936	6.715	0.442
280	0.206	-1686.828	-2.986	-1683.842	0.32	0.911	6.867	0.44
290	0.213	-1686.828	-2.986	-1683.842	0.32	0.911	6.867	0.44
300	0.22	-1687.242	-3.267	-1683.975	0.32	0.923	8.219	0.451
310	0.227	-1687.242	-3.267	-1683.975	0.32	0.923	8.219	0.451
320	0.235	-1686.644	-3.083	-1683.561	0.32	0.922	7.322	0.447
330	0.242	-1686.644	-3.083	-1683.561	0.32	0.922	7.322	0.447
340	0.249	-1687.27	-2.991	-1684.278	0.32	0.935	6.709	0.422
350	0.257	-1686.574	-2.83	-1683.744	0.32	0.951	5.584	0.414
360	0.264	-1687.127	-2.859	-1684.268	0.32	0.942	5.856	0.41
370	0.271	-1687.127	-2.859	-1684.268	0.32	0.942	5.856	0.41
380	0.279	-1687.127	-2.859	-1684.268	0.32	0.942	5.856	0.41
390	0.286	-1686.654	-2.911	-1683.743	0.32	0.916	6.431	0.441
400	0.293	-1686.654	-2.911	-1683.743	0.32	0.916	6.431	0.441
410	0.301	-1687.228	-2.661	-1684.566	0.32	0.953	4.052	0.381
420	0.308	-1687.401	-2.653	-1684.749	0.32	0.963	3.709	0.388
430	0.315	-1687.052	-2.817	-1684.234	0.32	0.957	5.441	0.422
440	0.323	-1686.615	-2.621	-1683.994	0.32	0.942	3.859	0.388
450	0.33	-1686.615	-2.621	-1683.994	0.32	0.942	3.859	0.388
460	0.338	-1686.615	-2.621	-1683.994	0.32	0.942	3.859	0.388
470	0.345	-1687.668	-2.702	-1684.966	0.32	0.939	4.726	0.389
480	0.353	-1686.492	-2.642	-1683.85	0.32	0.942	4.171	0.397
490	0.36	-1686.492	-2.642	-1683.85	0.32	0.942	4.171	0.397
500	0.368	-1686.661	-2.725	-1683.936	0.32	0.927	5.097	0.405
510	0.375	-1686.661	-2.725	-1683.936	0.32	0.927	5.097	0.405
520	0.382	-1686.601	-2.631	-1683.969	0.32	0.924	4.344	0.403
530	0.39	-1686.601	-2.631	-1683.969	0.32	0.924	4.344	0.403
540	0.397	-1686.601	-2.631	-1683.969	0.32	0.924	4.344	0.403
550	0.404	-1686.601	-2.631	-1683.969	0.32	0.924	4.344	0.403
560	0.412	-1687.283	-2.794	-1684.489	0.32	0.966	5.063	0.402
570	0.419	-1689.482	-3.012	-1686.47	0.32	0.975	6.337	0.437
580	0.426	-1688.934	-3.211	-1685.723	0.32	0.974	7.41	0.43
590	0.434	-1688.934	-3.211	-1685.723	0.32	0.974	7.41	0.43
600	0.441	-1687.649	-3.049	-1684.6	0.32	0.964	6.717	0.424
610	0.448	-1687.649	-3.049	-1684.6	0.32	0.964	6.717	0.424
620	0.456	-1687.758	-3.129	-1684.629	0.32	0.964	7.154	0.43
630	0.463	-1687.758	-3.129	-1684.629	0.32	0.964	7.154	0.43
640	0.471	-1688.508	-2.878	-1685.63	0.32	0.972	5.49	0.398
650	0.478	-1686.615	-2.781	-1683.834	0.32	0.922	5.552	0.415
660	0.485	-1687.213	-2.718	-1684.495	0.32	0.904	5.242	0.413
670	0.493	-1686.787	-2.703	-1684.083	0.32	0.91	5.113	0.416
680	0.5	-1686.597	-2.906	-1683.69	0.32	0.932	6.258	0.423
690	0.507	-1687.503	-2.843	-1684.661	0.32	0.914	5.997	0.416
700	0.515	-1687.254	-2.592	-1684.663	0.32	0.922	3.802	0.383
710	0.522	-1687.254	-2.592	-1684.663	0.32	0.922	3.802	0.383
720	0.529	-1687.254	-2.592	-1684.663	0.32	0.922	3.802	0.383
730	0.537	-1686.815	-2.633	-1684.182	0.32	0.95	3.793	0.385
740	0.544	-1686.815	-2.633	-1684.182	0.32	0.95	3.793	0.385
750	0.551	-1686.815	-2.633	-1684.182	0.32	0.95	3.793	0.385
760	0.559	-1686.815	-2.633	-1684.182	0.32	0.95	3.793	0.385
770	0.566	-1686.815	-2.633	-1684.182	0.32	0.95	3.793	0.385
780	0.573	-1686.815	-2.633	-1684.182	0.32	0.95	3.793	0.385
790	0.581	-1686.815	-2.633	-1684.182	0.32	0.95	3.793	0.385
800	0.588	-1686.815	-2.633	-1684.182	0.32	0.95	3.793	0.385
810	0.595	-1687.345	-2.779	-1684.566	0.32	0.902	5.683	0.419
820	0.603	-1687.345	-2.779	-1684.566	0.32	0.902	5.683	0.419
830	0.61	-1688.954	-3.53	-1685.424	0.32	0.957	9.169	0.446
840	0.618	-1686.57	-3.054	-1683.516	0.32	0.924	7.158	0.449
850	0.625	-1686.57	-3.054	-1683.516	0.32	0.924	7.158	0.449
860	0.632	-1686.57	-3.054	-1683.516	0.32	0.924	7.158	0.449
870	0.64	-1686.57	-3.054	-1683.516	0.32	0.924	7.158	0.449
880	0.647	-1686.643	-3.048	-1683.596	0.32	0.944	6.96	0.436
890	0.654	-1686.798	-2.604	-1684.194	0.32	0.928	3.903	0.388
900	0.662	-1687.205	-2.805	-1684.4	0.32	0.951	5.451	0.429
910	0.669	-1687.205	-2.805	-1684.4	0.32	0.951	5.451	0.429
920	0.676	-1687.205	-2.805	-1684.4	0.32	0.951	5.451	0.429
930	0.684	-1687.937	-3.281	-1684.655	0.32	0.9	8.399	0.456
940	0.691	-1687.937	-3.281	-1684.655	0.32	0.9	8.399	0.456
950	0.698	-1687.139	-2.742	-1684.396	0.32	0.9	5.466	0.423
960	0.706	-1687.533	-3.02	-1684.513	0.32	0.952	6.701	0.419
970	0.713	-1688.347	-3.814	-1684.533	0.32	0.918	10.674	0.505
980	0.721	-1687.084	-2.995	-1684.089	0.32	0.954	6.585	0.441
990	0.728	-1687.084	-2.995	-1684.089	0.32	0.954	6.585	0.441
1000	0.735	-1687.186	-3.335	-1683.85	0.32	0.95	8.354	0.455
1010	0.742	-1687.048	-3.227	-1683.821	0.32	0.932	7.985	0.466
1020	0.75	-1687.767	-3.656	-1684.111	0.32	0.925	9.971	0.491
1030	0.757	-1688.874	-4.139	-1684.734	0.32	0.935	11.915	0.49
1040	0.764	-1691.123	-3.962	-1687.161	0.32	0.941	11.147	0.457
1050	0.772	-1691.345	-3.721	-1687.623	0.32	0.981	9.661	0.458
1060	0.779	-1691.345	-3.721	-1687.623	0.32	0.981	9.661	0.458
1070	0.786	-1688.151	-2.581	-1685.57	0.32	0.923	2.77	0.362
1080	0.794	-1688.151	-2.581	-1685.57	0.32	0.923	2.77	0.362
1090	0.801	-1687.864	-2.581	-1685.283	0.32	0.928	3.033	0.366
1100	0.808	-1687.864	-2.581	-1685.283	0.32	0.928	3.033	0.366
1110	0.816	-1686.813	-2.626	-1684.187	0.32	0.95	3.698	0.384
1120	0.823	-1686.331	-2.69	-1683.641	0.32	0.939	4.691	0.406
1130	0.83	-1689.893	-2.694	-1687.199	0.32	0.924	4.784	0.382
1140	0.837	-1687.197	-2.595	-1684.602	0.32	0.911	4.072	0.394
1150	0.845	-1687.197	-2.595	-1684.602	0.32	0.911	4.072	0.394
1160	0.852	-1688.082	-2.798	-1685.284	0.32	0.887	5.888	0.423
1170	0.859	-1687.978	-2.739	-1685.239	0.32	0.887	5.508	0.42
1180	0.867	-1687.978	-2.739	-1685.239	0.32	0.887	5.508	0.42
1190	0.874	-1689.048	-2.686	-1686.362	0.32	0.89	5.064	0.401
1200	0.881	-1689.048	-2.686	-1686.362	0.32	0.89	5.064	0.401
1210	0.888	-1686.817	-2.734	-1684.083	0.32	0.929	5.134	0.404
1220	0.896	-1690.989	-2.663	-1688.326	0.32	0.949	4.204	0.387
1230	0.903	-1687.303	-3.525	-1683.777	0.32	0.94	9.308	0.47
1240	0.91	-1687.303	-3.525	-1683.777	0.32	0.94	9.308	0.47
1250	0.918	-1687.303	-3.525	-1683.777	0.32	0.94	9.308	0.47
1260	0.925	-1687.189	-3.144	-1684.045	0.32	0.945	7.477	0.458
1270	0.932	-1687.189	-3.144	-1684.045	0.32	0.945	7.477	0.458
1280	0.94	-1688.337	-3.392	-1684.945	0.32	0.954	8.595	0.476
1290	0.947	-1687.954	-3.207	-1684.747	0.32	0.894	8.069	0.454
1300	0.954	-1687.522	-2.998	-1684.524	0.32	0.91	6.922	0.431
1310	0.961	-1687.292	-2.809	-1684.483	0.32	0.897	5.922	0.429
1320	0.969	-1686.384	-2.97	-1683.415	0.32	0.929	6.662	0.438
1330	0.976	-1686.764	-2.846	-1683.918	0.32	0.957	5.629	0.42
1340	0.983	-1687.377	-2.629	-1684.748	0.32	0.958	3.45	0.384
1350	0.991	-1688.614	-2.81	-1685.804	0.32	0.978	4.865	0.402
1360	0.998	-1687.863	-2.665	-1685.198	0.32	0.967	3.725	0.39
1370	1.005	-1688.515	-2.852	-1685.663	0.32	0.977	5.206	0.405
1380	1.013	-1688.515	-2.852	-1685.663	0.32	0.977	5.206	0.405
1390	1.02	-1688.515	-2.852	-1685.663	0.32	0.977	5.206	0.405
1400	1.027	-1686.842	-2.777	-1684.065	0.32	0.957	5.099	0.403
1410	1.035	-1686.832	-2.986	-1683.846	0.32	0.945	6.601	0.424
1420	1.042	-1686.832	-2.986	-1683.846	0.32	0.945	6.601	0.424
1430	1.049	-1686.505	-2.898	-1683.606	0.32	0.942	6.15	0.435
1440	1.056	-1686.423	-2.703	-1683.72	0.32	0.928	4.931	0.407
1450	1.064	-1686.36	-2.812	-1683.549	0.32	0.937	5.651	0.427
1460	1.071	-1686.36	-2.812	-1683.549	0.32	0.937	5.651	0.427
1470	1.078	-1686.36	-2.812	-1683.549	0.32	0.937	5.651	0.427
1480	1.086	-1686.36	-2.812	-1683.549	0.32	0.937	5.651	0.427
1490	1.093	-1687.072	-3.323	-1683.749	0.32	0.926	8.475	0.469
1500	1.1	-1686.925	-2.983	-1683.941	0.32	0.911	6.846	0.437
1510	1.108	-1688.101	-2.948	-1685.154	0.32	0.912	6.62	0.421
1520	1.115	-1689.888	-2.535	-1687.353	0.32	0.882	3.273	0.374
1530	1.122	-1689.888	-2.535	-1687.353	0.32	0.882	3.273	0.374
1540	1.13	-1689.611	-2.638	-1686.973	0.32	0.883	4.717	0.396
1550	1.137	-1689.611	-2.638	-1686.973	0.32	0.883	4.717	0.396
1560	1.144	-1688.806	-3.071	-1685.735	0.32	0.881	7.443	0.444
1570	1.151	-1688.01	-2.92	-1685.09	0.32	0.973	5.804	0.414
1580	1.159	-1688.01	-2.92	-1685.09	0.32	0.973	5.804	0.414
1590	1.166	-1688.01	-2.92	-1685.09	0.32	0.973	5.804	0.414
1600	1.173	-1687.977	-2.848	-1685.129	0.32	0.973	5.302	0.405
1610	1.181	-1688.247	-2.754	-1685.493	0.32	0.976	4.409	0.391
1620	1.188	-1688.29	-2.582	-1685.708	0.32	0.925	3.352	0.368
1630	1.195	-1688.29	-2.582	-1685.708	0.32	0.925	3.352	0.368
1640	1.203	-1688.29	-2.582	-1685.708	0.32	0.925	3.352	0.368
1650	1.21	-1686.808	-2.59	-1684.217	0.32	0.932	3.61	0.387
1660	1.217	-1688.247	-2.571	-1685.676	0.32	0.902	3.792	0.383
1670	1.224	-1688.247	-2.571	-1685.676	0.32	0.902	3.792	0.383
1680	1.232	-1688.247	-2.571	-1685.676	0.32	0.902	3.792	0.383
1690	1.239	-1688.105	-2.642	-1685.463	0.32	0.951	2.452	0.359
1700	1.246	-1687.391	-2.627	-1684.764	0.32	0.956	3.27	0.37
1710	1.254	-1687.391	-2.627	-1684.764	0.32	0.956	3.27	0.37
1720	1.261	-1687.391	-2.627	-1684.764	0.32	0.956	3.27	0.37
1730	1.268	-1687.382	-2.717	-1684.664	0.32	0.962	4.564	0.407
1740	1.276	-1688.349	-2.734	-1685.615	0.32	0.975	4.196	0.381
1750	1.283	-1688.349	-2.734	-1685.615	0.32	0.975	4.196	0.381
1760	1.29	-1688.349	-2.734	-1685.615	0.32	0.975	4.196	0.381
1770	1.297	-1688.349	-2.734	-1685.615	0.32	0.975	4.196	0.381
1780	1.305	-1688.349	-2.734	-1685.615	0.32	0.975	4.196	0.381
1790	1.312	-1686.466	-2.886	-1683.58	0.32	0.943	6.045	0.421
1800	1.32	-1688.636	-2.983	-1685.654	0.32	0.916	6.784	0.418
1810	1.327	-1688.129	-3.238	-1684.891	0.32	0.89	8.24	0.46
1820	1.335	-1687.38	-3.55	-1683.83	0.32	0.924	9.51	0.472
1830	1.342	-1687.38	-3.55	-1683.83	0.32	0.924	9.51	0.472
1840	1.35	-1687.195	-2.975	-1684.22	0.32	0.922	6.72	0.426
1850	1.357	-1687.408	-3.132	-1684.275	0.32	0.902	7.677	0.453
1860	1.364	-1687.408	-3.132	-1684.275	0.32	0.902	7.677	0.453
1870	1.372	-1686.622	-3.066	-1683.556	0.32	0.92	7.242	0.446
1880	1.379	-1686.622	-3.066	-1683.556	0.32	0.92	7.242	0.446
1890	1.386	-1687.047	-3.198	-1683.85	0.32	0.911	7.954	0.458
1900	1.393	-1687.047	-3.198	-1683.85	0.32	0.911	7.954	0.458
1910	1.401	-1687.318	-3.376	-1683.942	0.32	0.916	8.774	0.476
1920	1.408	-1687.373	-3.511	-1683.862	0.32	0.933	9.29	0.479
1930	1.415	-1686.724	-3.112	-1683.612	0.32	0.919	7.487	0.45
1940	1.423	-1686.724	-3.112	-1683.612	0.32	0.919	7.487	0.45
1950	1.43	-1686.724	-3.112	-1683.612	0.32	0.919	7.487	0.45
1960	1.437	-1687.566	-3.245	-1684.322	0.32	0.951	7.89	0.437
1970	1.445	-1687.625	-3.027	-1684.598	0.32	0.94	6.861	0.421
1980	1.452	-1687.749	-2.575	-1685.174	0.32	0.922	3.335	0.372
1990	1.459	-1687.257	-2.619	-1684.638	0.32	0.919	4.201	0.389
2000	1.466	-1686.678	-2.678	-1684.0	0.32	0.952	4.371	0.401
2010	1.474	-1687.317	-2.793	-1684.524	0.32	0.932	5.521	0.405
2020	1.481	-1688.604	-3.172	-1685.432	0.32	0.938	7.624	0.425
2030	1.488	-1688.099	-3.52	-1684.579	0.32	0.938	9.302	0.489
2040	1.496	-1689.106	-4.347	-1684.759	0.32	0.929	12.77	0.519
2050	1.503	-1688.629	-3.726	-1684.903	0.32	0.932	10.23	0.504
2060	1.51	-1691.184	-5.03	-1686.154	0.32	0.928	15.38	0.519
2070	1.518	-1691.709	-5.504	-1686.205	0.32	0.922	17.131	0.558
2080	1.525	-1692.09	-5.475	-1686.615	0.32	0.949	16.891	0.545
2090	1.532	-1694.079	-5.715	-1688.364	0.32	0.965	17.635	0.531
2100	1.539	-1692.849	-5.677	-1687.172	0.32	0.953	17.59	0.55
2110	1.547	-1692.849	-5.677	-1687.172	0.32	0.953	17.59	0.55
2120	1.554	-1691.536	-5.624	-1685.912	0.32	0.957	17.347	0.577
2130	1.561	-1689.654	-4.417	-1685.237	0.32	0.947	12.938	0.501
2140	1.569	-1688.847	-3.903	-1684.944	0.32	0.923	11.017	0.476
2150	1.576	-1688.267	-3.457	-1684.81	0.32	0.894	9.233	0.471
2160	1.583	-1687.936	-3.581	-1684.354	0.32	0.908	9.723	0.474
2170	1.591	-1688.69	-3.944	-1684.746	0.32	0.903	11.277	0.498
2180	1.598	-1688.73	-4.192	-1684.538	0.32	0.928	12.164	0.512
2190	1.605	-1688.726	-3.909	-1684.817	0.32	0.907	11.112	0.511
2200	1.613	-1688.019	-3.487	-1684.532	0.32	0.941	9.11	0.451
2210	1.62	-1687.827	-3.092	-1684.735	0.32	0.904	7.449	0.439
2220	1.627	-1687.012	-3.185	-1683.827	0.32	0.911	7.895	0.46
2230	1.634	-1687.012	-3.185	-1683.827	0.32	0.911	7.895	0.46
2240	1.642	-1686.947	-3.083	-1683.863	0.32	0.951	7.1	0.447
2250	1.649	-1686.947	-3.083	-1683.863	0.32	0.951	7.1	0.447
2260	1.656	-1687.845	-2.994	-1684.851	0.32	0.924	6.796	0.421
2270	1.664	-1687.911	-2.628	-1685.282	0.32	0.945	2.507	0.357
2280	1.671	-1688.006	-2.583	-1685.423	0.32	0.928	3.03	0.364
2290	1.678	-1688.006	-2.583	-1685.423	0.32	0.928	3.03	0.364
2300	1.685	-1687.586	-2.673	-1684.914	0.32	0.966	3.79	0.378
2310	1.693	-1687.586	-2.673	-1684.914	0.32	0.966	3.79	0.378
2320	1.7	-1687.586	-2.673	-1684.914	0.32	0.966	3.79	0.378
2330	1.707	-1687.586	-2.673	-1684.914	0.32	0.966	3.79	0.378
2340	1.715	-1687.586	-2.673	-1684.914	0.32	0.966	3.79	0.378
2350	1.722	-1688.363	-2.884	-1685.479	0.32	0.972	5.548	0.401
2360	1.729	-1687.392	-2.799	-1684.593	0.32	0.961	5.25	0.42
2370	1.737	-1686.449	-2.847	-1683.602	0.32	0.948	5.754	0.423
2380	1.744	-1686.619	-2.615	-1684.004	0.32	0.932	4.039	0.398
2390	1.751	-1686.619	-2.615	-1684.004	0.32	0.932	4.039	0.398
2400	1.758	-1686.619	-2.615	-1684.004	0.32	0.932	4.039	0.398
2410	1.766	-1686.908	-2.587	-1684.321	0.32	0.931	3.589	0.389
2420	1.773	-1686.908	-2.587	-1684.321	0.32	0.931	3.589	0.389
2430	1.78	-1686.908	-2.587	-1684.321	0.32	0.931	3.589	0.389
2440	1.788	-1687.388	-2.72	-1684.669	0.32	0.92	5.108	0.401
2450	1.795	-1687.388	-2.72	-1684.669	0.32	0.92	5.108	0.401
2460	1.802	-1687.388	-2.72	-1684.669	0.32	0.92	5.108	0.401
2470	1.81	-1687.248	-3.308	-1683.94	0.32	0.94	8.3	0.447
2480	1.817	-1687.354	-3.526	-1683.828	0.32	0.941	9.298	0.468
2490	1.824	-1687.353	-3.381	-1683.972	0.32	0.95	8.572	0.462
2500	1.831	-1688.585	-3.633	-1684.952	0.32	0.943	9.745	0.456
2510	1.839	-1688.506	-3.276	-1685.23	0.32	0.967	7.881	0.456
2520	1.846	-1688.506	-3.276	-1685.23	0.32	0.967	7.881	0.456
2530	1.853	-1687.793	-3.495	-1684.298	0.32	0.925	9.267	0.488
2540	1.861	-1687.793	-3.495	-1684.298	0.32	0.925	9.267	0.488
2550	1.868	-1686.991	-3.141	-1683.85	0.32	0.933	7.525	0.438
2560	1.875	-1687.761	-3.373	-1684.388	0.32	0.949	8.544	0.472
2570	1.883	-1686.619	-2.974	-1683.645	0.32	0.942	6.564	0.428
2580	1.89	-1686.619	-2.974	-1683.645	0.32	0.942	6.564	0.428
2590	1.897	-1688.519	-2.992	-1685.527	0.32	0.944	6.605	0.411
2600	1.904	-1686.911	-2.964	-1683.947	0.32	0.942	6.496	0.421
2610	1.912	-1688.109	-2.972	-1685.136	0.32	0.915	6.737	0.421
2620	1.919	-1686.478	-2.744	-1683.733	0.32	0.918	5.351	0.419
2630	1.926	-1686.478	-2.744	-1683.733	0.32	0.918	5.351	0.419
2640	1.934	-1686.478	-2.744	-1683.733	0.32	0.918	5.351	0.419
2650	1.941	-1687.373	-2.81	-1684.563	0.32	0.907	5.841	0.417
2660	1.948	-1687.373	-2.81	-1684.563	0.32	0.907	5.841	0.417
2670	1.956	-1687.373	-2.81	-1684.563	0.32	0.907	5.841	0.417
2680	1.963	-1686.33	-2.91	-1683.42	0.32	0.939	6.23	0.429
2690	1.97	-1686.518	-3.055	-1683.464	0.32	0.933	7.096	0.442
2700	1.978	-1686.518	-3.055	-1683.464	0.32	0.933	7.096	0.442
2710	1.985	-1686.518	-3.055	-1683.464	0.32	0.933	7.096	0.442
2720	1.992	-1686.518	-3.055	-1683.464	0.32	0.933	7.096	0.442
2730	2.0	-1686.518	-3.055	-1683.464	0.32	0.933	7.096	0.442
2740	2.007	-1687.884	-3.024	-1684.861	0.32	0.887	7.187	0.451
2750	2.014	-1687.884	-3.024	-1684.861	0.32	0.887	7.187	0.451
2760	2.022	-1687.884	-3.024	-1684.861	0.32	0.887	7.187	0.451
2770	2.029	-1687.336	-2.931	-1684.404	0.32	0.897	6.647	0.441
2780	2.037	-1688.601	-2.814	-1685.787	0.32	0.893	5.939	0.416
2790	2.044	-1686.451	-2.714	-1683.737	0.32	0.924	5.089	0.418
2800	2.051	-1686.637	-2.61	-1684.027	0.32	0.933	3.902	0.389
2810	2.058	-1686.637	-2.61	-1684.027	0.32	0.933	3.902	0.389
2820	2.066	-1689.122	-2.717	-1686.404	0.32	0.923	5.012	0.389
2830	2.073	-1686.33	-2.683	-1683.647	0.32	0.94	4.609	0.403
2840	2.08	-1686.89	-2.836	-1684.054	0.32	0.96	5.498	0.413
2850	2.088	-1687.865	-2.996	-1684.869	0.32	0.942	6.663	0.416
2860	2.095	-1687.865	-2.996	-1684.869	0.32	0.942	6.663	0.416
2870	2.102	-1687.865	-2.996	-1684.869	0.32	0.942	6.663	0.416
2880	2.11	-1687.14	-3.067	-1684.072	0.32	0.957	6.922	0.43
2890	2.117	-1686.615	-3.114	-1683.5	0.32	0.939	7.365	0.448
2900	2.124	-1687.382	-2.592	-1684.79	0.32	0.929	3.587	0.376
2910	2.132	-1687.382	-2.592	-1684.79	0.32	0.929	3.587	0.376
2920	2.139	-1687.382	-2.592	-1684.79	0.32	0.929	3.587	0.376
2930	2.146	-1687.328	-2.663	-1684.664	0.32	0.959	3.92	0.38
2940	2.154	-1687.328	-2.663	-1684.664	0.32	0.959	3.92	0.38
2950	2.161	-1687.643	-2.789	-1684.854	0.32	0.966	5.066	0.415
2960	2.168	-1687.643	-2.789	-1684.854	0.32	0.966	5.066	0.415
2970	2.176	-1687.643	-2.789	-1684.854	0.32	0.966	5.066	0.415
2980	2.183	-1687.335	-3.169	-1684.166	0.32	0.948	7.545	0.434
2990	2.19	-1687.335	-3.169	-1684.166	0.32	0.948	7.545	0.434
3000	2.198	-1687.335	-3.169	-1684.166	0.32	0.948	7.545	0.434
3010	2.205	-1687.342	-2.814	-1684.528	0.32	0.962	5.342	0.42
3020	2.212	-1686.364	-2.758	-1683.606	0.32	0.924	5.401	0.421
3030	2.22	-1686.364	-2.758	-1683.606	0.32	0.924	5.401	0.421
3040	2.227	-1687.069	-2.9	-1684.169	0.32	0.915	6.348	0.425
3050	2.235	-1686.51	-2.987	-1683.523	0.32	0.924	6.794	0.437
3060	2.242	-1686.445	-2.858	-1683.586	0.32	0.938	5.944	0.433
3070	2.249	-1686.647	-2.782	-1683.864	0.32	0.944	5.377	0.425
3080	2.257	-1686.664	-2.689	-1683.976	0.32	0.92	4.884	0.406
3090	2.264	-1686.379	-2.804	-1683.575	0.32	0.935	5.625	0.427
3100	2.271	-1687.976	-3.011	-1684.966	0.32	0.894	7.077	0.439
3110	2.279	-1688.284	-3.344	-1684.94	0.32	0.895	8.711	0.46
3120	2.286	-1688.284	-3.344	-1684.94	0.32	0.895	8.711	0.46
3130	2.293	-1687.512	-3.588	-1683.924	0.32	0.942	9.568	0.475
3140	2.301	-1686.643	-2.624	-1684.019	0.32	0.943	3.931	0.395
3150	2.308	-1686.643	-2.624	-1684.019	0.32	0.943	3.931	0.395
3160	2.315	-1688.984	-3.922	-1685.062	0.32	0.896	11.211	0.508
3170	2.323	-1687.12	-3.273	-1683.847	0.32	0.913	8.312	0.467
3180	2.33	-1686.5	-2.913	-1683.587	0.32	0.938	6.251	0.424
3190	2.337	-1686.706	-2.609	-1684.098	0.32	0.941	3.695	0.387
3200	2.345	-1686.916	-2.99	-1683.925	0.32	0.951	6.586	0.441
3210	2.352	-1686.777	-3.092	-1683.686	0.32	0.945	7.181	0.435
3220	2.36	-1686.36	-2.675	-1683.685	0.32	0.94	4.555	0.404
3230	2.367	-1686.36	-2.675	-1683.685	0.32	0.94	4.555	0.404
3240	2.374	-1687.481	-2.606	-1684.875	0.32	0.949	2.987	0.375
3250	2.382	-1687.481	-2.606	-1684.875	0.32	0.949	2.987	0.375
3260	2.389	-1687.481	-2.606	-1684.875	0.32	0.949	2.987	0.375
3270	2.396	-1687.116	-2.776	-1684.34	0.32	0.955	5.191	0.421
3280	2.404	-1687.116	-2.776	-1684.34	0.32	0.955	5.191	0.421
3290	2.411	-1687.02	-2.902	-1684.118	0.32	0.947	6.123	0.439
3300	2.418	-1686.402	-2.919	-1683.484	0.32	0.933	6.353	0.438
3310	2.426	-1686.929	-3.223	-1683.705	0.32	0.942	7.872	0.445
3320	2.433	-1686.929	-3.223	-1683.705	0.32	0.942	7.872	0.445
3330	2.441	-1687.265	-3.413	-1683.852	0.32	0.92	8.921	0.464
3340	2.448	-1687.265	-3.413	-1683.852	0.32	0.92	8.921	0.464
3350	2.455	-1687.049	-3.089	-1683.96	0.32	0.917	7.368	0.44
3360	2.463	-1687.362	-3.416	-1683.946	0.32	0.946	8.77	0.469
3370	2.47	-1687.362	-3.416	-1683.946	0.32	0.946	8.77	0.469
3380	2.478	-1687.786	-3.302	-1684.484	0.32	0.948	8.226	0.47
3390	2.485	-1687.996	-3.389	-1684.607	0.32	0.952	8.601	0.473
3400	2.492	-1687.974	-2.718	-1685.256	0.32	0.897	5.275	0.408
3410	2.5	-1687.098	-2.677	-1684.421	0.32	0.923	4.729	0.397
3420	2.507	-1686.832	-2.682	-1684.151	0.32	0.956	4.264	0.39
3430	2.514	-1687.113	-3.198	-1683.915	0.32	0.931	7.828	0.442
3440	2.522	-1687.783	-3.686	-1684.097	0.32	0.944	9.982	0.481
3450	2.529	-1688.712	-4.015	-1684.696	0.32	0.951	11.31	0.493
3460	2.537	-1687.822	-3.091	-1684.731	0.32	0.932	7.264	0.426
3470	2.544	-1687.962	-3.143	-1684.819	0.32	0.961	7.259	0.426
3480	2.551	-1687.08	-3.164	-1683.917	0.32	0.951	7.499	0.438
3490	2.559	-1688.104	-3.236	-1684.869	0.32	0.889	8.232	0.462
3500	2.566	-1689.527	-3.912	-1685.615	0.32	0.883	11.211	0.507
3510	2.573	-1689.677	-4.254	-1685.423	0.32	0.914	12.47	0.532
3520	2.581	-1688.627	-3.605	-1685.022	0.32	0.891	9.9	0.492
3530	2.588	-1689.308	-3.043	-1686.265	0.32	0.913	7.119	0.42
3540	2.595	-1688.51	-2.657	-1685.853	0.32	0.91	4.647	0.39
3550	2.603	-1688.049	-2.652	-1685.397	0.32	0.898	4.75	0.4
3560	2.61	-1687.655	-3.362	-1684.294	0.32	0.912	8.72	0.458
3570	2.617	-1686.48	-2.838	-1683.642	0.32	0.948	5.689	0.422
3580	2.625	-1689.873	-3.169	-1686.704	0.32	0.95	7.49	0.416
3590	2.632	-1688.202	-3.351	-1684.851	0.32	0.956	8.354	0.44
3600	2.64	-1687.391	-2.842	-1684.549	0.32	0.944	5.716	0.405
3610	2.647	-1687.391	-2.842	-1684.549	0.32	0.944	5.716	0.405
3620	2.654	-1687.391	-2.842	-1684.549	0.32	0.944	5.716	0.405
3630	2.662	-1686.434	-2.858	-1683.576	0.32	0.927	6.014	0.423
3640	2.669	-1686.866	-3.18	-1683.686	0.32	0.943	7.669	0.455
3650	2.676	-1686.264	-2.817	-1683.447	0.32	0.933	5.711	0.423
3660	2.684	-1686.264	-2.817	-1683.447	0.32	0.933	5.711	0.423
3670	2.691	-1686.264	-2.817	-1683.447	0.32	0.933	5.711	0.423
3680	2.698	-1686.264	-2.817	-1683.447	0.32	0.933	5.711	0.423
3690	2.706	-1686.264	-2.817	-1683.447	0.32	0.933	5.711	0.423
3700	2.713	-1686.414	-2.928	-1683.485	0.32	0.945	6.288	0.43
3710	2.72	-1687.606	-3.598	-1684.008	0.32	0.926	9.71	0.47
3720	2.728	-1688.077	-3.385	-1684.692	0.32	0.896	8.902	0.467
3730	2.735	-1688.077	-3.385	-1684.692	0.32	0.896	8.902	0.467
3740	2.742	-1687.424	-3.114	-1684.31	0.32	0.912	7.517	0.44
3750	2.75	-1690.216	-3.359	-1686.857	0.32	0.919	8.647	0.434
3760	2.757	-1688.887	-3.197	-1685.69	0.32	0.97	7.405	0.424
3770	2.764	-1686.798	-2.937	-1683.861	0.32	0.925	6.493	0.426
3780	2.772	-1687.11	-3.336	-1683.774	0.32	0.943	8.422	0.465
3790	2.779	-1687.588	-2.661	-1684.927	0.32	0.938	4.357	0.384
3800	2.786	-1686.83	-3.105	-1683.724	0.32	0.914	7.484	0.454
3810	2.794	-1688.355	-3.487	-1684.868	0.32	0.924	9.218	0.453
3820	2.801	-1690.097	-4.323	-1685.773	0.32	0.958	12.483	0.51
3830	2.809	-1689.679	-4.207	-1685.472	0.32	0.924	12.239	0.53
3840	2.816	-1689.472	-4.047	-1685.425	0.32	0.891	11.734	0.502
3850	2.823	-1686.745	-2.862	-1683.884	0.32	0.921	6.079	0.422
3860	2.831	-1686.811	-3.243	-1683.568	0.32	0.941	7.987	0.452
3870	2.838	-1687.066	-3.109	-1683.958	0.32	0.938	7.35	0.458
3880	2.845	-1687.014	-2.897	-1684.116	0.32	0.913	6.347	0.426
3890	2.853	-1687.014	-2.897	-1684.116	0.32	0.913	6.347	0.426
3900	2.86	-1689.642	-2.688	-1686.955	0.32	0.906	4.927	0.39
3910	2.867	-1688.079	-2.769	-1685.31	0.32	0.972	4.68	0.389
3920	2.875	-1687.282	-2.913	-1684.369	0.32	0.964	5.947	0.424
3930	2.882	-1687.282	-2.913	-1684.369	0.32	0.964	5.947	0.424
3940	2.889	-1687.282	-2.913	-1684.369	0.32	0.964	5.947	0.424
3950	2.897	-1687.282	-2.913	-1684.369	0.32	0.964	5.947	0.424
3960	2.904	-1687.104	-3.124	-1683.98	0.32	0.945	7.371	0.456
3970	2.911	-1687.214	-3.228	-1683.986	0.32	0.941	7.902	0.441
3980	2.919	-1687.214	-3.228	-1683.986	0.32	0.941	7.902	0.441
3990	2.926	-1687.545	-3.365	-1684.18	0.32	0.95	8.479	0.448
