iter	hours	log_posterior	log_prior	loglik	missing	mixture	scale	shape
0		0.001	-6862.223	-4.941	-6857.282	0.144	0.872	319.978	2.26
10		0.011	-6862.223	-4.941	-6857.282	0.144	0.872	319.978	2.26
20		0.02	-6862.223	-4.941	-6857.282	0.144	0.872	319.978	2.26
30		0.03	-6844.276	-4.93	-6839.346	0.105	0.905	316.579	2.227
40		0.04	-6793.595	-5.116	-6788.478	0.08	0.883	310.516	2.3
50		0.049	-6793.595	-5.116	-6788.478	0.08	0.883	310.516	2.3
60		0.059	-6793.595	-5.116	-6788.478	0.08	0.883	310.516	2.3
70		0.069	-6793.595	-5.116	-6788.478	0.08	0.883	310.516	2.3
80		0.078	-6793.595	-5.116	-6788.478	0.08	0.883	310.516	2.3
90		0.088	-6793.595	-5.116	-6788.478	0.08	0.883	310.516	2.3
100		0.098	-6793.595	-5.116	-6788.478	0.08	0.883	310.516	2.3
110		0.107	-6793.595	-5.116	-6788.478	0.08	0.883	310.516	2.3
120		0.117	-6793.595	-5.116	-6788.478	0.08	0.883	310.516	2.3
130		0.126	-6793.595	-5.116	-6788.478	0.08	0.883	310.516	2.3
140		0.136	-6793.595	-5.116	-6788.478	0.08	0.883	310.516	2.3
150		0.146	-6793.595	-5.116	-6788.478	0.08	0.883	310.516	2.3
160		0.155	-6793.595	-5.116	-6788.478	0.08	0.883	310.516	2.3
170		0.165	-6793.595	-5.116	-6788.478	0.08	0.883	310.516	2.3
180		0.175	-6785.2	-6.694	-6778.506	0.024	0.891	310.548	2.277
190		0.184	-6785.2	-6.694	-6778.506	0.024	0.891	310.548	2.277
200		0.194	-6785.2	-6.694	-6778.506	0.024	0.891	310.548	2.277
210		0.204	-6782.434	-6.698	-6775.736	0.023	0.904	311.496	2.232
220		0.213	-6782.434	-6.698	-6775.736	0.023	0.904	311.496	2.232
230		0.223	-6782.434	-6.698	-6775.736	0.023	0.904	311.496	2.232
240		0.233	-6782.434	-6.698	-6775.736	0.023	0.904	311.496	2.232
250		0.242	-6782.434	-6.698	-6775.736	0.023	0.904	311.496	2.232
260		0.252	-6782.434	-6.698	-6775.736	0.023	0.904	311.496	2.232
270		0.262	-6729.082	-7.535	-6721.547	0.015	0.964	316.741	2.21
280		0.271	-6729.082	-7.535	-6721.547	0.015	0.964	316.741	2.21
290		0.281	-6729.082	-7.535	-6721.547	0.015	0.964	316.741	2.21
300		0.29	-6729.082	-7.535	-6721.547	0.015	0.964	316.741	2.21
310		0.3	-6729.082	-7.535	-6721.547	0.015	0.964	316.741	2.21
320		0.31	-6729.082	-7.535	-6721.547	0.015	0.964	316.741	2.21
330		0.319	-6729.082	-7.535	-6721.547	0.015	0.964	316.741	2.21
340		0.329	-6729.082	-7.535	-6721.547	0.015	0.964	316.741	2.21
350		0.339	-6729.082	-7.535	-6721.547	0.015	0.964	316.741	2.21
360		0.348	-6729.082	-7.535	-6721.547	0.015	0.964	316.741	2.21
370		0.358	-6729.082	-7.535	-6721.547	0.015	0.964	316.741	2.21
380		0.368	-6729.082	-7.535	-6721.547	0.015	0.964	316.741	2.21
390		0.377	-6729.082	-7.535	-6721.547	0.015	0.964	316.741	2.21
400		0.387	-6729.082	-7.535	-6721.547	0.015	0.964	316.741	2.21
410		0.397	-6729.082	-7.535	-6721.547	0.015	0.964	316.741	2.21
420		0.406	-6729.082	-7.535	-6721.547	0.015	0.964	316.741	2.21
430		0.416	-6729.082	-7.535	-6721.547	0.015	0.964	316.741	2.21
440		0.426	-6729.082	-7.535	-6721.547	0.015	0.964	316.741	2.21
450		0.435	-6729.082	-7.535	-6721.547	0.015	0.964	316.741	2.21
460		0.445	-6729.082	-7.535	-6721.547	0.015	0.964	316.741	2.21
470		0.455	-6729.082	-7.535	-6721.547	0.015	0.964	316.741	2.21
480		0.465	-6729.082	-7.535	-6721.547	0.015	0.964	316.741	2.21
490		0.474	-6729.082	-7.535	-6721.547	0.015	0.964	316.741	2.21
500		0.484	-6729.082	-7.535	-6721.547	0.015	0.964	316.741	2.21
510		0.494	-6729.082	-7.535	-6721.547	0.015	0.964	316.741	2.21
520		0.503	-6729.082	-7.535	-6721.547	0.015	0.964	316.741	2.21
530		0.513	-6729.082	-7.535	-6721.547	0.015	0.964	316.741	2.21
540		0.523	-6729.082	-7.535	-6721.547	0.015	0.964	316.741	2.21
550		0.533	-6729.082	-7.535	-6721.547	0.015	0.964	316.741	2.21
560		0.542	-6729.082	-7.535	-6721.547	0.015	0.964	316.741	2.21
570		0.552	-6729.082	-7.535	-6721.547	0.015	0.964	316.741	2.21
580		0.562	-6729.082	-7.535	-6721.547	0.015	0.964	316.741	2.21
590		0.571	-6729.082	-7.535	-6721.547	0.015	0.964	316.741	2.21
600		0.581	-6729.082	-7.535	-6721.547	0.015	0.964	316.741	2.21
610		0.59	-6729.082	-7.535	-6721.547	0.015	0.964	316.741	2.21
620		0.6	-6729.082	-7.535	-6721.547	0.015	0.964	316.741	2.21
630		0.61	-6729.082	-7.535	-6721.547	0.015	0.964	316.741	2.21
640		0.619	-6729.082	-7.535	-6721.547	0.015	0.964	316.741	2.21
650		0.629	-6729.082	-7.535	-6721.547	0.015	0.964	316.741	2.21
660		0.639	-6729.082	-7.535	-6721.547	0.015	0.964	316.741	2.21
670		0.648	-6729.082	-7.535	-6721.547	0.015	0.964	316.741	2.21
680		0.658	-6729.082	-7.535	-6721.547	0.015	0.964	316.741	2.21
690		0.668	-6729.082	-7.535	-6721.547	0.015	0.964	316.741	2.21
700		0.678	-6729.082	-7.535	-6721.547	0.015	0.964	316.741	2.21
710		0.687	-6729.082	-7.535	-6721.547	0.015	0.964	316.741	2.21
720		0.697	-6729.082	-7.535	-6721.547	0.015	0.964	316.741	2.21
730		0.707	-6729.082	-7.535	-6721.547	0.015	0.964	316.741	2.21
740		0.716	-6729.082	-7.535	-6721.547	0.015	0.964	316.741	2.21
750		0.726	-6729.082	-7.535	-6721.547	0.015	0.964	316.741	2.21
760		0.736	-6729.082	-7.535	-6721.547	0.015	0.964	316.741	2.21
770		0.745	-6729.082	-7.535	-6721.547	0.015	0.964	316.741	2.21
780		0.755	-6729.082	-7.535	-6721.547	0.015	0.964	316.741	2.21
790		0.765	-6729.082	-7.535	-6721.547	0.015	0.964	316.741	2.21
800		0.774	-6729.082	-7.535	-6721.547	0.015	0.964	316.741	2.21
810		0.784	-6729.082	-7.535	-6721.547	0.015	0.964	316.741	2.21
820		0.794	-6729.082	-7.535	-6721.547	0.015	0.964	316.741	2.21
830		0.803	-6729.082	-7.535	-6721.547	0.015	0.964	316.741	2.21
840		0.813	-6729.082	-7.535	-6721.547	0.015	0.964	316.741	2.21
850		0.822	-6729.082	-7.535	-6721.547	0.015	0.964	316.741	2.21
860		0.832	-6729.082	-7.535	-6721.547	0.015	0.964	316.741	2.21
870		0.842	-6729.082	-7.535	-6721.547	0.015	0.964	316.741	2.21
880		0.851	-6729.082	-7.535	-6721.547	0.015	0.964	316.741	2.21
890		0.861	-6729.082	-7.535	-6721.547	0.015	0.964	316.741	2.21
900		0.87	-6729.082	-7.535	-6721.547	0.015	0.964	316.741	2.21
910		0.88	-6722.796	-6.531	-6716.265	0.029	0.981	317.411	2.257
920		0.89	-6722.796	-6.531	-6716.265	0.029	0.981	317.411	2.257
930		0.899	-6722.796	-6.531	-6716.265	0.029	0.981	317.411	2.257
940		0.909	-6722.796	-6.531	-6716.265	0.029	0.981	317.411	2.257
950		0.919	-6722.796	-6.531	-6716.265	0.029	0.981	317.411	2.257
960		0.928	-6722.796	-6.531	-6716.265	0.029	0.981	317.411	2.257
970		0.938	-6722.796	-6.531	-6716.265	0.029	0.981	317.411	2.257
980		0.947	-6722.796	-6.531	-6716.265	0.029	0.981	317.411	2.257
990		0.957	-6722.796	-6.531	-6716.265	0.029	0.981	317.411	2.257
1000		0.967	-6722.796	-6.531	-6716.265	0.029	0.981	317.411	2.257
1010		0.976	-6722.796	-6.531	-6716.265	0.029	0.981	317.411	2.257
1020		0.986	-6722.796	-6.531	-6716.265	0.029	0.981	317.411	2.257
1030		0.996	-6722.796	-6.531	-6716.265	0.029	0.981	317.411	2.257
1040		1.005	-6721.058	-6.233	-6714.825	0.036	0.972	316.768	2.319
1050		1.015	-6721.058	-6.233	-6714.825	0.036	0.972	316.768	2.319
1060		1.025	-6721.058	-6.233	-6714.825	0.036	0.972	316.768	2.319
1070		1.034	-6721.058	-6.233	-6714.825	0.036	0.972	316.768	2.319
1080		1.044	-6721.058	-6.233	-6714.825	0.036	0.972	316.768	2.319
1090		1.054	-6721.058	-6.233	-6714.825	0.036	0.972	316.768	2.319
1100		1.063	-6721.058	-6.233	-6714.825	0.036	0.972	316.768	2.319
1110		1.073	-6721.058	-6.233	-6714.825	0.036	0.972	316.768	2.319
1120		1.083	-6721.058	-6.233	-6714.825	0.036	0.972	316.768	2.319
1130		1.092	-6721.058	-6.233	-6714.825	0.036	0.972	316.768	2.319
1140		1.102	-6721.058	-6.233	-6714.825	0.036	0.972	316.768	2.319
1150		1.112	-6721.058	-6.233	-6714.825	0.036	0.972	316.768	2.319
1160		1.122	-6721.058	-6.233	-6714.825	0.036	0.972	316.768	2.319
1170		1.131	-6721.058	-6.233	-6714.825	0.036	0.972	316.768	2.319
1180		1.141	-6721.058	-6.233	-6714.825	0.036	0.972	316.768	2.319
1190		1.151	-6721.058	-6.233	-6714.825	0.036	0.972	316.768	2.319
1200		1.16	-6721.058	-6.233	-6714.825	0.036	0.972	316.768	2.319
1210		1.17	-6721.058	-6.233	-6714.825	0.036	0.972	316.768	2.319
1220		1.18	-6721.058	-6.233	-6714.825	0.036	0.972	316.768	2.319
1230		1.189	-6721.058	-6.233	-6714.825	0.036	0.972	316.768	2.319
1240		1.199	-6721.058	-6.233	-6714.825	0.036	0.972	316.768	2.319
1250		1.208	-6721.058	-6.233	-6714.825	0.036	0.972	316.768	2.319
1260		1.218	-6721.058	-6.233	-6714.825	0.036	0.972	316.768	2.319
1270		1.228	-6721.058	-6.233	-6714.825	0.036	0.972	316.768	2.319
1280		1.237	-6721.058	-6.233	-6714.825	0.036	0.972	316.768	2.319
1290		1.247	-6721.058	-6.233	-6714.825	0.036	0.972	316.768	2.319
1300		1.257	-6721.058	-6.233	-6714.825	0.036	0.972	316.768	2.319
1310		1.266	-6721.058	-6.233	-6714.825	0.036	0.972	316.768	2.319
1320		1.276	-6721.058	-6.233	-6714.825	0.036	0.972	316.768	2.319
1330		1.286	-6721.058	-6.233	-6714.825	0.036	0.972	316.768	2.319
1340		1.295	-6721.058	-6.233	-6714.825	0.036	0.972	316.768	2.319
1350		1.305	-6721.058	-6.233	-6714.825	0.036	0.972	316.768	2.319
1360		1.315	-6721.058	-6.233	-6714.825	0.036	0.972	316.768	2.319
1370		1.324	-6721.058	-6.233	-6714.825	0.036	0.972	316.768	2.319
1380		1.334	-6721.058	-6.233	-6714.825	0.036	0.972	316.768	2.319
1390		1.344	-6721.058	-6.233	-6714.825	0.036	0.972	316.768	2.319
1400		1.353	-6721.058	-6.233	-6714.825	0.036	0.972	316.768	2.319
1410		1.363	-6721.058	-6.233	-6714.825	0.036	0.972	316.768	2.319
1420		1.373	-6721.058	-6.233	-6714.825	0.036	0.972	316.768	2.319
1430		1.382	-6721.058	-6.233	-6714.825	0.036	0.972	316.768	2.319
1440		1.392	-6721.058	-6.233	-6714.825	0.036	0.972	316.768	2.319
1450		1.402	-6721.058	-6.233	-6714.825	0.036	0.972	316.768	2.319
1460		1.412	-6721.058	-6.233	-6714.825	0.036	0.972	316.768	2.319
1470		1.421	-6721.058	-6.233	-6714.825	0.036	0.972	316.768	2.319
1480		1.431	-6721.058	-6.233	-6714.825	0.036	0.972	316.768	2.319
1490		1.441	-6721.058	-6.233	-6714.825	0.036	0.972	316.768	2.319
1500		1.45	-6721.058	-6.233	-6714.825	0.036	0.972	316.768	2.319
1510		1.46	-6721.058	-6.233	-6714.825	0.036	0.972	316.768	2.319
1520		1.47	-6721.058	-6.233	-6714.825	0.036	0.972	316.768	2.319
1530		1.479	-6721.058	-6.233	-6714.825	0.036	0.972	316.768	2.319
1540		1.489	-6721.058	-6.233	-6714.825	0.036	0.972	316.768	2.319
1550		1.499	-6721.058	-6.233	-6714.825	0.036	0.972	316.768	2.319
1560		1.509	-6721.058	-6.233	-6714.825	0.036	0.972	316.768	2.319
1570		1.518	-6721.058	-6.233	-6714.825	0.036	0.972	316.768	2.319
1580		1.528	-6719.132	-6.843	-6712.289	0.024	0.954	312.894	2.351
1590		1.537	-6719.132	-6.843	-6712.289	0.024	0.954	312.894	2.351
1600		1.547	-6719.132	-6.843	-6712.289	0.024	0.954	312.894	2.351
1610		1.556	-6719.132	-6.843	-6712.289	0.024	0.954	312.894	2.351
1620		1.566	-6719.132	-6.843	-6712.289	0.024	0.954	312.894	2.351
1630		1.576	-6719.132	-6.843	-6712.289	0.024	0.954	312.894	2.351
1640		1.585	-6719.132	-6.843	-6712.289	0.024	0.954	312.894	2.351
1650		1.595	-6719.132	-6.843	-6712.289	0.024	0.954	312.894	2.351
1660		1.604	-6719.132	-6.843	-6712.289	0.024	0.954	312.894	2.351
1670		1.614	-6719.132	-6.843	-6712.289	0.024	0.954	312.894	2.351
1680		1.624	-6719.132	-6.843	-6712.289	0.024	0.954	312.894	2.351
1690		1.633	-6719.132	-6.843	-6712.289	0.024	0.954	312.894	2.351
1700		1.643	-6719.132	-6.843	-6712.289	0.024	0.954	312.894	2.351
1710		1.653	-6719.132	-6.843	-6712.289	0.024	0.954	312.894	2.351
1720		1.662	-6719.132	-6.843	-6712.289	0.024	0.954	312.894	2.351
1730		1.672	-6719.132	-6.843	-6712.289	0.024	0.954	312.894	2.351
1740		1.682	-6719.132	-6.843	-6712.289	0.024	0.954	312.894	2.351
1750		1.691	-6719.132	-6.843	-6712.289	0.024	0.954	312.894	2.351
1760		1.701	-6719.132	-6.843	-6712.289	0.024	0.954	312.894	2.351
1770		1.711	-6719.132	-6.843	-6712.289	0.024	0.954	312.894	2.351
1780		1.72	-6719.132	-6.843	-6712.289	0.024	0.954	312.894	2.351
1790		1.73	-6719.132	-6.843	-6712.289	0.024	0.954	312.894	2.351
1800		1.739	-6719.132	-6.843	-6712.289	0.024	0.954	312.894	2.351
1810		1.749	-6719.132	-6.843	-6712.289	0.024	0.954	312.894	2.351
1820		1.758	-6719.132	-6.843	-6712.289	0.024	0.954	312.894	2.351
1830		1.768	-6719.132	-6.843	-6712.289	0.024	0.954	312.894	2.351
1840		1.778	-6719.132	-6.843	-6712.289	0.024	0.954	312.894	2.351
1850		1.787	-6719.132	-6.843	-6712.289	0.024	0.954	312.894	2.351
1860		1.797	-6719.132	-6.843	-6712.289	0.024	0.954	312.894	2.351
1870		1.807	-6719.132	-6.843	-6712.289	0.024	0.954	312.894	2.351
1880		1.816	-6719.132	-6.843	-6712.289	0.024	0.954	312.894	2.351
1890		1.826	-6719.132	-6.843	-6712.289	0.024	0.954	312.894	2.351
1900		1.836	-6719.132	-6.843	-6712.289	0.024	0.954	312.894	2.351
1910		1.845	-6719.132	-6.843	-6712.289	0.024	0.954	312.894	2.351
1920		1.855	-6719.132	-6.843	-6712.289	0.024	0.954	312.894	2.351
1930		1.864	-6719.132	-6.843	-6712.289	0.024	0.954	312.894	2.351
1940		1.874	-6719.132	-6.843	-6712.289	0.024	0.954	312.894	2.351
1950		1.884	-6719.132	-6.843	-6712.289	0.024	0.954	312.894	2.351
1960		1.893	-6719.132	-6.843	-6712.289	0.024	0.954	312.894	2.351
1970		1.903	-6719.132	-6.843	-6712.289	0.024	0.954	312.894	2.351
1980		1.913	-6719.132	-6.843	-6712.289	0.024	0.954	312.894	2.351
1990		1.922	-6719.132	-6.843	-6712.289	0.024	0.954	312.894	2.351
2000		1.932	-6719.132	-6.843	-6712.289	0.024	0.954	312.894	2.351
2010		1.941	-6719.132	-6.843	-6712.289	0.024	0.954	312.894	2.351
2020		1.951	-6719.132	-6.843	-6712.289	0.024	0.954	312.894	2.351
2030		1.961	-6719.132	-6.843	-6712.289	0.024	0.954	312.894	2.351
2040		1.97	-6719.132	-6.843	-6712.289	0.024	0.954	312.894	2.351
2050		1.98	-6719.132	-6.843	-6712.289	0.024	0.954	312.894	2.351
2060		1.989	-6719.132	-6.843	-6712.289	0.024	0.954	312.894	2.351
2070		1.999	-6719.132	-6.843	-6712.289	0.024	0.954	312.894	2.351
2080		2.009	-6719.132	-6.843	-6712.289	0.024	0.954	312.894	2.351
2090		2.018	-6719.132	-6.843	-6712.289	0.024	0.954	312.894	2.351
2100		2.028	-6719.132	-6.843	-6712.289	0.024	0.954	312.894	2.351
2110		2.038	-6719.132	-6.843	-6712.289	0.024	0.954	312.894	2.351
2120		2.047	-6719.132	-6.843	-6712.289	0.024	0.954	312.894	2.351
2130		2.057	-6719.132	-6.843	-6712.289	0.024	0.954	312.894	2.351
2140		2.067	-6719.132	-6.843	-6712.289	0.024	0.954	312.894	2.351
2150		2.076	-6719.132	-6.843	-6712.289	0.024	0.954	312.894	2.351
2160		2.086	-6719.132	-6.843	-6712.289	0.024	0.954	312.894	2.351
2170		2.095	-6719.132	-6.843	-6712.289	0.024	0.954	312.894	2.351
2180		2.105	-6719.132	-6.843	-6712.289	0.024	0.954	312.894	2.351
2190		2.115	-6719.132	-6.843	-6712.289	0.024	0.954	312.894	2.351
2200		2.124	-6719.132	-6.843	-6712.289	0.024	0.954	312.894	2.351
2210		2.134	-6719.132	-6.843	-6712.289	0.024	0.954	312.894	2.351
2220		2.144	-6719.132	-6.843	-6712.289	0.024	0.954	312.894	2.351
2230		2.153	-6719.132	-6.843	-6712.289	0.024	0.954	312.894	2.351
2240		2.163	-6719.132	-6.843	-6712.289	0.024	0.954	312.894	2.351
2250		2.172	-6719.132	-6.843	-6712.289	0.024	0.954	312.894	2.351
2260		2.182	-6719.132	-6.843	-6712.289	0.024	0.954	312.894	2.351
2270		2.192	-6719.132	-6.843	-6712.289	0.024	0.954	312.894	2.351
2280		2.201	-6719.132	-6.843	-6712.289	0.024	0.954	312.894	2.351
2290		2.211	-6719.132	-6.843	-6712.289	0.024	0.954	312.894	2.351
2300		2.22	-6719.132	-6.843	-6712.289	0.024	0.954	312.894	2.351
2310		2.23	-6719.132	-6.843	-6712.289	0.024	0.954	312.894	2.351
2320		2.24	-6719.132	-6.843	-6712.289	0.024	0.954	312.894	2.351
2330		2.249	-6719.132	-6.843	-6712.289	0.024	0.954	312.894	2.351
2340		2.259	-6719.132	-6.843	-6712.289	0.024	0.954	312.894	2.351
2350		2.269	-6719.132	-6.843	-6712.289	0.024	0.954	312.894	2.351
2360		2.278	-6719.132	-6.843	-6712.289	0.024	0.954	312.894	2.351
2370		2.288	-6719.132	-6.843	-6712.289	0.024	0.954	312.894	2.351
2380		2.298	-6719.132	-6.843	-6712.289	0.024	0.954	312.894	2.351
2390		2.307	-6719.132	-6.843	-6712.289	0.024	0.954	312.894	2.351
2400		2.317	-6719.132	-6.843	-6712.289	0.024	0.954	312.894	2.351
2410		2.327	-6719.132	-6.843	-6712.289	0.024	0.954	312.894	2.351
2420		2.336	-6719.132	-6.843	-6712.289	0.024	0.954	312.894	2.351
2430		2.346	-6719.132	-6.843	-6712.289	0.024	0.954	312.894	2.351
2440		2.355	-6719.132	-6.843	-6712.289	0.024	0.954	312.894	2.351
2450		2.365	-6719.132	-6.843	-6712.289	0.024	0.954	312.894	2.351
2460		2.375	-6719.132	-6.843	-6712.289	0.024	0.954	312.894	2.351
2470		2.385	-6719.132	-6.843	-6712.289	0.024	0.954	312.894	2.351
2480		2.395	-6719.132	-6.843	-6712.289	0.024	0.954	312.894	2.351
2490		2.404	-6719.132	-6.843	-6712.289	0.024	0.954	312.894	2.351
2500		2.414	-6719.132	-6.843	-6712.289	0.024	0.954	312.894	2.351
2510		2.424	-6719.132	-6.843	-6712.289	0.024	0.954	312.894	2.351
2520		2.434	-6719.132	-6.843	-6712.289	0.024	0.954	312.894	2.351
2530		2.443	-6719.132	-6.843	-6712.289	0.024	0.954	312.894	2.351
2540		2.453	-6719.132	-6.843	-6712.289	0.024	0.954	312.894	2.351
2550		2.463	-6719.132	-6.843	-6712.289	0.024	0.954	312.894	2.351
2560		2.472	-6719.132	-6.843	-6712.289	0.024	0.954	312.894	2.351
2570		2.482	-6719.132	-6.843	-6712.289	0.024	0.954	312.894	2.351
2580		2.492	-6719.132	-6.843	-6712.289	0.024	0.954	312.894	2.351
2590		2.502	-6719.132	-6.843	-6712.289	0.024	0.954	312.894	2.351
2600		2.511	-6719.132	-6.843	-6712.289	0.024	0.954	312.894	2.351
2610		2.521	-6719.132	-6.843	-6712.289	0.024	0.954	312.894	2.351
2620		2.531	-6719.132	-6.843	-6712.289	0.024	0.954	312.894	2.351
2630		2.54	-6719.132	-6.843	-6712.289	0.024	0.954	312.894	2.351
2640		2.55	-6719.132	-6.843	-6712.289	0.024	0.954	312.894	2.351
2650		2.56	-6719.132	-6.843	-6712.289	0.024	0.954	312.894	2.351
2660		2.569	-6719.132	-6.843	-6712.289	0.024	0.954	312.894	2.351
2670		2.579	-6719.132	-6.843	-6712.289	0.024	0.954	312.894	2.351
2680		2.589	-6719.132	-6.843	-6712.289	0.024	0.954	312.894	2.351
2690		2.598	-6719.132	-6.843	-6712.289	0.024	0.954	312.894	2.351
2700		2.608	-6719.132	-6.843	-6712.289	0.024	0.954	312.894	2.351
2710		2.618	-6717.018	-6.713	-6710.305	0.028	0.968	315.671	2.389
2720		2.627	-6717.018	-6.713	-6710.305	0.028	0.968	315.671	2.389
2730		2.637	-6717.018	-6.713	-6710.305	0.028	0.968	315.671	2.389
2740		2.647	-6717.018	-6.713	-6710.305	0.028	0.968	315.671	2.389
2750		2.656	-6717.018	-6.713	-6710.305	0.028	0.968	315.671	2.389
2760		2.666	-6717.018	-6.713	-6710.305	0.028	0.968	315.671	2.389
2770		2.676	-6710.255	-8.012	-6702.244	0.014	0.996	316.318	2.357
2780		2.686	-6710.255	-8.012	-6702.244	0.014	0.996	316.318	2.357
2790		2.695	-6710.255	-8.012	-6702.244	0.014	0.996	316.318	2.357
2800		2.705	-6710.255	-8.012	-6702.244	0.014	0.996	316.318	2.357
2810		2.715	-6710.255	-8.012	-6702.244	0.014	0.996	316.318	2.357
2820		2.724	-6710.255	-8.012	-6702.244	0.014	0.996	316.318	2.357
2830		2.734	-6710.255	-8.012	-6702.244	0.014	0.996	316.318	2.357
2840		2.744	-6710.255	-8.012	-6702.244	0.014	0.996	316.318	2.357
2850		2.754	-6710.255	-8.012	-6702.244	0.014	0.996	316.318	2.357
2860		2.763	-6710.255	-8.012	-6702.244	0.014	0.996	316.318	2.357
2870		2.773	-6710.255	-8.012	-6702.244	0.014	0.996	316.318	2.357
2880		2.783	-6710.255	-8.012	-6702.244	0.014	0.996	316.318	2.357
2890		2.792	-6710.255	-8.012	-6702.244	0.014	0.996	316.318	2.357
2900		2.802	-6710.255	-8.012	-6702.244	0.014	0.996	316.318	2.357
2910		2.812	-6710.255	-8.012	-6702.244	0.014	0.996	316.318	2.357
2920		2.821	-6710.255	-8.012	-6702.244	0.014	0.996	316.318	2.357
2930		2.831	-6710.255	-8.012	-6702.244	0.014	0.996	316.318	2.357
2940		2.841	-6710.255	-8.012	-6702.244	0.014	0.996	316.318	2.357
2950		2.85	-6710.255	-8.012	-6702.244	0.014	0.996	316.318	2.357
2960		2.86	-6710.255	-8.012	-6702.244	0.014	0.996	316.318	2.357
2970		2.87	-6710.255	-8.012	-6702.244	0.014	0.996	316.318	2.357
2980		2.88	-6710.255	-8.012	-6702.244	0.014	0.996	316.318	2.357
2990		2.889	-6710.255	-8.012	-6702.244	0.014	0.996	316.318	2.357
3000		2.899	-6710.255	-8.012	-6702.244	0.014	0.996	316.318	2.357
3010		2.909	-6710.255	-8.012	-6702.244	0.014	0.996	316.318	2.357
3020		2.918	-6710.255	-8.012	-6702.244	0.014	0.996	316.318	2.357
3030		2.928	-6710.255	-8.012	-6702.244	0.014	0.996	316.318	2.357
3040		2.938	-6710.255	-8.012	-6702.244	0.014	0.996	316.318	2.357
3050		2.947	-6710.255	-8.012	-6702.244	0.014	0.996	316.318	2.357
3060		2.957	-6710.255	-8.012	-6702.244	0.014	0.996	316.318	2.357
3070		2.967	-6710.255	-8.012	-6702.244	0.014	0.996	316.318	2.357
3080		2.976	-6710.255	-8.012	-6702.244	0.014	0.996	316.318	2.357
3090		2.986	-6710.255	-8.012	-6702.244	0.014	0.996	316.318	2.357
3100		2.996	-6710.255	-8.012	-6702.244	0.014	0.996	316.318	2.357
3110		3.005	-6710.255	-8.012	-6702.244	0.014	0.996	316.318	2.357
3120		3.015	-6710.255	-8.012	-6702.244	0.014	0.996	316.318	2.357
3130		3.025	-6710.255	-8.012	-6702.244	0.014	0.996	316.318	2.357
3140		3.034	-6710.255	-8.012	-6702.244	0.014	0.996	316.318	2.357
3150		3.044	-6710.255	-8.012	-6702.244	0.014	0.996	316.318	2.357
3160		3.053	-6710.255	-8.012	-6702.244	0.014	0.996	316.318	2.357
3170		3.063	-6710.255	-8.012	-6702.244	0.014	0.996	316.318	2.357
3180		3.073	-6710.255	-8.012	-6702.244	0.014	0.996	316.318	2.357
3190		3.082	-6710.255	-8.012	-6702.244	0.014	0.996	316.318	2.357
3200		3.092	-6710.255	-8.012	-6702.244	0.014	0.996	316.318	2.357
3210		3.102	-6710.255	-8.012	-6702.244	0.014	0.996	316.318	2.357
3220		3.111	-6710.255	-8.012	-6702.244	0.014	0.996	316.318	2.357
3230		3.121	-6710.255	-8.012	-6702.244	0.014	0.996	316.318	2.357
3240		3.131	-6710.255	-8.012	-6702.244	0.014	0.996	316.318	2.357
3250		3.14	-6710.255	-8.012	-6702.244	0.014	0.996	316.318	2.357
3260		3.15	-6710.255	-8.012	-6702.244	0.014	0.996	316.318	2.357
3270		3.16	-6710.255	-8.012	-6702.244	0.014	0.996	316.318	2.357
3280		3.169	-6710.255	-8.012	-6702.244	0.014	0.996	316.318	2.357
3290		3.179	-6710.255	-8.012	-6702.244	0.014	0.996	316.318	2.357
3300		3.189	-6710.255	-8.012	-6702.244	0.014	0.996	316.318	2.357
3310		3.198	-6710.255	-8.012	-6702.244	0.014	0.996	316.318	2.357
3320		3.208	-6710.255	-8.012	-6702.244	0.014	0.996	316.318	2.357
3330		3.218	-6710.255	-8.012	-6702.244	0.014	0.996	316.318	2.357
3340		3.227	-6710.255	-8.012	-6702.244	0.014	0.996	316.318	2.357
3350		3.237	-6710.255	-8.012	-6702.244	0.014	0.996	316.318	2.357
3360		3.247	-6710.255	-8.012	-6702.244	0.014	0.996	316.318	2.357
3370		3.256	-6710.255	-8.012	-6702.244	0.014	0.996	316.318	2.357
3380		3.266	-6710.255	-8.012	-6702.244	0.014	0.996	316.318	2.357
3390		3.276	-6710.255	-8.012	-6702.244	0.014	0.996	316.318	2.357
3400		3.285	-6710.255	-8.012	-6702.244	0.014	0.996	316.318	2.357
3410		3.295	-6710.255	-8.012	-6702.244	0.014	0.996	316.318	2.357
3420		3.305	-6710.255	-8.012	-6702.244	0.014	0.996	316.318	2.357
3430		3.315	-6710.255	-8.012	-6702.244	0.014	0.996	316.318	2.357
3440		3.324	-6710.255	-8.012	-6702.244	0.014	0.996	316.318	2.357
3450		3.334	-6710.255	-8.012	-6702.244	0.014	0.996	316.318	2.357
3460		3.343	-6710.255	-8.012	-6702.244	0.014	0.996	316.318	2.357
3470		3.353	-6710.255	-8.012	-6702.244	0.014	0.996	316.318	2.357
3480		3.363	-6710.255	-8.012	-6702.244	0.014	0.996	316.318	2.357
3490		3.372	-6702.695	-8.103	-6694.592	0.015	0.996	312.954	2.507
3500		3.382	-6702.695	-8.103	-6694.592	0.015	0.996	312.954	2.507
3510		3.392	-6702.695	-8.103	-6694.592	0.015	0.996	312.954	2.507
3520		3.401	-6702.695	-8.103	-6694.592	0.015	0.996	312.954	2.507
3530		3.411	-6702.695	-8.103	-6694.592	0.015	0.996	312.954	2.507
3540		3.421	-6702.695	-8.103	-6694.592	0.015	0.996	312.954	2.507
3550		3.43	-6702.695	-8.103	-6694.592	0.015	0.996	312.954	2.507
3560		3.44	-6702.695	-8.103	-6694.592	0.015	0.996	312.954	2.507
3570		3.449	-6702.695	-8.103	-6694.592	0.015	0.996	312.954	2.507
3580		3.459	-6702.695	-8.103	-6694.592	0.015	0.996	312.954	2.507
3590		3.469	-6702.695	-8.103	-6694.592	0.015	0.996	312.954	2.507
3600		3.478	-6702.695	-8.103	-6694.592	0.015	0.996	312.954	2.507
3610		3.488	-6702.695	-8.103	-6694.592	0.015	0.996	312.954	2.507
3620		3.498	-6702.695	-8.103	-6694.592	0.015	0.996	312.954	2.507
3630		3.508	-6702.695	-8.103	-6694.592	0.015	0.996	312.954	2.507
3640		3.517	-6702.695	-8.103	-6694.592	0.015	0.996	312.954	2.507
3650		3.527	-6702.695	-8.103	-6694.592	0.015	0.996	312.954	2.507
3660		3.536	-6702.695	-8.103	-6694.592	0.015	0.996	312.954	2.507
3670		3.546	-6702.695	-8.103	-6694.592	0.015	0.996	312.954	2.507
3680		3.556	-6702.695	-8.103	-6694.592	0.015	0.996	312.954	2.507
3690		3.566	-6702.695	-8.103	-6694.592	0.015	0.996	312.954	2.507
3700		3.575	-6702.695	-8.103	-6694.592	0.015	0.996	312.954	2.507
3710		3.585	-6702.695	-8.103	-6694.592	0.015	0.996	312.954	2.507
3720		3.595	-6702.695	-8.103	-6694.592	0.015	0.996	312.954	2.507
3730		3.604	-6702.695	-8.103	-6694.592	0.015	0.996	312.954	2.507
3740		3.614	-6702.695	-8.103	-6694.592	0.015	0.996	312.954	2.507
3750		3.624	-6702.695	-8.103	-6694.592	0.015	0.996	312.954	2.507
3760		3.633	-6702.695	-8.103	-6694.592	0.015	0.996	312.954	2.507
3770		3.643	-6702.695	-8.103	-6694.592	0.015	0.996	312.954	2.507
3780		3.653	-6702.695	-8.103	-6694.592	0.015	0.996	312.954	2.507
3790		3.662	-6702.695	-8.103	-6694.592	0.015	0.996	312.954	2.507
3800		3.672	-6702.695	-8.103	-6694.592	0.015	0.996	312.954	2.507
3810		3.682	-6702.695	-8.103	-6694.592	0.015	0.996	312.954	2.507
3820		3.691	-6702.695	-8.103	-6694.592	0.015	0.996	312.954	2.507
3830		3.701	-6702.695	-8.103	-6694.592	0.015	0.996	312.954	2.507
3840		3.71	-6702.695	-8.103	-6694.592	0.015	0.996	312.954	2.507
3850		3.72	-6702.695	-8.103	-6694.592	0.015	0.996	312.954	2.507
3860		3.73	-6702.695	-8.103	-6694.592	0.015	0.996	312.954	2.507
3870		3.739	-6702.695	-8.103	-6694.592	0.015	0.996	312.954	2.507
3880		3.749	-6702.695	-8.103	-6694.592	0.015	0.996	312.954	2.507
3890		3.758	-6702.695	-8.103	-6694.592	0.015	0.996	312.954	2.507
3900		3.768	-6702.695	-8.103	-6694.592	0.015	0.996	312.954	2.507
3910		3.778	-6702.695	-8.103	-6694.592	0.015	0.996	312.954	2.507
3920		3.788	-6702.695	-8.103	-6694.592	0.015	0.996	312.954	2.507
3930		3.797	-6702.695	-8.103	-6694.592	0.015	0.996	312.954	2.507
3940		3.807	-6702.695	-8.103	-6694.592	0.015	0.996	312.954	2.507
3950		3.817	-6702.695	-8.103	-6694.592	0.015	0.996	312.954	2.507
3960		3.826	-6702.695	-8.103	-6694.592	0.015	0.996	312.954	2.507
3970		3.836	-6702.695	-8.103	-6694.592	0.015	0.996	312.954	2.507
3980		3.846	-6702.695	-8.103	-6694.592	0.015	0.996	312.954	2.507
3990		3.856	-6702.695	-8.103	-6694.592	0.015	0.996	312.954	2.507
4000		3.865	-6702.695	-8.103	-6694.592	0.015	0.996	312.954	2.507
4010		3.875	-6702.695	-8.103	-6694.592	0.015	0.996	312.954	2.507
4020		3.885	-6702.695	-8.103	-6694.592	0.015	0.996	312.954	2.507
4030		3.894	-6702.695	-8.103	-6694.592	0.015	0.996	312.954	2.507
4040		3.904	-6702.695	-8.103	-6694.592	0.015	0.996	312.954	2.507
4050		3.914	-6702.695	-8.103	-6694.592	0.015	0.996	312.954	2.507
4060		3.923	-6702.695	-8.103	-6694.592	0.015	0.996	312.954	2.507
4070		3.933	-6702.695	-8.103	-6694.592	0.015	0.996	312.954	2.507
4080		3.943	-6702.695	-8.103	-6694.592	0.015	0.996	312.954	2.507
4090		3.952	-6702.695	-8.103	-6694.592	0.015	0.996	312.954	2.507
4100		3.962	-6702.695	-8.103	-6694.592	0.015	0.996	312.954	2.507
4110		3.972	-6702.695	-8.103	-6694.592	0.015	0.996	312.954	2.507
4120		3.981	-6702.695	-8.103	-6694.592	0.015	0.996	312.954	2.507
4130		3.991	-6702.695	-8.103	-6694.592	0.015	0.996	312.954	2.507
4140		4.001	-6702.695	-8.103	-6694.592	0.015	0.996	312.954	2.507
4150		4.01	-6702.695	-8.103	-6694.592	0.015	0.996	312.954	2.507
4160		4.02	-6702.695	-8.103	-6694.592	0.015	0.996	312.954	2.507
4170		4.03	-6702.695	-8.103	-6694.592	0.015	0.996	312.954	2.507
4180		4.039	-6702.695	-8.103	-6694.592	0.015	0.996	312.954	2.507
4190		4.049	-6702.695	-8.103	-6694.592	0.015	0.996	312.954	2.507
4200		4.059	-6702.695	-8.103	-6694.592	0.015	0.996	312.954	2.507
4210		4.068	-6702.695	-8.103	-6694.592	0.015	0.996	312.954	2.507
4220		4.078	-6702.695	-8.103	-6694.592	0.015	0.996	312.954	2.507
4230		4.088	-6702.695	-8.103	-6694.592	0.015	0.996	312.954	2.507
4240		4.097	-6702.695	-8.103	-6694.592	0.015	0.996	312.954	2.507
4250		4.107	-6702.695	-8.103	-6694.592	0.015	0.996	312.954	2.507
4260		4.117	-6702.695	-8.103	-6694.592	0.015	0.996	312.954	2.507
4270		4.126	-6702.695	-8.103	-6694.592	0.015	0.996	312.954	2.507
4280		4.136	-6702.695	-8.103	-6694.592	0.015	0.996	312.954	2.507
4290		4.146	-6702.695	-8.103	-6694.592	0.015	0.996	312.954	2.507
4300		4.156	-6702.695	-8.103	-6694.592	0.015	0.996	312.954	2.507
4310		4.165	-6702.695	-8.103	-6694.592	0.015	0.996	312.954	2.507
4320		4.175	-6702.695	-8.103	-6694.592	0.015	0.996	312.954	2.507
4330		4.185	-6702.695	-8.103	-6694.592	0.015	0.996	312.954	2.507
4340		4.194	-6702.695	-8.103	-6694.592	0.015	0.996	312.954	2.507
4350		4.204	-6702.695	-8.103	-6694.592	0.015	0.996	312.954	2.507
4360		4.214	-6702.695	-8.103	-6694.592	0.015	0.996	312.954	2.507
4370		4.223	-6702.695	-8.103	-6694.592	0.015	0.996	312.954	2.507
4380		4.233	-6702.695	-8.103	-6694.592	0.015	0.996	312.954	2.507
4390		4.242	-6702.695	-8.103	-6694.592	0.015	0.996	312.954	2.507
4400		4.252	-6702.695	-8.103	-6694.592	0.015	0.996	312.954	2.507
4410		4.262	-6702.695	-8.103	-6694.592	0.015	0.996	312.954	2.507
4420		4.272	-6702.695	-8.103	-6694.592	0.015	0.996	312.954	2.507
4430		4.281	-6702.695	-8.103	-6694.592	0.015	0.996	312.954	2.507
4440		4.291	-6702.695	-8.103	-6694.592	0.015	0.996	312.954	2.507
4450		4.3	-6701.976	-7.94	-6694.036	0.016	0.994	310.475	2.507
4460		4.31	-6701.976	-7.94	-6694.036	0.016	0.994	310.475	2.507
4470		4.32	-6701.976	-7.94	-6694.036	0.016	0.994	310.475	2.507
4480		4.329	-6701.976	-7.94	-6694.036	0.016	0.994	310.475	2.507
4490		4.339	-6701.976	-7.94	-6694.036	0.016	0.994	310.475	2.507
