iter	hours	log_posterior	log_prior	loglik	missing	mixture	scale	shape
0		0.001	-4069.919	-4.921	-4064.998	0.197	0.661	186.252	1.819
10		0.011	-4037.081	-5.422	-4031.659	0.246	0.749	179.531	1.817
20		0.021	-3992.634	-5.656	-3986.979	0.261	0.881	180.302	1.697
30		0.031	-3965.548	-5.989	-3959.558	0.264	0.992	174.358	1.724
40		0.04	-3962.132	-6.268	-3955.864	0.283	0.989	169.35	1.623
50		0.05	-3961.562	-6.258	-3955.304	0.271	0.998	169.534	1.645
60		0.06	-3959.874	-6.334	-3953.541	0.271	0.999	169.435	1.619
70		0.07	-3956.978	-6.478	-3950.5	0.288	0.99	164.752	1.504
80		0.08	-3956.978	-6.478	-3950.5	0.288	0.99	164.752	1.504
90		0.089	-3953.777	-6.862	-3946.915	0.309	0.992	167.58	1.41
100		0.099	-3954.194	-6.955	-3947.239	0.314	0.991	164.092	1.408
110		0.109	-3952.024	-7.136	-3944.888	0.316	0.997	165.687	1.369
120		0.118	-3951.477	-7.32	-3944.157	0.314	1.0	161.232	1.389
130		0.128	-3951.477	-7.32	-3944.157	0.314	1.0	161.232	1.389
140		0.138	-3951.477	-7.32	-3944.157	0.314	1.0	161.232	1.389
150		0.148	-3949.913	-7.196	-3942.717	0.297	1.0	159.784	1.337
160		0.157	-3949.913	-7.196	-3942.717	0.297	1.0	159.784	1.337
170		0.167	-3952.026	-6.794	-3945.231	0.28	0.991	160.246	1.27
180		0.177	-3950.473	-7.268	-3943.205	0.297	0.999	162.55	1.244
190		0.186	-3950.473	-7.268	-3943.205	0.297	0.999	162.55	1.244
200		0.196	-3950.381	-7.689	-3942.693	0.327	0.998	166.156	1.192
210		0.206	-3952.257	-7.886	-3944.371	0.359	0.995	165.034	1.288
220		0.216	-3953.494	-8.585	-3944.909	0.401	0.988	162.104	1.272
230		0.225	-3951.202	-8.412	-3942.789	0.382	0.999	163.853	1.319
240		0.235	-3951.202	-8.412	-3942.789	0.382	0.999	163.853	1.319
250		0.245	-3952.408	-8.77	-3943.638	0.407	0.998	168.783	1.307
260		0.255	-3952.408	-8.77	-3943.638	0.407	0.998	168.783	1.307
270		0.264	-3952.007	-8.771	-3943.236	0.407	0.999	166.22	1.367
280		0.274	-3952.007	-8.771	-3943.236	0.407	0.999	166.22	1.367
290		0.284	-3952.167	-8.736	-3943.43	0.41	0.997	167.031	1.321
300		0.293	-3953.063	-7.484	-3945.579	0.343	0.994	167.669	1.349
310		0.303	-3952.281	-7.43	-3944.851	0.322	1.0	168.745	1.409
320		0.313	-3952.281	-7.43	-3944.851	0.322	1.0	168.745	1.409
330		0.323	-3952.281	-7.43	-3944.851	0.322	1.0	168.745	1.409
340		0.332	-3952.281	-7.43	-3944.851	0.322	1.0	168.745	1.409
350		0.342	-3952.617	-7.184	-3945.433	0.324	0.998	169.317	1.411
360		0.352	-3952.617	-7.184	-3945.433	0.324	0.998	169.317	1.411
370		0.362	-3952.149	-6.982	-3945.168	0.306	0.997	167.666	1.373
380		0.371	-3952.149	-6.982	-3945.168	0.306	0.997	167.666	1.373
390		0.381	-3950.985	-7.111	-3943.875	0.304	0.998	166.043	1.299
400		0.391	-3950.985	-7.111	-3943.875	0.304	0.998	166.043	1.299
410		0.401	-3953.241	-6.939	-3946.302	0.309	0.993	168.586	1.358
420		0.411	-3953.42	-6.614	-3946.807	0.289	0.992	168.618	1.391
430		0.421	-3950.801	-6.39	-3944.411	0.243	0.994	158.103	1.291
440		0.43	-3950.173	-6.842	-3943.332	0.263	0.998	159.749	1.223
450		0.44	-3950.173	-6.842	-3943.332	0.263	0.998	159.749	1.223
460		0.45	-3950.971	-7.074	-3943.897	0.301	0.996	161.695	1.295
470		0.46	-3950.971	-7.074	-3943.897	0.301	0.996	161.695	1.295
480		0.47	-3951.14	-6.748	-3944.392	0.264	1.0	165.058	1.388
490		0.479	-3951.14	-6.748	-3944.392	0.264	1.0	165.058	1.388
500		0.489	-3951.14	-6.748	-3944.392	0.264	1.0	165.058	1.388
510		0.499	-3951.14	-6.748	-3944.392	0.264	1.0	165.058	1.388
520		0.509	-3951.14	-6.748	-3944.392	0.264	1.0	165.058	1.388
530		0.519	-3954.532	-6.54	-3947.992	0.275	0.987	168.911	1.299
540		0.528	-3954.532	-6.54	-3947.992	0.275	0.987	168.911	1.299
550		0.538	-3955.975	-6.818	-3949.157	0.3	0.982	168.868	1.306
560		0.548	-3953.14	-7.834	-3945.307	0.368	0.995	171.87	1.367
570		0.558	-3953.509	-7.99	-3945.52	0.368	0.998	172.898	1.309
580		0.568	-3953.509	-7.99	-3945.52	0.368	0.998	172.898	1.309
590		0.578	-3952.092	-6.977	-3945.115	0.297	1.0	173.359	1.401
600		0.587	-3952.092	-6.977	-3945.115	0.297	1.0	173.359	1.401
610		0.597	-3952.092	-6.977	-3945.115	0.297	1.0	173.359	1.401
620		0.607	-3952.092	-6.977	-3945.115	0.297	1.0	173.359	1.401
630		0.617	-3952.092	-6.977	-3945.115	0.297	1.0	173.359	1.401
640		0.627	-3952.491	-6.569	-3945.922	0.279	0.998	173.717	1.394
650		0.636	-3952.491	-6.569	-3945.922	0.279	0.998	173.717	1.394
660		0.646	-3952.491	-6.569	-3945.922	0.279	0.998	173.717	1.394
670		0.656	-3952.712	-6.893	-3945.819	0.303	0.997	173.679	1.361
680		0.666	-3952.69	-6.718	-3945.972	0.293	0.997	174.17	1.39
690		0.676	-3952.69	-6.718	-3945.972	0.293	0.997	174.17	1.39
700		0.685	-3952.69	-6.718	-3945.972	0.293	0.997	174.17	1.39
710		0.695	-3952.69	-6.718	-3945.972	0.293	0.997	174.17	1.39
720		0.705	-3952.69	-6.718	-3945.972	0.293	0.997	174.17	1.39
730		0.715	-3956.561	-7.507	-3949.054	0.359	0.989	178.609	1.392
740		0.725	-3954.733	-7.076	-3947.657	0.32	0.999	174.709	1.518
750		0.734	-3953.885	-7.292	-3946.593	0.338	0.993	173.111	1.372
760		0.744	-3952.644	-7.176	-3945.468	0.318	0.999	174.014	1.407
770		0.754	-3955.213	-6.56	-3948.653	0.292	0.988	169.741	1.411
780		0.764	-3952.342	-6.683	-3945.659	0.283	0.995	169.433	1.325
790		0.774	-3952.342	-6.683	-3945.659	0.283	0.995	169.433	1.325
800		0.783	-3953.117	-6.655	-3946.462	0.277	0.994	169.082	1.292
810		0.793	-3952.757	-7.336	-3945.421	0.329	0.998	172.675	1.332
820		0.803	-3952.757	-7.336	-3945.421	0.329	0.998	172.675	1.332
830		0.813	-3952.757	-7.336	-3945.421	0.329	0.998	172.675	1.332
840		0.823	-3952.757	-7.336	-3945.421	0.329	0.998	172.675	1.332
850		0.832	-3952.633	-7.053	-3945.58	0.316	0.995	171.319	1.357
860		0.842	-3953.355	-6.985	-3946.371	0.309	0.996	173.212	1.333
870		0.852	-3952.091	-6.722	-3945.369	0.285	0.997	171.386	1.341
880		0.862	-3952.213	-6.683	-3945.53	0.277	1.0	174.477	1.4
890		0.872	-3952.213	-6.683	-3945.53	0.277	1.0	174.477	1.4
900		0.881	-3952.213	-6.683	-3945.53	0.277	1.0	174.477	1.4
910		0.891	-3952.181	-6.451	-3945.731	0.256	0.999	173.369	1.373
920		0.901	-3952.181	-6.451	-3945.731	0.256	0.999	173.369	1.373
930		0.911	-3952.931	-5.914	-3947.017	0.222	0.997	171.857	1.413
940		0.921	-3952.384	-5.952	-3946.432	0.22	0.998	170.889	1.395
950		0.93	-3952.384	-5.952	-3946.432	0.22	0.998	170.889	1.395
960		0.94	-3952.384	-5.952	-3946.432	0.22	0.998	170.889	1.395
970		0.95	-3951.844	-6.757	-3945.087	0.284	0.999	173.008	1.373
980		0.96	-3951.844	-6.757	-3945.087	0.284	0.999	173.008	1.373
990		0.97	-3951.844	-6.757	-3945.087	0.284	0.999	173.008	1.373
1000		0.979	-3951.844	-6.757	-3945.087	0.284	0.999	173.008	1.373
1010		0.989	-3953.427	-6.863	-3946.564	0.31	0.994	173.622	1.397
1020		0.999	-3953.432	-6.844	-3946.588	0.292	1.0	176.358	1.448
1030		1.009	-3953.432	-6.844	-3946.588	0.292	1.0	176.358	1.448
1040		1.019	-3953.432	-6.844	-3946.588	0.292	1.0	176.358	1.448
1050		1.028	-3952.472	-7.516	-3944.957	0.34	0.999	172.777	1.379
1060		1.038	-3952.472	-7.516	-3944.957	0.34	0.999	172.777	1.379
1070		1.048	-3952.472	-7.516	-3944.957	0.34	0.999	172.777	1.379
1080		1.057	-3953.704	-7.578	-3946.126	0.355	0.995	170.911	1.396
1090		1.067	-3952.404	-7.529	-3944.874	0.339	0.999	170.263	1.389
1100		1.077	-3952.404	-7.529	-3944.874	0.339	0.999	170.263	1.389
1110		1.087	-3952.578	-6.655	-3945.923	0.288	0.996	170.95	1.376
1120		1.096	-3951.901	-5.909	-3945.993	0.209	0.996	166.298	1.353
1130		1.106	-3951.326	-5.85	-3945.476	0.164	0.997	164.424	1.264
1140		1.116	-3951.077	-5.953	-3945.125	0.192	0.996	162.985	1.276
1150		1.126	-3950.976	-5.918	-3945.058	0.187	0.998	165.252	1.308
1160		1.135	-3950.976	-5.918	-3945.058	0.187	0.998	165.252	1.308
1170		1.145	-3950.976	-5.918	-3945.058	0.187	0.998	165.252	1.308
1180		1.155	-3950.622	-5.83	-3944.791	0.153	0.997	159.94	1.279
1190		1.165	-3951.431	-5.778	-3945.653	0.155	0.995	160.314	1.272
1200		1.174	-3951.585	-5.623	-3945.961	0.136	0.995	159.321	1.334
1210		1.184	-3953.608	-5.493	-3948.116	0.138	0.989	159.186	1.369
1220		1.194	-3954.107	-5.497	-3948.61	0.123	0.987	159.176	1.348
1230		1.203	-3952.881	-5.641	-3947.24	0.102	0.993	155.547	1.348
1240		1.213	-3956.026	-5.559	-3950.467	0.14	0.976	158.034	1.298
1250		1.223	-3950.671	-5.943	-3944.729	0.102	0.997	155.346	1.244
1260		1.233	-3950.671	-5.943	-3944.729	0.102	0.997	155.346	1.244
1270		1.243	-3950.671	-5.943	-3944.729	0.102	0.997	155.346	1.244
1280		1.252	-3950.671	-5.943	-3944.729	0.102	0.997	155.346	1.244
1290		1.262	-3950.671	-5.943	-3944.729	0.102	0.997	155.346	1.244
1300		1.272	-3949.906	-6.237	-3943.67	0.087	0.999	152.159	1.241
1310		1.282	-3949.906	-6.237	-3943.67	0.087	0.999	152.159	1.241
1320		1.291	-3951.996	-6.26	-3945.736	0.071	0.991	148.918	1.201
1330		1.301	-3951.489	-6.274	-3945.215	0.066	0.995	151.02	1.24
1340		1.311	-3951.013	-6.099	-3944.914	0.103	0.993	150.2	1.168
1350		1.32	-3950.186	-6.403	-3943.783	0.086	0.999	149.883	1.159
1360		1.33	-3950.186	-6.403	-3943.783	0.086	0.999	149.883	1.159
1370		1.34	-3950.186	-6.403	-3943.783	0.086	0.999	149.883	1.159
1380		1.35	-3950.401	-6.467	-3943.935	0.091	0.999	149.785	1.147
1390		1.359	-3950.401	-6.467	-3943.935	0.091	0.999	149.785	1.147
1400		1.369	-3950.401	-6.467	-3943.935	0.091	0.999	149.785	1.147
1410		1.379	-3950.401	-6.467	-3943.935	0.091	0.999	149.785	1.147
1420		1.389	-3950.483	-6.728	-3943.755	0.068	0.995	148.156	1.079
1430		1.398	-3954.51	-5.878	-3948.632	0.121	0.98	151.211	1.194
1440		1.408	-3951.46	-6.255	-3945.205	0.125	0.993	152.994	1.093
1450		1.418	-3951.46	-6.255	-3945.205	0.125	0.993	152.994	1.093
1460		1.428	-3951.46	-6.255	-3945.205	0.125	0.993	152.994	1.093
1470		1.437	-3951.46	-6.255	-3945.205	0.125	0.993	152.994	1.093
1480		1.447	-3952.39	-6.65	-3945.74	0.056	0.994	149.648	1.16
1490		1.457	-3951.77	-6.671	-3945.098	0.05	0.995	148.142	1.215
1500		1.467	-3951.764	-6.326	-3945.438	0.071	0.992	148.241	1.184
1510		1.476	-3951.764	-6.326	-3945.438	0.071	0.992	148.241	1.184
1520		1.486	-3951.0	-6.802	-3944.198	0.05	0.999	149.67	1.236
1530		1.496	-3955.666	-6.091	-3949.575	0.072	0.979	150.763	1.22
1540		1.506	-3950.794	-6.09	-3944.704	0.116	0.994	151.061	1.16
1550		1.516	-3950.794	-6.09	-3944.704	0.116	0.994	151.061	1.16
1560		1.525	-3949.307	-6.178	-3943.128	0.102	0.999	144.055	1.276
1570		1.535	-3949.217	-6.013	-3943.204	0.132	0.999	145.168	1.29
1580		1.545	-3948.832	-6.035	-3942.798	0.125	0.995	141.754	1.245
1590		1.554	-3949.008	-6.058	-3942.95	0.149	0.994	140.653	1.251
1600		1.564	-3948.389	-6.087	-3942.302	0.132	0.998	141.8	1.253
1610		1.574	-3948.389	-6.087	-3942.302	0.132	0.998	141.8	1.253
1620		1.584	-3948.535	-6.112	-3942.423	0.144	0.992	142.659	1.195
1630		1.593	-3948.535	-6.112	-3942.423	0.144	0.992	142.659	1.195
1640		1.603	-3948.535	-6.112	-3942.423	0.144	0.992	142.659	1.195
1650		1.613	-3949.395	-6.146	-3943.249	0.174	0.99	146.024	1.201
1660		1.622	-3949.354	-6.014	-3943.341	0.164	0.995	150.389	1.235
1670		1.632	-3950.333	-5.854	-3944.479	0.129	0.994	152.889	1.248
1680		1.642	-3950.333	-5.854	-3944.479	0.129	0.994	152.889	1.248
1690		1.652	-3950.069	-5.917	-3944.152	0.128	0.997	154.91	1.235
1700		1.662	-3949.352	-6.182	-3943.171	0.149	1.0	153.661	1.232
1710		1.672	-3949.698	-5.958	-3943.74	0.147	0.999	156.605	1.259
1720		1.681	-3949.529	-6.757	-3942.772	0.228	1.0	159.071	1.24
1730		1.691	-3949.529	-6.757	-3942.772	0.228	1.0	159.071	1.24
1740		1.701	-3949.529	-6.757	-3942.772	0.228	1.0	159.071	1.24
1750		1.711	-3949.703	-6.424	-3943.279	0.221	0.999	159.688	1.237
1760		1.721	-3949.703	-6.424	-3943.279	0.221	0.999	159.688	1.237
1770		1.731	-3949.703	-6.424	-3943.279	0.221	0.999	159.688	1.237
1780		1.74	-3949.703	-6.424	-3943.279	0.221	0.999	159.688	1.237
1790		1.75	-3950.902	-6.093	-3944.809	0.218	0.997	157.327	1.364
1800		1.76	-3952.528	-6.133	-3946.395	0.228	0.998	157.738	1.416
1810		1.77	-3952.528	-6.133	-3946.395	0.228	0.998	157.738	1.416
1820		1.78	-3952.528	-6.133	-3946.395	0.228	0.998	157.738	1.416
1830		1.79	-3950.893	-6.098	-3944.795	0.218	0.994	156.566	1.328
1840		1.8	-3951.112	-6.031	-3945.081	0.213	0.996	161.094	1.342
1850		1.809	-3951.303	-6.264	-3945.039	0.243	0.995	159.46	1.372
1860		1.819	-3951.303	-6.264	-3945.039	0.243	0.995	159.46	1.372
1870		1.829	-3951.583	-6.409	-3945.174	0.251	0.993	159.968	1.306
1880		1.839	-3950.344	-6.275	-3944.069	0.229	0.998	161.694	1.333
1890		1.848	-3950.679	-6.26	-3944.419	0.225	0.999	161.866	1.38
1900		1.858	-3950.679	-6.26	-3944.419	0.225	0.999	161.866	1.38
1910		1.868	-3950.863	-7.002	-3943.861	0.288	0.997	163.136	1.261
1920		1.878	-3952.817	-6.659	-3946.159	0.228	0.999	163.172	1.188
1930		1.888	-3950.742	-6.479	-3944.263	0.249	0.993	157.4	1.275
1940		1.897	-3949.582	-6.324	-3943.258	0.22	0.999	153.755	1.335
1950		1.907	-3949.64	-6.325	-3943.315	0.225	0.998	152.581	1.323
1960		1.917	-3949.64	-6.325	-3943.315	0.225	0.998	152.581	1.323
1970		1.927	-3949.56	-5.989	-3943.571	0.182	0.996	150.678	1.302
1980		1.936	-3948.479	-6.215	-3942.263	0.193	0.998	150.309	1.276
1990		1.946	-3948.479	-6.215	-3942.263	0.193	0.998	150.309	1.276
2000		1.956	-3948.479	-6.215	-3942.263	0.193	0.998	150.309	1.276
2010		1.966	-3951.712	-5.712	-3946.0	0.146	0.99	156.151	1.281
2020		1.975	-3950.286	-5.907	-3944.378	0.172	0.998	160.327	1.3
2030		1.985	-3950.286	-5.907	-3944.378	0.172	0.998	160.327	1.3
2040		1.995	-3950.286	-5.907	-3944.378	0.172	0.998	160.327	1.3
2050		2.004	-3950.286	-5.907	-3944.378	0.172	0.998	160.327	1.3
2060		2.014	-3950.286	-5.907	-3944.378	0.172	0.998	160.327	1.3
2070		2.024	-3950.499	-5.81	-3944.689	0.17	0.998	161.076	1.329
2080		2.034	-3950.499	-5.81	-3944.689	0.17	0.998	161.076	1.329
2090		2.043	-3950.499	-5.81	-3944.689	0.17	0.998	161.076	1.329
2100		2.053	-3950.36	-5.882	-3944.478	0.166	0.999	161.021	1.324
2110		2.063	-3950.36	-5.882	-3944.478	0.166	0.999	161.021	1.324
2120		2.072	-3950.36	-5.882	-3944.478	0.166	0.999	161.021	1.324
2130		2.082	-3950.36	-5.882	-3944.478	0.166	0.999	161.021	1.324
2140		2.092	-3950.36	-5.882	-3944.478	0.166	0.999	161.021	1.324
2150		2.102	-3952.577	-5.592	-3946.986	0.151	0.993	165.598	1.314
2160		2.111	-3952.577	-5.592	-3946.986	0.151	0.993	165.598	1.314
2170		2.121	-3951.286	-5.783	-3945.503	0.135	0.997	161.521	1.265
2180		2.131	-3950.693	-6.152	-3944.542	0.18	1.0	162.99	1.337
2190		2.141	-3950.693	-6.152	-3944.542	0.18	1.0	162.99	1.337
2200		2.15	-3950.812	-5.988	-3944.824	0.2	0.999	163.146	1.347
2210		2.16	-3950.812	-5.988	-3944.824	0.2	0.999	163.146	1.347
2220		2.17	-3951.354	-6.076	-3945.279	0.221	0.997	164.576	1.358
2230		2.179	-3951.354	-6.076	-3945.279	0.221	0.997	164.576	1.358
2240		2.189	-3951.286	-5.976	-3945.31	0.21	0.997	164.513	1.35
2250		2.199	-3951.286	-5.976	-3945.31	0.21	0.997	164.513	1.35
2260		2.208	-3952.958	-5.941	-3947.018	0.216	0.992	165.402	1.335
2270		2.218	-3952.653	-5.967	-3946.686	0.225	0.997	166.647	1.42
2280		2.228	-3952.626	-5.821	-3946.805	0.206	0.994	167.348	1.372
2290		2.238	-3952.626	-5.821	-3946.805	0.206	0.994	167.348	1.372
2300		2.247	-3953.525	-5.736	-3947.789	0.178	0.993	169.344	1.288
2310		2.257	-3953.525	-5.736	-3947.789	0.178	0.993	169.344	1.288
2320		2.267	-3955.16	-5.654	-3949.506	0.193	0.985	166.522	1.361
2330		2.277	-3952.189	-5.915	-3946.274	0.211	0.998	168.233	1.383
2340		2.286	-3953.189	-6.035	-3947.154	0.235	0.993	169.528	1.372
2350		2.296	-3952.001	-6.579	-3945.422	0.271	0.999	169.941	1.393
2360		2.306	-3952.001	-6.579	-3945.422	0.271	0.999	169.941	1.393
2370		2.316	-3952.001	-6.579	-3945.422	0.271	0.999	169.941	1.393
2380		2.325	-3955.488	-6.417	-3949.071	0.278	0.985	171.836	1.367
2390		2.335	-3955.555	-6.037	-3949.518	0.243	0.984	171.294	1.357
2400		2.345	-3953.36	-7.175	-3946.185	0.289	1.0	172.786	1.29
2410		2.354	-3956.639	-6.719	-3949.919	0.29	0.983	170.141	1.287
2420		2.364	-3956.639	-6.719	-3949.919	0.29	0.983	170.141	1.287
2430		2.374	-3951.86	-6.918	-3944.941	0.273	0.999	172.164	1.213
2440		2.384	-3951.86	-6.918	-3944.941	0.273	0.999	172.164	1.213
2450		2.393	-3951.86	-6.918	-3944.941	0.273	0.999	172.164	1.213
2460		2.403	-3951.86	-6.918	-3944.941	0.273	0.999	172.164	1.213
2470		2.413	-3951.86	-6.918	-3944.941	0.273	0.999	172.164	1.213
2480		2.422	-3951.86	-6.918	-3944.941	0.273	0.999	172.164	1.213
2490		2.432	-3952.826	-7.108	-3945.718	0.306	0.992	171.675	1.229
2500		2.442	-3954.598	-6.795	-3947.803	0.289	0.99	168.216	1.271
2510		2.452	-3954.598	-6.795	-3947.803	0.289	0.99	168.216	1.271
2520		2.461	-3955.225	-6.426	-3948.799	0.272	0.983	165.544	1.345
2530		2.471	-3950.926	-6.097	-3944.83	0.217	0.997	164.816	1.309
2540		2.481	-3950.926	-6.097	-3944.83	0.217	0.997	164.816	1.309
2550		2.491	-3951.324	-6.349	-3944.975	0.247	0.995	165.04	1.308
2560		2.5	-3950.742	-6.584	-3944.158	0.265	0.997	162.034	1.332
2570		2.51	-3949.823	-6.569	-3943.254	0.248	0.999	160.084	1.306
2580		2.52	-3950.189	-6.159	-3944.03	0.22	0.997	157.998	1.335
2590		2.53	-3950.189	-6.159	-3944.03	0.22	0.997	157.998	1.335
2600		2.539	-3950.189	-6.159	-3944.03	0.22	0.997	157.998	1.335
2610		2.549	-3950.481	-6.274	-3944.207	0.228	0.995	159.226	1.28
2620		2.559	-3949.958	-6.367	-3943.592	0.193	0.993	156.248	1.128
2630		2.568	-3949.309	-6.437	-3942.873	0.206	0.998	154.26	1.192
2640		2.578	-3949.309	-6.437	-3942.873	0.206	0.998	154.26	1.192
2650		2.588	-3949.309	-6.437	-3942.873	0.206	0.998	154.26	1.192
2660		2.598	-3950.792	-6.443	-3944.349	0.211	0.992	151.718	1.163
2670		2.607	-3950.137	-6.088	-3944.049	0.197	0.992	151.727	1.264
2680		2.617	-3948.539	-6.587	-3941.953	0.218	0.999	152.922	1.231
2690		2.627	-3948.539	-6.587	-3941.953	0.218	0.999	152.922	1.231
2700		2.637	-3949.292	-6.233	-3943.059	0.191	0.996	150.965	1.213
2710		2.646	-3948.606	-6.31	-3942.296	0.187	0.994	146.733	1.183
2720		2.656	-3948.464	-6.431	-3942.033	0.178	0.997	145.383	1.146
2730		2.666	-3947.827	-6.453	-3941.374	0.166	1.0	148.136	1.186
2740		2.676	-3947.827	-6.453	-3941.374	0.166	1.0	148.136	1.186
2750		2.686	-3949.692	-6.148	-3943.543	0.14	0.991	144.576	1.161
2760		2.695	-3952.229	-6.78	-3945.449	0.241	0.977	141.871	1.154
2770		2.705	-3951.073	-6.095	-3944.978	0.189	0.987	149.153	1.229
2780		2.715	-3953.067	-6.078	-3946.989	0.186	0.977	145.728	1.226
2790		2.725	-3949.289	-6.633	-3942.656	0.242	0.992	148.96	1.214
2800		2.735	-3948.072	-7.758	-3940.314	0.318	0.997	147.532	1.189
2810		2.744	-3949.418	-7.431	-3941.988	0.294	0.995	149.579	1.156
2820		2.754	-3949.418	-7.431	-3941.988	0.294	0.995	149.579	1.156
2830		2.764	-3948.896	-7.61	-3941.286	0.302	0.999	152.518	1.168
2840		2.774	-3948.896	-7.61	-3941.286	0.302	0.999	152.518	1.168
2850		2.784	-3948.896	-7.61	-3941.286	0.302	0.999	152.518	1.168
2860		2.793	-3948.896	-7.61	-3941.286	0.302	0.999	152.518	1.168
2870		2.803	-3950.796	-7.377	-3943.419	0.304	0.988	148.751	1.197
2880		2.813	-3950.796	-7.377	-3943.419	0.304	0.988	148.751	1.197
2890		2.823	-3950.098	-8.097	-3942.001	0.336	0.997	150.361	1.137
2900		2.833	-3950.182	-6.384	-3943.798	0.216	0.995	153.35	1.212
2910		2.842	-3949.404	-6.457	-3942.947	0.216	0.991	147.371	1.193
2920		2.852	-3947.927	-6.732	-3941.196	0.245	0.997	147.728	1.231
2930		2.862	-3949.796	-5.926	-3943.87	0.171	0.996	149.783	1.307
2940		2.872	-3950.006	-6.383	-3943.622	0.203	0.994	152.626	1.17
2950		2.881	-3948.761	-6.785	-3941.976	0.23	0.999	151.002	1.179
2960		2.891	-3949.328	-7.228	-3942.1	0.259	0.998	147.576	1.117
2970		2.901	-3952.244	-7.118	-3945.126	0.249	0.986	147.919	1.061
2980		2.911	-3952.287	-7.437	-3944.85	0.258	0.99	146.416	1.016
2990		2.92	-3949.795	-7.28	-3942.516	0.228	0.998	146.953	1.022
3000		2.93	-3948.836	-7.325	-3941.511	0.258	0.992	144.379	1.057
3010		2.94	-3949.534	-7.09	-3942.443	0.232	0.995	146.389	1.051
3020		2.95	-3952.123	-7.228	-3944.894	0.206	0.999	146.709	1.002
3030		2.959	-3951.653	-6.534	-3945.119	0.165	0.991	147.467	1.052
3040		2.969	-3949.482	-6.794	-3942.688	0.191	0.996	146.187	1.048
3050		2.979	-3950.748	-6.71	-3944.038	0.189	0.993	147.004	1.05
3060		2.988	-3950.471	-6.596	-3943.875	0.182	0.993	148.473	1.065
3070		2.998	-3950.471	-6.596	-3943.875	0.182	0.993	148.473	1.065
3080		3.008	-3950.471	-6.596	-3943.875	0.182	0.993	148.473	1.065
3090		3.018	-3949.249	-6.736	-3942.512	0.183	0.995	145.347	1.049
3100		3.028	-3950.52	-6.807	-3943.713	0.213	0.991	142.61	1.086
3110		3.037	-3949.187	-6.597	-3942.591	0.212	0.992	144.34	1.146
3120		3.047	-3947.592	-6.387	-3941.205	0.177	0.996	142.817	1.165
3130		3.057	-3948.403	-6.53	-3941.873	0.172	0.995	140.597	1.11
3140		3.067	-3947.096	-6.307	-3940.789	0.169	0.997	140.99	1.207
3150		3.076	-3946.933	-6.892	-3940.041	0.247	0.996	141.618	1.198
3160		3.086	-3947.499	-7.316	-3940.184	0.286	0.995	139.404	1.216
3170		3.095	-3948.994	-7.464	-3941.53	0.279	0.993	141.459	1.113
3180		3.105	-3948.682	-7.517	-3941.165	0.275	0.997	142.619	1.1
3190		3.115	-3948.682	-7.517	-3941.165	0.275	0.997	142.619	1.1
3200		3.125	-3948.682	-7.517	-3941.165	0.275	0.997	142.619	1.1
3210		3.134	-3947.968	-8.82	-3939.148	0.373	0.994	139.126	1.134
3220		3.144	-3946.867	-7.533	-3939.334	0.297	0.997	138.211	1.214
3230		3.154	-3946.559	-6.993	-3939.566	0.233	1.0	138.767	1.228
3240		3.163	-3947.78	-6.887	-3940.893	0.245	0.99	137.84	1.182
3250		3.173	-3946.163	-6.818	-3939.345	0.223	0.998	136.618	1.197
3260		3.183	-3945.05	-7.153	-3937.897	0.24	0.999	135.117	1.165
3270		3.192	-3945.05	-7.153	-3937.897	0.24	0.999	135.117	1.165
3280		3.202	-3945.05	-7.153	-3937.897	0.24	0.999	135.117	1.165
3290		3.212	-3944.843	-7.3	-3937.543	0.249	0.999	134.079	1.143
3300		3.221	-3944.843	-7.3	-3937.543	0.249	0.999	134.079	1.143
3310		3.231	-3944.843	-7.3	-3937.543	0.249	0.999	134.079	1.143
3320		3.241	-3944.665	-7.426	-3937.239	0.258	0.997	132.077	1.123
3330		3.251	-3945.49	-7.955	-3937.534	0.305	0.997	134.93	1.124
3340		3.26	-3947.124	-7.35	-3939.775	0.277	0.991	135.335	1.164
3350		3.27	-3946.145	-7.704	-3938.44	0.297	0.994	134.112	1.147
3360		3.28	-3946.145	-7.704	-3938.44	0.297	0.994	134.112	1.147
3370		3.289	-3944.558	-7.319	-3937.239	0.226	1.0	132.685	1.13
3380		3.299	-3944.558	-7.319	-3937.239	0.226	1.0	132.685	1.13
3390		3.309	-3944.558	-7.319	-3937.239	0.226	1.0	132.685	1.13
3400		3.319	-3944.558	-7.319	-3937.239	0.226	1.0	132.685	1.13
3410		3.328	-3944.558	-7.319	-3937.239	0.226	1.0	132.685	1.13
3420		3.338	-3944.558	-7.319	-3937.239	0.226	1.0	132.685	1.13
3430		3.348	-3945.345	-7.25	-3938.094	0.249	0.998	134.294	1.141
3440		3.358	-3945.345	-7.25	-3938.094	0.249	0.998	134.294	1.141
3450		3.367	-3946.248	-7.026	-3939.222	0.235	0.993	131.201	1.149
3460		3.377	-3946.248	-7.026	-3939.222	0.235	0.993	131.201	1.149
3470		3.387	-3945.333	-7.288	-3938.045	0.21	1.0	133.587	1.084
3480		3.397	-3944.419	-7.275	-3937.144	0.238	0.999	130.717	1.155
3490		3.406	-3944.419	-7.275	-3937.144	0.238	0.999	130.717	1.155
3500		3.416	-3944.419	-7.275	-3937.144	0.238	0.999	130.717	1.155
3510		3.426	-3944.419	-7.275	-3937.144	0.238	0.999	130.717	1.155
3520		3.435	-3944.419	-7.275	-3937.144	0.238	0.999	130.717	1.155
3530		3.445	-3944.641	-7.221	-3937.419	0.234	0.998	131.103	1.131
3540		3.455	-3948.249	-6.33	-3941.92	0.16	0.989	134.382	1.17
3550		3.464	-3948.249	-6.33	-3941.92	0.16	0.989	134.382	1.17
3560		3.474	-3945.931	-6.818	-3939.113	0.206	0.995	134.665	1.124
3570		3.484	-3945.931	-6.818	-3939.113	0.206	0.995	134.665	1.124
3580		3.493	-3946.429	-6.628	-3939.801	0.173	0.994	134.134	1.111
3590		3.503	-3950.132	-6.705	-3943.427	0.201	0.977	130.585	1.123
3600		3.513	-3944.918	-7.102	-3937.816	0.221	0.997	130.782	1.108
3610		3.523	-3944.918	-7.102	-3937.816	0.221	0.997	130.782	1.108
3620		3.532	-3944.602	-7.561	-3937.04	0.217	1.0	128.928	1.063
3630		3.542	-3944.118	-7.362	-3936.756	0.223	0.996	125.219	1.058
3640		3.552	-3943.945	-7.622	-3936.323	0.237	0.999	125.589	1.054
3650		3.561	-3944.478	-7.181	-3937.298	0.224	0.996	125.177	1.122
3660		3.571	-3945.363	-7.33	-3938.034	0.211	0.994	124.309	1.033
3670		3.581	-3945.363	-7.33	-3938.034	0.211	0.994	124.309	1.033
3680		3.591	-3943.732	-7.319	-3936.414	0.221	0.998	124.568	1.1
3690		3.6	-3943.732	-7.319	-3936.414	0.221	0.998	124.568	1.1
3700		3.61	-3943.732	-7.319	-3936.414	0.221	0.998	124.568	1.1
3710		3.62	-3944.822	-7.387	-3937.435	0.235	0.993	124.892	1.072
3720		3.63	-3944.822	-7.387	-3937.435	0.235	0.993	124.892	1.072
3730		3.639	-3946.333	-7.688	-3938.645	0.275	0.987	123.786	1.103
3740		3.649	-3943.743	-8.686	-3935.057	0.317	1.0	126.548	1.082
3750		3.659	-3943.743	-8.686	-3935.057	0.317	1.0	126.548	1.082
3760		3.668	-3943.743	-8.686	-3935.057	0.317	1.0	126.548	1.082
3770		3.678	-3943.743	-8.686	-3935.057	0.317	1.0	126.548	1.082
3780		3.688	-3943.743	-8.686	-3935.057	0.317	1.0	126.548	1.082
3790		3.697	-3943.743	-8.686	-3935.057	0.317	1.0	126.548	1.082
3800		3.707	-3945.121	-8.198	-3936.923	0.313	0.996	128.669	1.105
3810		3.717	-3945.144	-8.199	-3936.945	0.306	0.995	127.018	1.075
3820		3.726	-3947.247	-8.349	-3938.899	0.325	0.987	127.14	1.084
3830		3.736	-3946.373	-8.866	-3937.507	0.363	0.992	126.931	1.122
3840		3.746	-3943.992	-10.044	-3933.948	0.379	1.0	124.294	1.078
3850		3.756	-3944.509	-9.093	-3935.416	0.358	0.996	124.653	1.06
3860		3.766	-3944.504	-9.772	-3934.731	0.398	0.997	125.188	1.075
3870		3.775	-3945.369	-9.934	-3935.434	0.41	0.995	125.586	1.072
3880		3.785	-3945.369	-9.934	-3935.434	0.41	0.995	125.586	1.072
3890		3.795	-3945.27	-10.145	-3935.125	0.424	0.998	125.617	1.118
3900		3.804	-3945.27	-10.145	-3935.125	0.424	0.998	125.617	1.118
3910		3.814	-3945.27	-10.145	-3935.125	0.424	0.998	125.617	1.118
3920		3.824	-3945.27	-10.145	-3935.125	0.424	0.998	125.617	1.118
3930		3.833	-3945.27	-10.145	-3935.125	0.424	0.998	125.617	1.118
3940		3.843	-3945.27	-10.145	-3935.125	0.424	0.998	125.617	1.118
3950		3.853	-3946.593	-9.497	-3937.096	0.393	0.988	123.888	1.09
3960		3.862	-3946.593	-9.497	-3937.096	0.393	0.988	123.888	1.09
3970		3.872	-3946.402	-10.509	-3935.893	0.437	0.991	123.502	1.053
3980		3.882	-3946.133	-10.713	-3935.42	0.444	0.997	126.554	1.044
3990		3.892	-3945.454	-9.871	-3935.582	0.409	0.995	126.687	1.08
4000		3.901	-3944.107	-9.392	-3934.714	0.375	0.998	123.519	1.083
4010		3.911	-3944.745	-9.24	-3935.505	0.376	0.998	125.437	1.122
4020		3.921	-3945.488	-9.269	-3936.219	0.383	0.995	128.188	1.107
4030		3.93	-3946.858	-9.369	-3937.489	0.39	0.989	125.544	1.109
4040		3.94	-3947.529	-8.956	-3938.573	0.367	0.986	125.247	1.11
4050		3.95	-3947.274	-9.079	-3938.195	0.363	0.99	126.856	1.05
4060		3.96	-3945.145	-8.67	-3936.475	0.337	0.993	124.045	1.076
4070		3.969	-3946.46	-8.479	-3937.98	0.309	0.988	121.496	1.019
4080		3.979	-3943.55	-8.357	-3935.193	0.303	0.996	120.427	1.062
4090		3.989	-3943.55	-8.357	-3935.193	0.303	0.996	120.427	1.062
4100		3.998	-3943.303	-9.049	-3934.253	0.346	0.999	123.063	1.072
4110		4.008	-3943.684	-8.919	-3934.765	0.336	1.0	124.742	1.096
4120		4.018	-3943.684	-8.919	-3934.765	0.336	1.0	124.742	1.096
4130		4.028	-3943.684	-8.919	-3934.765	0.336	1.0	124.742	1.096
4140		4.037	-3943.684	-8.919	-3934.765	0.336	1.0	124.742	1.096
4150		4.047	-3943.684	-8.919	-3934.765	0.336	1.0	124.742	1.096
4160		4.057	-3944.402	-9.04	-3935.363	0.351	0.997	124.224	1.059
4170		4.067	-3944.402	-9.04	-3935.363	0.351	0.997	124.224	1.059
4180		4.076	-3944.402	-9.04	-3935.363	0.351	0.997	124.224	1.059
4190		4.086	-3944.402	-9.04	-3935.363	0.351	0.997	124.224	1.059
4200		4.096	-3944.402	-9.04	-3935.363	0.351	0.997	124.224	1.059
4210		4.106	-3946.551	-8.684	-3937.867	0.334	0.985	121.81	1.052
4220		4.115	-3946.217	-8.276	-3937.941	0.302	0.987	120.991	1.046
4230		4.125	-3945.224	-7.736	-3937.488	0.272	0.99	123.391	1.086
4240		4.135	-3944.613	-7.681	-3936.932	0.226	0.997	121.752	1.008
4250		4.145	-3943.991	-7.288	-3936.703	0.221	0.994	123.112	1.08
4260		4.154	-3943.991	-7.288	-3936.703	0.221	0.994	123.112	1.08
4270		4.164	-3944.053	-7.518	-3936.535	0.214	0.999	124.028	1.032
4280		4.174	-3945.898	-7.897	-3938.0	0.283	0.989	124.957	1.066
4290		4.183	-3943.881	-7.801	-3936.081	0.261	0.999	126.594	1.071
4300		4.193	-3943.231	-7.925	-3935.306	0.262	0.998	122.763	1.053
4310		4.203	-3942.841	-8.262	-3934.579	0.273	0.998	119.055	1.016
4320		4.213	-3942.841	-8.262	-3934.579	0.273	0.998	119.055	1.016
4330		4.222	-3942.898	-8.256	-3934.643	0.283	0.999	121.823	1.044
4340		4.232	-3942.898	-8.256	-3934.643	0.283	0.999	121.823	1.044
4350		4.242	-3942.898	-8.256	-3934.643	0.283	0.999	121.823	1.044
4360		4.252	-3942.898	-8.256	-3934.643	0.283	0.999	121.823	1.044
4370		4.261	-3942.898	-8.256	-3934.643	0.283	0.999	121.823	1.044
4380		4.271	-3942.898	-8.256	-3934.643	0.283	0.999	121.823	1.044
4390		4.281	-3943.089	-7.96	-3935.129	0.272	0.998	122.043	1.076
4400		4.291	-3943.089	-7.96	-3935.129	0.272	0.998	122.043	1.076
4410		4.3	-3943.089	-7.96	-3935.129	0.272	0.998	122.043	1.076
4420		4.31	-3943.089	-7.96	-3935.129	0.272	0.998	122.043	1.076
4430		4.32	-3943.089	-7.96	-3935.129	0.272	0.998	122.043	1.076
4440		4.33	-3943.089	-7.96	-3935.129	0.272	0.998	122.043	1.076
4450		4.339	-3942.535	-7.652	-3934.883	0.215	0.999	120.045	1.047
4460		4.349	-3942.535	-7.652	-3934.883	0.215	0.999	120.045	1.047
4470		4.359	-3942.535	-7.652	-3934.883	0.215	0.999	120.045	1.047
4480		4.369	-3942.535	-7.652	-3934.883	0.215	0.999	120.045	1.047
4490		4.378	-3942.535	-7.652	-3934.883	0.215	0.999	120.045	1.047
