iter	hours	log_posterior	log_prior	loglik	missing	mixture	scale	shape
0		0.001	-3850.402	-6.112	-3844.29	0.207	0.065	456.882	2.023
10		0.011	-3805.268	-5.956	-3799.312	0.198	0.138	459.559	1.907
20		0.021	-3757.938	-5.633	-3752.306	0.103	0.225	457.55	1.89
30		0.03	-3683.422	-8.367	-3675.056	0.013	0.401	454.962	1.975
40		0.04	-3640.73	-6.916	-3633.813	0.029	0.505	447.023	1.929
50		0.05	-3624.569	-6.521	-3618.048	0.04	0.553	448.807	2.016
60		0.06	-3580.053	-5.531	-3574.522	0.105	0.691	445.603	1.977
70		0.07	-3537.496	-5.628	-3531.869	0.136	0.87	452.451	1.969
80		0.08	-3510.08	-6.579	-3503.501	0.223	0.999	454.246	1.951
90		0.09	-3509.895	-6.239	-3503.655	0.156	1.0	454.165	1.958
100		0.1	-3509.895	-6.239	-3503.655	0.156	1.0	454.165	1.958
110		0.11	-3511.574	-5.926	-3505.648	0.147	0.99	455.566	1.97
120		0.12	-3511.918	-6.167	-3505.751	0.126	0.999	455.033	2.012
130		0.13	-3512.43	-6.095	-3506.335	0.142	0.998	454.169	2.033
140		0.14	-3512.43	-6.095	-3506.335	0.142	0.998	454.169	2.033
150		0.15	-3513.282	-6.255	-3507.027	0.194	0.997	448.703	2.063
160		0.16	-3511.055	-6.347	-3504.708	0.222	0.99	448.842	1.997
170		0.17	-3512.49	-6.523	-3505.967	0.223	0.998	446.274	2.051
180		0.18	-3508.302	-6.05	-3502.252	0.085	0.997	442.072	1.958
190		0.19	-3505.172	-6.081	-3499.091	0.078	0.998	436.946	1.883
200		0.199	-3505.172	-6.081	-3499.091	0.078	0.998	436.946	1.883
210		0.209	-3504.082	-5.782	-3498.3	0.139	0.996	435.214	1.744
220		0.219	-3504.498	-5.888	-3498.61	0.157	0.998	435.287	1.777
230		0.229	-3503.929	-5.935	-3497.993	0.189	0.987	435.559	1.624
240		0.239	-3501.753	-6.179	-3495.574	0.205	0.993	433.555	1.509
250		0.249	-3501.273	-6.033	-3495.24	0.184	0.992	429.356	1.462
260		0.259	-3501.273	-6.033	-3495.24	0.184	0.992	429.356	1.462
270		0.269	-3500.272	-6.227	-3494.046	0.227	0.993	426.32	1.612
280		0.279	-3501.658	-5.933	-3495.725	0.213	0.978	420.391	1.628
290		0.289	-3498.508	-6.601	-3491.906	0.265	0.997	418.317	1.665
300		0.299	-3494.367	-6.279	-3488.088	0.236	0.997	415.356	1.707
310		0.309	-3497.071	-5.875	-3491.196	0.2	0.991	419.293	1.728
320		0.319	-3496.554	-5.928	-3490.626	0.203	0.993	420.824	1.745
330		0.328	-3495.979	-5.715	-3490.264	0.181	0.989	416.933	1.716
340		0.338	-3497.26	-5.668	-3491.593	0.181	0.984	417.042	1.734
350		0.348	-3498.724	-5.927	-3492.798	0.215	0.981	419.801	1.748
360		0.358	-3496.283	-6.122	-3490.161	0.23	0.993	416.686	1.771
370		0.368	-3495.734	-6.287	-3489.447	0.236	0.997	418.388	1.739
380		0.378	-3495.734	-6.287	-3489.447	0.236	0.997	418.388	1.739
390		0.388	-3497.656	-6.322	-3491.333	0.236	0.997	417.242	1.651
400		0.398	-3497.656	-6.322	-3491.333	0.236	0.997	417.242	1.651
410		0.408	-3495.772	-5.799	-3489.973	0.181	0.996	416.4	1.74
420		0.418	-3495.649	-5.746	-3489.903	0.088	0.997	414.613	1.746
430		0.428	-3495.649	-5.746	-3489.903	0.088	0.997	414.613	1.746
440		0.438	-3498.762	-5.479	-3493.283	0.108	0.985	413.639	1.792
450		0.448	-3495.303	-5.656	-3489.647	0.181	0.989	411.024	1.746
460		0.458	-3494.473	-5.764	-3488.71	0.19	0.992	413.305	1.717
470		0.467	-3493.586	-6.086	-3487.5	0.206	0.999	412.522	1.721
480		0.477	-3492.627	-6.095	-3486.532	0.222	0.996	411.678	1.691
490		0.487	-3492.627	-6.095	-3486.532	0.222	0.996	411.678	1.691
500		0.497	-3492.564	-5.906	-3486.658	0.171	0.999	412.871	1.683
510		0.506	-3492.434	-5.767	-3486.667	0.168	0.998	411.819	1.689
520		0.516	-3492.434	-5.767	-3486.667	0.168	0.998	411.819	1.689
530		0.526	-3494.647	-5.582	-3489.065	0.149	0.993	414.5	1.719
540		0.536	-3494.027	-6.132	-3487.895	0.184	1.0	415.576	1.692
550		0.546	-3494.027	-6.132	-3487.895	0.184	1.0	415.576	1.692
560		0.556	-3498.465	-5.968	-3492.497	0.215	0.993	413.498	1.808
570		0.565	-3498.968	-5.95	-3493.018	0.229	0.972	412.059	1.751
580		0.575	-3494.587	-6.095	-3488.492	0.238	0.987	408.912	1.704
590		0.585	-3495.661	-5.608	-3490.053	0.188	0.977	407.056	1.706
600		0.595	-3493.328	-5.835	-3487.493	0.172	0.997	407.144	1.505
610		0.605	-3493.833	-5.655	-3488.178	0.141	0.992	407.658	1.48
620		0.615	-3489.661	-5.768	-3483.892	0.172	0.999	402.339	1.66
630		0.625	-3489.661	-5.768	-3483.892	0.172	0.999	402.339	1.66
640		0.635	-3489.661	-5.768	-3483.892	0.172	0.999	402.339	1.66
650		0.645	-3489.661	-5.768	-3483.892	0.172	0.999	402.339	1.66
660		0.655	-3489.661	-5.768	-3483.892	0.172	0.999	402.339	1.66
670		0.665	-3489.833	-6.224	-3483.609	0.241	0.997	401.612	1.663
680		0.675	-3489.833	-6.224	-3483.609	0.241	0.997	401.612	1.663
690		0.685	-3489.833	-6.224	-3483.609	0.241	0.997	401.612	1.663
700		0.695	-3489.76	-6.535	-3483.225	0.272	0.995	402.63	1.629
710		0.704	-3489.76	-6.535	-3483.225	0.272	0.995	402.63	1.629
720		0.714	-3489.76	-6.535	-3483.225	0.272	0.995	402.63	1.629
730		0.724	-3489.76	-6.535	-3483.225	0.272	0.995	402.63	1.629
740		0.734	-3489.76	-6.535	-3483.225	0.272	0.995	402.63	1.629
750		0.744	-3489.76	-6.535	-3483.225	0.272	0.995	402.63	1.629
760		0.754	-3489.76	-6.535	-3483.225	0.272	0.995	402.63	1.629
770		0.764	-3493.514	-6.195	-3487.319	0.24	0.998	399.226	1.743
780		0.774	-3490.822	-6.146	-3484.676	0.237	0.995	403.385	1.675
790		0.784	-3492.634	-6.019	-3486.616	0.235	0.983	404.492	1.664
800		0.794	-3492.554	-5.806	-3486.748	0.211	0.985	404.004	1.679
810		0.804	-3491.382	-6.5	-3484.882	0.257	0.999	403.054	1.711
820		0.813	-3490.215	-6.711	-3483.504	0.279	0.999	400.135	1.693
830		0.823	-3490.215	-6.711	-3483.504	0.279	0.999	400.135	1.693
840		0.833	-3492.147	-6.637	-3485.51	0.289	0.986	402.156	1.656
850		0.843	-3491.567	-7.236	-3484.331	0.334	0.983	399.429	1.633
860		0.853	-3492.939	-7.919	-3485.02	0.342	1.0	402.47	1.529
870		0.863	-3494.007	-7.704	-3486.302	0.346	0.994	405.016	1.464
880		0.873	-3494.568	-7.352	-3487.216	0.325	0.992	406.43	1.468
890		0.883	-3490.29	-7.348	-3482.942	0.321	0.996	395.281	1.424
900		0.893	-3490.29	-7.348	-3482.942	0.321	0.996	395.281	1.424
910		0.903	-3491.546	-8.11	-3483.436	0.34	1.0	395.381	1.337
920		0.913	-3491.546	-8.11	-3483.436	0.34	1.0	395.381	1.337
930		0.923	-3491.821	-7.794	-3484.027	0.311	1.0	397.465	1.361
940		0.933	-3490.501	-7.65	-3482.851	0.344	0.998	395.778	1.502
950		0.943	-3489.408	-7.53	-3481.877	0.328	0.999	393.964	1.433
960		0.953	-3489.222	-7.58	-3481.643	0.344	0.997	391.5	1.528
970		0.963	-3489.222	-7.58	-3481.643	0.344	0.997	391.5	1.528
980		0.973	-3490.58	-8.382	-3482.197	0.397	0.995	389.858	1.547
990		0.983	-3488.924	-8.409	-3480.516	0.405	0.99	390.028	1.623
1000		0.993	-3487.693	-8.707	-3478.986	0.421	0.991	386.461	1.604
1010		1.003	-3485.132	-8.088	-3477.044	0.385	0.992	384.434	1.549
1020		1.012	-3487.045	-8.583	-3478.463	0.407	0.998	382.377	1.623
1030		1.022	-3487.045	-8.583	-3478.463	0.407	0.998	382.377	1.623
1040		1.032	-3483.629	-8.322	-3475.307	0.399	0.994	377.504	1.554
1050		1.042	-3483.629	-8.322	-3475.307	0.399	0.994	377.504	1.554
1060		1.052	-3483.111	-8.024	-3475.087	0.383	0.994	377.553	1.562
1070		1.062	-3483.111	-8.024	-3475.087	0.383	0.994	377.553	1.562
1080		1.072	-3483.111	-8.024	-3475.087	0.383	0.994	377.553	1.562
1090		1.082	-3483.111	-8.024	-3475.087	0.383	0.994	377.553	1.562
1100		1.092	-3482.875	-8.063	-3474.812	0.386	0.995	372.694	1.558
1110		1.102	-3482.875	-8.063	-3474.812	0.386	0.995	372.694	1.558
1120		1.112	-3485.136	-7.055	-3478.081	0.328	0.993	374.193	1.618
1130		1.122	-3485.136	-7.055	-3478.081	0.328	0.993	374.193	1.618
1140		1.132	-3485.321	-6.769	-3478.552	0.307	0.99	378.968	1.596
1150		1.141	-3483.843	-7.097	-3476.746	0.324	0.994	379.518	1.567
1160		1.151	-3483.56	-6.665	-3476.895	0.289	0.996	379.571	1.565
1170		1.161	-3482.851	-6.22	-3476.631	0.261	0.987	375.838	1.508
1180		1.171	-3482.851	-6.22	-3476.631	0.261	0.987	375.838	1.508
1190		1.181	-3481.573	-6.353	-3475.22	0.281	0.977	367.411	1.503
1200		1.191	-3479.007	-6.8	-3472.207	0.303	0.994	369.144	1.476
1210		1.201	-3481.294	-6.743	-3474.551	0.294	0.999	367.623	1.593
1220		1.211	-3481.294	-6.743	-3474.551	0.294	0.999	367.623	1.593
1230		1.22	-3479.646	-5.592	-3474.054	0.205	0.982	365.808	1.494
1240		1.23	-3480.804	-5.411	-3475.393	0.18	0.979	367.668	1.504
1250		1.24	-3481.221	-5.226	-3475.995	0.134	0.977	366.95	1.501
1260		1.25	-3478.227	-5.602	-3472.626	0.164	0.999	363.908	1.533
1270		1.26	-3478.227	-5.602	-3472.626	0.164	0.999	363.908	1.533
1280		1.27	-3478.227	-5.602	-3472.626	0.164	0.999	363.908	1.533
1290		1.28	-3478.5	-5.82	-3472.68	0.233	0.991	359.05	1.541
1300		1.29	-3474.678	-5.687	-3468.991	0.202	0.997	355.145	1.483
1310		1.3	-3474.609	-5.404	-3469.204	0.154	0.997	351.405	1.468
1320		1.31	-3474.114	-5.285	-3468.828	0.157	0.987	349.733	1.454
1330		1.32	-3472.264	-5.52	-3466.743	0.135	0.999	351.113	1.421
1340		1.33	-3472.264	-5.52	-3466.743	0.135	0.999	351.113	1.421
1350		1.34	-3472.264	-5.52	-3466.743	0.135	0.999	351.113	1.421
1360		1.349	-3472.976	-5.357	-3467.619	0.162	0.988	348.217	1.415
1370		1.359	-3472.976	-5.357	-3467.619	0.162	0.988	348.217	1.415
1380		1.369	-3472.169	-5.311	-3466.859	0.137	0.988	346.663	1.389
1390		1.379	-3470.134	-5.533	-3464.601	0.173	0.996	344.835	1.4
1400		1.389	-3470.134	-5.533	-3464.601	0.173	0.996	344.835	1.4
1410		1.398	-3470.253	-5.496	-3464.757	0.161	0.995	346.79	1.374
1420		1.408	-3470.57	-5.431	-3465.139	0.154	0.994	346.649	1.387
1430		1.418	-3470.57	-5.431	-3465.139	0.154	0.994	346.649	1.387
1440		1.428	-3470.57	-5.431	-3465.139	0.154	0.994	346.649	1.387
1450		1.437	-3470.57	-5.431	-3465.139	0.154	0.994	346.649	1.387
1460		1.447	-3470.217	-5.392	-3464.825	0.132	0.997	343.907	1.41
1470		1.457	-3470.624	-5.222	-3465.402	0.127	0.985	338.148	1.398
1480		1.467	-3471.347	-5.256	-3466.091	0.148	0.985	342.369	1.41
1490		1.477	-3472.153	-5.37	-3466.783	0.16	0.996	344.024	1.462
1500		1.486	-3472.543	-5.662	-3466.881	0.196	0.998	345.949	1.48
1510		1.496	-3473.132	-5.922	-3467.21	0.239	0.993	346.896	1.458
1520		1.506	-3473.533	-5.687	-3467.846	0.216	0.987	349.284	1.435
1530		1.516	-3472.982	-5.908	-3467.074	0.238	0.994	347.461	1.474
1540		1.526	-3472.821	-5.828	-3466.993	0.234	0.985	345.571	1.429
1550		1.536	-3472.367	-5.994	-3466.373	0.25	0.985	344.227	1.418
1560		1.546	-3471.961	-6.047	-3465.913	0.255	0.981	342.609	1.401
1570		1.556	-3472.242	-7.177	-3465.065	0.299	1.0	338.206	1.296
1580		1.566	-3467.798	-7.102	-3460.696	0.32	0.996	333.925	1.326
1590		1.576	-3466.913	-7.231	-3459.683	0.31	1.0	334.065	1.335
1600		1.586	-3466.913	-7.231	-3459.683	0.31	1.0	334.065	1.335
1610		1.596	-3470.672	-7.555	-3463.116	0.366	0.991	332.569	1.427
1620		1.606	-3468.519	-8.213	-3460.305	0.39	0.998	332.049	1.359
1630		1.616	-3471.785	-8.401	-3463.383	0.404	0.991	331.025	1.316
1640		1.625	-3470.926	-7.82	-3463.106	0.382	0.967	326.862	1.335
1650		1.635	-3469.86	-6.953	-3462.907	0.332	0.968	322.533	1.364
1660		1.645	-3465.318	-7.985	-3457.333	0.36	1.0	327.029	1.318
1670		1.655	-3465.318	-7.985	-3457.333	0.36	1.0	327.029	1.318
1680		1.665	-3467.019	-7.794	-3459.224	0.374	0.986	324.301	1.315
1690		1.675	-3465.033	-7.617	-3457.416	0.356	0.997	324.808	1.329
1700		1.685	-3467.268	-7.092	-3460.176	0.334	0.986	322.538	1.34
1710		1.695	-3467.245	-6.96	-3460.284	0.328	0.974	318.992	1.325
1720		1.705	-3462.946	-7.591	-3455.355	0.359	0.992	315.884	1.304
1730		1.715	-3461.988	-7.319	-3454.67	0.346	0.99	310.956	1.305
1740		1.725	-3459.46	-8.551	-3450.91	0.412	0.996	305.189	1.297
1750		1.735	-3459.321	-9.3	-3450.021	0.446	0.997	303.079	1.268
1760		1.745	-3459.321	-9.3	-3450.021	0.446	0.997	303.079	1.268
1770		1.755	-3460.065	-8.604	-3451.461	0.416	0.987	300.639	1.248
1780		1.765	-3460.065	-8.604	-3451.461	0.416	0.987	300.639	1.248
1790		1.774	-3457.474	-9.431	-3448.042	0.446	0.997	297.357	1.202
1800		1.784	-3457.474	-9.431	-3448.042	0.446	0.997	297.357	1.202
1810		1.794	-3456.741	-8.263	-3448.478	0.388	0.995	296.252	1.205
1820		1.804	-3456.919	-7.71	-3449.209	0.356	0.994	296.122	1.2
1830		1.814	-3455.96	-6.961	-3448.999	0.302	0.996	297.742	1.199
1840		1.824	-3455.96	-6.961	-3448.999	0.302	0.996	297.742	1.199
1850		1.834	-3455.96	-6.961	-3448.999	0.302	0.996	297.742	1.199
1860		1.844	-3455.96	-6.961	-3448.999	0.302	0.996	297.742	1.199
1870		1.854	-3455.96	-6.961	-3448.999	0.302	0.996	297.742	1.199
1880		1.864	-3455.96	-6.961	-3448.999	0.302	0.996	297.742	1.199
1890		1.874	-3455.96	-6.961	-3448.999	0.302	0.996	297.742	1.199
1900		1.883	-3455.47	-6.983	-3448.487	0.313	0.993	296.379	1.227
1910		1.893	-3455.227	-6.498	-3448.728	0.261	0.999	297.513	1.249
1920		1.903	-3455.907	-6.027	-3449.88	0.229	0.995	299.26	1.23
1930		1.913	-3455.907	-6.027	-3449.88	0.229	0.995	299.26	1.23
1940		1.922	-3455.907	-6.027	-3449.88	0.229	0.995	299.26	1.23
1950		1.932	-3456.087	-5.956	-3450.131	0.218	0.996	300.627	1.238
1960		1.942	-3457.959	-5.516	-3452.444	0.197	0.984	297.763	1.292
1970		1.952	-3456.927	-5.325	-3451.602	0.168	0.988	296.748	1.311
1980		1.962	-3456.725	-5.591	-3451.134	0.187	0.997	298.484	1.305
1990		1.971	-3457.141	-5.66	-3451.481	0.176	0.999	295.471	1.319
2000		1.981	-3457.235	-5.525	-3451.71	0.202	0.992	291.283	1.331
2010		1.991	-3459.938	-5.622	-3454.316	0.224	0.984	294.884	1.35
2020		2.001	-3459.271	-5.83	-3453.441	0.232	0.978	298.091	1.265
2030		2.011	-3456.801	-6.035	-3450.766	0.237	0.982	295.151	1.206
2040		2.02	-3456.801	-6.035	-3450.766	0.237	0.982	295.151	1.206
2050		2.03	-3455.594	-6.027	-3449.567	0.217	0.999	299.35	1.261
2060		2.04	-3457.358	-5.336	-3452.023	0.154	0.995	296.833	1.321
2070		2.05	-3457.909	-5.26	-3452.649	0.158	0.979	293.815	1.289
2080		2.059	-3457.909	-5.26	-3452.649	0.158	0.979	293.815	1.289
2090		2.069	-3453.182	-5.725	-3447.457	0.172	0.998	292.755	1.213
2100		2.079	-3453.182	-5.725	-3447.457	0.172	0.998	292.755	1.213
2110		2.089	-3454.02	-5.565	-3448.456	0.186	0.991	290.826	1.248
2120		2.099	-3453.18	-5.464	-3447.716	0.158	0.995	286.769	1.253
2130		2.109	-3453.18	-5.464	-3447.716	0.158	0.995	286.769	1.253
2140		2.118	-3452.158	-5.656	-3446.502	0.108	0.998	288.516	1.197
2150		2.128	-3452.158	-5.656	-3446.502	0.108	0.998	288.516	1.197
2160		2.138	-3452.158	-5.656	-3446.502	0.108	0.998	288.516	1.197
2170		2.148	-3457.22	-5.574	-3451.646	0.106	0.991	287.902	1.165
2180		2.158	-3453.093	-5.472	-3447.621	0.119	0.985	284.409	1.171
2190		2.167	-3450.6	-5.666	-3444.934	0.146	0.997	283.25	1.163
2200		2.177	-3451.782	-5.684	-3446.097	0.132	0.998	283.488	1.177
2210		2.187	-3452.536	-5.842	-3446.694	0.216	0.982	282.099	1.189
2220		2.197	-3450.166	-5.601	-3444.566	0.115	0.993	280.262	1.15
2230		2.207	-3450.149	-5.99	-3444.159	0.111	1.0	281.644	1.148
2240		2.216	-3449.83	-5.76	-3444.07	0.112	0.999	280.534	1.16
2250		2.226	-3449.83	-5.76	-3444.07	0.112	0.999	280.534	1.16
2260		2.236	-3449.83	-5.76	-3444.07	0.112	0.999	280.534	1.16
2270		2.246	-3449.944	-5.706	-3444.237	0.177	0.986	275.852	1.141
2280		2.255	-3449.944	-5.706	-3444.237	0.177	0.986	275.852	1.141
2290		2.265	-3450.586	-6.001	-3444.585	0.22	0.992	280.084	1.171
2300		2.275	-3450.239	-5.864	-3444.376	0.214	0.99	279.051	1.194
2310		2.285	-3450.239	-5.864	-3444.376	0.214	0.99	279.051	1.194
2320		2.295	-3450.324	-5.754	-3444.57	0.11	0.999	281.911	1.174
2330		2.304	-3449.875	-5.711	-3444.164	0.114	0.998	281.438	1.163
2340		2.314	-3449.875	-5.711	-3444.164	0.114	0.998	281.438	1.163
2350		2.324	-3449.875	-5.711	-3444.164	0.114	0.998	281.438	1.163
2360		2.334	-3450.737	-5.919	-3444.817	0.072	0.996	279.367	1.149
2370		2.343	-3450.737	-5.919	-3444.817	0.072	0.996	279.367	1.149
2380		2.353	-3454.231	-5.265	-3448.966	0.105	0.968	277.649	1.231
2390		2.363	-3451.118	-5.454	-3445.664	0.145	0.997	281.891	1.256
2400		2.373	-3451.118	-5.454	-3445.664	0.145	0.997	281.891	1.256
2410		2.383	-3450.571	-5.46	-3445.111	0.162	0.991	278.793	1.223
2420		2.393	-3448.796	-6.279	-3442.517	0.18	1.0	276.677	1.194
2430		2.402	-3448.962	-5.633	-3443.329	0.176	0.992	274.804	1.185
2440		2.412	-3448.298	-5.643	-3442.655	0.15	0.998	275.545	1.188
2450		2.422	-3448.094	-5.651	-3442.443	0.119	0.996	273.707	1.148
2460		2.432	-3448.325	-5.738	-3442.587	0.099	0.996	273.446	1.133
2470		2.442	-3447.835	-6.011	-3441.825	0.087	1.0	272.389	1.14
2480		2.451	-3447.835	-6.011	-3441.825	0.087	1.0	272.389	1.14
2490		2.461	-3447.835	-6.011	-3441.825	0.087	1.0	272.389	1.14
2500		2.471	-3450.883	-5.397	-3445.486	0.117	0.973	271.849	1.17
2510		2.481	-3453.8	-5.426	-3448.374	0.102	0.978	266.602	1.177
2520		2.491	-3448.683	-5.837	-3442.847	0.088	0.998	258.838	1.144
2530		2.5	-3448.683	-5.837	-3442.847	0.088	0.998	258.838	1.144
2540		2.51	-3448.683	-5.837	-3442.847	0.088	0.998	258.838	1.144
2550		2.52	-3450.121	-5.912	-3444.209	0.063	0.991	259.185	1.168
2560		2.53	-3448.876	-5.918	-3442.959	0.077	0.997	258.069	1.131
2570		2.54	-3448.822	-5.656	-3443.166	0.097	0.986	254.742	1.117
2580		2.549	-3448.822	-5.656	-3443.166	0.097	0.986	254.742	1.117
2590		2.559	-3449.735	-8.315	-3441.42	0.015	0.994	249.151	1.101
2600		2.569	-3449.735	-8.315	-3441.42	0.015	0.994	249.151	1.101
2610		2.579	-3448.4	-6.097	-3442.303	0.054	0.984	248.362	1.139
2620		2.589	-3448.695	-8.587	-3440.109	0.015	0.999	247.578	1.063
2630		2.599	-3448.695	-8.587	-3440.109	0.015	0.999	247.578	1.063
2640		2.609	-3448.695	-8.587	-3440.109	0.015	0.999	247.578	1.063
2650		2.619	-3448.695	-8.587	-3440.109	0.015	0.999	247.578	1.063
2660		2.629	-3448.695	-8.587	-3440.109	0.015	0.999	247.578	1.063
2670		2.639	-3448.695	-8.587	-3440.109	0.015	0.999	247.578	1.063
2680		2.649	-3448.842	-6.5	-3442.341	0.069	0.994	248.376	0.979
2690		2.659	-3446.454	-6.453	-3440.002	0.056	0.997	246.508	1.071
2700		2.669	-3446.118	-6.281	-3439.837	0.055	0.988	242.54	1.084
2710		2.679	-3445.399	-6.063	-3439.336	0.071	0.991	244.315	1.075
2720		2.689	-3446.764	-5.844	-3440.919	0.096	0.986	247.519	1.061
2730		2.698	-3450.481	-5.502	-3444.979	0.132	0.957	243.504	1.111
2740		2.708	-3443.613	-5.793	-3437.82	0.127	0.996	243.551	1.096
2750		2.718	-3445.751	-5.662	-3440.089	0.155	0.977	241.293	1.097
2760		2.728	-3446.104	-5.515	-3440.589	0.115	0.981	241.843	1.135
2770		2.738	-3447.594	-5.411	-3442.183	0.124	0.983	242.05	1.174
2780		2.748	-3450.093	-5.613	-3444.48	0.142	0.999	243.419	1.219
2790		2.757	-3450.54	-5.702	-3444.838	0.178	0.958	245.633	1.1
2800		2.767	-3444.875	-5.801	-3439.073	0.158	0.993	246.825	1.096
2810		2.777	-3444.186	-6.082	-3438.104	0.191	0.998	247.058	1.101
2820		2.787	-3444.186	-6.082	-3438.104	0.191	0.998	247.058	1.101
2830		2.796	-3444.186	-6.082	-3438.104	0.191	0.998	247.058	1.101
2840		2.806	-3444.186	-6.082	-3438.104	0.191	0.998	247.058	1.101
2850		2.816	-3446.066	-5.786	-3440.28	0.178	0.985	246.171	1.104
2860		2.826	-3443.689	-5.858	-3437.831	0.175	0.995	243.103	1.113
2870		2.836	-3443.431	-6.142	-3437.288	0.16	0.999	241.93	1.049
2880		2.845	-3443.048	-5.936	-3437.113	0.151	0.989	238.012	1.037
2890		2.855	-3443.048	-5.936	-3437.113	0.151	0.989	238.012	1.037
2900		2.865	-3441.032	-6.225	-3434.808	0.191	0.998	236.213	1.064
2910		2.875	-3440.189	-5.972	-3434.217	0.151	0.998	232.468	1.078
2920		2.885	-3441.207	-5.943	-3435.263	0.166	0.992	234.157	1.061
2930		2.894	-3442.235	-6.052	-3436.184	0.194	0.994	234.937	1.086
2940		2.904	-3442.235	-6.052	-3436.184	0.194	0.994	234.937	1.086
2950		2.914	-3442.649	-6.001	-3436.648	0.2	0.985	232.421	1.088
2960		2.924	-3442.916	-5.941	-3436.975	0.207	0.986	231.065	1.128
2970		2.934	-3440.657	-6.471	-3434.186	0.239	0.988	228.838	1.057
2980		2.944	-3439.134	-6.677	-3432.456	0.252	0.994	227.717	1.061
2990		2.954	-3438.234	-6.947	-3431.287	0.269	0.993	224.475	1.036
3000		2.964	-3438.095	-7.226	-3430.869	0.277	0.997	224.234	1.005
3010		2.974	-3438.095	-7.226	-3430.869	0.277	0.997	224.234	1.005
3020		2.983	-3438.095	-7.226	-3430.869	0.277	0.997	224.234	1.005
3030		2.993	-3438.253	-7.105	-3431.148	0.276	0.999	223.964	1.066
3040		3.003	-3438.254	-7.04	-3431.214	0.279	0.988	219.129	1.032
3050		3.013	-3437.876	-7.249	-3430.627	0.287	0.992	219.595	1.012
3060		3.023	-3440.513	-6.94	-3433.574	0.281	0.961	214.809	1.036
3070		3.033	-3437.94	-7.198	-3430.742	0.298	0.991	217.376	1.064
3080		3.043	-3436.312	-7.661	-3428.651	0.314	0.999	217.216	1.05
3090		3.053	-3436.312	-7.661	-3428.651	0.314	0.999	217.216	1.05
3100		3.063	-3436.929	-7.826	-3429.103	0.331	0.998	213.824	1.066
3110		3.073	-3441.179	-8.393	-3432.786	0.374	0.951	207.562	1.015
3120		3.083	-3436.361	-8.436	-3427.925	0.373	0.991	209.791	1.041
3130		3.093	-3434.48	-8.106	-3426.374	0.335	0.996	209.465	0.991
3140		3.103	-3434.406	-8.016	-3426.39	0.329	0.995	209.7	0.989
3150		3.112	-3434.694	-8.027	-3426.667	0.338	0.997	206.981	1.03
3160		3.122	-3434.694	-8.027	-3426.667	0.338	0.997	206.981	1.03
3170		3.132	-3434.729	-8.016	-3426.714	0.327	0.994	209.297	0.972
3180		3.142	-3435.365	-8.075	-3427.29	0.334	1.0	207.754	1.05
3190		3.152	-3436.865	-6.452	-3430.413	0.211	0.976	211.339	0.992
3200		3.161	-3434.134	-6.801	-3427.332	0.224	0.998	211.654	0.991
3210		3.171	-3434.134	-6.801	-3427.332	0.224	0.998	211.654	0.991
3220		3.181	-3435.361	-6.168	-3429.193	0.183	0.996	210.076	1.063
3230		3.191	-3433.176	-6.64	-3426.536	0.19	0.999	210.372	0.983
3240		3.201	-3433.176	-6.64	-3426.536	0.19	0.999	210.372	0.983
3250		3.21	-3434.345	-6.298	-3428.047	0.125	0.997	211.934	0.982
3260		3.22	-3434.792	-6.828	-3427.964	0.058	0.998	209.912	0.985
3270		3.23	-3434.792	-6.828	-3427.964	0.058	0.998	209.912	0.985
3280		3.24	-3435.47	-6.691	-3428.779	0.053	0.994	208.775	1.022
3290		3.249	-3435.47	-6.691	-3428.779	0.053	0.994	208.775	1.022
3300		3.259	-3434.411	-6.315	-3428.096	0.071	0.988	203.288	1.021
3310		3.269	-3433.082	-6.228	-3426.853	0.115	0.989	204.149	0.975
3320		3.279	-3433.518	-6.74	-3426.778	0.105	1.0	205.955	0.949
3330		3.288	-3434.163	-6.162	-3428.001	0.097	0.987	204.948	1.001
3340		3.298	-3433.138	-6.047	-3427.091	0.145	0.989	204.773	1.026
3350		3.308	-3433.138	-6.047	-3427.091	0.145	0.989	204.773	1.026
3360		3.318	-3432.704	-6.276	-3426.428	0.178	0.986	202.738	0.998
3370		3.328	-3432.105	-6.407	-3425.698	0.145	0.998	205.866	0.981
3380		3.338	-3433.862	-6.13	-3427.732	0.166	0.975	199.326	1.009
3390		3.347	-3433.206	-6.103	-3427.104	0.137	0.991	203.59	1.013
3400		3.357	-3431.066	-6.264	-3424.802	0.162	0.994	199.326	1.006
3410		3.367	-3431.066	-6.264	-3424.802	0.162	0.994	199.326	1.006
3420		3.377	-3432.961	-6.241	-3426.72	0.163	0.982	201.441	0.983
3430		3.386	-3432.224	-6.53	-3425.694	0.173	0.996	202.817	0.963
3440		3.396	-3431.602	-6.476	-3425.126	0.175	0.994	201.054	0.969
3450		3.406	-3431.433	-6.403	-3425.03	0.192	0.99	198.697	1.001
3460		3.416	-3431.582	-6.257	-3425.325	0.125	0.995	201.702	0.986
3470		3.426	-3431.582	-6.257	-3425.325	0.125	0.995	201.702	0.986
3480		3.436	-3431.888	-6.547	-3425.341	0.107	0.998	202.443	0.949
3490		3.445	-3431.888	-6.547	-3425.341	0.107	0.998	202.443	0.949
3500		3.455	-3432.55	-6.641	-3425.909	0.075	0.99	199.933	0.941
3510		3.465	-3432.682	-6.273	-3426.41	0.096	0.984	198.687	0.979
3520		3.475	-3429.936	-6.256	-3423.679	0.127	0.992	194.365	0.987
3530		3.485	-3430.998	-6.401	-3424.597	0.167	0.98	193.391	0.958
3540		3.494	-3430.31	-6.694	-3423.616	0.194	0.984	192.626	0.934
3550		3.504	-3429.763	-6.908	-3422.855	0.248	0.986	189.568	1.003
3560		3.514	-3429.249	-7.026	-3422.223	0.244	0.986	188.366	0.966
3570		3.524	-3429.477	-7.567	-3421.91	0.272	0.985	187.176	0.917
3580		3.534	-3426.936	-7.828	-3419.108	0.278	0.999	186.514	0.927
3590		3.544	-3426.936	-7.828	-3419.108	0.278	0.999	186.514	0.927
3600		3.554	-3426.944	-7.188	-3419.756	0.231	0.999	187.681	0.953
3610		3.564	-3426.944	-7.188	-3419.756	0.231	0.999	187.681	0.953
3620		3.574	-3426.944	-7.188	-3419.756	0.231	0.999	187.681	0.953
3630		3.584	-3428.607	-6.732	-3421.876	0.198	0.985	188.499	0.939
3640		3.594	-3427.888	-7.02	-3420.868	0.23	0.993	188.725	0.953
3650		3.604	-3426.999	-7.34	-3419.66	0.235	0.999	188.484	0.948
3660		3.614	-3427.429	-7.697	-3419.731	0.286	0.992	185.75	0.941
3670		3.624	-3428.287	-7.893	-3420.393	0.288	0.988	184.181	0.899
3680		3.634	-3426.111	-7.551	-3418.561	0.269	0.996	179.938	0.951
3690		3.644	-3426.038	-7.982	-3418.056	0.282	1.0	183.998	0.941
3700		3.654	-3426.038	-7.982	-3418.056	0.282	1.0	183.998	0.941
3710		3.664	-3426.038	-7.982	-3418.056	0.282	1.0	183.998	0.941
3720		3.674	-3426.038	-7.982	-3418.056	0.282	1.0	183.998	0.941
3730		3.684	-3426.038	-7.982	-3418.056	0.282	1.0	183.998	0.941
3740		3.693	-3426.038	-7.982	-3418.056	0.282	1.0	183.998	0.941
3750		3.703	-3428.239	-7.735	-3420.504	0.298	0.98	183.674	0.95
3760		3.713	-3428.239	-7.735	-3420.504	0.298	0.98	183.674	0.95
3770		3.723	-3428.239	-7.735	-3420.504	0.298	0.98	183.674	0.95
3780		3.733	-3427.056	-7.476	-3419.58	0.271	0.986	181.893	0.945
3790		3.743	-3424.168	-7.08	-3417.087	0.214	0.996	177.829	0.939
3800		3.753	-3424.168	-7.08	-3417.087	0.214	0.996	177.829	0.939
3810		3.763	-3424.168	-7.08	-3417.087	0.214	0.996	177.829	0.939
3820		3.773	-3425.191	-7.15	-3418.041	0.197	0.993	177.016	0.884
3830		3.783	-3425.191	-7.15	-3418.041	0.197	0.993	177.016	0.884
3840		3.793	-3423.323	-7.024	-3416.299	0.187	0.996	175.368	0.912
3850		3.803	-3423.323	-7.024	-3416.299	0.187	0.996	175.368	0.912
3860		3.813	-3423.323	-7.024	-3416.299	0.187	0.996	175.368	0.912
3870		3.823	-3423.201	-7.084	-3416.117	0.205	0.99	171.833	0.913
3880		3.833	-3423.836	-7.151	-3416.684	0.128	0.998	173.221	0.863
3890		3.843	-3423.417	-7.36	-3416.056	0.055	0.996	170.031	0.923
3900		3.853	-3423.417	-7.36	-3416.056	0.055	0.996	170.031	0.923
3910		3.863	-3423.417	-7.36	-3416.056	0.055	0.996	170.031	0.923
3920		3.873	-3423.419	-7.069	-3416.35	0.098	0.989	168.693	0.863
3930		3.882	-3422.117	-7.024	-3415.093	0.088	0.996	170.172	0.899
3940		3.892	-3422.117	-7.024	-3415.093	0.088	0.996	170.172	0.899
3950		3.902	-3422.746	-6.798	-3415.948	0.124	0.986	167.507	0.901
3960		3.912	-3424.374	-7.038	-3417.336	0.176	0.982	168.544	0.877
3970		3.922	-3424.374	-7.038	-3417.336	0.176	0.982	168.544	0.877
3980		3.932	-3421.951	-7.132	-3414.819	0.162	0.997	170.425	0.874
3990		3.942	-3422.669	-6.744	-3415.925	0.136	0.994	171.239	0.923
4000		3.952	-3422.669	-6.744	-3415.925	0.136	0.994	171.239	0.923
4010		3.962	-3422.245	-6.984	-3415.261	0.118	0.997	171.16	0.889
4020		3.972	-3421.975	-7.338	-3414.637	0.147	1.0	169.656	0.881
4030		3.981	-3421.551	-6.858	-3414.693	0.136	0.993	166.557	0.907
4040		3.991	-3421.551	-6.858	-3414.693	0.136	0.993	166.557	0.907
4050		4.001	-3421.316	-7.739	-3413.577	0.233	0.998	167.752	0.875
4060		4.011	-3420.617	-7.591	-3413.026	0.205	0.997	164.145	0.852
4070		4.021	-3421.53	-7.096	-3414.434	0.198	0.99	166.043	0.912
4080		4.031	-3421.53	-7.096	-3414.434	0.198	0.99	166.043	0.912
4090		4.041	-3421.927	-7.15	-3414.777	0.188	0.989	166.345	0.883
4100		4.051	-3421.738	-7.284	-3414.454	0.211	0.984	164.554	0.887
4110		4.061	-3421.088	-7.049	-3414.039	0.179	0.997	167.842	0.917
4120		4.071	-3421.088	-7.049	-3414.039	0.179	0.997	167.842	0.917
4130		4.081	-3420.659	-7.027	-3413.632	0.152	0.998	165.141	0.905
4140		4.09	-3420.659	-7.027	-3413.632	0.152	0.998	165.141	0.905
4150		4.1	-3419.577	-7.198	-3412.379	0.175	0.997	160.645	0.893
4160		4.11	-3418.495	-7.385	-3411.11	0.193	0.992	157.87	0.868
4170		4.12	-3418.076	-7.568	-3410.508	0.158	1.0	157.736	0.867
4180		4.13	-3418.812	-7.508	-3411.304	0.166	0.997	157.561	0.834
4190		4.14	-3419.051	-7.735	-3411.316	0.226	0.983	154.185	0.849
4200		4.15	-3416.967	-7.596	-3409.371	0.201	0.994	149.999	0.863
4210		4.16	-3416.967	-7.596	-3409.371	0.201	0.994	149.999	0.863
4220		4.17	-3416.932	-7.643	-3409.288	0.212	0.992	150.242	0.865
4230		4.18	-3416.789	-7.638	-3409.151	0.195	0.995	150.547	0.85
4240		4.19	-3415.455	-7.738	-3407.716	0.127	0.997	145.094	0.809
4250		4.199	-3415.455	-7.738	-3407.716	0.127	0.997	145.094	0.809
4260		4.209	-3415.571	-7.5	-3408.071	0.147	0.996	145.574	0.848
4270		4.219	-3415.571	-7.5	-3408.071	0.147	0.996	145.574	0.848
4280		4.229	-3415.635	-7.422	-3408.212	0.131	0.991	146.251	0.839
4290		4.239	-3415.635	-7.422	-3408.212	0.131	0.991	146.251	0.839
4300		4.249	-3415.635	-7.422	-3408.212	0.131	0.991	146.251	0.839
4310		4.259	-3415.452	-7.433	-3408.019	0.122	0.989	144.089	0.839
4320		4.269	-3415.183	-7.515	-3407.668	0.101	0.991	142.967	0.84
4330		4.279	-3415.183	-7.515	-3407.668	0.101	0.991	142.967	0.84
4340		4.289	-3415.465	-7.63	-3407.835	0.135	0.994	143.924	0.817
4350		4.299	-3415.465	-7.63	-3407.835	0.135	0.994	143.924	0.817
4360		4.309	-3415.539	-7.717	-3407.823	0.111	0.995	143.352	0.808
4370		4.319	-3416.31	-7.897	-3408.413	0.063	0.987	142.766	0.832
4380		4.329	-3415.922	-7.752	-3408.17	0.091	0.995	143.531	0.817
4390		4.339	-3415.049	-7.521	-3407.528	0.135	0.995	144.228	0.838
4400		4.349	-3415.049	-7.521	-3407.528	0.135	0.995	144.228	0.838
4410		4.359	-3415.049	-7.521	-3407.528	0.135	0.995	144.228	0.838
4420		4.368	-3413.369	-7.996	-3405.374	0.151	1.0	140.471	0.817
4430		4.378	-3413.63	-7.946	-3405.684	0.143	0.999	140.73	0.812
4440		4.388	-3415.814	-7.58	-3408.233	0.097	0.984	140.22	0.829
4450		4.398	-3415.814	-7.58	-3408.233	0.097	0.984	140.22	0.829
4460		4.408	-3414.688	-7.756	-3406.932	0.11	0.985	137.394	0.8
4470		4.418	-3413.405	-8.125	-3405.281	0.091	0.998	134.848	0.796
4480		4.428	-3413.405	-8.125	-3405.281	0.091	0.998	134.848	0.796
4490		4.438	-3413.239	-8.079	-3405.159	0.123	0.996	133.013	0.778
