iter	hours	log_posterior	log_prior	loglik	missing	mixture	scale	shape
0		0.001	-3820.48	-9.668	-3810.812	0.442	0.381	443.778	1.28
10		0.011	-3761.231	-9.397	-3751.834	0.438	0.516	444.52	1.39
20		0.021	-3711.128	-9.416	-3701.712	0.439	0.658	450.438	1.434
30		0.031	-3690.448	-9.772	-3680.677	0.439	0.76	451.967	1.253
40		0.041	-3662.493	-9.602	-3652.891	0.441	0.829	449.751	1.366
50		0.051	-3630.126	-8.62	-3621.506	0.345	0.996	451.245	1.181
60		0.061	-3630.126	-8.62	-3621.506	0.345	0.996	451.245	1.181
70		0.071	-3612.388	-8.233	-3604.154	0.356	0.993	450.254	1.448
80		0.081	-3612.056	-8.659	-3603.398	0.375	0.997	451.533	1.447
90		0.091	-3610.159	-8.5	-3601.659	0.366	0.998	451.147	1.492
100		0.101	-3607.408	-8.684	-3598.723	0.379	0.998	441.833	1.438
110		0.111	-3604.755	-7.952	-3596.803	0.346	0.995	441.358	1.524
120		0.121	-3604.755	-7.952	-3596.803	0.346	0.995	441.358	1.524
130		0.131	-3604.755	-7.952	-3596.803	0.346	0.995	441.358	1.524
140		0.141	-3603.496	-7.618	-3595.879	0.326	0.995	442.178	1.58
150		0.151	-3603.496	-7.618	-3595.879	0.326	0.995	442.178	1.58
160		0.161	-3602.481	-8.108	-3594.373	0.356	0.997	442.559	1.602
170		0.171	-3602.481	-8.108	-3594.373	0.356	0.997	442.559	1.602
180		0.181	-3602.89	-8.993	-3593.896	0.409	0.996	439.609	1.582
190		0.191	-3602.235	-8.55	-3593.685	0.389	0.993	443.833	1.692
200		0.201	-3598.928	-8.692	-3590.236	0.38	1.0	441.304	1.723
210		0.211	-3600.119	-7.752	-3592.367	0.342	0.993	439.476	1.67
220		0.221	-3600.041	-8.168	-3591.874	0.368	0.994	439.456	1.669
230		0.231	-3594.25	-7.703	-3586.547	0.349	0.982	434.704	1.842
240		0.241	-3592.846	-7.939	-3584.907	0.366	0.981	430.042	1.862
250		0.251	-3585.918	-6.965	-3578.954	0.307	0.988	415.995	1.773
260		0.261	-3585.44	-6.826	-3578.614	0.299	0.986	413.271	1.759
270		0.271	-3583.56	-7.345	-3576.215	0.332	0.993	412.5	1.825
280		0.28	-3583.444	-8.057	-3575.387	0.36	0.999	414.769	1.825
290		0.29	-3583.444	-8.057	-3575.387	0.36	0.999	414.769	1.825
300		0.301	-3583.444	-8.057	-3575.387	0.36	0.999	414.769	1.825
310		0.311	-3583.444	-8.057	-3575.387	0.36	0.999	414.769	1.825
320		0.321	-3584.673	-6.89	-3577.784	0.308	0.983	409.133	1.803
330		0.331	-3582.934	-6.78	-3576.154	0.298	0.988	407.778	1.755
340		0.341	-3582.934	-6.78	-3576.154	0.298	0.988	407.778	1.755
350		0.351	-3581.801	-6.211	-3575.59	0.247	0.992	407.569	1.745
360		0.361	-3582.749	-5.975	-3576.774	0.228	0.986	404.907	1.661
370		0.371	-3580.278	-6.941	-3573.337	0.298	0.998	404.702	1.685
380		0.38	-3580.594	-6.083	-3574.512	0.236	0.992	403.874	1.7
390		0.39	-3578.521	-6.282	-3572.239	0.238	0.999	401.255	1.712
400		0.401	-3578.547	-6.067	-3572.479	0.235	0.993	400.704	1.884
410		0.41	-3582.938	-6.017	-3576.921	0.229	0.992	403.253	1.929
420		0.42	-3579.862	-5.532	-3574.329	0.153	0.994	403.998	1.88
430		0.43	-3578.354	-5.617	-3572.736	0.144	0.998	402.824	1.837
440		0.44	-3578.877	-5.524	-3573.353	0.156	0.994	401.105	1.735
450		0.45	-3578.105	-5.783	-3572.321	0.198	0.995	401.612	1.804
460		0.46	-3577.743	-5.528	-3572.215	0.163	0.994	398.383	1.803
470		0.47	-3577.743	-5.528	-3572.215	0.163	0.994	398.383	1.803
480		0.48	-3577.743	-5.528	-3572.215	0.163	0.994	398.383	1.803
490		0.49	-3577.743	-5.528	-3572.215	0.163	0.994	398.383	1.803
500		0.5	-3575.859	-5.616	-3570.242	0.173	0.997	393.5	1.811
510		0.51	-3578.946	-5.363	-3573.582	0.153	0.984	395.194	1.793
520		0.521	-3576.594	-5.432	-3571.161	0.157	0.992	393.096	1.817
530		0.531	-3576.594	-5.432	-3571.161	0.157	0.992	393.096	1.817
540		0.54	-3575.682	-5.424	-3570.259	0.127	0.996	392.458	1.818
550		0.55	-3574.322	-5.574	-3568.748	0.174	0.996	390.797	1.738
560		0.56	-3574.322	-5.574	-3568.748	0.174	0.996	390.797	1.738
570		0.57	-3574.322	-5.574	-3568.748	0.174	0.996	390.797	1.738
580		0.58	-3574.322	-5.574	-3568.748	0.174	0.996	390.797	1.738
590		0.59	-3574.322	-5.574	-3568.748	0.174	0.996	390.797	1.738
600		0.6	-3574.322	-5.574	-3568.748	0.174	0.996	390.797	1.738
610		0.609	-3574.682	-5.509	-3569.173	0.158	0.997	390.93	1.749
620		0.619	-3575.501	-5.523	-3569.978	0.182	0.991	390.013	1.791
630		0.629	-3575.501	-5.523	-3569.978	0.182	0.991	390.013	1.791
640		0.639	-3574.118	-5.477	-3568.641	0.155	0.997	388.736	1.761
650		0.649	-3574.118	-5.477	-3568.641	0.155	0.997	388.736	1.761
660		0.659	-3574.098	-5.72	-3568.378	0.155	1.0	391.441	1.809
670		0.668	-3574.098	-5.72	-3568.378	0.155	1.0	391.441	1.809
680		0.678	-3574.098	-5.72	-3568.378	0.155	1.0	391.441	1.809
690		0.688	-3574.098	-5.72	-3568.378	0.155	1.0	391.441	1.809
700		0.698	-3574.098	-5.72	-3568.378	0.155	1.0	391.441	1.809
710		0.708	-3574.098	-5.72	-3568.378	0.155	1.0	391.441	1.809
720		0.718	-3574.098	-5.72	-3568.378	0.155	1.0	391.441	1.809
730		0.728	-3576.411	-5.344	-3571.067	0.119	0.991	392.039	1.825
740		0.738	-3576.411	-5.344	-3571.067	0.119	0.991	392.039	1.825
750		0.748	-3576.103	-5.412	-3570.691	0.094	0.991	389.531	1.75
760		0.757	-3576.027	-5.543	-3570.485	0.172	0.994	393.518	1.738
770		0.767	-3575.835	-5.824	-3570.011	0.184	0.999	396.673	1.782
780		0.777	-3574.153	-5.684	-3568.469	0.17	0.999	391.268	1.742
790		0.787	-3575.763	-5.579	-3570.183	0.166	0.997	392.955	1.674
800		0.797	-3573.756	-5.77	-3567.986	0.191	0.998	389.483	1.697
810		0.807	-3573.756	-5.77	-3567.986	0.191	0.998	389.483	1.697
820		0.817	-3573.756	-5.77	-3567.986	0.191	0.998	389.483	1.697
830		0.827	-3575.36	-5.583	-3569.777	0.16	0.998	392.435	1.67
840		0.837	-3576.449	-5.544	-3570.905	0.136	0.998	395.44	1.708
850		0.847	-3576.449	-5.544	-3570.905	0.136	0.998	395.44	1.708
860		0.857	-3575.989	-5.542	-3570.446	0.162	0.996	394.567	1.758
870		0.867	-3577.699	-5.393	-3572.306	0.155	0.988	393.584	1.738
880		0.877	-3574.198	-5.919	-3568.279	0.179	1.0	390.913	1.671
890		0.887	-3574.198	-5.919	-3568.279	0.179	1.0	390.913	1.671
900		0.897	-3574.198	-5.919	-3568.279	0.179	1.0	390.913	1.671
910		0.907	-3573.974	-5.381	-3568.593	0.151	0.993	385.952	1.709
920		0.917	-3573.023	-5.323	-3567.7	0.142	0.993	382.638	1.751
930		0.927	-3572.324	-5.327	-3566.997	0.105	0.993	379.778	1.694
940		0.937	-3571.135	-5.429	-3565.707	0.106	0.997	379.726	1.658
950		0.947	-3571.135	-5.429	-3565.707	0.106	0.997	379.726	1.658
960		0.957	-3571.135	-5.429	-3565.707	0.106	0.997	379.726	1.658
970		0.967	-3571.135	-5.429	-3565.707	0.106	0.997	379.726	1.658
980		0.977	-3572.565	-5.292	-3567.272	0.147	0.989	379.394	1.67
990		0.987	-3574.043	-5.469	-3568.574	0.183	0.986	381.452	1.619
1000		0.997	-3572.638	-6.055	-3566.583	0.209	1.0	383.892	1.59
1010		1.007	-3572.638	-6.055	-3566.583	0.209	1.0	383.892	1.59
1020		1.017	-3572.261	-6.168	-3566.092	0.235	0.999	382.201	1.594
1030		1.027	-3572.26	-6.184	-3566.076	0.259	0.994	380.761	1.686
1040		1.037	-3571.912	-6.348	-3565.564	0.27	0.996	382.208	1.732
1050		1.047	-3572.249	-6.548	-3565.7	0.284	0.996	381.018	1.652
1060		1.057	-3570.573	-6.522	-3564.051	0.282	0.997	378.443	1.698
1070		1.067	-3570.573	-6.522	-3564.051	0.282	0.997	378.443	1.698
1080		1.077	-3571.261	-6.618	-3564.643	0.294	0.995	378.68	1.695
1090		1.087	-3571.418	-6.681	-3564.737	0.296	0.996	380.004	1.691
1100		1.097	-3571.418	-6.681	-3564.737	0.296	0.996	380.004	1.691
1110		1.107	-3570.214	-6.46	-3563.754	0.28	0.996	377.474	1.719
1120		1.117	-3569.82	-5.84	-3563.98	0.221	0.997	375.832	1.677
1130		1.127	-3569.422	-5.595	-3563.828	0.193	0.997	374.988	1.704
1140		1.137	-3568.902	-6.02	-3562.882	0.235	0.998	373.717	1.657
1150		1.147	-3570.565	-6.055	-3564.509	0.255	0.991	374.623	1.711
1160		1.157	-3572.484	-5.607	-3566.877	0.204	0.994	373.489	1.807
1170		1.167	-3573.101	-5.705	-3567.396	0.227	0.988	369.975	1.782
1180		1.177	-3572.394	-5.725	-3566.67	0.233	0.986	366.737	1.775
1190		1.187	-3571.401	-5.28	-3566.12	0.163	0.986	373.348	1.683
1200		1.197	-3567.609	-5.436	-3562.173	0.145	0.998	370.596	1.633
1210		1.207	-3567.609	-5.436	-3562.173	0.145	0.998	370.596	1.633
1220		1.217	-3567.609	-5.436	-3562.173	0.145	0.998	370.596	1.633
1230		1.227	-3567.609	-5.436	-3562.173	0.145	0.998	370.596	1.633
1240		1.237	-3567.883	-5.604	-3562.279	0.134	1.0	371.896	1.659
1250		1.247	-3567.883	-5.604	-3562.279	0.134	1.0	371.896	1.659
1260		1.257	-3570.72	-5.278	-3565.441	0.091	0.985	371.297	1.679
1270		1.267	-3566.643	-5.596	-3561.047	0.115	1.0	368.49	1.627
1280		1.277	-3566.643	-5.596	-3561.047	0.115	1.0	368.49	1.627
1290		1.287	-3566.643	-5.596	-3561.047	0.115	1.0	368.49	1.627
1300		1.297	-3566.643	-5.596	-3561.047	0.115	1.0	368.49	1.627
1310		1.307	-3566.643	-5.596	-3561.047	0.115	1.0	368.49	1.627
1320		1.317	-3568.706	-5.409	-3563.297	0.111	0.999	363.09	1.664
1330		1.326	-3566.6	-5.21	-3561.39	0.127	0.997	355.62	1.744
1340		1.336	-3565.194	-5.201	-3559.992	0.134	0.996	354.714	1.66
1350		1.346	-3565.258	-5.216	-3560.042	0.114	0.997	352.262	1.689
1360		1.356	-3562.879	-5.181	-3557.699	0.125	0.996	353.164	1.776
1370		1.366	-3562.879	-5.181	-3557.699	0.125	0.996	353.164	1.776
1380		1.376	-3562.879	-5.181	-3557.699	0.125	0.996	353.164	1.776
1390		1.386	-3563.45	-5.113	-3558.337	0.132	0.994	350.473	1.804
1400		1.396	-3568.645	-5.036	-3563.61	0.097	0.975	349.551	1.827
1410		1.405	-3565.878	-5.364	-3560.514	0.072	0.992	349.493	1.864
1420		1.415	-3564.796	-5.665	-3559.131	0.064	0.999	349.106	1.86
1430		1.425	-3565.61	-5.189	-3560.421	0.084	0.987	350.574	1.788
1440		1.435	-3563.518	-5.204	-3558.314	0.097	0.995	351.073	1.781
1450		1.445	-3564.513	-5.176	-3559.337	0.103	0.995	349.271	1.84
1460		1.456	-3561.995	-5.137	-3556.858	0.115	0.996	347.544	1.8
1470		1.466	-3564.228	-5.177	-3559.052	0.144	0.996	347.287	1.723
1480		1.476	-3560.397	-5.176	-3555.221	0.175	0.991	340.66	1.72
1490		1.486	-3560.508	-5.468	-3555.04	0.221	0.986	340.041	1.724
1500		1.496	-3556.964	-5.724	-3551.239	0.237	0.996	334.667	1.697
1510		1.506	-3556.964	-5.724	-3551.239	0.237	0.996	334.667	1.697
1520		1.516	-3556.964	-5.724	-3551.239	0.237	0.996	334.667	1.697
1530		1.526	-3556.964	-5.724	-3551.239	0.237	0.996	334.667	1.697
1540		1.536	-3556.964	-5.724	-3551.239	0.237	0.996	334.667	1.697
1550		1.546	-3556.964	-5.724	-3551.239	0.237	0.996	334.667	1.697
1560		1.556	-3556.964	-5.724	-3551.239	0.237	0.996	334.667	1.697
1570		1.566	-3556.964	-5.724	-3551.239	0.237	0.996	334.667	1.697
1580		1.576	-3556.988	-5.614	-3551.374	0.2	0.999	329.778	1.611
1590		1.586	-3557.489	-5.326	-3552.162	0.194	0.995	327.99	1.626
1600		1.596	-3554.311	-5.13	-3549.181	0.169	0.993	325.381	1.644
1610		1.606	-3554.311	-5.13	-3549.181	0.169	0.993	325.381	1.644
1620		1.616	-3554.311	-5.13	-3549.181	0.169	0.993	325.381	1.644
1630		1.627	-3554.311	-5.13	-3549.181	0.169	0.993	325.381	1.644
1640		1.637	-3554.311	-5.13	-3549.181	0.169	0.993	325.381	1.644
1650		1.647	-3555.482	-5.121	-3550.36	0.139	0.996	324.549	1.568
1660		1.656	-3556.289	-5.252	-3551.037	0.069	0.989	322.466	1.676
1670		1.666	-3554.317	-4.977	-3549.34	0.112	0.991	321.14	1.646
1680		1.676	-3554.317	-4.977	-3549.34	0.112	0.991	321.14	1.646
1690		1.686	-3553.396	-5.165	-3548.232	0.135	0.999	322.228	1.66
1700		1.696	-3553.396	-5.165	-3548.232	0.135	0.999	322.228	1.66
1710		1.706	-3552.715	-5.251	-3547.464	0.083	0.998	318.093	1.623
1720		1.716	-3552.156	-5.312	-3546.844	0.083	0.999	314.249	1.644
1730		1.726	-3552.225	-4.994	-3547.231	0.112	0.995	312.665	1.645
1740		1.736	-3553.322	-4.984	-3548.338	0.103	0.986	307.425	1.521
1750		1.746	-3549.998	-5.288	-3544.709	0.175	0.996	308.44	1.468
1760		1.756	-3549.998	-5.288	-3544.709	0.175	0.996	308.44	1.468
1770		1.766	-3552.528	-4.948	-3547.58	0.123	0.993	311.876	1.654
1780		1.776	-3551.476	-4.89	-3546.586	0.134	0.985	309.117	1.595
1790		1.786	-3551.476	-4.89	-3546.586	0.134	0.985	309.117	1.595
1800		1.796	-3551.476	-4.89	-3546.586	0.134	0.985	309.117	1.595
1810		1.806	-3549.934	-5.094	-3544.84	0.14	0.998	310.151	1.617
1820		1.816	-3549.843	-5.339	-3544.505	0.091	1.0	309.184	1.608
1830		1.826	-3549.808	-5.28	-3544.528	0.084	0.999	309.531	1.596
1840		1.836	-3549.808	-5.28	-3544.528	0.084	0.999	309.531	1.596
1850		1.846	-3549.808	-5.28	-3544.528	0.084	0.999	309.531	1.596
1860		1.856	-3549.808	-5.28	-3544.528	0.084	0.999	309.531	1.596
1870		1.866	-3549.808	-5.28	-3544.528	0.084	0.999	309.531	1.596
1880		1.875	-3549.197	-5.056	-3544.142	0.121	0.997	307.484	1.596
1890		1.885	-3549.197	-5.056	-3544.142	0.121	0.997	307.484	1.596
1900		1.895	-3549.197	-5.056	-3544.142	0.121	0.997	307.484	1.596
1910		1.906	-3549.197	-5.056	-3544.142	0.121	0.997	307.484	1.596
1920		1.915	-3549.197	-5.056	-3544.142	0.121	0.997	307.484	1.596
1930		1.925	-3549.197	-5.056	-3544.142	0.121	0.997	307.484	1.596
1940		1.936	-3549.197	-5.056	-3544.142	0.121	0.997	307.484	1.596
1950		1.946	-3549.197	-5.056	-3544.142	0.121	0.997	307.484	1.596
1960		1.955	-3549.197	-5.056	-3544.142	0.121	0.997	307.484	1.596
1970		1.965	-3549.197	-5.056	-3544.142	0.121	0.997	307.484	1.596
1980		1.975	-3549.197	-5.056	-3544.142	0.121	0.997	307.484	1.596
1990		1.985	-3547.351	-5.198	-3542.154	0.172	0.997	304.983	1.567
2000		1.995	-3547.351	-5.198	-3542.154	0.172	0.997	304.983	1.567
2010		2.005	-3547.351	-5.198	-3542.154	0.172	0.997	304.983	1.567
2020		2.014	-3547.351	-5.198	-3542.154	0.172	0.997	304.983	1.567
2030		2.024	-3547.351	-5.198	-3542.154	0.172	0.997	304.983	1.567
2040		2.034	-3547.351	-5.198	-3542.154	0.172	0.997	304.983	1.567
2050		2.044	-3547.351	-5.198	-3542.154	0.172	0.997	304.983	1.567
2060		2.054	-3547.351	-5.198	-3542.154	0.172	0.997	304.983	1.567
2070		2.064	-3547.351	-5.198	-3542.154	0.172	0.997	304.983	1.567
2080		2.074	-3547.351	-5.198	-3542.154	0.172	0.997	304.983	1.567
2090		2.084	-3547.929	-5.529	-3542.399	0.189	0.999	303.013	1.448
2100		2.094	-3547.478	-5.559	-3541.919	0.208	0.991	302.966	1.354
2110		2.104	-3545.922	-5.921	-3540.001	0.207	1.0	301.819	1.308
2120		2.114	-3545.706	-5.859	-3539.847	0.165	1.0	299.665	1.337
2130		2.124	-3545.706	-5.859	-3539.847	0.165	1.0	299.665	1.337
2140		2.135	-3547.4	-6.095	-3541.305	0.22	0.999	296.132	1.228
2150		2.144	-3547.276	-6.258	-3541.018	0.271	0.991	299.236	1.314
2160		2.154	-3547.276	-6.258	-3541.018	0.271	0.991	299.236	1.314
2170		2.164	-3547.235	-6.428	-3540.807	0.291	0.991	301.902	1.358
2180		2.174	-3547.235	-6.428	-3540.807	0.291	0.991	301.902	1.358
2190		2.184	-3546.533	-6.501	-3540.032	0.291	0.993	298.952	1.325
2200		2.194	-3546.533	-6.501	-3540.032	0.291	0.993	298.952	1.325
2210		2.204	-3546.533	-6.501	-3540.032	0.291	0.993	298.952	1.325
2220		2.214	-3547.404	-7.245	-3540.159	0.333	0.994	293.848	1.246
2230		2.224	-3547.404	-7.245	-3540.159	0.333	0.994	293.848	1.246
2240		2.234	-3547.404	-7.245	-3540.159	0.333	0.994	293.848	1.246
2250		2.244	-3550.699	-7.215	-3543.484	0.348	0.988	298.932	1.354
2260		2.254	-3548.167	-7.064	-3541.103	0.321	0.997	302.469	1.294
2270		2.264	-3549.085	-7.272	-3541.813	0.326	0.999	301.066	1.273
2280		2.274	-3547.64	-7.595	-3540.045	0.366	0.993	299.341	1.333
2290		2.284	-3547.64	-7.595	-3540.045	0.366	0.993	299.341	1.333
2300		2.294	-3549.615	-7.166	-3542.449	0.328	0.995	301.943	1.269
2310		2.304	-3549.615	-7.166	-3542.449	0.328	0.995	301.943	1.269
2320		2.314	-3549.582	-7.21	-3542.372	0.345	0.986	299.818	1.319
2330		2.324	-3547.146	-7.752	-3539.394	0.367	0.997	298.958	1.305
2340		2.334	-3549.57	-7.624	-3541.946	0.37	0.994	298.624	1.366
2350		2.344	-3548.067	-7.823	-3540.244	0.375	0.986	291.034	1.245
2360		2.354	-3544.474	-7.313	-3537.161	0.341	0.996	289.701	1.286
2370		2.364	-3543.719	-7.733	-3535.986	0.366	0.995	286.235	1.258
2380		2.374	-3543.173	-7.25	-3535.923	0.333	0.997	286.603	1.262
2390		2.385	-3543.173	-7.25	-3535.923	0.333	0.997	286.603	1.262
2400		2.394	-3542.47	-7.134	-3535.337	0.326	0.997	285.054	1.268
2410		2.405	-3542.47	-7.134	-3535.337	0.326	0.997	285.054	1.268
2420		2.415	-3542.47	-7.134	-3535.337	0.326	0.997	285.054	1.268
2430		2.425	-3542.47	-7.134	-3535.337	0.326	0.997	285.054	1.268
2440		2.435	-3542.47	-7.134	-3535.337	0.326	0.997	285.054	1.268
2450		2.445	-3543.313	-7.176	-3536.137	0.306	1.0	286.249	1.232
2460		2.455	-3543.555	-6.848	-3536.707	0.308	0.997	287.802	1.285
2470		2.465	-3543.717	-7.603	-3536.114	0.352	0.999	289.69	1.281
2480		2.475	-3543.717	-7.603	-3536.114	0.352	0.999	289.69	1.281
2490		2.485	-3544.751	-7.933	-3536.818	0.376	0.997	288.987	1.273
2500		2.495	-3544.176	-7.96	-3536.215	0.386	0.993	288.003	1.306
2510		2.504	-3545.058	-7.351	-3537.707	0.351	0.988	286.861	1.28
2520		2.514	-3542.386	-7.093	-3535.293	0.323	0.996	283.748	1.259
2530		2.524	-3542.386	-7.093	-3535.293	0.323	0.996	283.748	1.259
2540		2.534	-3542.709	-6.641	-3536.068	0.289	0.995	282.565	1.233
2550		2.544	-3542.709	-6.641	-3536.068	0.289	0.995	282.565	1.233
2560		2.554	-3544.904	-7.312	-3537.592	0.324	0.997	281.771	1.177
2570		2.564	-3542.149	-6.545	-3535.604	0.263	0.999	281.657	1.201
2580		2.573	-3542.149	-6.545	-3535.604	0.263	0.999	281.657	1.201
2590		2.583	-3542.598	-6.335	-3536.263	0.263	0.992	279.73	1.211
2600		2.593	-3542.282	-6.162	-3536.12	0.251	0.989	279.059	1.214
2610		2.603	-3542.084	-6.239	-3535.845	0.223	0.999	277.177	1.162
2620		2.613	-3542.084	-6.239	-3535.845	0.223	0.999	277.177	1.162
2630		2.623	-3542.084	-6.239	-3535.845	0.223	0.999	277.177	1.162
2640		2.633	-3542.084	-6.239	-3535.845	0.223	0.999	277.177	1.162
2650		2.643	-3542.084	-6.239	-3535.845	0.223	0.999	277.177	1.162
2660		2.652	-3542.084	-6.239	-3535.845	0.223	0.999	277.177	1.162
2670		2.662	-3543.827	-5.813	-3538.015	0.19	0.992	277.883	1.154
2680		2.672	-3542.021	-5.586	-3536.435	0.15	0.998	281.247	1.211
2690		2.682	-3542.021	-5.586	-3536.435	0.15	0.998	281.247	1.211
2700		2.692	-3542.021	-5.586	-3536.435	0.15	0.998	281.247	1.211
2710		2.702	-3542.021	-5.586	-3536.435	0.15	0.998	281.247	1.211
2720		2.712	-3545.879	-5.548	-3540.331	0.182	0.981	280.665	1.203
2730		2.722	-3541.131	-6.183	-3534.949	0.146	1.0	271.591	1.135
2740		2.732	-3541.131	-6.183	-3534.949	0.146	1.0	271.591	1.135
2750		2.742	-3541.131	-6.183	-3534.949	0.146	1.0	271.591	1.135
2760		2.752	-3541.15	-5.824	-3535.326	0.155	0.998	271.326	1.137
2770		2.762	-3541.15	-5.824	-3535.326	0.155	0.998	271.326	1.137
2780		2.772	-3541.15	-5.824	-3535.326	0.155	0.998	271.326	1.137
2790		2.782	-3541.15	-5.824	-3535.326	0.155	0.998	271.326	1.137
2800		2.792	-3541.15	-5.824	-3535.326	0.155	0.998	271.326	1.137
2810		2.802	-3541.15	-5.824	-3535.326	0.155	0.998	271.326	1.137
2820		2.812	-3543.601	-5.339	-3538.262	0.136	0.988	269.756	1.225
2830		2.822	-3543.434	-5.968	-3537.466	0.083	0.999	266.888	1.16
2840		2.832	-3543.434	-5.968	-3537.466	0.083	0.999	266.888	1.16
2850		2.842	-3542.093	-5.358	-3536.735	0.122	0.995	265.098	1.248
2860		2.852	-3542.093	-5.358	-3536.735	0.122	0.995	265.098	1.248
2870		2.862	-3542.093	-5.358	-3536.735	0.122	0.995	265.098	1.248
2880		2.873	-3540.634	-5.859	-3534.774	0.229	0.995	258.044	1.274
2890		2.883	-3540.286	-5.685	-3534.601	0.199	0.999	256.398	1.318
2900		2.893	-3539.012	-5.322	-3533.69	0.183	0.996	256.475	1.376
2910		2.902	-3539.012	-5.322	-3533.69	0.183	0.996	256.475	1.376
2920		2.912	-3539.012	-5.322	-3533.69	0.183	0.996	256.475	1.376
2930		2.922	-3539.012	-5.322	-3533.69	0.183	0.996	256.475	1.376
2940		2.932	-3539.012	-5.322	-3533.69	0.183	0.996	256.475	1.376
2950		2.942	-3539.012	-5.322	-3533.69	0.183	0.996	256.475	1.376
2960		2.952	-3539.012	-5.322	-3533.69	0.183	0.996	256.475	1.376
2970		2.962	-3539.012	-5.322	-3533.69	0.183	0.996	256.475	1.376
2980		2.971	-3539.012	-5.322	-3533.69	0.183	0.996	256.475	1.376
2990		2.981	-3539.012	-5.322	-3533.69	0.183	0.996	256.475	1.376
3000		2.991	-3539.012	-5.322	-3533.69	0.183	0.996	256.475	1.376
3010		3.001	-3539.012	-5.322	-3533.69	0.183	0.996	256.475	1.376
3020		3.011	-3539.012	-5.322	-3533.69	0.183	0.996	256.475	1.376
3030		3.021	-3539.012	-5.322	-3533.69	0.183	0.996	256.475	1.376
3040		3.031	-3539.012	-5.322	-3533.69	0.183	0.996	256.475	1.376
3050		3.041	-3539.012	-5.322	-3533.69	0.183	0.996	256.475	1.376
3060		3.051	-3539.012	-5.322	-3533.69	0.183	0.996	256.475	1.376
3070		3.061	-3539.012	-5.322	-3533.69	0.183	0.996	256.475	1.376
3080		3.071	-3539.012	-5.322	-3533.69	0.183	0.996	256.475	1.376
3090		3.081	-3539.012	-5.322	-3533.69	0.183	0.996	256.475	1.376
3100		3.091	-3539.159	-5.576	-3533.583	0.18	0.999	248.688	1.305
3110		3.101	-3538.806	-5.575	-3533.231	0.204	0.994	245.178	1.301
3120		3.111	-3538.629	-5.554	-3533.075	0.185	0.999	246.786	1.346
3130		3.121	-3538.629	-5.554	-3533.075	0.185	0.999	246.786	1.346
3140		3.131	-3539.584	-5.921	-3533.663	0.244	0.987	247.799	1.268
3150		3.141	-3539.276	-5.6	-3533.676	0.217	0.994	246.231	1.342
3160		3.151	-3538.818	-5.863	-3532.954	0.235	0.992	248.808	1.273
3170		3.161	-3536.87	-5.573	-3531.297	0.138	0.991	245.989	1.14
3180		3.171	-3536.87	-5.573	-3531.297	0.138	0.991	245.989	1.14
3190		3.181	-3536.186	-5.582	-3530.604	0.148	0.998	243.734	1.207
3200		3.191	-3536.186	-5.582	-3530.604	0.148	0.998	243.734	1.207
3210		3.201	-3534.973	-5.641	-3529.332	0.165	0.998	241.587	1.206
3220		3.211	-3537.901	-5.817	-3532.083	0.148	0.993	243.575	1.077
3230		3.221	-3537.313	-5.655	-3531.658	0.193	0.99	241.334	1.201
3240		3.231	-3535.258	-5.982	-3529.276	0.214	0.997	239.984	1.186
3250		3.241	-3535.604	-5.92	-3529.683	0.219	0.994	240.16	1.196
3260		3.251	-3535.604	-5.92	-3529.683	0.219	0.994	240.16	1.196
3270		3.261	-3535.604	-5.92	-3529.683	0.219	0.994	240.16	1.196
3280		3.271	-3533.816	-5.751	-3528.064	0.148	0.991	233.583	1.092
3290		3.281	-3532.3	-5.959	-3526.341	0.141	0.998	231.535	1.067
3300		3.291	-3532.3	-5.959	-3526.341	0.141	0.998	231.535	1.067
3310		3.301	-3531.245	-5.872	-3525.374	0.139	0.998	230.24	1.092
3320		3.311	-3531.245	-5.872	-3525.374	0.139	0.998	230.24	1.092
3330		3.321	-3531.245	-5.872	-3525.374	0.139	0.998	230.24	1.092
3340		3.331	-3531.808	-6.155	-3525.654	0.167	0.999	229.732	1.061
3350		3.341	-3531.808	-6.155	-3525.654	0.167	0.999	229.732	1.061
3360		3.351	-3531.808	-6.155	-3525.654	0.167	0.999	229.732	1.061
3370		3.361	-3530.303	-5.932	-3524.372	0.152	0.997	227.399	1.075
3380		3.371	-3530.303	-5.932	-3524.372	0.152	0.997	227.399	1.075
3390		3.381	-3529.876	-6.504	-3523.372	0.19	1.0	226.146	1.067
3400		3.391	-3531.337	-6.238	-3525.099	0.202	0.997	228.691	1.069
3410		3.401	-3532.621	-6.017	-3526.604	0.19	0.995	233.433	1.093
3420		3.411	-3532.621	-6.017	-3526.604	0.19	0.995	233.433	1.093
3430		3.421	-3531.596	-6.271	-3525.325	0.227	0.997	234.804	1.119
3440		3.431	-3531.596	-6.271	-3525.325	0.227	0.997	234.804	1.119
3450		3.441	-3531.596	-6.271	-3525.325	0.227	0.997	234.804	1.119
3460		3.451	-3531.596	-6.271	-3525.325	0.227	0.997	234.804	1.119
3470		3.461	-3531.596	-6.271	-3525.325	0.227	0.997	234.804	1.119
3480		3.47	-3531.087	-6.612	-3524.475	0.243	0.999	232.533	1.106
3490		3.48	-3531.087	-6.612	-3524.475	0.243	0.999	232.533	1.106
3500		3.49	-3533.895	-6.063	-3527.832	0.223	0.998	232.8	1.2
3510		3.5	-3536.834	-6.019	-3530.815	0.236	0.979	232.173	1.176
3520		3.51	-3533.741	-5.928	-3527.812	0.201	0.991	231.14	1.13
3530		3.52	-3530.535	-6.345	-3524.19	0.206	0.999	228.503	1.083
3540		3.53	-3531.285	-5.921	-3525.364	0.175	0.992	227.882	1.083
3550		3.54	-3531.285	-5.921	-3525.364	0.175	0.992	227.882	1.083
3560		3.55	-3532.295	-5.855	-3526.44	0.157	0.995	225.598	1.095
3570		3.56	-3532.295	-5.855	-3526.44	0.157	0.995	225.598	1.095
3580		3.57	-3530.445	-5.723	-3524.721	0.145	0.997	223.683	1.14
3590		3.58	-3530.445	-5.723	-3524.721	0.145	0.997	223.683	1.14
3600		3.59	-3530.49	-5.894	-3524.596	0.175	0.998	222.631	1.142
3610		3.6	-3531.734	-5.625	-3526.109	0.165	0.986	220.625	1.15
3620		3.61	-3530.723	-5.803	-3524.92	0.179	0.992	221.661	1.132
3630		3.62	-3528.492	-6.196	-3522.296	0.13	1.0	223.43	1.07
3640		3.63	-3529.363	-6.111	-3523.252	0.14	1.0	225.461	1.085
3650		3.64	-3529.363	-6.111	-3523.252	0.14	1.0	225.461	1.085
3660		3.65	-3530.946	-5.921	-3525.025	0.155	0.995	226.194	1.072
3670		3.66	-3531.242	-6.199	-3525.043	0.153	0.999	224.984	1.035
3680		3.67	-3529.501	-6.048	-3523.453	0.119	0.999	224.997	1.07
3690		3.68	-3529.501	-6.048	-3523.453	0.119	0.999	224.997	1.07
3700		3.69	-3529.501	-6.048	-3523.453	0.119	0.999	224.997	1.07
3710		3.7	-3530.431	-6.046	-3524.385	0.188	0.999	224.209	1.126
3720		3.71	-3531.377	-6.226	-3525.152	0.215	0.996	224.0	1.103
3730		3.72	-3530.765	-6.452	-3524.313	0.246	0.986	222.114	1.085
3740		3.73	-3531.057	-6.412	-3524.645	0.246	0.994	221.719	1.126
3750		3.74	-3528.784	-6.627	-3522.158	0.253	0.99	217.8	1.067
3760		3.75	-3529.323	-6.351	-3522.972	0.22	0.987	216.712	1.048
3770		3.76	-3528.788	-6.565	-3522.223	0.208	0.997	215.39	1.008
3780		3.77	-3529.013	-6.656	-3522.357	0.234	0.992	214.119	1.017
3790		3.78	-3526.993	-6.526	-3520.467	0.205	0.997	212.003	1.016
3800		3.79	-3526.219	-6.358	-3519.861	0.194	0.997	210.839	1.031
3810		3.8	-3524.595	-6.296	-3518.299	0.186	0.995	207.722	1.028
3820		3.81	-3524.595	-6.296	-3518.299	0.186	0.995	207.722	1.028
3830		3.82	-3524.595	-6.296	-3518.299	0.186	0.995	207.722	1.028
3840		3.83	-3524.595	-6.296	-3518.299	0.186	0.995	207.722	1.028
3850		3.84	-3524.595	-6.296	-3518.299	0.186	0.995	207.722	1.028
3860		3.851	-3527.852	-6.385	-3521.467	0.146	0.999	210.076	0.989
3870		3.861	-3528.829	-5.924	-3522.905	0.13	0.991	209.879	1.052
3880		3.871	-3524.824	-6.124	-3518.7	0.111	0.995	205.888	1.022
3890		3.881	-3524.824	-6.124	-3518.7	0.111	0.995	205.888	1.022
3900		3.891	-3529.839	-6.111	-3523.729	0.127	0.981	204.896	0.988
3910		3.901	-3523.317	-6.306	-3517.011	0.176	0.996	202.358	1.022
3920		3.911	-3522.57	-6.544	-3516.026	0.177	1.0	202.252	1.018
3930		3.921	-3524.849	-6.206	-3518.642	0.177	0.996	201.493	1.048
3940		3.931	-3525.51	-6.226	-3519.285	0.194	0.994	205.253	1.057
3950		3.941	-3524.473	-6.581	-3517.892	0.202	0.996	203.135	0.996
3960		3.951	-3523.76	-6.762	-3516.998	0.213	0.999	202.765	0.998
3970		3.961	-3523.76	-6.762	-3516.998	0.213	0.999	202.765	0.998
3980		3.971	-3523.76	-6.762	-3516.998	0.213	0.999	202.765	0.998
3990		3.981	-3524.155	-6.406	-3517.749	0.205	0.992	204.241	1.026
4000		3.991	-3528.626	-6.603	-3522.023	0.193	0.995	205.203	0.964
4010		4.001	-3527.76	-6.201	-3521.56	0.129	0.989	204.318	0.979
4020		4.01	-3526.121	-5.975	-3520.146	0.125	0.987	205.791	1.032
4030		4.02	-3526.121	-5.975	-3520.146	0.125	0.987	205.791	1.032
4040		4.03	-3527.588	-5.719	-3521.87	0.131	0.99	205.675	1.117
4050		4.04	-3525.606	-6.15	-3519.456	0.173	0.986	204.274	1.021
4060		4.05	-3525.606	-6.15	-3519.456	0.173	0.986	204.274	1.021
4070		4.06	-3525.606	-6.15	-3519.456	0.173	0.986	204.274	1.021
4080		4.07	-3523.747	-6.953	-3516.794	0.213	1.0	205.156	1.009
4090		4.08	-3523.747	-6.953	-3516.794	0.213	1.0	205.156	1.009
4100		4.091	-3523.747	-6.953	-3516.794	0.213	1.0	205.156	1.009
4110		4.101	-3523.747	-6.953	-3516.794	0.213	1.0	205.156	1.009
4120		4.111	-3524.348	-6.336	-3518.012	0.198	0.993	205.573	1.032
4130		4.121	-3523.908	-6.475	-3517.433	0.193	0.998	204.091	1.024
4140		4.131	-3524.168	-6.815	-3517.353	0.237	0.997	204.707	1.021
4150		4.141	-3524.168	-6.815	-3517.353	0.237	0.997	204.707	1.021
4160		4.151	-3524.168	-6.815	-3517.353	0.237	0.997	204.707	1.021
4170		4.161	-3524.168	-6.815	-3517.353	0.237	0.997	204.707	1.021
4180		4.171	-3524.168	-6.815	-3517.353	0.237	0.997	204.707	1.021
4190		4.181	-3524.168	-6.815	-3517.353	0.237	0.997	204.707	1.021
4200		4.191	-3524.168	-6.815	-3517.353	0.237	0.997	204.707	1.021
4210		4.201	-3524.815	-6.735	-3518.081	0.226	0.997	205.712	1.01
4220		4.211	-3524.815	-6.735	-3518.081	0.226	0.997	205.712	1.01
4230		4.221	-3529.795	-6.549	-3523.246	0.224	0.981	208.513	1.003
4240		4.231	-3523.668	-6.385	-3517.283	0.19	0.997	205.262	1.026
4250		4.241	-3523.668	-6.385	-3517.283	0.19	0.997	205.262	1.026
4260		4.251	-3523.668	-6.385	-3517.283	0.19	0.997	205.262	1.026
4270		4.261	-3524.084	-6.179	-3517.905	0.127	0.997	205.175	1.02
4280		4.271	-3523.205	-6.448	-3516.758	0.155	1.0	203.948	1.014
4290		4.281	-3524.833	-6.272	-3518.56	0.168	0.993	202.411	1.003
4300		4.29	-3523.253	-6.713	-3516.539	0.224	0.99	196.885	0.992
4310		4.3	-3526.537	-6.615	-3519.922	0.199	0.989	198.601	0.96
4320		4.31	-3525.785	-6.265	-3519.52	0.126	0.983	195.054	0.966
4330		4.32	-3523.338	-6.206	-3517.132	0.153	0.994	194.504	1.019
4340		4.331	-3523.569	-6.217	-3517.352	0.132	0.985	193.17	0.983
4350		4.34	-3522.685	-6.474	-3516.211	0.134	0.991	188.929	0.942
4360		4.351	-3522.685	-6.474	-3516.211	0.134	0.991	188.929	0.942
4370		4.361	-3522.685	-6.474	-3516.211	0.134	0.991	188.929	0.942
4380		4.371	-3520.041	-6.425	-3513.616	0.165	0.99	186.297	0.976
4390		4.381	-3520.041	-6.425	-3513.616	0.165	0.99	186.297	0.976
4400		4.391	-3520.041	-6.425	-3513.616	0.165	0.99	186.297	0.976
4410		4.401	-3520.041	-6.425	-3513.616	0.165	0.99	186.297	0.976
4420		4.411	-3520.041	-6.425	-3513.616	0.165	0.99	186.297	0.976
4430		4.421	-3518.956	-6.796	-3512.16	0.2	0.997	186.521	0.968
4440		4.431	-3518.956	-6.796	-3512.16	0.2	0.997	186.521	0.968
4450		4.441	-3520.85	-6.699	-3514.151	0.206	0.983	184.254	0.966
4460		4.451	-3520.697	-6.654	-3514.044	0.183	0.986	182.157	0.947
4470		4.461	-3522.531	-6.602	-3515.929	0.197	0.969	179.883	0.965
4480		4.471	-3522.853	-6.375	-3516.478	0.175	0.986	177.806	1.008
4490		4.481	-3517.007	-6.8	-3510.207	0.138	0.999	172.311	0.949
