iter	hours	log_posterior	log_prior	loglik	missing	mixture	scale	shape
0		0.001	-7134.251	-6.335	-7127.916	0.2	0.575	149.566	1.068
10		0.011	-6847.272	-5.827	-6841.445	0.175	0.536	147.912	1.19
20		0.02	-6847.272	-5.827	-6841.445	0.175	0.536	147.912	1.19
30		0.03	-6834.382	-5.882	-6828.5	0.172	0.556	144.713	1.181
40		0.039	-6837.271	-5.784	-6831.487	0.166	0.547	145.69	1.201
50		0.049	-6818.023	-5.882	-6812.141	0.195	0.584	149.545	1.211
60		0.059	-6818.023	-5.882	-6812.141	0.195	0.584	149.545	1.211
70		0.068	-6818.023	-5.882	-6812.141	0.195	0.584	149.545	1.211
80		0.078	-6794.244	-6.1	-6788.144	0.234	0.608	149.027	1.262
90		0.088	-6792.721	-5.719	-6787.002	0.21	0.605	151.375	1.334
100		0.097	-6758.704	-5.758	-6752.945	0.234	0.618	150.981	1.46
110		0.107	-6758.704	-5.758	-6752.945	0.234	0.618	150.981	1.46
120		0.116	-6758.704	-5.758	-6752.945	0.234	0.618	150.981	1.46
130		0.126	-6758.704	-5.758	-6752.945	0.234	0.618	150.981	1.46
140		0.136	-6758.704	-5.758	-6752.945	0.234	0.618	150.981	1.46
150		0.145	-6749.707	-5.672	-6744.034	0.222	0.61	153.297	1.413
160		0.155	-6749.707	-5.672	-6744.034	0.222	0.61	153.297	1.413
170		0.164	-6749.707	-5.672	-6744.034	0.222	0.61	153.297	1.413
180		0.174	-6749.707	-5.672	-6744.034	0.222	0.61	153.297	1.413
190		0.183	-6749.707	-5.672	-6744.034	0.222	0.61	153.297	1.413
200		0.193	-6749.707	-5.672	-6744.034	0.222	0.61	153.297	1.413
210		0.202	-6749.707	-5.672	-6744.034	0.222	0.61	153.297	1.413
220		0.212	-6749.707	-5.672	-6744.034	0.222	0.61	153.297	1.413
230		0.221	-6747.29	-5.579	-6741.71	0.22	0.662	156.249	1.451
240		0.231	-6747.29	-5.579	-6741.71	0.22	0.662	156.249	1.451
250		0.24	-6747.29	-5.579	-6741.71	0.22	0.662	156.249	1.451
260		0.25	-6747.29	-5.579	-6741.71	0.22	0.662	156.249	1.451
270		0.259	-6747.29	-5.579	-6741.71	0.22	0.662	156.249	1.451
280		0.269	-6747.29	-5.579	-6741.71	0.22	0.662	156.249	1.451
290		0.279	-6747.29	-5.579	-6741.71	0.22	0.662	156.249	1.451
300		0.288	-6747.29	-5.579	-6741.71	0.22	0.662	156.249	1.451
310		0.298	-6747.29	-5.579	-6741.71	0.22	0.662	156.249	1.451
320		0.307	-6747.29	-5.579	-6741.71	0.22	0.662	156.249	1.451
330		0.317	-6747.29	-5.579	-6741.71	0.22	0.662	156.249	1.451
340		0.327	-6733.297	-5.575	-6727.722	0.217	0.687	153.805	1.462
350		0.336	-6686.755	-5.53	-6681.225	0.206	0.738	153.79	1.434
360		0.346	-6686.755	-5.53	-6681.225	0.206	0.738	153.79	1.434
370		0.356	-6677.951	-5.63	-6672.321	0.217	0.753	151.155	1.456
380		0.365	-6677.951	-5.63	-6672.321	0.217	0.753	151.155	1.456
390		0.375	-6677.951	-5.63	-6672.321	0.217	0.753	151.155	1.456
400		0.385	-6677.951	-5.63	-6672.321	0.217	0.753	151.155	1.456
410		0.394	-6677.951	-5.63	-6672.321	0.217	0.753	151.155	1.456
420		0.404	-6677.951	-5.63	-6672.321	0.217	0.753	151.155	1.456
430		0.413	-6677.951	-5.63	-6672.321	0.217	0.753	151.155	1.456
440		0.423	-6677.951	-5.63	-6672.321	0.217	0.753	151.155	1.456
450		0.433	-6677.951	-5.63	-6672.321	0.217	0.753	151.155	1.456
460		0.443	-6677.951	-5.63	-6672.321	0.217	0.753	151.155	1.456
470		0.452	-6659.703	-5.395	-6654.308	0.173	0.779	149.925	1.414
480		0.462	-6659.703	-5.395	-6654.308	0.173	0.779	149.925	1.414
490		0.472	-6659.703	-5.395	-6654.308	0.173	0.779	149.925	1.414
500		0.481	-6659.703	-5.395	-6654.308	0.173	0.779	149.925	1.414
510		0.491	-6641.642	-5.26	-6636.381	0.13	0.809	152.903	1.391
520		0.501	-6641.642	-5.26	-6636.381	0.13	0.809	152.903	1.391
530		0.51	-6641.642	-5.26	-6636.381	0.13	0.809	152.903	1.391
540		0.52	-6641.642	-5.26	-6636.381	0.13	0.809	152.903	1.391
550		0.53	-6641.642	-5.26	-6636.381	0.13	0.809	152.903	1.391
560		0.539	-6641.642	-5.26	-6636.381	0.13	0.809	152.903	1.391
570		0.549	-6641.642	-5.26	-6636.381	0.13	0.809	152.903	1.391
580		0.559	-6641.642	-5.26	-6636.381	0.13	0.809	152.903	1.391
590		0.568	-6641.642	-5.26	-6636.381	0.13	0.809	152.903	1.391
600		0.578	-6641.642	-5.26	-6636.381	0.13	0.809	152.903	1.391
610		0.587	-6641.642	-5.26	-6636.381	0.13	0.809	152.903	1.391
620		0.597	-6641.642	-5.26	-6636.381	0.13	0.809	152.903	1.391
630		0.607	-6641.642	-5.26	-6636.381	0.13	0.809	152.903	1.391
640		0.616	-6641.642	-5.26	-6636.381	0.13	0.809	152.903	1.391
650		0.626	-6641.642	-5.26	-6636.381	0.13	0.809	152.903	1.391
660		0.636	-6641.642	-5.26	-6636.381	0.13	0.809	152.903	1.391
670		0.645	-6641.642	-5.26	-6636.381	0.13	0.809	152.903	1.391
680		0.655	-6641.642	-5.26	-6636.381	0.13	0.809	152.903	1.391
690		0.664	-6641.642	-5.26	-6636.381	0.13	0.809	152.903	1.391
700		0.674	-6641.642	-5.26	-6636.381	0.13	0.809	152.903	1.391
710		0.683	-6641.642	-5.26	-6636.381	0.13	0.809	152.903	1.391
720		0.693	-6641.642	-5.26	-6636.381	0.13	0.809	152.903	1.391
730		0.703	-6641.642	-5.26	-6636.381	0.13	0.809	152.903	1.391
740		0.712	-6641.642	-5.26	-6636.381	0.13	0.809	152.903	1.391
750		0.722	-6641.642	-5.26	-6636.381	0.13	0.809	152.903	1.391
760		0.731	-6641.642	-5.26	-6636.381	0.13	0.809	152.903	1.391
770		0.741	-6641.642	-5.26	-6636.381	0.13	0.809	152.903	1.391
780		0.751	-6641.642	-5.26	-6636.381	0.13	0.809	152.903	1.391
790		0.76	-6641.642	-5.26	-6636.381	0.13	0.809	152.903	1.391
800		0.77	-6641.642	-5.26	-6636.381	0.13	0.809	152.903	1.391
810		0.779	-6641.642	-5.26	-6636.381	0.13	0.809	152.903	1.391
820		0.789	-6641.642	-5.26	-6636.381	0.13	0.809	152.903	1.391
830		0.799	-6641.642	-5.26	-6636.381	0.13	0.809	152.903	1.391
840		0.808	-6641.642	-5.26	-6636.381	0.13	0.809	152.903	1.391
850		0.818	-6641.642	-5.26	-6636.381	0.13	0.809	152.903	1.391
860		0.828	-6641.642	-5.26	-6636.381	0.13	0.809	152.903	1.391
870		0.837	-6641.642	-5.26	-6636.381	0.13	0.809	152.903	1.391
880		0.847	-6607.28	-5.317	-6601.963	0.089	0.845	150.132	1.478
890		0.857	-6607.28	-5.317	-6601.963	0.089	0.845	150.132	1.478
900		0.866	-6607.28	-5.317	-6601.963	0.089	0.845	150.132	1.478
910		0.876	-6607.28	-5.317	-6601.963	0.089	0.845	150.132	1.478
920		0.885	-6607.28	-5.317	-6601.963	0.089	0.845	150.132	1.478
930		0.895	-6607.28	-5.317	-6601.963	0.089	0.845	150.132	1.478
940		0.904	-6607.28	-5.317	-6601.963	0.089	0.845	150.132	1.478
950		0.914	-6607.28	-5.317	-6601.963	0.089	0.845	150.132	1.478
960		0.924	-6607.28	-5.317	-6601.963	0.089	0.845	150.132	1.478
970		0.933	-6607.28	-5.317	-6601.963	0.089	0.845	150.132	1.478
980		0.943	-6607.28	-5.317	-6601.963	0.089	0.845	150.132	1.478
990		0.952	-6607.28	-5.317	-6601.963	0.089	0.845	150.132	1.478
1000		0.962	-6607.28	-5.317	-6601.963	0.089	0.845	150.132	1.478
1010		0.972	-6607.28	-5.317	-6601.963	0.089	0.845	150.132	1.478
1020		0.981	-6607.28	-5.317	-6601.963	0.089	0.845	150.132	1.478
1030		0.991	-6607.28	-5.317	-6601.963	0.089	0.845	150.132	1.478
1040		1.001	-6607.28	-5.317	-6601.963	0.089	0.845	150.132	1.478
1050		1.01	-6607.28	-5.317	-6601.963	0.089	0.845	150.132	1.478
1060		1.02	-6607.28	-5.317	-6601.963	0.089	0.845	150.132	1.478
1070		1.03	-6607.28	-5.317	-6601.963	0.089	0.845	150.132	1.478
1080		1.039	-6581.583	-5.603	-6575.979	0.061	0.852	150.165	1.519
1090		1.049	-6581.583	-5.603	-6575.979	0.061	0.852	150.165	1.519
1100		1.058	-6581.583	-5.603	-6575.979	0.061	0.852	150.165	1.519
1110		1.068	-6581.583	-5.603	-6575.979	0.061	0.852	150.165	1.519
1120		1.078	-6581.583	-5.603	-6575.979	0.061	0.852	150.165	1.519
1130		1.087	-6581.583	-5.603	-6575.979	0.061	0.852	150.165	1.519
1140		1.097	-6581.583	-5.603	-6575.979	0.061	0.852	150.165	1.519
1150		1.107	-6581.583	-5.603	-6575.979	0.061	0.852	150.165	1.519
1160		1.116	-6563.284	-5.742	-6557.541	0.053	0.853	148.986	1.572
1170		1.126	-6563.284	-5.742	-6557.541	0.053	0.853	148.986	1.572
1180		1.135	-6563.284	-5.742	-6557.541	0.053	0.853	148.986	1.572
1190		1.145	-6556.959	-7.712	-6549.247	0.015	0.892	148.196	1.58
1200		1.154	-6556.959	-7.712	-6549.247	0.015	0.892	148.196	1.58
1210		1.164	-6556.959	-7.712	-6549.247	0.015	0.892	148.196	1.58
1220		1.174	-6556.959	-7.712	-6549.247	0.015	0.892	148.196	1.58
1230		1.183	-6556.959	-7.712	-6549.247	0.015	0.892	148.196	1.58
1240		1.193	-6556.959	-7.712	-6549.247	0.015	0.892	148.196	1.58
1250		1.202	-6556.959	-7.712	-6549.247	0.015	0.892	148.196	1.58
1260		1.212	-6556.959	-7.712	-6549.247	0.015	0.892	148.196	1.58
1270		1.222	-6556.959	-7.712	-6549.247	0.015	0.892	148.196	1.58
1280		1.231	-6556.959	-7.712	-6549.247	0.015	0.892	148.196	1.58
1290		1.241	-6556.959	-7.712	-6549.247	0.015	0.892	148.196	1.58
1300		1.25	-6556.959	-7.712	-6549.247	0.015	0.892	148.196	1.58
1310		1.26	-6556.959	-7.712	-6549.247	0.015	0.892	148.196	1.58
1320		1.27	-6556.959	-7.712	-6549.247	0.015	0.892	148.196	1.58
1330		1.279	-6556.959	-7.712	-6549.247	0.015	0.892	148.196	1.58
1340		1.289	-6556.959	-7.712	-6549.247	0.015	0.892	148.196	1.58
1350		1.299	-6556.959	-7.712	-6549.247	0.015	0.892	148.196	1.58
1360		1.308	-6556.959	-7.712	-6549.247	0.015	0.892	148.196	1.58
1370		1.318	-6556.959	-7.712	-6549.247	0.015	0.892	148.196	1.58
1380		1.327	-6556.959	-7.712	-6549.247	0.015	0.892	148.196	1.58
1390		1.337	-6556.959	-7.712	-6549.247	0.015	0.892	148.196	1.58
1400		1.347	-6556.959	-7.712	-6549.247	0.015	0.892	148.196	1.58
1410		1.356	-6556.959	-7.712	-6549.247	0.015	0.892	148.196	1.58
1420		1.366	-6556.959	-7.712	-6549.247	0.015	0.892	148.196	1.58
1430		1.375	-6554.665	-7.087	-6547.578	0.022	0.896	148.235	1.532
1440		1.385	-6554.665	-7.087	-6547.578	0.022	0.896	148.235	1.532
1450		1.395	-6554.665	-7.087	-6547.578	0.022	0.896	148.235	1.532
1460		1.404	-6554.665	-7.087	-6547.578	0.022	0.896	148.235	1.532
1470		1.414	-6546.181	-5.656	-6540.525	0.058	0.891	147.649	1.597
1480		1.423	-6546.181	-5.656	-6540.525	0.058	0.891	147.649	1.597
1490		1.433	-6546.181	-5.656	-6540.525	0.058	0.891	147.649	1.597
1500		1.443	-6546.181	-5.656	-6540.525	0.058	0.891	147.649	1.597
1510		1.452	-6546.181	-5.656	-6540.525	0.058	0.891	147.649	1.597
1520		1.462	-6546.181	-5.656	-6540.525	0.058	0.891	147.649	1.597
1530		1.471	-6546.181	-5.656	-6540.525	0.058	0.891	147.649	1.597
1540		1.481	-6546.181	-5.656	-6540.525	0.058	0.891	147.649	1.597
1550		1.491	-6546.181	-5.656	-6540.525	0.058	0.891	147.649	1.597
1560		1.5	-6546.181	-5.656	-6540.525	0.058	0.891	147.649	1.597
1570		1.51	-6546.181	-5.656	-6540.525	0.058	0.891	147.649	1.597
1580		1.519	-6546.181	-5.656	-6540.525	0.058	0.891	147.649	1.597
1590		1.529	-6546.181	-5.656	-6540.525	0.058	0.891	147.649	1.597
1600		1.539	-6546.181	-5.656	-6540.525	0.058	0.891	147.649	1.597
1610		1.548	-6546.181	-5.656	-6540.525	0.058	0.891	147.649	1.597
1620		1.558	-6546.181	-5.656	-6540.525	0.058	0.891	147.649	1.597
1630		1.567	-6545.924	-5.656	-6540.268	0.059	0.877	145.761	1.6
1640		1.577	-6545.924	-5.656	-6540.268	0.059	0.877	145.761	1.6
1650		1.586	-6545.924	-5.656	-6540.268	0.059	0.877	145.761	1.6
1660		1.596	-6545.924	-5.656	-6540.268	0.059	0.877	145.761	1.6
1670		1.606	-6545.924	-5.656	-6540.268	0.059	0.877	145.761	1.6
1680		1.615	-6529.137	-5.549	-6523.588	0.069	0.909	143.91	1.599
1690		1.625	-6529.137	-5.549	-6523.588	0.069	0.909	143.91	1.599
1700		1.634	-6529.137	-5.549	-6523.588	0.069	0.909	143.91	1.599
1710		1.644	-6529.137	-5.549	-6523.588	0.069	0.909	143.91	1.599
1720		1.654	-6529.137	-5.549	-6523.588	0.069	0.909	143.91	1.599
1730		1.663	-6519.543	-6.116	-6513.428	0.045	0.964	146.772	1.551
1740		1.673	-6519.543	-6.116	-6513.428	0.045	0.964	146.772	1.551
1750		1.682	-6519.543	-6.116	-6513.428	0.045	0.964	146.772	1.551
1760		1.692	-6519.543	-6.116	-6513.428	0.045	0.964	146.772	1.551
1770		1.701	-6519.543	-6.116	-6513.428	0.045	0.964	146.772	1.551
1780		1.711	-6519.543	-6.116	-6513.428	0.045	0.964	146.772	1.551
1790		1.721	-6519.543	-6.116	-6513.428	0.045	0.964	146.772	1.551
1800		1.73	-6519.543	-6.116	-6513.428	0.045	0.964	146.772	1.551
1810		1.74	-6519.543	-6.116	-6513.428	0.045	0.964	146.772	1.551
1820		1.75	-6510.095	-6.695	-6503.4	0.036	0.997	146.977	1.525
1830		1.759	-6510.095	-6.695	-6503.4	0.036	0.997	146.977	1.525
1840		1.769	-6510.095	-6.695	-6503.4	0.036	0.997	146.977	1.525
1850		1.778	-6510.095	-6.695	-6503.4	0.036	0.997	146.977	1.525
1860		1.788	-6510.095	-6.695	-6503.4	0.036	0.997	146.977	1.525
1870		1.798	-6510.095	-6.695	-6503.4	0.036	0.997	146.977	1.525
1880		1.807	-6510.095	-6.695	-6503.4	0.036	0.997	146.977	1.525
1890		1.817	-6510.095	-6.695	-6503.4	0.036	0.997	146.977	1.525
1900		1.827	-6510.095	-6.695	-6503.4	0.036	0.997	146.977	1.525
1910		1.836	-6510.095	-6.695	-6503.4	0.036	0.997	146.977	1.525
1920		1.846	-6510.095	-6.695	-6503.4	0.036	0.997	146.977	1.525
1930		1.856	-6510.095	-6.695	-6503.4	0.036	0.997	146.977	1.525
1940		1.865	-6510.095	-6.695	-6503.4	0.036	0.997	146.977	1.525
1950		1.875	-6510.095	-6.695	-6503.4	0.036	0.997	146.977	1.525
1960		1.885	-6510.095	-6.695	-6503.4	0.036	0.997	146.977	1.525
1970		1.895	-6506.978	-6.875	-6500.103	0.031	0.99	143.283	1.536
1980		1.904	-6507.947	-7.628	-6500.319	0.02	0.994	142.513	1.544
1990		1.914	-6507.947	-7.628	-6500.319	0.02	0.994	142.513	1.544
2000		1.924	-6507.947	-7.628	-6500.319	0.02	0.994	142.513	1.544
2010		1.933	-6507.947	-7.628	-6500.319	0.02	0.994	142.513	1.544
2020		1.943	-6507.947	-7.628	-6500.319	0.02	0.994	142.513	1.544
2030		1.953	-6507.947	-7.628	-6500.319	0.02	0.994	142.513	1.544
2040		1.963	-6507.947	-7.628	-6500.319	0.02	0.994	142.513	1.544
2050		1.972	-6507.947	-7.628	-6500.319	0.02	0.994	142.513	1.544
2060		1.982	-6507.947	-7.628	-6500.319	0.02	0.994	142.513	1.544
2070		1.991	-6501.262	-7.089	-6494.173	0.033	1.0	142.64	1.568
2080		2.001	-6501.262	-7.089	-6494.173	0.033	1.0	142.64	1.568
2090		2.011	-6501.262	-7.089	-6494.173	0.033	1.0	142.64	1.568
2100		2.02	-6501.262	-7.089	-6494.173	0.033	1.0	142.64	1.568
2110		2.03	-6501.262	-7.089	-6494.173	0.033	1.0	142.64	1.568
2120		2.039	-6501.262	-7.089	-6494.173	0.033	1.0	142.64	1.568
2130		2.049	-6501.262	-7.089	-6494.173	0.033	1.0	142.64	1.568
2140		2.058	-6501.262	-7.089	-6494.173	0.033	1.0	142.64	1.568
2150		2.068	-6501.262	-7.089	-6494.173	0.033	1.0	142.64	1.568
2160		2.078	-6501.262	-7.089	-6494.173	0.033	1.0	142.64	1.568
2170		2.087	-6499.347	-5.993	-6493.353	0.052	0.981	143.779	1.648
2180		2.097	-6498.304	-5.941	-6492.363	0.063	0.995	143.809	1.559
2190		2.106	-6498.304	-5.941	-6492.363	0.063	0.995	143.809	1.559
2200		2.116	-6498.304	-5.941	-6492.363	0.063	0.995	143.809	1.559
2210		2.125	-6498.304	-5.941	-6492.363	0.063	0.995	143.809	1.559
2220		2.135	-6498.304	-5.941	-6492.363	0.063	0.995	143.809	1.559
2230		2.145	-6498.304	-5.941	-6492.363	0.063	0.995	143.809	1.559
2240		2.154	-6498.304	-5.941	-6492.363	0.063	0.995	143.809	1.559
2250		2.164	-6498.304	-5.941	-6492.363	0.063	0.995	143.809	1.559
2260		2.173	-6498.304	-5.941	-6492.363	0.063	0.995	143.809	1.559
2270		2.183	-6485.561	-6.797	-6478.764	0.031	0.983	145.36	1.513
2280		2.193	-6485.561	-6.797	-6478.764	0.031	0.983	145.36	1.513
2290		2.202	-6485.561	-6.797	-6478.764	0.031	0.983	145.36	1.513
2300		2.212	-6485.561	-6.797	-6478.764	0.031	0.983	145.36	1.513
2310		2.221	-6485.561	-6.797	-6478.764	0.031	0.983	145.36	1.513
2320		2.231	-6485.561	-6.797	-6478.764	0.031	0.983	145.36	1.513
2330		2.241	-6485.561	-6.797	-6478.764	0.031	0.983	145.36	1.513
2340		2.25	-6485.561	-6.797	-6478.764	0.031	0.983	145.36	1.513
2350		2.26	-6485.561	-6.797	-6478.764	0.031	0.983	145.36	1.513
2360		2.269	-6485.561	-6.797	-6478.764	0.031	0.983	145.36	1.513
2370		2.279	-6485.561	-6.797	-6478.764	0.031	0.983	145.36	1.513
2380		2.289	-6485.561	-6.797	-6478.764	0.031	0.983	145.36	1.513
2390		2.298	-6485.561	-6.797	-6478.764	0.031	0.983	145.36	1.513
2400		2.308	-6485.561	-6.797	-6478.764	0.031	0.983	145.36	1.513
2410		2.317	-6485.561	-6.797	-6478.764	0.031	0.983	145.36	1.513
2420		2.327	-6485.561	-6.797	-6478.764	0.031	0.983	145.36	1.513
2430		2.336	-6485.561	-6.797	-6478.764	0.031	0.983	145.36	1.513
2440		2.346	-6485.561	-6.797	-6478.764	0.031	0.983	145.36	1.513
2450		2.355	-6485.561	-6.797	-6478.764	0.031	0.983	145.36	1.513
2460		2.365	-6485.561	-6.797	-6478.764	0.031	0.983	145.36	1.513
2470		2.375	-6485.561	-6.797	-6478.764	0.031	0.983	145.36	1.513
2480		2.384	-6485.561	-6.797	-6478.764	0.031	0.983	145.36	1.513
2490		2.394	-6485.561	-6.797	-6478.764	0.031	0.983	145.36	1.513
2500		2.403	-6485.561	-6.797	-6478.764	0.031	0.983	145.36	1.513
2510		2.413	-6485.561	-6.797	-6478.764	0.031	0.983	145.36	1.513
2520		2.423	-6485.561	-6.797	-6478.764	0.031	0.983	145.36	1.513
2530		2.432	-6485.561	-6.797	-6478.764	0.031	0.983	145.36	1.513
2540		2.442	-6485.561	-6.797	-6478.764	0.031	0.983	145.36	1.513
2550		2.451	-6485.561	-6.797	-6478.764	0.031	0.983	145.36	1.513
2560		2.461	-6485.561	-6.797	-6478.764	0.031	0.983	145.36	1.513
2570		2.471	-6485.561	-6.797	-6478.764	0.031	0.983	145.36	1.513
2580		2.48	-6485.561	-6.797	-6478.764	0.031	0.983	145.36	1.513
2590		2.49	-6485.561	-6.797	-6478.764	0.031	0.983	145.36	1.513
2600		2.5	-6485.561	-6.797	-6478.764	0.031	0.983	145.36	1.513
2610		2.509	-6485.561	-6.797	-6478.764	0.031	0.983	145.36	1.513
2620		2.519	-6485.561	-6.797	-6478.764	0.031	0.983	145.36	1.513
2630		2.529	-6485.561	-6.797	-6478.764	0.031	0.983	145.36	1.513
2640		2.538	-6485.561	-6.797	-6478.764	0.031	0.983	145.36	1.513
2650		2.548	-6485.561	-6.797	-6478.764	0.031	0.983	145.36	1.513
2660		2.558	-6485.561	-6.797	-6478.764	0.031	0.983	145.36	1.513
2670		2.567	-6485.561	-6.797	-6478.764	0.031	0.983	145.36	1.513
2680		2.577	-6485.561	-6.797	-6478.764	0.031	0.983	145.36	1.513
2690		2.587	-6485.561	-6.797	-6478.764	0.031	0.983	145.36	1.513
2700		2.596	-6485.561	-6.797	-6478.764	0.031	0.983	145.36	1.513
2710		2.606	-6485.561	-6.797	-6478.764	0.031	0.983	145.36	1.513
2720		2.615	-6485.561	-6.797	-6478.764	0.031	0.983	145.36	1.513
2730		2.625	-6485.561	-6.797	-6478.764	0.031	0.983	145.36	1.513
2740		2.635	-6485.561	-6.797	-6478.764	0.031	0.983	145.36	1.513
2750		2.645	-6485.561	-6.797	-6478.764	0.031	0.983	145.36	1.513
2760		2.654	-6485.561	-6.797	-6478.764	0.031	0.983	145.36	1.513
2770		2.664	-6485.561	-6.797	-6478.764	0.031	0.983	145.36	1.513
2780		2.673	-6485.561	-6.797	-6478.764	0.031	0.983	145.36	1.513
2790		2.683	-6485.561	-6.797	-6478.764	0.031	0.983	145.36	1.513
2800		2.693	-6485.561	-6.797	-6478.764	0.031	0.983	145.36	1.513
2810		2.702	-6485.561	-6.797	-6478.764	0.031	0.983	145.36	1.513
2820		2.712	-6485.561	-6.797	-6478.764	0.031	0.983	145.36	1.513
2830		2.721	-6485.561	-6.797	-6478.764	0.031	0.983	145.36	1.513
2840		2.731	-6485.561	-6.797	-6478.764	0.031	0.983	145.36	1.513
2850		2.74	-6485.561	-6.797	-6478.764	0.031	0.983	145.36	1.513
2860		2.75	-6485.561	-6.797	-6478.764	0.031	0.983	145.36	1.513
2870		2.76	-6485.561	-6.797	-6478.764	0.031	0.983	145.36	1.513
2880		2.769	-6485.561	-6.797	-6478.764	0.031	0.983	145.36	1.513
2890		2.779	-6485.561	-6.797	-6478.764	0.031	0.983	145.36	1.513
2900		2.788	-6485.561	-6.797	-6478.764	0.031	0.983	145.36	1.513
2910		2.798	-6485.561	-6.797	-6478.764	0.031	0.983	145.36	1.513
2920		2.807	-6485.561	-6.797	-6478.764	0.031	0.983	145.36	1.513
2930		2.817	-6485.561	-6.797	-6478.764	0.031	0.983	145.36	1.513
2940		2.827	-6485.561	-6.797	-6478.764	0.031	0.983	145.36	1.513
2950		2.836	-6485.561	-6.797	-6478.764	0.031	0.983	145.36	1.513
2960		2.846	-6485.561	-6.797	-6478.764	0.031	0.983	145.36	1.513
2970		2.856	-6485.561	-6.797	-6478.764	0.031	0.983	145.36	1.513
2980		2.865	-6485.561	-6.797	-6478.764	0.031	0.983	145.36	1.513
2990		2.874	-6485.561	-6.797	-6478.764	0.031	0.983	145.36	1.513
3000		2.884	-6485.561	-6.797	-6478.764	0.031	0.983	145.36	1.513
3010		2.894	-6485.561	-6.797	-6478.764	0.031	0.983	145.36	1.513
3020		2.903	-6485.561	-6.797	-6478.764	0.031	0.983	145.36	1.513
3030		2.913	-6485.561	-6.797	-6478.764	0.031	0.983	145.36	1.513
3040		2.923	-6485.561	-6.797	-6478.764	0.031	0.983	145.36	1.513
3050		2.932	-6485.561	-6.797	-6478.764	0.031	0.983	145.36	1.513
3060		2.942	-6485.561	-6.797	-6478.764	0.031	0.983	145.36	1.513
3070		2.951	-6485.561	-6.797	-6478.764	0.031	0.983	145.36	1.513
3080		2.961	-6485.561	-6.797	-6478.764	0.031	0.983	145.36	1.513
3090		2.97	-6485.561	-6.797	-6478.764	0.031	0.983	145.36	1.513
3100		2.98	-6485.561	-6.797	-6478.764	0.031	0.983	145.36	1.513
3110		2.99	-6485.561	-6.797	-6478.764	0.031	0.983	145.36	1.513
3120		2.999	-6485.561	-6.797	-6478.764	0.031	0.983	145.36	1.513
3130		3.009	-6485.561	-6.797	-6478.764	0.031	0.983	145.36	1.513
3140		3.018	-6485.561	-6.797	-6478.764	0.031	0.983	145.36	1.513
3150		3.028	-6485.561	-6.797	-6478.764	0.031	0.983	145.36	1.513
3160		3.037	-6485.561	-6.797	-6478.764	0.031	0.983	145.36	1.513
3170		3.047	-6485.561	-6.797	-6478.764	0.031	0.983	145.36	1.513
3180		3.057	-6485.561	-6.797	-6478.764	0.031	0.983	145.36	1.513
3190		3.066	-6485.561	-6.797	-6478.764	0.031	0.983	145.36	1.513
3200		3.076	-6485.561	-6.797	-6478.764	0.031	0.983	145.36	1.513
3210		3.085	-6485.561	-6.797	-6478.764	0.031	0.983	145.36	1.513
3220		3.095	-6485.561	-6.797	-6478.764	0.031	0.983	145.36	1.513
3230		3.104	-6485.561	-6.797	-6478.764	0.031	0.983	145.36	1.513
3240		3.114	-6485.561	-6.797	-6478.764	0.031	0.983	145.36	1.513
3250		3.124	-6485.561	-6.797	-6478.764	0.031	0.983	145.36	1.513
3260		3.133	-6485.561	-6.797	-6478.764	0.031	0.983	145.36	1.513
3270		3.143	-6485.561	-6.797	-6478.764	0.031	0.983	145.36	1.513
3280		3.152	-6485.561	-6.797	-6478.764	0.031	0.983	145.36	1.513
3290		3.162	-6485.561	-6.797	-6478.764	0.031	0.983	145.36	1.513
3300		3.172	-6485.561	-6.797	-6478.764	0.031	0.983	145.36	1.513
3310		3.181	-6485.561	-6.797	-6478.764	0.031	0.983	145.36	1.513
3320		3.191	-6485.561	-6.797	-6478.764	0.031	0.983	145.36	1.513
3330		3.2	-6485.561	-6.797	-6478.764	0.031	0.983	145.36	1.513
3340		3.21	-6485.561	-6.797	-6478.764	0.031	0.983	145.36	1.513
3350		3.22	-6485.561	-6.797	-6478.764	0.031	0.983	145.36	1.513
3360		3.229	-6485.561	-6.797	-6478.764	0.031	0.983	145.36	1.513
3370		3.239	-6485.561	-6.797	-6478.764	0.031	0.983	145.36	1.513
3380		3.248	-6485.561	-6.797	-6478.764	0.031	0.983	145.36	1.513
3390		3.258	-6485.561	-6.797	-6478.764	0.031	0.983	145.36	1.513
3400		3.267	-6485.561	-6.797	-6478.764	0.031	0.983	145.36	1.513
3410		3.277	-6485.561	-6.797	-6478.764	0.031	0.983	145.36	1.513
3420		3.287	-6485.561	-6.797	-6478.764	0.031	0.983	145.36	1.513
3430		3.296	-6485.561	-6.797	-6478.764	0.031	0.983	145.36	1.513
3440		3.306	-6485.561	-6.797	-6478.764	0.031	0.983	145.36	1.513
3450		3.315	-6485.561	-6.797	-6478.764	0.031	0.983	145.36	1.513
3460		3.325	-6485.561	-6.797	-6478.764	0.031	0.983	145.36	1.513
3470		3.335	-6485.561	-6.797	-6478.764	0.031	0.983	145.36	1.513
3480		3.344	-6485.561	-6.797	-6478.764	0.031	0.983	145.36	1.513
3490		3.354	-6485.561	-6.797	-6478.764	0.031	0.983	145.36	1.513
3500		3.364	-6485.561	-6.797	-6478.764	0.031	0.983	145.36	1.513
3510		3.373	-6485.561	-6.797	-6478.764	0.031	0.983	145.36	1.513
3520		3.383	-6485.561	-6.797	-6478.764	0.031	0.983	145.36	1.513
3530		3.393	-6485.561	-6.797	-6478.764	0.031	0.983	145.36	1.513
3540		3.402	-6484.265	-6.438	-6477.827	0.042	0.994	145.472	1.527
3550		3.412	-6484.265	-6.438	-6477.827	0.042	0.994	145.472	1.527
3560		3.422	-6484.265	-6.438	-6477.827	0.042	0.994	145.472	1.527
3570		3.431	-6484.265	-6.438	-6477.827	0.042	0.994	145.472	1.527
3580		3.441	-6484.265	-6.438	-6477.827	0.042	0.994	145.472	1.527
3590		3.451	-6484.265	-6.438	-6477.827	0.042	0.994	145.472	1.527
3600		3.46	-6484.265	-6.438	-6477.827	0.042	0.994	145.472	1.527
3610		3.47	-6484.265	-6.438	-6477.827	0.042	0.994	145.472	1.527
3620		3.48	-6484.265	-6.438	-6477.827	0.042	0.994	145.472	1.527
3630		3.489	-6484.265	-6.438	-6477.827	0.042	0.994	145.472	1.527
3640		3.499	-6484.265	-6.438	-6477.827	0.042	0.994	145.472	1.527
3650		3.508	-6484.265	-6.438	-6477.827	0.042	0.994	145.472	1.527
3660		3.518	-6484.265	-6.438	-6477.827	0.042	0.994	145.472	1.527
3670		3.528	-6484.265	-6.438	-6477.827	0.042	0.994	145.472	1.527
3680		3.537	-6484.265	-6.438	-6477.827	0.042	0.994	145.472	1.527
3690		3.547	-6484.265	-6.438	-6477.827	0.042	0.994	145.472	1.527
3700		3.556	-6484.265	-6.438	-6477.827	0.042	0.994	145.472	1.527
3710		3.566	-6484.265	-6.438	-6477.827	0.042	0.994	145.472	1.527
3720		3.576	-6484.265	-6.438	-6477.827	0.042	0.994	145.472	1.527
3730		3.585	-6484.265	-6.438	-6477.827	0.042	0.994	145.472	1.527
3740		3.595	-6484.265	-6.438	-6477.827	0.042	0.994	145.472	1.527
3750		3.605	-6484.265	-6.438	-6477.827	0.042	0.994	145.472	1.527
3760		3.614	-6484.265	-6.438	-6477.827	0.042	0.994	145.472	1.527
3770		3.624	-6484.265	-6.438	-6477.827	0.042	0.994	145.472	1.527
3780		3.634	-6484.265	-6.438	-6477.827	0.042	0.994	145.472	1.527
3790		3.644	-6484.265	-6.438	-6477.827	0.042	0.994	145.472	1.527
3800		3.653	-6484.265	-6.438	-6477.827	0.042	0.994	145.472	1.527
3810		3.663	-6484.265	-6.438	-6477.827	0.042	0.994	145.472	1.527
3820		3.673	-6484.265	-6.438	-6477.827	0.042	0.994	145.472	1.527
3830		3.682	-6484.265	-6.438	-6477.827	0.042	0.994	145.472	1.527
3840		3.692	-6484.265	-6.438	-6477.827	0.042	0.994	145.472	1.527
3850		3.702	-6484.265	-6.438	-6477.827	0.042	0.994	145.472	1.527
3860		3.711	-6484.265	-6.438	-6477.827	0.042	0.994	145.472	1.527
3870		3.721	-6484.265	-6.438	-6477.827	0.042	0.994	145.472	1.527
3880		3.731	-6484.265	-6.438	-6477.827	0.042	0.994	145.472	1.527
3890		3.74	-6484.265	-6.438	-6477.827	0.042	0.994	145.472	1.527
3900		3.75	-6484.265	-6.438	-6477.827	0.042	0.994	145.472	1.527
3910		3.76	-6484.265	-6.438	-6477.827	0.042	0.994	145.472	1.527
3920		3.769	-6484.265	-6.438	-6477.827	0.042	0.994	145.472	1.527
3930		3.779	-6484.265	-6.438	-6477.827	0.042	0.994	145.472	1.527
3940		3.788	-6484.265	-6.438	-6477.827	0.042	0.994	145.472	1.527
3950		3.798	-6484.265	-6.438	-6477.827	0.042	0.994	145.472	1.527
3960		3.808	-6484.265	-6.438	-6477.827	0.042	0.994	145.472	1.527
3970		3.817	-6484.265	-6.438	-6477.827	0.042	0.994	145.472	1.527
3980		3.827	-6484.265	-6.438	-6477.827	0.042	0.994	145.472	1.527
3990		3.837	-6484.265	-6.438	-6477.827	0.042	0.994	145.472	1.527
4000		3.846	-6484.265	-6.438	-6477.827	0.042	0.994	145.472	1.527
4010		3.856	-6484.265	-6.438	-6477.827	0.042	0.994	145.472	1.527
4020		3.865	-6484.265	-6.438	-6477.827	0.042	0.994	145.472	1.527
4030		3.875	-6484.265	-6.438	-6477.827	0.042	0.994	145.472	1.527
4040		3.885	-6484.265	-6.438	-6477.827	0.042	0.994	145.472	1.527
4050		3.894	-6484.265	-6.438	-6477.827	0.042	0.994	145.472	1.527
4060		3.904	-6484.265	-6.438	-6477.827	0.042	0.994	145.472	1.527
4070		3.914	-6484.265	-6.438	-6477.827	0.042	0.994	145.472	1.527
4080		3.923	-6484.265	-6.438	-6477.827	0.042	0.994	145.472	1.527
4090		3.933	-6484.265	-6.438	-6477.827	0.042	0.994	145.472	1.527
4100		3.943	-6484.265	-6.438	-6477.827	0.042	0.994	145.472	1.527
4110		3.952	-6484.265	-6.438	-6477.827	0.042	0.994	145.472	1.527
4120		3.962	-6484.265	-6.438	-6477.827	0.042	0.994	145.472	1.527
4130		3.972	-6484.265	-6.438	-6477.827	0.042	0.994	145.472	1.527
4140		3.981	-6484.265	-6.438	-6477.827	0.042	0.994	145.472	1.527
4150		3.991	-6484.265	-6.438	-6477.827	0.042	0.994	145.472	1.527
4160		4.0	-6484.265	-6.438	-6477.827	0.042	0.994	145.472	1.527
4170		4.01	-6484.265	-6.438	-6477.827	0.042	0.994	145.472	1.527
4180		4.019	-6484.265	-6.438	-6477.827	0.042	0.994	145.472	1.527
4190		4.029	-6484.265	-6.438	-6477.827	0.042	0.994	145.472	1.527
4200		4.039	-6484.265	-6.438	-6477.827	0.042	0.994	145.472	1.527
4210		4.048	-6484.265	-6.438	-6477.827	0.042	0.994	145.472	1.527
4220		4.058	-6484.265	-6.438	-6477.827	0.042	0.994	145.472	1.527
4230		4.067	-6484.265	-6.438	-6477.827	0.042	0.994	145.472	1.527
4240		4.077	-6484.265	-6.438	-6477.827	0.042	0.994	145.472	1.527
4250		4.087	-6484.265	-6.438	-6477.827	0.042	0.994	145.472	1.527
4260		4.096	-6484.265	-6.438	-6477.827	0.042	0.994	145.472	1.527
4270		4.106	-6484.265	-6.438	-6477.827	0.042	0.994	145.472	1.527
4280		4.116	-6484.265	-6.438	-6477.827	0.042	0.994	145.472	1.527
4290		4.125	-6484.265	-6.438	-6477.827	0.042	0.994	145.472	1.527
4300		4.135	-6484.265	-6.438	-6477.827	0.042	0.994	145.472	1.527
4310		4.145	-6484.265	-6.438	-6477.827	0.042	0.994	145.472	1.527
4320		4.154	-6484.265	-6.438	-6477.827	0.042	0.994	145.472	1.527
4330		4.164	-6484.265	-6.438	-6477.827	0.042	0.994	145.472	1.527
4340		4.174	-6484.265	-6.438	-6477.827	0.042	0.994	145.472	1.527
4350		4.183	-6484.265	-6.438	-6477.827	0.042	0.994	145.472	1.527
4360		4.193	-6484.265	-6.438	-6477.827	0.042	0.994	145.472	1.527
4370		4.203	-6484.265	-6.438	-6477.827	0.042	0.994	145.472	1.527
4380		4.212	-6484.265	-6.438	-6477.827	0.042	0.994	145.472	1.527
4390		4.222	-6484.265	-6.438	-6477.827	0.042	0.994	145.472	1.527
4400		4.232	-6484.265	-6.438	-6477.827	0.042	0.994	145.472	1.527
4410		4.242	-6484.265	-6.438	-6477.827	0.042	0.994	145.472	1.527
4420		4.251	-6484.265	-6.438	-6477.827	0.042	0.994	145.472	1.527
4430		4.261	-6484.265	-6.438	-6477.827	0.042	0.994	145.472	1.527
4440		4.27	-6484.265	-6.438	-6477.827	0.042	0.994	145.472	1.527
4450		4.28	-6484.265	-6.438	-6477.827	0.042	0.994	145.472	1.527
4460		4.29	-6484.265	-6.438	-6477.827	0.042	0.994	145.472	1.527
4470		4.299	-6484.265	-6.438	-6477.827	0.042	0.994	145.472	1.527
4480		4.309	-6484.265	-6.438	-6477.827	0.042	0.994	145.472	1.527
4490		4.319	-6484.265	-6.438	-6477.827	0.042	0.994	145.472	1.527
