iter	hours	log_posterior	log_prior	loglik	missing	mixture	scale	shape
0		0.001	-7483.754	-6.112	-7477.641	0.207	0.065	456.882	2.023
10		0.011	-7453.242	-6.049	-7447.193	0.184	0.071	456.313	2.177
20		0.02	-7387.111	-6.348	-7380.764	0.217	0.122	456.414	2.278
30		0.03	-7354.231	-6.515	-7347.716	0.242	0.184	455.238	2.261
40		0.039	-7345.065	-6.704	-7338.36	0.258	0.195	457.484	2.258
50		0.049	-7339.214	-6.743	-7332.471	0.262	0.198	455.731	2.266
60		0.058	-7304.59	-6.605	-7297.985	0.264	0.254	458.434	2.065
70		0.068	-7265.478	-6.396	-7259.082	0.245	0.323	459.794	2.079
80		0.078	-7238.798	-6.663	-7232.135	0.265	0.37	461.314	2.132
90		0.087	-7238.798	-6.663	-7232.135	0.265	0.37	461.314	2.132
100		0.097	-7238.798	-6.663	-7232.135	0.265	0.37	461.314	2.132
110		0.106	-7207.25	-6.637	-7200.613	0.268	0.369	460.389	2.062
120		0.116	-7189.173	-6.833	-7182.34	0.282	0.4	460.631	2.105
130		0.126	-7189.173	-6.833	-7182.34	0.282	0.4	460.631	2.105
140		0.135	-7189.173	-6.833	-7182.34	0.282	0.4	460.631	2.105
150		0.145	-7189.173	-6.833	-7182.34	0.282	0.4	460.631	2.105
160		0.155	-7189.173	-6.833	-7182.34	0.282	0.4	460.631	2.105
170		0.164	-7176.896	-7.408	-7169.488	0.325	0.444	463.09	2.051
180		0.174	-7176.896	-7.408	-7169.488	0.325	0.444	463.09	2.051
190		0.183	-7176.896	-7.408	-7169.488	0.325	0.444	463.09	2.051
200		0.193	-7176.896	-7.408	-7169.488	0.325	0.444	463.09	2.051
210		0.203	-7176.896	-7.408	-7169.488	0.325	0.444	463.09	2.051
220		0.212	-7176.896	-7.408	-7169.488	0.325	0.444	463.09	2.051
230		0.222	-7158.916	-8.168	-7150.748	0.374	0.521	462.254	2.043
240		0.232	-7151.596	-8.076	-7143.52	0.368	0.53	462.81	2.062
250		0.241	-7140.949	-8.646	-7132.304	0.4	0.544	459.978	2.114
260		0.251	-7135.243	-8.529	-7126.714	0.392	0.567	458.861	2.16
270		0.26	-7111.914	-9.183	-7102.731	0.428	0.602	455.809	2.156
280		0.27	-7108.883	-9.641	-7099.242	0.459	0.585	445.322	2.045
290		0.28	-7108.883	-9.641	-7099.242	0.459	0.585	445.322	2.045
300		0.289	-7068.861	-9.262	-7059.599	0.44	0.593	444.431	2.08
310		0.299	-7068.861	-9.262	-7059.599	0.44	0.593	444.431	2.08
320		0.309	-7068.861	-9.262	-7059.599	0.44	0.593	444.431	2.08
330		0.318	-7067.17	-9.038	-7058.132	0.428	0.598	441.234	2.14
340		0.328	-7067.17	-9.038	-7058.132	0.428	0.598	441.234	2.14
350		0.337	-7067.17	-9.038	-7058.132	0.428	0.598	441.234	2.14
360		0.347	-7067.17	-9.038	-7058.132	0.428	0.598	441.234	2.14
370		0.357	-7067.17	-9.038	-7058.132	0.428	0.598	441.234	2.14
380		0.366	-7067.17	-9.038	-7058.132	0.428	0.598	441.234	2.14
390		0.376	-7067.17	-9.038	-7058.132	0.428	0.598	441.234	2.14
400		0.386	-7067.17	-9.038	-7058.132	0.428	0.598	441.234	2.14
410		0.395	-7067.17	-9.038	-7058.132	0.428	0.598	441.234	2.14
420		0.405	-7067.17	-9.038	-7058.132	0.428	0.598	441.234	2.14
430		0.415	-7067.17	-9.038	-7058.132	0.428	0.598	441.234	2.14
440		0.424	-7067.17	-9.038	-7058.132	0.428	0.598	441.234	2.14
450		0.434	-7067.17	-9.038	-7058.132	0.428	0.598	441.234	2.14
460		0.443	-7067.17	-9.038	-7058.132	0.428	0.598	441.234	2.14
470		0.453	-7067.17	-9.038	-7058.132	0.428	0.598	441.234	2.14
480		0.463	-7067.17	-9.038	-7058.132	0.428	0.598	441.234	2.14
490		0.472	-7067.17	-9.038	-7058.132	0.428	0.598	441.234	2.14
500		0.482	-7067.17	-9.038	-7058.132	0.428	0.598	441.234	2.14
510		0.492	-7067.17	-9.038	-7058.132	0.428	0.598	441.234	2.14
520		0.501	-7063.769	-8.752	-7055.016	0.416	0.607	438.49	2.096
530		0.511	-7063.769	-8.752	-7055.016	0.416	0.607	438.49	2.096
540		0.521	-7063.769	-8.752	-7055.016	0.416	0.607	438.49	2.096
550		0.531	-7063.769	-8.752	-7055.016	0.416	0.607	438.49	2.096
560		0.54	-7063.769	-8.752	-7055.016	0.416	0.607	438.49	2.096
570		0.55	-7063.769	-8.752	-7055.016	0.416	0.607	438.49	2.096
580		0.559	-7063.769	-8.752	-7055.016	0.416	0.607	438.49	2.096
590		0.569	-7049.86	-8.663	-7041.197	0.413	0.635	437.972	2.04
600		0.579	-7049.86	-8.663	-7041.197	0.413	0.635	437.972	2.04
610		0.588	-7049.86	-8.663	-7041.197	0.413	0.635	437.972	2.04
620		0.598	-7049.86	-8.663	-7041.197	0.413	0.635	437.972	2.04
630		0.607	-7049.86	-8.663	-7041.197	0.413	0.635	437.972	2.04
640		0.617	-7049.86	-8.663	-7041.197	0.413	0.635	437.972	2.04
650		0.627	-7049.86	-8.663	-7041.197	0.413	0.635	437.972	2.04
660		0.636	-7049.86	-8.663	-7041.197	0.413	0.635	437.972	2.04
670		0.646	-7049.86	-8.663	-7041.197	0.413	0.635	437.972	2.04
680		0.655	-7049.86	-8.663	-7041.197	0.413	0.635	437.972	2.04
690		0.665	-7049.86	-8.663	-7041.197	0.413	0.635	437.972	2.04
700		0.674	-7049.86	-8.663	-7041.197	0.413	0.635	437.972	2.04
710		0.684	-7049.86	-8.663	-7041.197	0.413	0.635	437.972	2.04
720		0.694	-7049.86	-8.663	-7041.197	0.413	0.635	437.972	2.04
730		0.703	-7049.86	-8.663	-7041.197	0.413	0.635	437.972	2.04
740		0.713	-7042.795	-9.118	-7033.677	0.435	0.66	439.318	2.056
750		0.723	-7039.179	-10.133	-7029.046	0.482	0.669	440.566	2.07
760		0.732	-7039.179	-10.133	-7029.046	0.482	0.669	440.566	2.07
770		0.742	-7040.441	-9.344	-7031.096	0.445	0.662	440.827	2.087
780		0.751	-7025.186	-9.603	-7015.583	0.457	0.695	441.343	2.074
790		0.761	-7025.186	-9.603	-7015.583	0.457	0.695	441.343	2.074
800		0.771	-7025.186	-9.603	-7015.583	0.457	0.695	441.343	2.074
810		0.78	-7025.186	-9.603	-7015.583	0.457	0.695	441.343	2.074
820		0.79	-7021.155	-10.349	-7010.807	0.49	0.678	441.37	2.096
830		0.8	-7021.155	-10.349	-7010.807	0.49	0.678	441.37	2.096
840		0.809	-7021.155	-10.349	-7010.807	0.49	0.678	441.37	2.096
850		0.819	-7021.155	-10.349	-7010.807	0.49	0.678	441.37	2.096
860		0.828	-7021.155	-10.349	-7010.807	0.49	0.678	441.37	2.096
870		0.838	-7021.155	-10.349	-7010.807	0.49	0.678	441.37	2.096
880		0.848	-7021.155	-10.349	-7010.807	0.49	0.678	441.37	2.096
890		0.857	-7021.155	-10.349	-7010.807	0.49	0.678	441.37	2.096
900		0.867	-7021.155	-10.349	-7010.807	0.49	0.678	441.37	2.096
910		0.876	-7021.155	-10.349	-7010.807	0.49	0.678	441.37	2.096
920		0.886	-7021.155	-10.349	-7010.807	0.49	0.678	441.37	2.096
930		0.896	-7014.978	-10.233	-7004.745	0.483	0.707	440.107	2.17
940		0.905	-7014.978	-10.233	-7004.745	0.483	0.707	440.107	2.17
950		0.915	-6998.729	-10.391	-6988.339	0.49	0.687	443.088	2.139
960		0.924	-6998.729	-10.391	-6988.339	0.49	0.687	443.088	2.139
970		0.934	-6998.729	-10.391	-6988.339	0.49	0.687	443.088	2.139
980		0.943	-6998.729	-10.391	-6988.339	0.49	0.687	443.088	2.139
990		0.953	-6998.729	-10.391	-6988.339	0.49	0.687	443.088	2.139
1000		0.963	-6998.729	-10.391	-6988.339	0.49	0.687	443.088	2.139
1010		0.972	-6998.729	-10.391	-6988.339	0.49	0.687	443.088	2.139
1020		0.982	-6998.729	-10.391	-6988.339	0.49	0.687	443.088	2.139
1030		0.992	-6998.729	-10.391	-6988.339	0.49	0.687	443.088	2.139
1040		1.001	-6998.729	-10.391	-6988.339	0.49	0.687	443.088	2.139
1050		1.011	-6998.729	-10.391	-6988.339	0.49	0.687	443.088	2.139
1060		1.021	-6998.729	-10.391	-6988.339	0.49	0.687	443.088	2.139
1070		1.03	-6998.729	-10.391	-6988.339	0.49	0.687	443.088	2.139
1080		1.04	-6998.729	-10.391	-6988.339	0.49	0.687	443.088	2.139
1090		1.049	-6998.729	-10.391	-6988.339	0.49	0.687	443.088	2.139
1100		1.059	-6998.729	-10.391	-6988.339	0.49	0.687	443.088	2.139
1110		1.069	-6998.729	-10.391	-6988.339	0.49	0.687	443.088	2.139
1120		1.078	-6998.729	-10.391	-6988.339	0.49	0.687	443.088	2.139
1130		1.088	-6998.729	-10.391	-6988.339	0.49	0.687	443.088	2.139
1140		1.097	-6998.729	-10.391	-6988.339	0.49	0.687	443.088	2.139
1150		1.107	-6998.729	-10.391	-6988.339	0.49	0.687	443.088	2.139
1160		1.116	-6998.729	-10.391	-6988.339	0.49	0.687	443.088	2.139
1170		1.126	-6998.729	-10.391	-6988.339	0.49	0.687	443.088	2.139
1180		1.135	-6998.729	-10.391	-6988.339	0.49	0.687	443.088	2.139
1190		1.145	-6998.729	-10.391	-6988.339	0.49	0.687	443.088	2.139
1200		1.155	-6998.729	-10.391	-6988.339	0.49	0.687	443.088	2.139
1210		1.165	-6998.729	-10.391	-6988.339	0.49	0.687	443.088	2.139
1220		1.174	-6998.729	-10.391	-6988.339	0.49	0.687	443.088	2.139
1230		1.184	-6998.729	-10.391	-6988.339	0.49	0.687	443.088	2.139
1240		1.194	-6998.729	-10.391	-6988.339	0.49	0.687	443.088	2.139
1250		1.203	-6998.729	-10.391	-6988.339	0.49	0.687	443.088	2.139
1260		1.213	-6998.729	-10.391	-6988.339	0.49	0.687	443.088	2.139
1270		1.223	-6998.729	-10.391	-6988.339	0.49	0.687	443.088	2.139
1280		1.232	-6998.729	-10.391	-6988.339	0.49	0.687	443.088	2.139
1290		1.242	-6998.729	-10.391	-6988.339	0.49	0.687	443.088	2.139
1300		1.252	-6998.729	-10.391	-6988.339	0.49	0.687	443.088	2.139
1310		1.261	-6998.729	-10.391	-6988.339	0.49	0.687	443.088	2.139
1320		1.271	-6998.729	-10.391	-6988.339	0.49	0.687	443.088	2.139
1330		1.28	-6998.729	-10.391	-6988.339	0.49	0.687	443.088	2.139
1340		1.29	-6998.729	-10.391	-6988.339	0.49	0.687	443.088	2.139
1350		1.3	-6998.729	-10.391	-6988.339	0.49	0.687	443.088	2.139
1360		1.309	-6998.729	-10.391	-6988.339	0.49	0.687	443.088	2.139
1370		1.319	-6998.729	-10.391	-6988.339	0.49	0.687	443.088	2.139
1380		1.328	-6998.729	-10.391	-6988.339	0.49	0.687	443.088	2.139
1390		1.338	-6998.729	-10.391	-6988.339	0.49	0.687	443.088	2.139
1400		1.348	-6998.729	-10.391	-6988.339	0.49	0.687	443.088	2.139
1410		1.357	-6998.729	-10.391	-6988.339	0.49	0.687	443.088	2.139
1420		1.367	-6998.729	-10.391	-6988.339	0.49	0.687	443.088	2.139
1430		1.376	-6998.729	-10.391	-6988.339	0.49	0.687	443.088	2.139
1440		1.386	-6998.729	-10.391	-6988.339	0.49	0.687	443.088	2.139
1450		1.396	-6998.729	-10.391	-6988.339	0.49	0.687	443.088	2.139
1460		1.405	-6998.729	-10.391	-6988.339	0.49	0.687	443.088	2.139
1470		1.415	-6998.729	-10.391	-6988.339	0.49	0.687	443.088	2.139
1480		1.424	-6998.729	-10.391	-6988.339	0.49	0.687	443.088	2.139
1490		1.434	-6996.726	-10.09	-6986.636	0.477	0.672	442.857	2.131
1500		1.444	-6996.726	-10.09	-6986.636	0.477	0.672	442.857	2.131
1510		1.453	-6996.726	-10.09	-6986.636	0.477	0.672	442.857	2.131
1520		1.463	-6996.726	-10.09	-6986.636	0.477	0.672	442.857	2.131
1530		1.472	-6996.726	-10.09	-6986.636	0.477	0.672	442.857	2.131
1540		1.482	-6996.726	-10.09	-6986.636	0.477	0.672	442.857	2.131
1550		1.492	-6996.726	-10.09	-6986.636	0.477	0.672	442.857	2.131
1560		1.501	-6996.726	-10.09	-6986.636	0.477	0.672	442.857	2.131
1570		1.511	-6996.726	-10.09	-6986.636	0.477	0.672	442.857	2.131
1580		1.521	-6996.726	-10.09	-6986.636	0.477	0.672	442.857	2.131
1590		1.53	-6996.726	-10.09	-6986.636	0.477	0.672	442.857	2.131
1600		1.54	-6996.726	-10.09	-6986.636	0.477	0.672	442.857	2.131
1610		1.549	-6996.726	-10.09	-6986.636	0.477	0.672	442.857	2.131
1620		1.559	-6996.726	-10.09	-6986.636	0.477	0.672	442.857	2.131
1630		1.569	-6996.726	-10.09	-6986.636	0.477	0.672	442.857	2.131
1640		1.578	-6996.726	-10.09	-6986.636	0.477	0.672	442.857	2.131
1650		1.588	-6996.726	-10.09	-6986.636	0.477	0.672	442.857	2.131
1660		1.598	-6996.726	-10.09	-6986.636	0.477	0.672	442.857	2.131
1670		1.607	-6996.726	-10.09	-6986.636	0.477	0.672	442.857	2.131
1680		1.617	-6996.726	-10.09	-6986.636	0.477	0.672	442.857	2.131
1690		1.626	-6996.726	-10.09	-6986.636	0.477	0.672	442.857	2.131
1700		1.636	-6996.726	-10.09	-6986.636	0.477	0.672	442.857	2.131
1710		1.646	-6996.726	-10.09	-6986.636	0.477	0.672	442.857	2.131
1720		1.655	-6996.726	-10.09	-6986.636	0.477	0.672	442.857	2.131
1730		1.665	-6996.726	-10.09	-6986.636	0.477	0.672	442.857	2.131
1740		1.675	-6996.726	-10.09	-6986.636	0.477	0.672	442.857	2.131
1750		1.684	-6996.726	-10.09	-6986.636	0.477	0.672	442.857	2.131
1760		1.694	-6996.726	-10.09	-6986.636	0.477	0.672	442.857	2.131
1770		1.703	-6996.726	-10.09	-6986.636	0.477	0.672	442.857	2.131
1780		1.713	-6996.726	-10.09	-6986.636	0.477	0.672	442.857	2.131
1790		1.723	-6996.726	-10.09	-6986.636	0.477	0.672	442.857	2.131
1800		1.732	-6996.726	-10.09	-6986.636	0.477	0.672	442.857	2.131
1810		1.742	-6996.726	-10.09	-6986.636	0.477	0.672	442.857	2.131
1820		1.752	-6996.726	-10.09	-6986.636	0.477	0.672	442.857	2.131
1830		1.761	-6996.726	-10.09	-6986.636	0.477	0.672	442.857	2.131
1840		1.771	-6996.726	-10.09	-6986.636	0.477	0.672	442.857	2.131
1850		1.78	-6996.726	-10.09	-6986.636	0.477	0.672	442.857	2.131
1860		1.79	-6996.726	-10.09	-6986.636	0.477	0.672	442.857	2.131
1870		1.8	-6996.726	-10.09	-6986.636	0.477	0.672	442.857	2.131
1880		1.809	-6996.726	-10.09	-6986.636	0.477	0.672	442.857	2.131
1890		1.819	-6996.726	-10.09	-6986.636	0.477	0.672	442.857	2.131
1900		1.829	-6996.726	-10.09	-6986.636	0.477	0.672	442.857	2.131
1910		1.838	-6996.726	-10.09	-6986.636	0.477	0.672	442.857	2.131
1920		1.848	-6996.726	-10.09	-6986.636	0.477	0.672	442.857	2.131
1930		1.858	-6996.726	-10.09	-6986.636	0.477	0.672	442.857	2.131
1940		1.867	-6990.226	-9.591	-6980.634	0.447	0.69	447.22	2.244
1950		1.877	-6990.226	-9.591	-6980.634	0.447	0.69	447.22	2.244
1960		1.887	-6990.226	-9.591	-6980.634	0.447	0.69	447.22	2.244
1970		1.896	-6990.226	-9.591	-6980.634	0.447	0.69	447.22	2.244
1980		1.906	-6990.226	-9.591	-6980.634	0.447	0.69	447.22	2.244
1990		1.916	-6990.226	-9.591	-6980.634	0.447	0.69	447.22	2.244
2000		1.925	-6990.226	-9.591	-6980.634	0.447	0.69	447.22	2.244
2010		1.935	-6990.226	-9.591	-6980.634	0.447	0.69	447.22	2.244
2020		1.944	-6990.226	-9.591	-6980.634	0.447	0.69	447.22	2.244
2030		1.954	-6990.226	-9.591	-6980.634	0.447	0.69	447.22	2.244
2040		1.964	-6990.226	-9.591	-6980.634	0.447	0.69	447.22	2.244
2050		1.973	-6990.226	-9.591	-6980.634	0.447	0.69	447.22	2.244
2060		1.983	-6990.226	-9.591	-6980.634	0.447	0.69	447.22	2.244
2070		1.992	-6990.226	-9.591	-6980.634	0.447	0.69	447.22	2.244
2080		2.002	-6990.226	-9.591	-6980.634	0.447	0.69	447.22	2.244
2090		2.011	-6990.226	-9.591	-6980.634	0.447	0.69	447.22	2.244
2100		2.021	-6990.226	-9.591	-6980.634	0.447	0.69	447.22	2.244
2110		2.031	-6990.226	-9.591	-6980.634	0.447	0.69	447.22	2.244
2120		2.04	-6990.226	-9.591	-6980.634	0.447	0.69	447.22	2.244
2130		2.05	-6990.226	-9.591	-6980.634	0.447	0.69	447.22	2.244
2140		2.059	-6990.226	-9.591	-6980.634	0.447	0.69	447.22	2.244
2150		2.069	-6990.226	-9.591	-6980.634	0.447	0.69	447.22	2.244
2160		2.079	-6990.226	-9.591	-6980.634	0.447	0.69	447.22	2.244
2170		2.088	-6990.226	-9.591	-6980.634	0.447	0.69	447.22	2.244
2180		2.098	-6990.226	-9.591	-6980.634	0.447	0.69	447.22	2.244
2190		2.107	-6990.226	-9.591	-6980.634	0.447	0.69	447.22	2.244
2200		2.117	-6990.226	-9.591	-6980.634	0.447	0.69	447.22	2.244
2210		2.127	-6990.226	-9.591	-6980.634	0.447	0.69	447.22	2.244
2220		2.136	-6990.226	-9.591	-6980.634	0.447	0.69	447.22	2.244
2230		2.146	-6990.226	-9.591	-6980.634	0.447	0.69	447.22	2.244
2240		2.155	-6990.226	-9.591	-6980.634	0.447	0.69	447.22	2.244
2250		2.165	-6990.226	-9.591	-6980.634	0.447	0.69	447.22	2.244
2260		2.175	-6990.226	-9.591	-6980.634	0.447	0.69	447.22	2.244
2270		2.184	-6990.226	-9.591	-6980.634	0.447	0.69	447.22	2.244
2280		2.194	-6990.226	-9.591	-6980.634	0.447	0.69	447.22	2.244
2290		2.203	-6990.226	-9.591	-6980.634	0.447	0.69	447.22	2.244
2300		2.213	-6990.226	-9.591	-6980.634	0.447	0.69	447.22	2.244
2310		2.223	-6990.226	-9.591	-6980.634	0.447	0.69	447.22	2.244
2320		2.232	-6990.226	-9.591	-6980.634	0.447	0.69	447.22	2.244
2330		2.242	-6990.226	-9.591	-6980.634	0.447	0.69	447.22	2.244
2340		2.252	-6990.226	-9.591	-6980.634	0.447	0.69	447.22	2.244
2350		2.261	-6990.226	-9.591	-6980.634	0.447	0.69	447.22	2.244
2360		2.271	-6990.226	-9.591	-6980.634	0.447	0.69	447.22	2.244
2370		2.281	-6990.226	-9.591	-6980.634	0.447	0.69	447.22	2.244
2380		2.29	-6990.226	-9.591	-6980.634	0.447	0.69	447.22	2.244
2390		2.3	-6990.226	-9.591	-6980.634	0.447	0.69	447.22	2.244
2400		2.31	-6990.226	-9.591	-6980.634	0.447	0.69	447.22	2.244
2410		2.319	-6990.226	-9.591	-6980.634	0.447	0.69	447.22	2.244
2420		2.329	-6990.226	-9.591	-6980.634	0.447	0.69	447.22	2.244
2430		2.339	-6990.226	-9.591	-6980.634	0.447	0.69	447.22	2.244
2440		2.348	-6990.226	-9.591	-6980.634	0.447	0.69	447.22	2.244
2450		2.358	-6990.226	-9.591	-6980.634	0.447	0.69	447.22	2.244
2460		2.368	-6990.226	-9.591	-6980.634	0.447	0.69	447.22	2.244
2470		2.377	-6990.226	-9.591	-6980.634	0.447	0.69	447.22	2.244
2480		2.387	-6990.226	-9.591	-6980.634	0.447	0.69	447.22	2.244
2490		2.397	-6990.226	-9.591	-6980.634	0.447	0.69	447.22	2.244
2500		2.406	-6990.226	-9.591	-6980.634	0.447	0.69	447.22	2.244
2510		2.416	-6990.226	-9.591	-6980.634	0.447	0.69	447.22	2.244
2520		2.426	-6990.226	-9.591	-6980.634	0.447	0.69	447.22	2.244
2530		2.435	-6990.226	-9.591	-6980.634	0.447	0.69	447.22	2.244
2540		2.445	-6990.226	-9.591	-6980.634	0.447	0.69	447.22	2.244
2550		2.455	-6990.226	-9.591	-6980.634	0.447	0.69	447.22	2.244
2560		2.464	-6990.226	-9.591	-6980.634	0.447	0.69	447.22	2.244
2570		2.474	-6990.226	-9.591	-6980.634	0.447	0.69	447.22	2.244
2580		2.484	-6990.226	-9.591	-6980.634	0.447	0.69	447.22	2.244
2590		2.493	-6990.226	-9.591	-6980.634	0.447	0.69	447.22	2.244
2600		2.503	-6990.226	-9.591	-6980.634	0.447	0.69	447.22	2.244
2610		2.513	-6990.226	-9.591	-6980.634	0.447	0.69	447.22	2.244
2620		2.522	-6990.226	-9.591	-6980.634	0.447	0.69	447.22	2.244
2630		2.532	-6990.226	-9.591	-6980.634	0.447	0.69	447.22	2.244
2640		2.541	-6990.226	-9.591	-6980.634	0.447	0.69	447.22	2.244
2650		2.551	-6990.226	-9.591	-6980.634	0.447	0.69	447.22	2.244
2660		2.56	-6990.226	-9.591	-6980.634	0.447	0.69	447.22	2.244
2670		2.57	-6990.226	-9.591	-6980.634	0.447	0.69	447.22	2.244
2680		2.579	-6990.226	-9.591	-6980.634	0.447	0.69	447.22	2.244
2690		2.589	-6990.226	-9.591	-6980.634	0.447	0.69	447.22	2.244
2700		2.598	-6990.226	-9.591	-6980.634	0.447	0.69	447.22	2.244
2710		2.608	-6990.226	-9.591	-6980.634	0.447	0.69	447.22	2.244
2720		2.617	-6990.226	-9.591	-6980.634	0.447	0.69	447.22	2.244
2730		2.627	-6990.226	-9.591	-6980.634	0.447	0.69	447.22	2.244
2740		2.636	-6990.226	-9.591	-6980.634	0.447	0.69	447.22	2.244
2750		2.646	-6990.226	-9.591	-6980.634	0.447	0.69	447.22	2.244
2760		2.656	-6990.226	-9.591	-6980.634	0.447	0.69	447.22	2.244
2770		2.665	-6990.226	-9.591	-6980.634	0.447	0.69	447.22	2.244
2780		2.675	-6990.226	-9.591	-6980.634	0.447	0.69	447.22	2.244
2790		2.684	-6990.226	-9.591	-6980.634	0.447	0.69	447.22	2.244
2800		2.694	-6990.226	-9.591	-6980.634	0.447	0.69	447.22	2.244
2810		2.703	-6990.226	-9.591	-6980.634	0.447	0.69	447.22	2.244
2820		2.713	-6990.226	-9.591	-6980.634	0.447	0.69	447.22	2.244
2830		2.722	-6990.226	-9.591	-6980.634	0.447	0.69	447.22	2.244
2840		2.732	-6990.226	-9.591	-6980.634	0.447	0.69	447.22	2.244
2850		2.741	-6990.226	-9.591	-6980.634	0.447	0.69	447.22	2.244
2860		2.751	-6990.226	-9.591	-6980.634	0.447	0.69	447.22	2.244
2870		2.761	-6990.226	-9.591	-6980.634	0.447	0.69	447.22	2.244
2880		2.77	-6990.226	-9.591	-6980.634	0.447	0.69	447.22	2.244
2890		2.78	-6990.226	-9.591	-6980.634	0.447	0.69	447.22	2.244
2900		2.79	-6990.226	-9.591	-6980.634	0.447	0.69	447.22	2.244
2910		2.799	-6990.226	-9.591	-6980.634	0.447	0.69	447.22	2.244
2920		2.809	-6990.226	-9.591	-6980.634	0.447	0.69	447.22	2.244
2930		2.819	-6990.226	-9.591	-6980.634	0.447	0.69	447.22	2.244
2940		2.828	-6990.226	-9.591	-6980.634	0.447	0.69	447.22	2.244
2950		2.838	-6990.226	-9.591	-6980.634	0.447	0.69	447.22	2.244
2960		2.848	-6990.226	-9.591	-6980.634	0.447	0.69	447.22	2.244
2970		2.857	-6990.226	-9.591	-6980.634	0.447	0.69	447.22	2.244
2980		2.867	-6990.226	-9.591	-6980.634	0.447	0.69	447.22	2.244
2990		2.876	-6990.226	-9.591	-6980.634	0.447	0.69	447.22	2.244
3000		2.886	-6990.226	-9.591	-6980.634	0.447	0.69	447.22	2.244
3010		2.896	-6990.226	-9.591	-6980.634	0.447	0.69	447.22	2.244
3020		2.905	-6990.226	-9.591	-6980.634	0.447	0.69	447.22	2.244
3030		2.915	-6990.226	-9.591	-6980.634	0.447	0.69	447.22	2.244
3040		2.924	-6990.226	-9.591	-6980.634	0.447	0.69	447.22	2.244
3050		2.934	-6990.226	-9.591	-6980.634	0.447	0.69	447.22	2.244
3060		2.944	-6990.226	-9.591	-6980.634	0.447	0.69	447.22	2.244
3070		2.953	-6990.226	-9.591	-6980.634	0.447	0.69	447.22	2.244
3080		2.963	-6990.226	-9.591	-6980.634	0.447	0.69	447.22	2.244
3090		2.973	-6990.226	-9.591	-6980.634	0.447	0.69	447.22	2.244
3100		2.982	-6990.226	-9.591	-6980.634	0.447	0.69	447.22	2.244
3110		2.992	-6990.226	-9.591	-6980.634	0.447	0.69	447.22	2.244
3120		3.002	-6990.226	-9.591	-6980.634	0.447	0.69	447.22	2.244
3130		3.011	-6990.226	-9.591	-6980.634	0.447	0.69	447.22	2.244
3140		3.021	-6990.226	-9.591	-6980.634	0.447	0.69	447.22	2.244
3150		3.03	-6990.226	-9.591	-6980.634	0.447	0.69	447.22	2.244
3160		3.04	-6990.226	-9.591	-6980.634	0.447	0.69	447.22	2.244
3170		3.049	-6990.226	-9.591	-6980.634	0.447	0.69	447.22	2.244
3180		3.059	-6990.226	-9.591	-6980.634	0.447	0.69	447.22	2.244
3190		3.069	-6990.226	-9.591	-6980.634	0.447	0.69	447.22	2.244
3200		3.078	-6990.226	-9.591	-6980.634	0.447	0.69	447.22	2.244
3210		3.088	-6990.226	-9.591	-6980.634	0.447	0.69	447.22	2.244
3220		3.097	-6990.226	-9.591	-6980.634	0.447	0.69	447.22	2.244
3230		3.107	-6990.226	-9.591	-6980.634	0.447	0.69	447.22	2.244
3240		3.117	-6990.226	-9.591	-6980.634	0.447	0.69	447.22	2.244
3250		3.126	-6990.226	-9.591	-6980.634	0.447	0.69	447.22	2.244
3260		3.136	-6990.226	-9.591	-6980.634	0.447	0.69	447.22	2.244
3270		3.145	-6990.226	-9.591	-6980.634	0.447	0.69	447.22	2.244
3280		3.155	-6990.226	-9.591	-6980.634	0.447	0.69	447.22	2.244
3290		3.165	-6990.226	-9.591	-6980.634	0.447	0.69	447.22	2.244
3300		3.174	-6990.226	-9.591	-6980.634	0.447	0.69	447.22	2.244
3310		3.184	-6990.226	-9.591	-6980.634	0.447	0.69	447.22	2.244
3320		3.193	-6990.226	-9.591	-6980.634	0.447	0.69	447.22	2.244
3330		3.203	-6990.226	-9.591	-6980.634	0.447	0.69	447.22	2.244
3340		3.212	-6990.226	-9.591	-6980.634	0.447	0.69	447.22	2.244
3350		3.222	-6990.226	-9.591	-6980.634	0.447	0.69	447.22	2.244
3360		3.231	-6990.226	-9.591	-6980.634	0.447	0.69	447.22	2.244
3370		3.241	-6990.226	-9.591	-6980.634	0.447	0.69	447.22	2.244
3380		3.25	-6990.226	-9.591	-6980.634	0.447	0.69	447.22	2.244
3390		3.26	-6990.226	-9.591	-6980.634	0.447	0.69	447.22	2.244
3400		3.27	-6990.226	-9.591	-6980.634	0.447	0.69	447.22	2.244
3410		3.279	-6990.226	-9.591	-6980.634	0.447	0.69	447.22	2.244
3420		3.289	-6990.226	-9.591	-6980.634	0.447	0.69	447.22	2.244
3430		3.298	-6990.226	-9.591	-6980.634	0.447	0.69	447.22	2.244
3440		3.308	-6990.226	-9.591	-6980.634	0.447	0.69	447.22	2.244
3450		3.317	-6990.226	-9.591	-6980.634	0.447	0.69	447.22	2.244
3460		3.327	-6990.226	-9.591	-6980.634	0.447	0.69	447.22	2.244
3470		3.337	-6990.226	-9.591	-6980.634	0.447	0.69	447.22	2.244
3480		3.346	-6990.226	-9.591	-6980.634	0.447	0.69	447.22	2.244
3490		3.356	-6990.226	-9.591	-6980.634	0.447	0.69	447.22	2.244
3500		3.365	-6990.226	-9.591	-6980.634	0.447	0.69	447.22	2.244
3510		3.375	-6990.226	-9.591	-6980.634	0.447	0.69	447.22	2.244
3520		3.385	-6990.226	-9.591	-6980.634	0.447	0.69	447.22	2.244
3530		3.394	-6990.226	-9.591	-6980.634	0.447	0.69	447.22	2.244
3540		3.404	-6990.226	-9.591	-6980.634	0.447	0.69	447.22	2.244
3550		3.413	-6990.226	-9.591	-6980.634	0.447	0.69	447.22	2.244
3560		3.423	-6990.226	-9.591	-6980.634	0.447	0.69	447.22	2.244
3570		3.433	-6990.226	-9.591	-6980.634	0.447	0.69	447.22	2.244
3580		3.442	-6990.226	-9.591	-6980.634	0.447	0.69	447.22	2.244
3590		3.452	-6990.226	-9.591	-6980.634	0.447	0.69	447.22	2.244
3600		3.462	-6990.226	-9.591	-6980.634	0.447	0.69	447.22	2.244
3610		3.471	-6990.226	-9.591	-6980.634	0.447	0.69	447.22	2.244
3620		3.481	-6990.226	-9.591	-6980.634	0.447	0.69	447.22	2.244
3630		3.491	-6990.226	-9.591	-6980.634	0.447	0.69	447.22	2.244
3640		3.5	-6990.226	-9.591	-6980.634	0.447	0.69	447.22	2.244
3650		3.51	-6990.226	-9.591	-6980.634	0.447	0.69	447.22	2.244
3660		3.519	-6990.226	-9.591	-6980.634	0.447	0.69	447.22	2.244
3670		3.529	-6990.226	-9.591	-6980.634	0.447	0.69	447.22	2.244
3680		3.538	-6990.226	-9.591	-6980.634	0.447	0.69	447.22	2.244
3690		3.548	-6990.226	-9.591	-6980.634	0.447	0.69	447.22	2.244
3700		3.557	-6990.226	-9.591	-6980.634	0.447	0.69	447.22	2.244
3710		3.567	-6990.226	-9.591	-6980.634	0.447	0.69	447.22	2.244
3720		3.577	-6990.226	-9.591	-6980.634	0.447	0.69	447.22	2.244
3730		3.586	-6990.226	-9.591	-6980.634	0.447	0.69	447.22	2.244
3740		3.596	-6990.226	-9.591	-6980.634	0.447	0.69	447.22	2.244
3750		3.605	-6990.226	-9.591	-6980.634	0.447	0.69	447.22	2.244
3760		3.615	-6990.226	-9.591	-6980.634	0.447	0.69	447.22	2.244
3770		3.624	-6990.226	-9.591	-6980.634	0.447	0.69	447.22	2.244
3780		3.634	-6990.226	-9.591	-6980.634	0.447	0.69	447.22	2.244
3790		3.644	-6990.226	-9.591	-6980.634	0.447	0.69	447.22	2.244
3800		3.653	-6990.226	-9.591	-6980.634	0.447	0.69	447.22	2.244
3810		3.663	-6990.226	-9.591	-6980.634	0.447	0.69	447.22	2.244
3820		3.672	-6990.226	-9.591	-6980.634	0.447	0.69	447.22	2.244
3830		3.682	-6990.226	-9.591	-6980.634	0.447	0.69	447.22	2.244
3840		3.692	-6990.226	-9.591	-6980.634	0.447	0.69	447.22	2.244
3850		3.701	-6990.226	-9.591	-6980.634	0.447	0.69	447.22	2.244
3860		3.711	-6990.226	-9.591	-6980.634	0.447	0.69	447.22	2.244
3870		3.72	-6990.226	-9.591	-6980.634	0.447	0.69	447.22	2.244
3880		3.73	-6990.226	-9.591	-6980.634	0.447	0.69	447.22	2.244
3890		3.74	-6990.226	-9.591	-6980.634	0.447	0.69	447.22	2.244
3900		3.749	-6990.226	-9.591	-6980.634	0.447	0.69	447.22	2.244
3910		3.759	-6990.226	-9.591	-6980.634	0.447	0.69	447.22	2.244
3920		3.769	-6990.226	-9.591	-6980.634	0.447	0.69	447.22	2.244
3930		3.778	-6990.226	-9.591	-6980.634	0.447	0.69	447.22	2.244
3940		3.788	-6990.226	-9.591	-6980.634	0.447	0.69	447.22	2.244
3950		3.797	-6990.226	-9.591	-6980.634	0.447	0.69	447.22	2.244
3960		3.807	-6990.226	-9.591	-6980.634	0.447	0.69	447.22	2.244
3970		3.817	-6990.226	-9.591	-6980.634	0.447	0.69	447.22	2.244
3980		3.826	-6990.226	-9.591	-6980.634	0.447	0.69	447.22	2.244
3990		3.836	-6990.226	-9.591	-6980.634	0.447	0.69	447.22	2.244
4000		3.845	-6990.226	-9.591	-6980.634	0.447	0.69	447.22	2.244
4010		3.855	-6990.226	-9.591	-6980.634	0.447	0.69	447.22	2.244
4020		3.864	-6990.226	-9.591	-6980.634	0.447	0.69	447.22	2.244
4030		3.874	-6990.226	-9.591	-6980.634	0.447	0.69	447.22	2.244
4040		3.884	-6990.226	-9.591	-6980.634	0.447	0.69	447.22	2.244
4050		3.893	-6990.226	-9.591	-6980.634	0.447	0.69	447.22	2.244
4060		3.903	-6990.226	-9.591	-6980.634	0.447	0.69	447.22	2.244
4070		3.912	-6990.226	-9.591	-6980.634	0.447	0.69	447.22	2.244
4080		3.922	-6990.226	-9.591	-6980.634	0.447	0.69	447.22	2.244
4090		3.932	-6990.226	-9.591	-6980.634	0.447	0.69	447.22	2.244
4100		3.941	-6990.226	-9.591	-6980.634	0.447	0.69	447.22	2.244
4110		3.951	-6990.226	-9.591	-6980.634	0.447	0.69	447.22	2.244
4120		3.96	-6990.226	-9.591	-6980.634	0.447	0.69	447.22	2.244
4130		3.97	-6990.226	-9.591	-6980.634	0.447	0.69	447.22	2.244
4140		3.979	-6990.226	-9.591	-6980.634	0.447	0.69	447.22	2.244
4150		3.989	-6990.226	-9.591	-6980.634	0.447	0.69	447.22	2.244
4160		3.999	-6990.226	-9.591	-6980.634	0.447	0.69	447.22	2.244
4170		4.008	-6990.226	-9.591	-6980.634	0.447	0.69	447.22	2.244
4180		4.018	-6990.226	-9.591	-6980.634	0.447	0.69	447.22	2.244
4190		4.027	-6990.226	-9.591	-6980.634	0.447	0.69	447.22	2.244
4200		4.037	-6990.226	-9.591	-6980.634	0.447	0.69	447.22	2.244
4210		4.046	-6990.226	-9.591	-6980.634	0.447	0.69	447.22	2.244
4220		4.056	-6990.226	-9.591	-6980.634	0.447	0.69	447.22	2.244
4230		4.066	-6990.226	-9.591	-6980.634	0.447	0.69	447.22	2.244
4240		4.075	-6990.226	-9.591	-6980.634	0.447	0.69	447.22	2.244
4250		4.085	-6990.226	-9.591	-6980.634	0.447	0.69	447.22	2.244
4260		4.094	-6990.226	-9.591	-6980.634	0.447	0.69	447.22	2.244
4270		4.104	-6990.226	-9.591	-6980.634	0.447	0.69	447.22	2.244
4280		4.113	-6990.226	-9.591	-6980.634	0.447	0.69	447.22	2.244
4290		4.123	-6990.226	-9.591	-6980.634	0.447	0.69	447.22	2.244
4300		4.133	-6990.226	-9.591	-6980.634	0.447	0.69	447.22	2.244
4310		4.142	-6990.226	-9.591	-6980.634	0.447	0.69	447.22	2.244
4320		4.152	-6990.226	-9.591	-6980.634	0.447	0.69	447.22	2.244
4330		4.161	-6990.226	-9.591	-6980.634	0.447	0.69	447.22	2.244
4340		4.171	-6990.226	-9.591	-6980.634	0.447	0.69	447.22	2.244
4350		4.18	-6990.226	-9.591	-6980.634	0.447	0.69	447.22	2.244
4360		4.19	-6990.226	-9.591	-6980.634	0.447	0.69	447.22	2.244
4370		4.199	-6990.226	-9.591	-6980.634	0.447	0.69	447.22	2.244
4380		4.209	-6990.226	-9.591	-6980.634	0.447	0.69	447.22	2.244
4390		4.219	-6990.226	-9.591	-6980.634	0.447	0.69	447.22	2.244
4400		4.228	-6990.226	-9.591	-6980.634	0.447	0.69	447.22	2.244
4410		4.238	-6990.226	-9.591	-6980.634	0.447	0.69	447.22	2.244
4420		4.247	-6990.226	-9.591	-6980.634	0.447	0.69	447.22	2.244
4430		4.257	-6990.226	-9.591	-6980.634	0.447	0.69	447.22	2.244
4440		4.266	-6990.226	-9.591	-6980.634	0.447	0.69	447.22	2.244
4450		4.276	-6990.226	-9.591	-6980.634	0.447	0.69	447.22	2.244
4460		4.286	-6990.226	-9.591	-6980.634	0.447	0.69	447.22	2.244
4470		4.295	-6990.226	-9.591	-6980.634	0.447	0.69	447.22	2.244
4480		4.305	-6990.226	-9.591	-6980.634	0.447	0.69	447.22	2.244
4490		4.315	-6990.226	-9.591	-6980.634	0.447	0.69	447.22	2.244
