iter	hours	log_posterior	log_prior	loglik	missing	mixture	scale	shape
0		0.001	-3908.41	-7.396	-3901.014	0.312	0.192	448.771	1.345
10		0.011	-3878.661	-8.013	-3870.648	0.353	0.253	453.914	1.361
20		0.021	-3858.246	-6.901	-3851.345	0.293	0.276	449.603	1.52
30		0.031	-3781.364	-5.675	-3775.689	0.179	0.438	449.045	1.661
40		0.041	-3703.653	-6.359	-3697.294	0.266	0.63	441.671	1.825
50		0.051	-3663.245	-6.465	-3656.78	0.267	0.768	447.527	1.731
60		0.061	-3637.839	-6.06	-3631.779	0.221	0.861	450.945	1.712
70		0.071	-3605.602	-6.22	-3599.382	0.203	0.992	454.61	1.678
80		0.081	-3603.008	-6.507	-3596.501	0.225	0.997	454.405	1.727
90		0.091	-3602.363	-7.035	-3595.328	0.284	0.995	449.326	1.746
100		0.1	-3602.999	-7.247	-3595.752	0.307	0.988	449.195	1.825
110		0.11	-3602.869	-7.202	-3595.667	0.298	0.993	450.782	1.759
120		0.12	-3600.366	-7.161	-3593.204	0.297	0.992	448.738	1.907
130		0.13	-3596.112	-7.074	-3589.039	0.296	0.986	444.514	1.964
140		0.14	-3593.28	-7.078	-3586.203	0.285	0.996	444.234	2.002
150		0.15	-3594.581	-7.281	-3587.3	0.305	0.993	445.528	1.974
160		0.16	-3594.581	-7.281	-3587.3	0.305	0.993	445.528	1.974
170		0.17	-3595.708	-7.694	-3588.014	0.32	0.999	451.055	1.925
180		0.18	-3596.752	-7.728	-3589.025	0.329	0.996	452.178	1.936
190		0.19	-3596.765	-7.893	-3588.871	0.343	0.995	450.78	1.927
200		0.2	-3596.346	-8.018	-3588.327	0.354	0.991	448.015	1.988
210		0.21	-3595.248	-7.565	-3587.682	0.321	0.994	447.341	2.041
220		0.22	-3595.248	-7.565	-3587.682	0.321	0.994	447.341	2.041
230		0.23	-3594.934	-7.799	-3587.136	0.329	0.997	447.805	2.11
240		0.24	-3594.934	-7.799	-3587.136	0.329	0.997	447.805	2.11
250		0.25	-3594.934	-7.799	-3587.136	0.329	0.997	447.805	2.11
260		0.26	-3594.504	-7.379	-3587.125	0.3	0.996	445.352	2.145
270		0.27	-3594.504	-7.379	-3587.125	0.3	0.996	445.352	2.145
280		0.28	-3594.504	-7.379	-3587.125	0.3	0.996	445.352	2.145
290		0.29	-3595.138	-7.417	-3587.72	0.31	0.992	444.036	2.116
300		0.3	-3592.087	-7.632	-3584.455	0.306	1.0	440.933	2.103
310		0.31	-3592.087	-7.632	-3584.455	0.306	1.0	440.933	2.103
320		0.32	-3592.087	-7.632	-3584.455	0.306	1.0	440.933	2.103
330		0.33	-3594.317	-7.173	-3587.144	0.3	0.991	442.881	2.011
340		0.339	-3593.563	-7.368	-3586.195	0.312	0.994	441.893	2.011
350		0.349	-3593.54	-6.978	-3586.562	0.296	0.985	436.849	1.897
360		0.359	-3589.05	-7.545	-3581.505	0.323	0.998	433.063	1.909
370		0.368	-3589.05	-7.545	-3581.505	0.323	0.998	433.063	1.909
380		0.378	-3589.923	-7.455	-3582.467	0.326	0.995	432.366	1.846
390		0.388	-3589.832	-7.173	-3582.659	0.309	0.994	430.041	1.85
400		0.398	-3588.506	-7.192	-3581.313	0.29	0.999	431.592	1.877
410		0.408	-3588.506	-7.192	-3581.313	0.29	0.999	431.592	1.877
420		0.417	-3588.227	-6.108	-3582.119	0.204	0.997	430.114	1.918
430		0.428	-3588.227	-6.108	-3582.119	0.204	0.997	430.114	1.918
440		0.438	-3588.587	-6.548	-3582.039	0.247	0.998	432.341	1.88
450		0.447	-3588.587	-6.548	-3582.039	0.247	0.998	432.341	1.88
460		0.457	-3588.587	-6.548	-3582.039	0.247	0.998	432.341	1.88
470		0.467	-3588.587	-6.548	-3582.039	0.247	0.998	432.341	1.88
480		0.477	-3588.364	-6.859	-3581.506	0.28	0.996	430.178	1.876
490		0.486	-3588.312	-6.815	-3581.496	0.258	0.999	431.862	1.9
500		0.496	-3588.312	-6.815	-3581.496	0.258	0.999	431.862	1.9
510		0.506	-3588.263	-6.571	-3581.691	0.243	0.999	431.481	1.849
520		0.516	-3588.263	-6.571	-3581.691	0.243	0.999	431.481	1.849
530		0.526	-3588.29	-6.721	-3581.57	0.261	0.998	432.469	1.877
540		0.535	-3590.207	-6.679	-3583.528	0.27	0.991	431.961	1.938
550		0.545	-3591.252	-7.132	-3584.119	0.309	0.987	431.185	1.937
560		0.555	-3589.139	-7.931	-3581.209	0.351	0.997	430.669	2.011
570		0.565	-3589.139	-7.931	-3581.209	0.351	0.997	430.669	2.011
580		0.575	-3588.912	-7.695	-3581.216	0.344	0.993	428.205	1.977
590		0.585	-3588.041	-7.445	-3580.596	0.304	1.0	428.001	2.063
600		0.594	-3589.256	-7.007	-3582.248	0.295	0.993	429.172	1.969
610		0.604	-3588.103	-6.994	-3581.109	0.292	0.997	427.829	1.883
620		0.614	-3588.103	-6.994	-3581.109	0.292	0.997	427.829	1.883
630		0.624	-3587.872	-7.26	-3580.612	0.293	1.0	427.76	1.778
640		0.634	-3587.872	-7.26	-3580.612	0.293	1.0	427.76	1.778
650		0.644	-3587.531	-7.139	-3580.392	0.301	0.998	425.515	1.816
660		0.654	-3587.329	-7.075	-3580.254	0.303	0.995	425.402	1.871
670		0.664	-3587.476	-7.74	-3579.737	0.329	1.0	427.569	1.892
680		0.674	-3587.476	-7.74	-3579.737	0.329	1.0	427.569	1.892
690		0.684	-3587.63	-7.16	-3580.47	0.311	0.993	424.799	1.914
700		0.694	-3588.814	-7.283	-3581.531	0.313	0.996	428.549	1.939
710		0.704	-3587.423	-8.066	-3579.357	0.367	0.997	422.83	1.832
720		0.714	-3585.386	-7.469	-3577.917	0.338	0.991	416.992	1.926
730		0.724	-3583.667	-6.621	-3577.045	0.263	0.998	415.868	1.907
740		0.734	-3582.985	-6.601	-3576.384	0.273	0.995	412.773	1.909
750		0.744	-3583.443	-6.036	-3577.407	0.22	0.993	414.33	1.924
760		0.754	-3581.461	-6.529	-3574.932	0.253	0.999	411.025	1.904
770		0.764	-3580.741	-6.263	-3574.479	0.225	0.999	408.566	1.937
780		0.774	-3579.907	-6.134	-3573.773	0.193	1.0	408.345	1.924
790		0.784	-3581.379	-5.605	-3575.773	0.149	0.996	410.044	1.903
800		0.794	-3581.809	-5.703	-3576.106	0.186	0.991	409.83	1.874
810		0.803	-3581.809	-5.703	-3576.106	0.186	0.991	409.83	1.874
820		0.813	-3579.119	-5.689	-3573.43	0.155	0.999	403.112	1.885
830		0.823	-3579.119	-5.689	-3573.43	0.155	0.999	403.112	1.885
840		0.832	-3579.115	-5.491	-3573.624	0.117	0.995	401.578	1.894
850		0.842	-3579.115	-5.491	-3573.624	0.117	0.995	401.578	1.894
860		0.852	-3577.954	-5.514	-3572.44	0.098	0.995	398.895	1.872
870		0.862	-3577.954	-5.514	-3572.44	0.098	0.995	398.895	1.872
880		0.872	-3582.673	-5.37	-3577.303	0.092	0.973	396.431	1.722
890		0.881	-3575.34	-5.884	-3569.456	0.189	0.999	390.41	1.601
900		0.891	-3575.34	-5.884	-3569.456	0.189	0.999	390.41	1.601
910		0.901	-3574.661	-5.511	-3569.151	0.173	0.991	383.709	1.563
920		0.911	-3572.692	-5.406	-3567.286	0.14	0.996	383.047	1.638
930		0.921	-3572.812	-5.436	-3567.376	0.122	0.997	384.175	1.664
940		0.93	-3572.812	-5.436	-3567.376	0.122	0.997	384.175	1.664
950		0.94	-3573.375	-5.256	-3568.119	0.141	0.986	380.285	1.69
960		0.95	-3573.334	-5.393	-3567.94	0.1	0.994	384.697	1.725
970		0.96	-3573.334	-5.393	-3567.94	0.1	0.994	384.697	1.725
980		0.97	-3573.334	-5.393	-3567.94	0.1	0.994	384.697	1.725
990		0.98	-3571.776	-5.585	-3566.191	0.116	1.0	383.296	1.747
1000		0.99	-3571.776	-5.585	-3566.191	0.116	1.0	383.296	1.747
1010		1.0	-3572.097	-5.535	-3566.562	0.127	0.999	384.335	1.699
1020		1.009	-3573.438	-5.394	-3568.044	0.094	0.99	380.868	1.606
1030		1.019	-3571.972	-5.707	-3566.265	0.067	0.996	379.807	1.685
1040		1.029	-3572.834	-6.935	-3565.9	0.031	1.0	378.589	1.67
1050		1.039	-3573.044	-5.923	-3567.121	0.054	0.997	374.689	1.765
1060		1.049	-3571.783	-5.463	-3566.32	0.085	0.997	370.987	1.735
1070		1.059	-3571.783	-5.463	-3566.32	0.085	0.997	370.987	1.735
1080		1.069	-3568.474	-5.461	-3563.013	0.112	0.998	370.848	1.549
1090		1.079	-3568.069	-5.45	-3562.619	0.105	0.999	371.326	1.648
1100		1.089	-3573.855	-5.172	-3568.682	0.124	0.987	371.834	1.776
1110		1.098	-3571.042	-5.521	-3565.521	0.115	1.0	372.803	1.772
1120		1.108	-3572.205	-5.184	-3567.021	0.127	0.99	370.13	1.77
1130		1.118	-3567.806	-5.837	-3561.969	0.191	1.0	369.657	1.629
1140		1.128	-3566.79	-5.852	-3560.938	0.191	1.0	368.605	1.601
1150		1.138	-3566.79	-5.852	-3560.938	0.191	1.0	368.605	1.601
1160		1.148	-3566.79	-5.852	-3560.938	0.191	1.0	368.605	1.601
1170		1.157	-3567.252	-5.219	-3562.033	0.117	0.991	364.958	1.613
1180		1.167	-3567.997	-5.177	-3562.82	0.135	0.99	364.165	1.656
1190		1.177	-3567.874	-5.405	-3562.47	0.087	0.995	367.536	1.622
1200		1.187	-3568.089	-5.374	-3562.715	0.097	0.996	369.83	1.663
1210		1.196	-3568.089	-5.374	-3562.715	0.097	0.996	369.83	1.663
1220		1.206	-3566.604	-5.681	-3560.923	0.12	1.0	367.519	1.625
1230		1.216	-3566.604	-5.681	-3560.923	0.12	1.0	367.519	1.625
1240		1.226	-3566.604	-5.681	-3560.923	0.12	1.0	367.519	1.625
1250		1.235	-3566.604	-5.681	-3560.923	0.12	1.0	367.519	1.625
1260		1.245	-3566.604	-5.681	-3560.923	0.12	1.0	367.519	1.625
1270		1.255	-3566.693	-5.473	-3561.22	0.092	0.997	363.615	1.53
1280		1.265	-3566.693	-5.473	-3561.22	0.092	0.997	363.615	1.53
1290		1.275	-3567.273	-5.24	-3562.033	0.102	0.99	363.803	1.612
1300		1.285	-3567.273	-5.24	-3562.033	0.102	0.99	363.803	1.612
1310		1.295	-3567.618	-5.285	-3562.333	0.134	0.997	359.827	1.636
1320		1.305	-3567.313	-5.229	-3562.084	0.099	0.99	363.286	1.651
1330		1.315	-3568.964	-5.45	-3563.515	0.082	0.998	361.018	1.779
1340		1.325	-3568.164	-6.048	-3562.115	0.043	0.994	359.504	1.849
1350		1.335	-3568.164	-6.048	-3562.115	0.043	0.994	359.504	1.849
1360		1.345	-3570.43	-5.848	-3564.583	0.053	0.996	365.262	1.89
1370		1.355	-3570.967	-5.493	-3565.474	0.065	0.985	365.329	1.864
1380		1.365	-3568.447	-5.682	-3562.765	0.061	0.996	362.204	1.892
1390		1.374	-3568.447	-5.682	-3562.765	0.061	0.996	362.204	1.892
1400		1.384	-3569.12	-6.556	-3562.564	0.031	0.994	361.648	1.832
1410		1.394	-3569.12	-6.556	-3562.564	0.031	0.994	361.648	1.832
1420		1.404	-3570.312	-6.545	-3563.767	0.03	0.989	360.985	1.812
1430		1.414	-3570.312	-6.545	-3563.767	0.03	0.989	360.985	1.812
1440		1.424	-3565.028	-5.381	-3559.648	0.076	0.994	357.203	1.798
1450		1.434	-3565.028	-5.381	-3559.648	0.076	0.994	357.203	1.798
1460		1.444	-3565.028	-5.381	-3559.648	0.076	0.994	357.203	1.798
1470		1.454	-3565.028	-5.381	-3559.648	0.076	0.994	357.203	1.798
1480		1.464	-3565.614	-5.372	-3560.242	0.076	0.994	356.022	1.809
1490		1.473	-3565.934	-5.113	-3560.822	0.112	0.99	355.43	1.848
1500		1.483	-3565.449	-5.977	-3559.472	0.051	0.999	351.81	1.853
1510		1.493	-3566.197	-7.654	-3558.544	0.018	1.0	345.871	1.841
1520		1.503	-3566.197	-7.654	-3558.544	0.018	1.0	345.871	1.841
1530		1.513	-3566.197	-7.654	-3558.544	0.018	1.0	345.871	1.841
1540		1.523	-3565.233	-6.214	-3559.018	0.038	0.997	345.011	1.831
1550		1.533	-3568.042	-5.412	-3562.631	0.062	0.979	350.19	1.813
1560		1.542	-3563.094	-5.883	-3557.21	0.052	0.998	351.122	1.763
1570		1.552	-3566.734	-5.385	-3561.349	0.076	0.991	352.485	1.596
1580		1.562	-3564.44	-5.166	-3559.273	0.095	0.99	347.173	1.625
1590		1.572	-3567.026	-5.132	-3561.894	0.095	0.987	350.118	1.678
1600		1.581	-3562.189	-5.27	-3556.919	0.113	0.999	348.699	1.771
1610		1.591	-3562.189	-5.27	-3556.919	0.113	0.999	348.699	1.771
1620		1.601	-3564.514	-5.074	-3559.44	0.12	0.992	348.786	1.794
1630		1.611	-3565.513	-5.136	-3560.377	0.168	0.985	346.938	1.691
1640		1.621	-3564.59	-5.156	-3559.434	0.158	0.993	347.591	1.721
1650		1.631	-3563.617	-5.223	-3558.394	0.155	0.997	346.837	1.708
1660		1.641	-3563.617	-5.223	-3558.394	0.155	0.997	346.837	1.708
1670		1.651	-3561.58	-5.196	-3556.384	0.154	0.996	346.724	1.77
1680		1.661	-3562.115	-5.46	-3556.654	0.112	1.0	346.359	1.811
1690		1.671	-3562.115	-5.46	-3556.654	0.112	1.0	346.359	1.811
1700		1.681	-3562.115	-5.46	-3556.654	0.112	1.0	346.359	1.811
1710		1.69	-3563.08	-5.532	-3557.548	0.061	0.994	345.995	1.774
1720		1.7	-3564.441	-5.2	-3559.241	0.08	0.985	348.129	1.763
1730		1.71	-3561.971	-5.046	-3556.925	0.105	0.991	340.755	1.801
1740		1.72	-3560.107	-5.299	-3554.808	0.192	0.994	337.281	1.747
1750		1.73	-3561.368	-5.26	-3556.108	0.205	0.978	334.771	1.732
1760		1.74	-3559.028	-5.679	-3553.349	0.226	0.998	331.775	1.795
1770		1.749	-3556.821	-5.835	-3550.986	0.26	0.989	328.099	1.69
1780		1.759	-3556.646	-5.21	-3551.436	0.196	0.986	318.031	1.595
1790		1.769	-3552.999	-5.214	-3547.784	0.175	0.995	315.009	1.529
1800		1.779	-3553.431	-5.2	-3548.231	0.17	0.994	316.046	1.508
1810		1.789	-3553.628	-5.208	-3548.42	0.183	0.988	314.351	1.497
1820		1.799	-3555.552	-5.541	-3550.011	0.227	0.984	315.499	1.486
1830		1.809	-3553.18	-5.016	-3548.164	0.17	0.985	314.436	1.622
1840		1.819	-3551.538	-5.036	-3546.503	0.145	0.995	315.847	1.625
1850		1.829	-3551.538	-5.036	-3546.503	0.145	0.995	315.847	1.625
1860		1.838	-3551.538	-5.036	-3546.503	0.145	0.995	315.847	1.625
1870		1.848	-3551.538	-5.036	-3546.503	0.145	0.995	315.847	1.625
1880		1.858	-3552.077	-5.01	-3547.067	0.105	0.994	315.147	1.621
1890		1.868	-3553.171	-5.148	-3548.023	0.092	0.998	316.223	1.677
1900		1.878	-3555.187	-5.376	-3549.81	0.067	0.997	316.895	1.714
1910		1.888	-3553.783	-5.814	-3547.969	0.051	0.999	317.816	1.64
1920		1.898	-3553.783	-5.814	-3547.969	0.051	0.999	317.816	1.64
1930		1.907	-3553.209	-5.064	-3548.145	0.099	0.994	318.879	1.621
1940		1.917	-3554.734	-4.975	-3549.759	0.15	0.991	319.468	1.687
1950		1.927	-3552.872	-5.039	-3547.832	0.15	0.995	318.199	1.655
1960		1.937	-3552.872	-5.039	-3547.832	0.15	0.995	318.199	1.655
1970		1.947	-3550.939	-5.054	-3545.885	0.134	0.997	315.779	1.614
1980		1.957	-3550.939	-5.054	-3545.885	0.134	0.997	315.779	1.614
1990		1.967	-3550.939	-5.054	-3545.885	0.134	0.997	315.779	1.614
2000		1.977	-3551.132	-5.003	-3546.129	0.138	0.995	313.607	1.617
2010		1.987	-3552.197	-5.427	-3546.77	0.191	0.999	309.352	1.562
2020		1.997	-3551.442	-4.998	-3546.444	0.163	0.987	309.824	1.582
2030		2.007	-3551.442	-4.998	-3546.444	0.163	0.987	309.824	1.582
2040		2.016	-3551.442	-4.998	-3546.444	0.163	0.987	309.824	1.582
2050		2.026	-3554.07	-5.252	-3548.818	0.195	0.979	307.626	1.457
2060		2.036	-3550.414	-5.128	-3545.286	0.176	0.992	302.245	1.527
2070		2.046	-3551.14	-5.185	-3545.955	0.19	0.984	301.897	1.49
2080		2.056	-3548.329	-5.672	-3542.657	0.216	0.999	302.739	1.453
2090		2.066	-3548.329	-5.672	-3542.657	0.216	0.999	302.739	1.453
2100		2.076	-3548.329	-5.672	-3542.657	0.216	0.999	302.739	1.453
2110		2.086	-3548.921	-5.371	-3543.549	0.191	0.986	305.182	1.373
2120		2.096	-3546.915	-5.838	-3541.077	0.223	0.998	306.135	1.373
2130		2.106	-3546.915	-5.838	-3541.077	0.223	0.998	306.135	1.373
2140		2.116	-3546.915	-5.838	-3541.077	0.223	0.998	306.135	1.373
2150		2.126	-3546.915	-5.838	-3541.077	0.223	0.998	306.135	1.373
2160		2.136	-3546.915	-5.838	-3541.077	0.223	0.998	306.135	1.373
2170		2.146	-3546.915	-5.838	-3541.077	0.223	0.998	306.135	1.373
2180		2.155	-3546.915	-5.838	-3541.077	0.223	0.998	306.135	1.373
2190		2.165	-3546.915	-5.838	-3541.077	0.223	0.998	306.135	1.373
2200		2.175	-3546.39	-5.701	-3540.689	0.182	1.0	303.503	1.357
2210		2.185	-3546.39	-5.701	-3540.689	0.182	1.0	303.503	1.357
2220		2.195	-3546.39	-5.701	-3540.689	0.182	1.0	303.503	1.357
2230		2.205	-3546.39	-5.701	-3540.689	0.182	1.0	303.503	1.357
2240		2.215	-3546.39	-5.701	-3540.689	0.182	1.0	303.503	1.357
2250		2.225	-3545.496	-5.354	-3540.142	0.158	0.996	298.427	1.334
2260		2.235	-3544.398	-5.478	-3538.92	0.169	0.998	298.961	1.344
2270		2.245	-3544.398	-5.478	-3538.92	0.169	0.998	298.961	1.344
2280		2.255	-3544.398	-5.478	-3538.92	0.169	0.998	298.961	1.344
2290		2.264	-3551.886	-4.908	-3546.978	0.138	0.984	301.655	1.537
2300		2.274	-3549.864	-5.386	-3544.477	0.119	1.0	303.56	1.535
2310		2.284	-3549.344	-5.449	-3543.895	0.087	1.0	302.801	1.494
2320		2.294	-3549.344	-5.449	-3543.895	0.087	1.0	302.801	1.494
2330		2.304	-3549.344	-5.449	-3543.895	0.087	1.0	302.801	1.494
2340		2.314	-3549.344	-5.449	-3543.895	0.087	1.0	302.801	1.494
2350		2.324	-3548.598	-5.278	-3543.32	0.119	0.998	303.906	1.413
2360		2.334	-3547.871	-5.096	-3542.775	0.106	0.994	298.413	1.448
2370		2.343	-3546.462	-5.135	-3541.327	0.116	0.993	294.745	1.391
2380		2.353	-3544.222	-5.561	-3538.661	0.078	0.998	293.333	1.318
2390		2.363	-3544.222	-5.561	-3538.661	0.078	0.998	293.333	1.318
2400		2.373	-3544.222	-5.561	-3538.661	0.078	0.998	293.333	1.318
2410		2.383	-3544.222	-5.561	-3538.661	0.078	0.998	293.333	1.318
2420		2.393	-3544.222	-5.561	-3538.661	0.078	0.998	293.333	1.318
2430		2.403	-3543.533	-5.728	-3537.805	0.079	0.999	291.637	1.301
2440		2.413	-3543.533	-5.728	-3537.805	0.079	0.999	291.637	1.301
2450		2.422	-3543.533	-5.728	-3537.805	0.079	0.999	291.637	1.301
2460		2.432	-3544.791	-5.57	-3539.221	0.085	0.998	293.688	1.286
2470		2.442	-3544.508	-5.452	-3539.057	0.102	0.998	294.403	1.296
2480		2.452	-3545.116	-5.244	-3539.872	0.116	0.994	295.212	1.33
2490		2.462	-3545.116	-5.244	-3539.872	0.116	0.994	295.212	1.33
2500		2.472	-3542.959	-5.649	-3537.309	0.181	0.999	291.571	1.285
2510		2.482	-3542.959	-5.649	-3537.309	0.181	0.999	291.571	1.285
2520		2.492	-3542.959	-5.649	-3537.309	0.181	0.999	291.571	1.285
2530		2.501	-3542.959	-5.649	-3537.309	0.181	0.999	291.571	1.285
2540		2.511	-3542.959	-5.649	-3537.309	0.181	0.999	291.571	1.285
2550		2.521	-3542.959	-5.649	-3537.309	0.181	0.999	291.571	1.285
2560		2.531	-3543.148	-5.944	-3537.203	0.207	0.999	288.664	1.244
2570		2.541	-3541.871	-5.762	-3536.109	0.198	0.998	287.476	1.273
2580		2.551	-3541.871	-5.762	-3536.109	0.198	0.998	287.476	1.273
2590		2.561	-3541.871	-5.762	-3536.109	0.198	0.998	287.476	1.273
2600		2.57	-3542.22	-5.656	-3536.564	0.193	0.996	287.132	1.265
2610		2.58	-3542.22	-5.656	-3536.564	0.193	0.996	287.132	1.265
2620		2.59	-3542.22	-5.656	-3536.564	0.193	0.996	287.132	1.265
2630		2.6	-3542.292	-5.91	-3536.382	0.233	0.995	285.854	1.287
2640		2.61	-3541.96	-5.58	-3536.38	0.18	0.996	285.706	1.255
2650		2.62	-3540.815	-5.583	-3535.232	0.188	0.996	283.252	1.272
2660		2.63	-3540.815	-5.583	-3535.232	0.188	0.996	283.252	1.272
2670		2.639	-3540.815	-5.583	-3535.232	0.188	0.996	283.252	1.272
2680		2.649	-3540.815	-5.583	-3535.232	0.188	0.996	283.252	1.272
2690		2.659	-3540.815	-5.583	-3535.232	0.188	0.996	283.252	1.272
2700		2.669	-3540.815	-5.583	-3535.232	0.188	0.996	283.252	1.272
2710		2.679	-3540.815	-5.583	-3535.232	0.188	0.996	283.252	1.272
2720		2.688	-3540.705	-5.773	-3534.932	0.186	0.999	281.045	1.227
2730		2.698	-3540.705	-5.773	-3534.932	0.186	0.999	281.045	1.227
2740		2.708	-3540.705	-5.773	-3534.932	0.186	0.999	281.045	1.227
2750		2.718	-3542.715	-5.331	-3537.384	0.145	0.99	284.072	1.256
2760		2.728	-3540.782	-5.719	-3535.063	0.152	0.999	280.992	1.221
2770		2.738	-3540.782	-5.719	-3535.063	0.152	0.999	280.992	1.221
2780		2.748	-3540.637	-5.515	-3535.122	0.138	0.998	283.014	1.241
2790		2.758	-3540.637	-5.515	-3535.122	0.138	0.998	283.014	1.241
2800		2.768	-3541.526	-5.435	-3536.092	0.131	0.996	283.252	1.241
2810		2.778	-3540.456	-5.749	-3534.706	0.191	0.998	282.388	1.24
2820		2.787	-3540.456	-5.749	-3534.706	0.191	0.998	282.388	1.24
2830		2.798	-3540.456	-5.749	-3534.706	0.191	0.998	282.388	1.24
2840		2.808	-3540.456	-5.749	-3534.706	0.191	0.998	282.388	1.24
2850		2.818	-3540.456	-5.749	-3534.706	0.191	0.998	282.388	1.24
2860		2.828	-3540.456	-5.749	-3534.706	0.191	0.998	282.388	1.24
2870		2.839	-3540.456	-5.749	-3534.706	0.191	0.998	282.388	1.24
2880		2.849	-3540.456	-5.749	-3534.706	0.191	0.998	282.388	1.24
2890		2.859	-3540.456	-5.749	-3534.706	0.191	0.998	282.388	1.24
2900		2.869	-3541.291	-5.72	-3535.572	0.172	0.999	281.577	1.217
2910		2.878	-3541.291	-5.72	-3535.572	0.172	0.999	281.577	1.217
2920		2.888	-3541.291	-5.72	-3535.572	0.172	0.999	281.577	1.217
2930		2.898	-3541.291	-5.72	-3535.572	0.172	0.999	281.577	1.217
2940		2.908	-3541.291	-5.72	-3535.572	0.172	0.999	281.577	1.217
2950		2.918	-3541.291	-5.72	-3535.572	0.172	0.999	281.577	1.217
2960		2.928	-3541.766	-5.565	-3536.202	0.193	0.989	280.751	1.247
2970		2.938	-3544.502	-5.608	-3538.895	0.213	0.976	280.32	1.266
2980		2.947	-3546.824	-5.858	-3540.965	0.235	0.986	280.504	1.264
2990		2.957	-3545.06	-6.132	-3538.928	0.237	0.989	279.366	1.17
3000		2.967	-3541.442	-5.843	-3535.598	0.193	0.999	282.436	1.229
3010		2.977	-3541.336	-5.854	-3535.482	0.206	0.998	284.301	1.253
3020		2.987	-3541.564	-5.763	-3535.801	0.205	0.997	284.137	1.27
3030		2.996	-3541.564	-5.763	-3535.801	0.205	0.997	284.137	1.27
3040		3.006	-3541.564	-5.763	-3535.801	0.205	0.997	284.137	1.27
3050		3.016	-3541.564	-5.763	-3535.801	0.205	0.997	284.137	1.27
3060		3.026	-3541.564	-5.763	-3535.801	0.205	0.997	284.137	1.27
3070		3.035	-3541.098	-6.03	-3535.067	0.207	1.0	282.53	1.247
3080		3.045	-3542.859	-5.56	-3537.298	0.188	0.989	282.214	1.239
3090		3.055	-3542.568	-5.64	-3536.928	0.163	0.999	285.285	1.237
3100		3.065	-3542.905	-5.555	-3537.349	0.192	0.991	285.391	1.266
3110		3.075	-3542.905	-5.555	-3537.349	0.192	0.991	285.391	1.266
3120		3.085	-3542.905	-5.555	-3537.349	0.192	0.991	285.391	1.266
3130		3.095	-3542.049	-5.766	-3536.283	0.201	0.998	287.174	1.267
3140		3.105	-3541.82	-5.945	-3535.875	0.216	0.999	286.98	1.279
3150		3.114	-3542.534	-5.613	-3536.922	0.192	0.996	285.672	1.276
3160		3.125	-3542.938	-5.618	-3537.32	0.178	0.996	285.272	1.237
3170		3.134	-3541.199	-5.444	-3535.755	0.114	0.997	282.298	1.247
3180		3.144	-3541.199	-5.444	-3535.755	0.114	0.997	282.298	1.247
3190		3.154	-3541.199	-5.444	-3535.755	0.114	0.997	282.298	1.247
3200		3.164	-3541.199	-5.444	-3535.755	0.114	0.997	282.298	1.247
3210		3.174	-3542.608	-5.334	-3537.274	0.125	0.987	278.942	1.225
3220		3.184	-3543.291	-5.787	-3537.503	0.06	0.989	279.273	1.239
3230		3.194	-3543.18	-5.324	-3537.855	0.106	0.987	281.492	1.247
3240		3.204	-3546.902	-5.404	-3541.498	0.171	0.983	289.443	1.252
3250		3.214	-3546.939	-5.416	-3541.523	0.196	0.973	288.451	1.299
3260		3.224	-3545.638	-5.708	-3539.93	0.208	0.99	289.065	1.248
3270		3.234	-3544.73	-5.158	-3539.573	0.121	0.982	287.344	1.305
3280		3.244	-3542.956	-5.424	-3537.532	0.092	0.995	286.833	1.276
3290		3.253	-3542.956	-5.424	-3537.532	0.092	0.995	286.833	1.276
3300		3.263	-3542.956	-5.424	-3537.532	0.092	0.995	286.833	1.276
3310		3.273	-3542.956	-5.424	-3537.532	0.092	0.995	286.833	1.276
3320		3.283	-3542.956	-5.424	-3537.532	0.092	0.995	286.833	1.276
3330		3.293	-3544.148	-5.461	-3538.687	0.098	0.999	288.025	1.319
3340		3.302	-3544.952	-5.304	-3539.648	0.172	0.983	288.706	1.304
3350		3.312	-3542.248	-6.302	-3535.946	0.247	0.999	286.186	1.251
3360		3.322	-3541.309	-6.233	-3535.077	0.233	1.0	283.424	1.25
3370		3.332	-3540.901	-5.728	-3535.173	0.195	0.998	283.919	1.261
3380		3.342	-3540.901	-5.728	-3535.173	0.195	0.998	283.919	1.261
3390		3.351	-3541.342	-5.793	-3535.548	0.208	0.997	285.488	1.267
3400		3.361	-3541.342	-5.793	-3535.548	0.208	0.997	285.488	1.267
3410		3.371	-3541.342	-5.793	-3535.548	0.208	0.997	285.488	1.267
3420		3.381	-3541.342	-5.793	-3535.548	0.208	0.997	285.488	1.267
3430		3.39	-3546.07	-5.582	-3540.488	0.207	0.991	289.005	1.313
3440		3.4	-3541.918	-5.779	-3536.139	0.218	0.996	288.775	1.305
3450		3.41	-3541.918	-5.779	-3536.139	0.218	0.996	288.775	1.305
3460		3.42	-3542.174	-5.959	-3536.215	0.213	1.0	289.305	1.296
3470		3.429	-3542.174	-5.959	-3536.215	0.213	1.0	289.305	1.296
3480		3.439	-3542.174	-5.959	-3536.215	0.213	1.0	289.305	1.296
3490		3.449	-3542.174	-5.959	-3536.215	0.213	1.0	289.305	1.296
3500		3.459	-3543.94	-5.432	-3538.508	0.163	0.996	292.933	1.287
3510		3.469	-3544.156	-5.591	-3538.564	0.127	1.0	294.782	1.304
3520		3.479	-3544.156	-5.591	-3538.564	0.127	1.0	294.782	1.304
3530		3.489	-3544.156	-5.591	-3538.564	0.127	1.0	294.782	1.304
3540		3.499	-3544.629	-5.377	-3539.251	0.127	0.997	295.758	1.298
3550		3.509	-3544.291	-5.439	-3538.852	0.17	0.993	291.995	1.276
3560		3.519	-3544.291	-5.439	-3538.852	0.17	0.993	291.995	1.276
3570		3.529	-3545.27	-5.419	-3539.851	0.164	0.988	285.488	1.238
3580		3.538	-3544.075	-5.367	-3538.708	0.117	0.992	287.055	1.244
3590		3.548	-3543.039	-5.271	-3537.768	0.15	0.99	287.808	1.294
3600		3.558	-3543.039	-5.271	-3537.768	0.15	0.99	287.808	1.294
3610		3.568	-3543.039	-5.271	-3537.768	0.15	0.99	287.808	1.294
3620		3.578	-3543.039	-5.271	-3537.768	0.15	0.99	287.808	1.294
3630		3.588	-3543.039	-5.271	-3537.768	0.15	0.99	287.808	1.294
3640		3.598	-3543.163	-5.272	-3537.891	0.144	0.991	287.227	1.291
3650		3.608	-3542.092	-5.38	-3536.712	0.11	0.997	286.842	1.291
3660		3.618	-3542.092	-5.38	-3536.712	0.11	0.997	286.842	1.291
3670		3.627	-3542.092	-5.38	-3536.712	0.11	0.997	286.842	1.291
3680		3.637	-3542.092	-5.38	-3536.712	0.11	0.997	286.842	1.291
3690		3.647	-3542.092	-5.38	-3536.712	0.11	0.997	286.842	1.291
3700		3.657	-3542.092	-5.38	-3536.712	0.11	0.997	286.842	1.291
3710		3.667	-3543.004	-5.288	-3537.716	0.143	0.991	287.585	1.286
3720		3.677	-3544.512	-5.475	-3539.037	0.169	0.991	288.587	1.244
3730		3.687	-3544.039	-5.231	-3538.808	0.12	0.992	290.081	1.308
3740		3.697	-3542.126	-5.588	-3536.538	0.135	0.999	286.886	1.253
3750		3.707	-3542.933	-5.459	-3537.474	0.175	0.992	286.643	1.265
3760		3.717	-3542.933	-5.459	-3537.474	0.175	0.992	286.643	1.265
3770		3.727	-3542.768	-5.743	-3537.025	0.22	0.991	286.431	1.28
3780		3.736	-3542.198	-5.958	-3536.24	0.227	0.994	282.42	1.23
3790		3.746	-3541.211	-5.651	-3535.56	0.204	0.995	284.583	1.287
3800		3.756	-3541.326	-6.21	-3535.116	0.255	0.998	285.691	1.292
3810		3.766	-3541.326	-6.21	-3535.116	0.255	0.998	285.691	1.292
3820		3.776	-3541.326	-6.21	-3535.116	0.255	0.998	285.691	1.292
3830		3.785	-3541.326	-6.21	-3535.116	0.255	0.998	285.691	1.292
3840		3.795	-3541.326	-6.21	-3535.116	0.255	0.998	285.691	1.292
3850		3.805	-3542.175	-5.892	-3536.282	0.237	0.991	284.831	1.286
3860		3.815	-3541.423	-5.926	-3535.497	0.235	0.994	283.8	1.276
3870		3.825	-3544.242	-5.816	-3538.426	0.23	0.984	284.865	1.262
3880		3.834	-3543.656	-5.406	-3538.25	0.185	0.983	284.102	1.283
3890		3.844	-3543.954	-5.366	-3538.588	0.184	0.982	284.354	1.294
3900		3.854	-3541.75	-6.112	-3535.638	0.245	0.996	283.297	1.259
3910		3.864	-3542.131	-5.795	-3536.336	0.224	0.991	284.41	1.272
3920		3.873	-3542.131	-5.795	-3536.336	0.224	0.991	284.41	1.272
3930		3.883	-3542.131	-5.795	-3536.336	0.224	0.991	284.41	1.272
3940		3.893	-3544.213	-6.074	-3538.139	0.26	0.988	288.738	1.308
3950		3.903	-3544.213	-6.074	-3538.139	0.26	0.988	288.738	1.308
3960		3.913	-3543.936	-6.527	-3537.409	0.292	0.994	290.054	1.313
3970		3.922	-3542.393	-6.817	-3535.576	0.309	0.996	286.067	1.297
3980		3.932	-3542.393	-6.817	-3535.576	0.309	0.996	286.067	1.297
3990		3.942	-3542.393	-6.817	-3535.576	0.309	0.996	286.067	1.297
4000		3.952	-3542.393	-6.817	-3535.576	0.309	0.996	286.067	1.297
4010		3.961	-3542.393	-6.817	-3535.576	0.309	0.996	286.067	1.297
4020		3.971	-3542.393	-6.817	-3535.576	0.309	0.996	286.067	1.297
4030		3.981	-3542.393	-6.817	-3535.576	0.309	0.996	286.067	1.297
4040		3.991	-3545.9	-6.611	-3539.288	0.304	0.982	287.092	1.291
4050		4.001	-3544.203	-6.849	-3537.353	0.305	0.994	285.742	1.233
4060		4.01	-3543.483	-6.678	-3536.805	0.304	0.99	284.706	1.279
4070		4.02	-3543.483	-6.678	-3536.805	0.304	0.99	284.706	1.279
4080		4.03	-3542.017	-6.556	-3535.461	0.285	0.997	285.464	1.277
4090		4.04	-3542.017	-6.556	-3535.461	0.285	0.997	285.464	1.277
4100		4.05	-3542.132	-5.941	-3536.191	0.234	0.994	284.931	1.265
4110		4.059	-3541.603	-6.446	-3535.157	0.269	0.999	286.117	1.281
4120		4.069	-3541.603	-6.446	-3535.157	0.269	0.999	286.117	1.281
4130		4.079	-3541.603	-6.446	-3535.157	0.269	0.999	286.117	1.281
4140		4.089	-3541.646	-6.184	-3535.462	0.256	0.997	286.684	1.299
4150		4.099	-3541.646	-6.184	-3535.462	0.256	0.997	286.684	1.299
4160		4.109	-3541.646	-6.184	-3535.462	0.256	0.997	286.684	1.299
4170		4.118	-3541.178	-7.29	-3533.888	0.332	0.999	284.279	1.272
4180		4.128	-3541.178	-7.29	-3533.888	0.332	0.999	284.279	1.272
4190		4.138	-3541.178	-7.29	-3533.888	0.332	0.999	284.279	1.272
4200		4.148	-3541.178	-7.29	-3533.888	0.332	0.999	284.279	1.272
4210		4.158	-3541.178	-7.29	-3533.888	0.332	0.999	284.279	1.272
4220		4.167	-3541.178	-7.29	-3533.888	0.332	0.999	284.279	1.272
4230		4.177	-3541.178	-7.29	-3533.888	0.332	0.999	284.279	1.272
4240		4.187	-3541.799	-7.265	-3534.534	0.333	0.998	284.13	1.275
4250		4.197	-3541.799	-7.265	-3534.534	0.333	0.998	284.13	1.275
4260		4.206	-3541.799	-7.265	-3534.534	0.333	0.998	284.13	1.275
4270		4.216	-3541.799	-7.265	-3534.534	0.333	0.998	284.13	1.275
4280		4.226	-3541.799	-7.265	-3534.534	0.333	0.998	284.13	1.275
4290		4.236	-3541.799	-7.265	-3534.534	0.333	0.998	284.13	1.275
4300		4.246	-3541.799	-7.265	-3534.534	0.333	0.998	284.13	1.275
4310		4.256	-3541.799	-7.265	-3534.534	0.333	0.998	284.13	1.275
4320		4.266	-3541.799	-7.265	-3534.534	0.333	0.998	284.13	1.275
4330		4.276	-3541.799	-7.265	-3534.534	0.333	0.998	284.13	1.275
4340		4.285	-3541.965	-7.418	-3534.547	0.336	0.999	284.009	1.26
4350		4.295	-3543.195	-7.234	-3535.96	0.34	0.989	280.542	1.255
4360		4.305	-3543.251	-8.153	-3535.098	0.363	1.0	278.179	1.169
4370		4.315	-3543.813	-7.788	-3536.025	0.377	0.985	280.769	1.262
4380		4.325	-3543.591	-8.405	-3535.186	0.394	0.997	280.743	1.203
4390		4.335	-3543.485	-7.767	-3535.718	0.368	0.989	278.381	1.215
4400		4.345	-3543.485	-7.767	-3535.718	0.368	0.989	278.381	1.215
4410		4.354	-3542.512	-7.624	-3534.888	0.36	0.993	279.111	1.235
4420		4.364	-3545.482	-8.148	-3537.334	0.397	0.983	281.28	1.257
4430		4.374	-3545.482	-8.148	-3537.334	0.397	0.983	281.28	1.257
4440		4.384	-3545.252	-8.441	-3536.811	0.416	0.982	282.398	1.279
4450		4.394	-3543.301	-8.359	-3534.942	0.395	0.997	281.696	1.219
4460		4.404	-3543.465	-7.566	-3535.898	0.347	0.994	278.821	1.184
4470		4.414	-3543.465	-7.566	-3535.898	0.347	0.994	278.821	1.184
4480		4.424	-3547.916	-8.005	-3539.911	0.381	0.982	281.787	1.19
4490		4.433	-3548.337	-7.478	-3540.859	0.353	0.972	278.997	1.198
