iter	hours	log_posterior	log_prior	loglik	missing	mixture	scale	shape
0		0.001	-3698.718	-4.729	-3693.989	0.144	0.174	198.933	2.095
10		0.011	-3624.62	-5.008	-3619.612	0.208	0.29	200.902	2.058
20		0.021	-3565.283	-4.662	-3560.621	0.146	0.421	201.376	2.084
30		0.031	-3544.281	-4.741	-3539.54	0.169	0.496	202.06	2.079
40		0.041	-3509.666	-4.638	-3505.029	0.128	0.616	202.051	2.091
50		0.052	-3500.487	-4.672	-3495.815	0.091	0.707	208.416	2.003
60		0.062	-3493.727	-5.669	-3488.058	0.039	0.734	204.899	2.127
70		0.072	-3489.252	-4.722	-3484.53	0.115	0.799	203.554	2.152
80		0.082	-3488.96	-4.787	-3484.173	0.156	0.813	202.777	2.152
90		0.092	-3489.028	-4.747	-3484.281	0.146	0.784	198.993	2.134
100		0.102	-3487.192	-4.715	-3482.477	0.155	0.762	197.074	2.041
110		0.112	-3487.122	-4.639	-3482.483	0.13	0.754	196.37	2.003
120		0.122	-3485.566	-4.706	-3480.86	0.098	0.763	191.966	1.961
130		0.132	-3488.536	-4.662	-3483.874	0.097	0.813	200.454	1.896
140		0.143	-3474.315	-4.869	-3469.446	0.093	0.863	194.887	1.5
150		0.153	-3473.288	-4.753	-3468.535	0.104	0.848	195.965	1.55
160		0.163	-3465.934	-5.145	-3460.79	0.192	0.858	197.073	1.4
170		0.173	-3461.688	-5.256	-3456.432	0.176	0.902	189.388	1.314
180		0.183	-3446.532	-5.526	-3441.006	0.133	0.94	192.962	1.144
190		0.193	-3429.774	-6.541	-3423.232	0.199	0.992	191.263	0.996
200		0.203	-3428.455	-7.318	-3421.137	0.254	0.999	188.935	0.988
210		0.213	-3426.353	-7.737	-3418.616	0.28	0.998	184.345	0.953
220		0.223	-3427.068	-7.429	-3419.639	0.271	0.99	185.072	0.955
230		0.233	-3426.326	-7.329	-3418.997	0.241	0.998	183.755	0.939
240		0.243	-3426.326	-7.329	-3418.997	0.241	0.998	183.755	0.939
250		0.253	-3427.065	-7.667	-3419.398	0.267	0.99	183.204	0.899
260		0.263	-3426.694	-7.649	-3419.045	0.254	0.995	182.202	0.887
270		0.274	-3425.548	-8.248	-3417.3	0.307	0.997	180.491	0.912
280		0.284	-3429.023	-8.135	-3420.889	0.331	0.981	178.899	0.976
290		0.294	-3427.504	-7.716	-3419.789	0.298	0.98	177.837	0.966
300		0.304	-3424.101	-7.684	-3416.416	0.256	0.984	170.758	0.882
310		0.313	-3424.659	-7.453	-3417.207	0.234	0.992	176.255	0.887
320		0.323	-3426.613	-6.726	-3419.887	0.193	0.973	174.406	0.944
330		0.333	-3425.646	-6.542	-3419.103	0.15	0.983	176.936	0.941
340		0.343	-3425.646	-6.542	-3419.103	0.15	0.983	176.936	0.941
350		0.353	-3428.318	-6.829	-3421.49	0.173	0.973	177.545	0.892
360		0.364	-3429.034	-6.599	-3422.435	0.074	0.972	179.704	0.961
370		0.374	-3427.209	-7.48	-3419.729	0.05	0.999	184.097	0.926
380		0.384	-3427.209	-7.48	-3419.729	0.05	0.999	184.097	0.926
390		0.394	-3427.209	-7.48	-3419.729	0.05	0.999	184.097	0.926
400		0.404	-3427.209	-7.48	-3419.729	0.05	0.999	184.097	0.926
410		0.414	-3427.209	-7.48	-3419.729	0.05	0.999	184.097	0.926
420		0.425	-3427.51	-6.712	-3420.798	0.081	0.992	182.812	0.942
430		0.435	-3427.386	-6.709	-3420.677	0.111	0.996	186.453	0.917
440		0.445	-3427.739	-6.566	-3421.173	0.091	0.989	184.724	0.945
450		0.455	-3429.385	-6.454	-3422.931	0.174	0.978	187.151	0.961
460		0.465	-3427.43	-6.868	-3420.562	0.218	0.991	186.452	0.96
470		0.475	-3428.151	-6.941	-3421.21	0.215	0.988	186.956	0.93
480		0.485	-3427.994	-6.985	-3421.009	0.226	0.99	187.619	0.945
490		0.495	-3427.994	-6.985	-3421.009	0.226	0.99	187.619	0.945
500		0.505	-3424.95	-7.03	-3417.921	0.204	0.997	180.592	0.929
510		0.516	-3426.172	-6.837	-3419.335	0.183	0.997	181.477	0.941
520		0.525	-3426.172	-6.837	-3419.335	0.183	0.997	181.477	0.941
530		0.535	-3426.1	-6.51	-3419.59	0.124	0.986	178.829	0.939
540		0.546	-3423.475	-6.826	-3416.648	0.157	0.998	174.524	0.935
550		0.556	-3422.849	-7.104	-3415.745	0.186	0.999	173.9	0.932
560		0.566	-3422.849	-7.104	-3415.745	0.186	0.999	173.9	0.932
570		0.576	-3422.709	-7.225	-3415.484	0.227	0.99	170.503	0.924
580		0.586	-3424.204	-8.193	-3416.012	0.282	0.984	166.498	0.851
590		0.596	-3422.917	-7.982	-3414.934	0.285	0.982	165.538	0.898
600		0.606	-3421.523	-7.851	-3413.672	0.273	0.992	165.587	0.91
610		0.616	-3422.892	-6.856	-3416.036	0.163	0.979	164.291	0.905
620		0.626	-3422.931	-6.824	-3416.106	0.141	0.986	168.503	0.897
630		0.636	-3423.702	-6.735	-3416.966	0.121	0.984	170.378	0.905
640		0.646	-3423.917	-6.758	-3417.159	0.126	0.999	171.359	0.95
650		0.656	-3421.595	-7.036	-3414.56	0.119	0.997	167.063	0.884
660		0.666	-3422.551	-6.812	-3415.739	0.113	0.993	168.6	0.911
670		0.675	-3423.215	-6.703	-3416.512	0.119	0.986	169.343	0.917
680		0.686	-3422.063	-7.358	-3414.705	0.087	0.991	162.196	0.838
690		0.695	-3422.063	-7.358	-3414.705	0.087	0.991	162.196	0.838
700		0.705	-3422.931	-6.765	-3416.167	0.109	0.975	160.574	0.915
710		0.715	-3424.681	-7.645	-3417.037	0.043	0.972	161.021	0.909
720		0.725	-3421.953	-8.68	-3413.273	0.026	0.993	157.539	0.887
730		0.735	-3420.479	-8.019	-3412.46	0.049	0.987	152.119	0.84
740		0.745	-3418.036	-8.592	-3409.443	0.04	0.999	149.847	0.828
750		0.755	-3419.418	-7.299	-3412.119	0.076	0.984	154.033	0.874
760		0.765	-3419.026	-7.442	-3411.585	0.068	0.989	151.422	0.88
770		0.775	-3419.026	-7.442	-3411.585	0.068	0.989	151.422	0.88
780		0.785	-3419.969	-7.485	-3412.484	0.063	0.985	153.227	0.876
790		0.795	-3416.461	-7.989	-3408.472	0.064	0.998	148.886	0.833
800		0.805	-3418.594	-8.041	-3410.553	0.048	0.989	149.4	0.848
810		0.815	-3417.796	-7.347	-3410.449	0.105	0.973	143.793	0.846
820		0.825	-3417.619	-7.573	-3410.045	0.105	0.992	147.64	0.817
830		0.835	-3416.164	-7.479	-3408.685	0.11	0.994	146.243	0.839
840		0.845	-3416.164	-7.479	-3408.685	0.11	0.994	146.243	0.839
850		0.854	-3415.463	-7.568	-3407.895	0.121	0.994	144.943	0.824
860		0.865	-3415.767	-7.604	-3408.162	0.163	0.991	145.153	0.826
870		0.874	-3415.038	-7.562	-3407.476	0.145	0.996	143.701	0.839
880		0.885	-3416.361	-7.509	-3408.853	0.165	0.974	139.547	0.84
890		0.895	-3415.776	-7.831	-3407.946	0.163	0.996	138.183	0.821
900		0.904	-3415.776	-7.831	-3407.946	0.163	0.996	138.183	0.821
910		0.915	-3413.955	-8.284	-3405.67	0.223	0.991	137.276	0.802
920		0.924	-3413.955	-8.284	-3405.67	0.223	0.991	137.276	0.802
930		0.935	-3413.955	-8.284	-3405.67	0.223	0.991	137.276	0.802
940		0.945	-3413.955	-8.284	-3405.67	0.223	0.991	137.276	0.802
950		0.955	-3413.955	-8.284	-3405.67	0.223	0.991	137.276	0.802
960		0.965	-3413.661	-7.863	-3405.798	0.187	0.986	137.576	0.817
970		0.975	-3413.661	-7.863	-3405.798	0.187	0.986	137.576	0.817
980		0.985	-3413.661	-7.863	-3405.798	0.187	0.986	137.576	0.817
990		0.995	-3413.128	-8.028	-3405.1	0.179	0.996	138.487	0.801
1000		1.005	-3415.759	-8.042	-3407.717	0.201	0.98	138.739	0.796
1010		1.015	-3415.205	-8.278	-3406.926	0.223	0.981	136.272	0.795
1020		1.025	-3413.558	-8.532	-3405.026	0.244	0.998	139.903	0.814
1030		1.035	-3413.558	-8.532	-3405.026	0.244	0.998	139.903	0.814
1040		1.046	-3413.558	-8.532	-3405.026	0.244	0.998	139.903	0.814
1050		1.056	-3413.558	-8.532	-3405.026	0.244	0.998	139.903	0.814
1060		1.066	-3413.558	-8.532	-3405.026	0.244	0.998	139.903	0.814
1070		1.076	-3413.558	-8.532	-3405.026	0.244	0.998	139.903	0.814
1080		1.086	-3413.558	-8.532	-3405.026	0.244	0.998	139.903	0.814
1090		1.096	-3413.558	-8.532	-3405.026	0.244	0.998	139.903	0.814
1100		1.106	-3413.558	-8.532	-3405.026	0.244	0.998	139.903	0.814
1110		1.116	-3412.068	-9.002	-3403.067	0.242	1.0	135.238	0.797
1120		1.126	-3412.068	-9.002	-3403.067	0.242	1.0	135.238	0.797
1130		1.137	-3413.759	-8.465	-3405.294	0.228	0.99	135.861	0.783
1140		1.147	-3413.759	-8.465	-3405.294	0.228	0.99	135.861	0.783
1150		1.157	-3413.759	-8.465	-3405.294	0.228	0.99	135.861	0.783
1160		1.167	-3413.567	-8.154	-3405.413	0.193	0.994	137.55	0.791
1170		1.177	-3415.811	-8.223	-3407.588	0.234	0.985	141.851	0.808
1180		1.187	-3416.782	-7.881	-3408.901	0.229	0.987	145.516	0.853
1190		1.197	-3415.448	-7.912	-3407.536	0.214	0.987	143.046	0.83
1200		1.207	-3413.943	-7.808	-3406.135	0.194	0.993	142.725	0.832
1210		1.217	-3413.943	-7.808	-3406.135	0.194	0.993	142.725	0.832
1220		1.227	-3413.943	-7.808	-3406.135	0.194	0.993	142.725	0.832
1230		1.237	-3413.943	-7.808	-3406.135	0.194	0.993	142.725	0.832
1240		1.247	-3413.943	-7.808	-3406.135	0.194	0.993	142.725	0.832
1250		1.257	-3413.943	-7.808	-3406.135	0.194	0.993	142.725	0.832
1260		1.267	-3413.943	-7.808	-3406.135	0.194	0.993	142.725	0.832
1270		1.277	-3413.943	-7.808	-3406.135	0.194	0.993	142.725	0.832
1280		1.287	-3413.943	-7.808	-3406.135	0.194	0.993	142.725	0.832
1290		1.297	-3413.943	-7.808	-3406.135	0.194	0.993	142.725	0.832
1300		1.307	-3414.264	-8.257	-3406.007	0.22	0.992	140.052	0.797
1310		1.318	-3414.264	-8.257	-3406.007	0.22	0.992	140.052	0.797
1320		1.328	-3416.105	-8.384	-3407.72	0.243	0.996	138.079	0.831
1330		1.338	-3413.288	-8.581	-3404.707	0.246	0.99	136.067	0.792
1340		1.348	-3413.878	-8.413	-3405.465	0.245	0.985	135.127	0.813
1350		1.358	-3416.07	-8.221	-3407.849	0.229	0.986	132.316	0.829
1360		1.368	-3413.134	-7.973	-3405.161	0.186	0.979	131.876	0.808
1370		1.378	-3413.134	-7.973	-3405.161	0.186	0.979	131.876	0.808
1380		1.388	-3413.134	-7.973	-3405.161	0.186	0.979	131.876	0.808
1390		1.398	-3413.134	-7.973	-3405.161	0.186	0.979	131.876	0.808
1400		1.408	-3415.426	-8.161	-3407.265	0.197	0.977	133.385	0.784
1410		1.418	-3414.025	-7.855	-3406.171	0.126	0.998	140.188	0.805
1420		1.428	-3414.025	-7.855	-3406.171	0.126	0.998	140.188	0.805
1430		1.438	-3414.025	-7.855	-3406.171	0.126	0.998	140.188	0.805
1440		1.448	-3414.025	-7.855	-3406.171	0.126	0.998	140.188	0.805
1450		1.458	-3413.605	-7.875	-3405.731	0.173	0.994	139.056	0.81
1460		1.468	-3414.008	-7.597	-3406.41	0.135	0.989	140.442	0.821
1470		1.478	-3414.852	-7.671	-3407.181	0.143	0.991	141.292	0.813
1480		1.488	-3414.852	-7.671	-3407.181	0.143	0.991	141.292	0.813
1490		1.498	-3414.534	-7.606	-3406.928	0.131	0.993	142.787	0.822
1500		1.508	-3415.062	-7.815	-3407.246	0.14	0.994	140.705	0.797
1510		1.518	-3415.062	-7.815	-3407.246	0.14	0.994	140.705	0.797
1520		1.528	-3415.062	-7.815	-3407.246	0.14	0.994	140.705	0.797
1530		1.538	-3415.362	-7.626	-3407.736	0.094	0.994	143.822	0.832
1540		1.548	-3415.524	-7.517	-3408.006	0.111	0.992	143.832	0.833
1550		1.558	-3415.524	-7.517	-3408.006	0.111	0.992	143.832	0.833
1560		1.568	-3415.524	-7.517	-3408.006	0.111	0.992	143.832	0.833
1570		1.578	-3415.524	-7.517	-3408.006	0.111	0.992	143.832	0.833
1580		1.588	-3416.94	-7.383	-3409.557	0.133	0.981	145.113	0.837
1590		1.599	-3416.94	-7.383	-3409.557	0.133	0.981	145.113	0.837
1600		1.609	-3415.774	-7.582	-3408.192	0.122	0.996	147.676	0.824
1610		1.619	-3415.774	-7.582	-3408.192	0.122	0.996	147.676	0.824
1620		1.629	-3415.774	-7.582	-3408.192	0.122	0.996	147.676	0.824
1630		1.639	-3417.491	-7.678	-3409.813	0.172	0.992	148.81	0.814
1640		1.649	-3417.426	-7.601	-3409.825	0.153	0.99	149.364	0.809
1650		1.659	-3416.969	-7.503	-3409.466	0.176	0.993	148.252	0.852
1660		1.669	-3416.969	-7.503	-3409.466	0.176	0.993	148.252	0.852
1670		1.679	-3415.705	-8.048	-3407.657	0.203	0.999	148.463	0.824
1680		1.689	-3415.411	-7.756	-3407.655	0.182	0.995	146.572	0.826
1690		1.699	-3414.798	-8.046	-3406.752	0.213	0.996	143.233	0.823
1700		1.709	-3414.798	-8.046	-3406.752	0.213	0.996	143.233	0.823
1710		1.72	-3414.798	-8.046	-3406.752	0.213	0.996	143.233	0.823
1720		1.73	-3415.134	-8.216	-3406.918	0.233	0.998	144.875	0.835
1730		1.74	-3415.134	-8.216	-3406.918	0.233	0.998	144.875	0.835
1740		1.75	-3415.134	-8.216	-3406.918	0.233	0.998	144.875	0.835
1750		1.76	-3414.977	-7.994	-3406.984	0.215	0.989	142.489	0.822
1760		1.77	-3415.154	-8.07	-3407.085	0.208	0.988	141.752	0.8
1770		1.78	-3415.154	-8.07	-3407.085	0.208	0.988	141.752	0.8
1780		1.79	-3414.722	-8.027	-3406.695	0.202	0.991	140.892	0.806
1790		1.8	-3416.626	-7.889	-3408.737	0.222	0.982	143.465	0.839
1800		1.81	-3416.696	-7.804	-3408.891	0.222	0.986	145.805	0.854
1810		1.82	-3417.005	-7.925	-3409.08	0.226	0.984	145.894	0.835
1820		1.83	-3417.77	-7.697	-3410.073	0.215	0.973	145.57	0.851
1830		1.84	-3417.77	-7.697	-3410.073	0.215	0.973	145.57	0.851
1840		1.85	-3415.66	-8.127	-3407.532	0.236	0.998	147.116	0.853
1850		1.86	-3415.753	-7.796	-3407.957	0.207	0.976	140.06	0.838
1860		1.87	-3419.459	-8.557	-3410.903	0.289	0.983	138.83	0.866
1870		1.881	-3413.137	-9.205	-3403.932	0.28	0.999	138.222	0.795
1880		1.891	-3413.137	-9.205	-3403.932	0.28	0.999	138.222	0.795
1890		1.901	-3413.137	-9.205	-3403.932	0.28	0.999	138.222	0.795
1900		1.911	-3413.137	-9.205	-3403.932	0.28	0.999	138.222	0.795
1910		1.921	-3416.794	-8.81	-3407.984	0.281	0.979	139.107	0.8
1920		1.931	-3415.491	-9.104	-3406.387	0.298	0.982	137.058	0.795
1930		1.941	-3413.639	-9.621	-3404.018	0.318	0.995	134.278	0.785
1940		1.951	-3415.81	-9.712	-3406.098	0.334	0.995	133.446	0.811
1950		1.961	-3414.198	-10.06	-3404.138	0.353	0.996	136.565	0.798
1960		1.971	-3414.198	-10.06	-3404.138	0.353	0.996	136.565	0.798
1970		1.982	-3414.198	-10.06	-3404.138	0.353	0.996	136.565	0.798
1980		1.992	-3414.198	-10.06	-3404.138	0.353	0.996	136.565	0.798
1990		2.002	-3414.198	-10.06	-3404.138	0.353	0.996	136.565	0.798
2000		2.012	-3414.198	-10.06	-3404.138	0.353	0.996	136.565	0.798
2010		2.022	-3414.198	-10.06	-3404.138	0.353	0.996	136.565	0.798
2020		2.032	-3414.395	-10.084	-3404.311	0.348	0.996	135.759	0.782
2030		2.042	-3417.477	-9.637	-3407.841	0.338	0.957	131.062	0.803
2040		2.052	-3413.834	-8.505	-3405.329	0.228	0.992	129.57	0.798
2050		2.062	-3412.996	-8.521	-3404.475	0.232	0.97	125.467	0.793
2060		2.072	-3412.996	-8.521	-3404.475	0.232	0.97	125.467	0.793
2070		2.082	-3412.996	-8.521	-3404.475	0.232	0.97	125.467	0.793
2080		2.092	-3418.732	-9.232	-3409.5	0.226	0.999	128.854	0.722
2090		2.103	-3418.732	-9.232	-3409.5	0.226	0.999	128.854	0.722
2100		2.113	-3414.055	-8.345	-3405.709	0.208	0.97	127.702	0.781
2110		2.123	-3412.103	-8.94	-3403.163	0.236	0.999	125.532	0.79
2120		2.133	-3410.928	-8.487	-3402.441	0.215	0.985	126.424	0.783
2130		2.143	-3416.281	-8.028	-3408.253	0.154	0.945	123.572	0.784
2140		2.153	-3410.102	-8.685	-3401.417	0.175	0.995	121.91	0.741
2150		2.163	-3408.667	-8.62	-3400.047	0.173	0.998	122.143	0.758
2160		2.173	-3408.667	-8.62	-3400.047	0.173	0.998	122.143	0.758
2170		2.183	-3409.099	-9.064	-3400.035	0.213	0.999	121.986	0.749
2180		2.193	-3408.079	-8.821	-3399.258	0.202	0.993	119.053	0.751
2190		2.203	-3408.079	-8.821	-3399.258	0.202	0.993	119.053	0.751
2200		2.213	-3408.079	-8.821	-3399.258	0.202	0.993	119.053	0.751
2210		2.223	-3408.079	-8.821	-3399.258	0.202	0.993	119.053	0.751
2220		2.233	-3408.079	-8.821	-3399.258	0.202	0.993	119.053	0.751
2230		2.244	-3408.079	-8.821	-3399.258	0.202	0.993	119.053	0.751
2240		2.254	-3407.352	-8.935	-3398.418	0.178	0.998	116.511	0.736
2250		2.264	-3407.352	-8.935	-3398.418	0.178	0.998	116.511	0.736
2260		2.274	-3407.352	-8.935	-3398.418	0.178	0.998	116.511	0.736
2270		2.284	-3407.352	-8.935	-3398.418	0.178	0.998	116.511	0.736
2280		2.294	-3407.352	-8.935	-3398.418	0.178	0.998	116.511	0.736
2290		2.304	-3407.352	-8.935	-3398.418	0.178	0.998	116.511	0.736
2300		2.314	-3407.352	-8.935	-3398.418	0.178	0.998	116.511	0.736
2310		2.324	-3407.352	-8.935	-3398.418	0.178	0.998	116.511	0.736
2320		2.334	-3407.352	-8.935	-3398.418	0.178	0.998	116.511	0.736
2330		2.345	-3407.352	-8.935	-3398.418	0.178	0.998	116.511	0.736
2340		2.355	-3408.699	-8.758	-3399.942	0.187	0.977	113.952	0.745
2350		2.365	-3408.699	-8.758	-3399.942	0.187	0.977	113.952	0.745
2360		2.375	-3408.699	-8.758	-3399.942	0.187	0.977	113.952	0.745
2370		2.385	-3408.699	-8.758	-3399.942	0.187	0.977	113.952	0.745
2380		2.395	-3408.979	-9.299	-3399.68	0.211	0.999	112.58	0.745
2390		2.405	-3409.204	-9.036	-3400.168	0.209	0.986	109.049	0.752
2400		2.415	-3407.247	-9.988	-3397.259	0.246	0.995	103.103	0.706
2410		2.426	-3411.346	-9.569	-3401.777	0.212	0.973	102.559	0.699
2420		2.436	-3407.661	-9.4	-3398.261	0.216	0.986	98.478	0.752
2430		2.446	-3407.661	-9.4	-3398.261	0.216	0.986	98.478	0.752
2440		2.456	-3405.515	-9.653	-3395.862	0.209	0.991	97.592	0.719
2450		2.466	-3407.31	-9.653	-3397.657	0.227	0.99	95.916	0.746
2460		2.475	-3404.761	-9.746	-3395.016	0.179	0.999	95.395	0.713
2470		2.485	-3404.761	-9.746	-3395.016	0.179	0.999	95.395	0.713
2480		2.495	-3404.761	-9.746	-3395.016	0.179	0.999	95.395	0.713
2490		2.505	-3404.761	-9.746	-3395.016	0.179	0.999	95.395	0.713
2500		2.515	-3402.673	-10.169	-3392.503	0.242	0.97	86.926	0.723
2510		2.525	-3398.205	-12.063	-3386.142	0.326	0.999	81.273	0.685
2520		2.535	-3398.205	-12.063	-3386.142	0.326	0.999	81.273	0.685
2530		2.545	-3398.205	-12.063	-3386.142	0.326	0.999	81.273	0.685
2540		2.555	-3398.396	-11.356	-3387.039	0.281	0.991	78.12	0.688
2550		2.565	-3399.228	-11.408	-3387.82	0.292	0.979	78.434	0.686
2560		2.575	-3398.771	-12.074	-3386.697	0.337	0.988	79.794	0.682
2570		2.585	-3398.771	-12.074	-3386.697	0.337	0.988	79.794	0.682
2580		2.595	-3398.803	-11.372	-3387.431	0.292	0.987	80.449	0.687
2590		2.606	-3398.803	-11.372	-3387.431	0.292	0.987	80.449	0.687
2600		2.616	-3398.803	-11.372	-3387.431	0.292	0.987	80.449	0.687
2610		2.626	-3398.223	-11.738	-3386.486	0.309	0.993	79.244	0.683
2620		2.636	-3399.154	-11.527	-3387.627	0.265	0.968	75.052	0.647
2630		2.646	-3402.826	-11.617	-3391.209	0.264	0.974	75.483	0.636
2640		2.656	-3396.573	-12.488	-3384.085	0.329	0.991	74.121	0.653
2650		2.666	-3396.573	-12.488	-3384.085	0.329	0.991	74.121	0.653
2660		2.676	-3396.573	-12.488	-3384.085	0.329	0.991	74.121	0.653
2670		2.686	-3396.938	-12.977	-3383.961	0.355	0.998	73.188	0.663
2680		2.696	-3396.938	-12.977	-3383.961	0.355	0.998	73.188	0.663
2690		2.706	-3396.938	-12.977	-3383.961	0.355	0.998	73.188	0.663
2700		2.717	-3396.814	-13.572	-3383.242	0.378	0.991	71.853	0.632
2710		2.727	-3398.561	-13.338	-3385.223	0.379	0.981	74.084	0.64
2720		2.737	-3396.864	-13.285	-3383.58	0.368	0.985	71.356	0.642
2730		2.747	-3396.561	-13.099	-3383.462	0.354	0.988	69.479	0.649
2740		2.757	-3394.982	-14.239	-3380.743	0.341	1.0	64.439	0.593
2750		2.767	-3395.787	-12.983	-3382.803	0.316	0.979	65.663	0.616
2760		2.777	-3395.787	-12.983	-3382.803	0.316	0.979	65.663	0.616
2770		2.787	-3393.412	-13.019	-3380.393	0.283	0.996	63.354	0.599
2780		2.797	-3393.412	-13.019	-3380.393	0.283	0.996	63.354	0.599
2790		2.808	-3393.412	-13.019	-3380.393	0.283	0.996	63.354	0.599
2800		2.818	-3393.412	-13.019	-3380.393	0.283	0.996	63.354	0.599
2810		2.828	-3392.907	-12.161	-3380.746	0.219	0.996	62.73	0.621
2820		2.838	-3392.907	-12.161	-3380.746	0.219	0.996	62.73	0.621
2830		2.848	-3392.907	-12.161	-3380.746	0.219	0.996	62.73	0.621
2840		2.858	-3392.668	-12.583	-3380.085	0.23	0.996	61.484	0.595
2850		2.868	-3392.999	-12.133	-3380.866	0.199	0.99	61.644	0.604
2860		2.878	-3393.728	-11.854	-3381.874	0.165	0.984	60.673	0.613
2870		2.888	-3395.394	-12.397	-3382.997	0.209	0.985	61.479	0.583
2880		2.898	-3395.697	-11.907	-3383.789	0.188	0.98	59.058	0.629
2890		2.909	-3392.705	-12.505	-3380.2	0.15	0.979	54.543	0.58
2900		2.919	-3392.783	-12.256	-3380.527	0.127	0.991	56.563	0.595
2910		2.929	-3392.342	-12.495	-3379.847	0.172	0.988	55.6	0.588
2920		2.939	-3392.342	-12.495	-3379.847	0.172	0.988	55.6	0.588
2930		2.949	-3392.342	-12.495	-3379.847	0.172	0.988	55.6	0.588
2940		2.959	-3392.342	-12.495	-3379.847	0.172	0.988	55.6	0.588
2950		2.969	-3391.521	-12.826	-3378.696	0.168	0.989	52.851	0.574
2960		2.98	-3393.129	-12.454	-3380.675	0.189	0.989	54.915	0.608
2970		2.99	-3394.911	-12.909	-3382.002	0.206	0.963	53.282	0.576
2980		3.0	-3392.279	-13.003	-3379.275	0.224	0.985	54.095	0.584
2990		3.01	-3392.242	-12.727	-3379.515	0.196	0.996	54.425	0.599
3000		3.02	-3392.242	-12.727	-3379.515	0.196	0.996	54.425	0.599
3010		3.03	-3390.972	-13.683	-3377.289	0.223	1.0	51.344	0.571
3020		3.04	-3390.972	-13.683	-3377.289	0.223	1.0	51.344	0.571
3030		3.05	-3393.654	-13.139	-3380.515	0.25	0.985	56.899	0.577
3040		3.06	-3393.369	-13.214	-3380.155	0.254	0.987	56.851	0.576
3050		3.071	-3392.303	-13.521	-3378.782	0.277	0.991	55.389	0.585
3060		3.081	-3392.303	-13.521	-3378.782	0.277	0.991	55.389	0.585
3070		3.091	-3392.005	-14.053	-3377.952	0.256	1.0	50.68	0.589
3080		3.101	-3391.79	-13.448	-3378.343	0.233	0.989	52.377	0.565
3090		3.111	-3391.979	-14.191	-3377.788	0.302	0.998	52.616	0.587
3100		3.121	-3391.979	-14.191	-3377.788	0.302	0.998	52.616	0.587
3110		3.131	-3392.667	-14.312	-3378.355	0.314	0.993	51.084	0.588
3120		3.141	-3392.667	-14.312	-3378.355	0.314	0.993	51.084	0.588
3130		3.151	-3392.992	-15.748	-3377.243	0.389	0.99	48.693	0.58
3140		3.161	-3392.992	-15.748	-3377.243	0.389	0.99	48.693	0.58
3150		3.171	-3391.336	-14.895	-3376.441	0.31	0.994	47.398	0.558
3160		3.181	-3391.336	-14.895	-3376.441	0.31	0.994	47.398	0.558
3170		3.191	-3391.508	-14.966	-3376.543	0.3	0.993	43.934	0.566
3180		3.201	-3391.868	-15.003	-3376.865	0.292	0.978	43.056	0.55
3190		3.212	-3396.885	-14.616	-3382.269	0.251	0.935	39.653	0.563
3200		3.222	-3392.441	-14.731	-3377.711	0.195	0.972	39.058	0.522
3210		3.232	-3391.457	-14.498	-3376.959	0.225	0.984	43.486	0.529
3220		3.242	-3390.269	-14.93	-3375.34	0.239	0.992	42.086	0.522
3230		3.252	-3389.582	-15.143	-3374.439	0.263	0.998	42.04	0.537
3240		3.262	-3389.582	-15.143	-3374.439	0.263	0.998	42.04	0.537
3250		3.272	-3389.582	-15.143	-3374.439	0.263	0.998	42.04	0.537
3260		3.282	-3389.582	-15.143	-3374.439	0.263	0.998	42.04	0.537
3270		3.292	-3389.582	-15.143	-3374.439	0.263	0.998	42.04	0.537
3280		3.302	-3389.582	-15.143	-3374.439	0.263	0.998	42.04	0.537
3290		3.312	-3389.582	-15.143	-3374.439	0.263	0.998	42.04	0.537
3300		3.322	-3390.732	-15.131	-3375.601	0.29	0.989	42.872	0.545
3310		3.333	-3390.732	-15.131	-3375.601	0.29	0.989	42.872	0.545
3320		3.343	-3390.732	-15.131	-3375.601	0.29	0.989	42.872	0.545
3330		3.353	-3390.327	-15.809	-3374.518	0.308	0.998	41.94	0.532
3340		3.363	-3390.41	-16.383	-3374.027	0.311	0.993	37.83	0.512
3350		3.373	-3390.407	-15.795	-3374.612	0.306	0.994	40.608	0.531
3360		3.383	-3390.407	-15.795	-3374.612	0.306	0.994	40.608	0.531
3370		3.393	-3393.561	-16.199	-3377.362	0.349	0.979	42.432	0.524
3380		3.403	-3393.561	-16.199	-3377.362	0.349	0.979	42.432	0.524
3390		3.413	-3390.061	-16.501	-3373.56	0.344	0.997	39.537	0.535
3400		3.423	-3390.061	-16.501	-3373.56	0.344	0.997	39.537	0.535
3410		3.434	-3392.581	-17.036	-3375.545	0.396	0.986	39.327	0.551
3420		3.444	-3391.93	-18.323	-3373.607	0.428	0.986	35.535	0.53
3430		3.454	-3391.93	-18.323	-3373.607	0.428	0.986	35.535	0.53
3440		3.464	-3392.281	-18.491	-3373.79	0.437	0.984	35.657	0.527
3450		3.474	-3392.281	-18.491	-3373.79	0.437	0.984	35.657	0.527
3460		3.484	-3393.086	-17.451	-3375.635	0.454	0.994	46.388	0.563
3470		3.494	-3393.086	-17.451	-3375.635	0.454	0.994	46.388	0.563
3480		3.504	-3394.687	-16.31	-3378.377	0.376	0.968	43.721	0.539
3490		3.514	-3394.998	-17.606	-3377.392	0.413	0.967	39.306	0.523
3500		3.524	-3394.29	-19.601	-3374.688	0.533	0.996	44.017	0.56
3510		3.534	-3394.29	-19.601	-3374.688	0.533	0.996	44.017	0.56
3520		3.544	-3394.29	-19.601	-3374.688	0.533	0.996	44.017	0.56
3530		3.555	-3394.225	-17.884	-3376.341	0.476	0.996	45.717	0.576
3540		3.565	-3392.965	-18.048	-3374.917	0.462	0.989	43.039	0.547
3550		3.575	-3392.965	-18.048	-3374.917	0.462	0.989	43.039	0.547
3560		3.585	-3392.803	-17.386	-3375.418	0.427	0.986	41.588	0.552
3570		3.595	-3392.631	-17.986	-3374.644	0.445	0.988	40.186	0.545
3580		3.605	-3391.114	-17.329	-3373.785	0.392	0.997	40.014	0.526
3590		3.615	-3391.114	-17.329	-3373.785	0.392	0.997	40.014	0.526
3600		3.625	-3391.114	-17.329	-3373.785	0.392	0.997	40.014	0.526
3610		3.635	-3391.239	-16.738	-3374.502	0.378	0.99	40.367	0.542
3620		3.645	-3391.239	-16.738	-3374.502	0.378	0.99	40.367	0.542
3630		3.655	-3390.502	-16.676	-3373.826	0.341	0.997	38.781	0.521
3640		3.665	-3390.482	-16.398	-3374.084	0.355	0.992	40.323	0.541
3650		3.675	-3390.482	-16.398	-3374.084	0.355	0.992	40.323	0.541
3660		3.685	-3389.831	-16.079	-3373.752	0.313	0.996	38.474	0.537
3670		3.695	-3389.831	-16.079	-3373.752	0.313	0.996	38.474	0.537
3680		3.705	-3391.244	-15.917	-3375.327	0.295	0.977	36.78	0.532
3690		3.715	-3391.244	-15.917	-3375.327	0.295	0.977	36.78	0.532
3700		3.725	-3390.686	-16.367	-3374.319	0.335	0.989	37.808	0.537
3710		3.736	-3390.707	-16.647	-3374.06	0.346	0.988	37.37	0.532
3720		3.746	-3390.393	-15.78	-3374.613	0.318	0.996	41.532	0.541
3730		3.756	-3390.393	-15.78	-3374.613	0.318	0.996	41.532	0.541
3740		3.766	-3390.16	-16.196	-3373.964	0.319	0.997	39.925	0.525
3750		3.776	-3390.16	-16.196	-3373.964	0.319	0.997	39.925	0.525
3760		3.786	-3390.16	-16.196	-3373.964	0.319	0.997	39.925	0.525
3770		3.796	-3390.16	-16.196	-3373.964	0.319	0.997	39.925	0.525
3780		3.806	-3392.133	-15.742	-3376.391	0.325	0.991	40.013	0.56
3790		3.816	-3390.755	-16.313	-3374.442	0.303	0.999	39.737	0.511
3800		3.826	-3390.579	-15.702	-3374.877	0.299	0.994	40.712	0.529
3810		3.836	-3389.871	-16.495	-3373.376	0.321	0.998	36.693	0.533
3820		3.846	-3388.677	-16.604	-3372.074	0.285	0.996	33.771	0.51
3830		3.856	-3388.677	-16.604	-3372.074	0.285	0.996	33.771	0.51
3840		3.866	-3388.677	-16.604	-3372.074	0.285	0.996	33.771	0.51
3850		3.877	-3391.194	-16.386	-3374.808	0.259	0.989	34.297	0.49
3860		3.887	-3391.176	-16.104	-3375.072	0.252	0.968	32.232	0.518
3870		3.897	-3389.899	-16.497	-3373.402	0.241	0.994	32.517	0.488
3880		3.907	-3389.899	-16.497	-3373.402	0.241	0.994	32.517	0.488
3890		3.917	-3390.916	-16.109	-3374.807	0.175	0.981	31.01	0.485
3900		3.927	-3391.465	-15.786	-3375.679	0.221	0.966	32.145	0.52
3910		3.937	-3391.153	-16.03	-3375.123	0.133	0.985	31.018	0.482
3920		3.947	-3390.082	-14.355	-3375.727	0.096	0.991	39.609	0.541
3930		3.957	-3392.384	-15.714	-3376.669	0.04	0.993	35.864	0.541
3940		3.967	-3392.29	-16.755	-3375.535	0.025	1.0	37.861	0.517
3950		3.977	-3392.29	-16.755	-3375.535	0.025	1.0	37.861	0.517
3960		3.987	-3392.29	-16.755	-3375.535	0.025	1.0	37.861	0.517
3970		3.997	-3392.29	-16.755	-3375.535	0.025	1.0	37.861	0.517
3980		4.007	-3392.29	-16.755	-3375.535	0.025	1.0	37.861	0.517
3990		4.017	-3392.29	-16.755	-3375.535	0.025	1.0	37.861	0.517
4000		4.028	-3392.29	-16.755	-3375.535	0.025	1.0	37.861	0.517
4010		4.038	-3394.061	-17.338	-3376.723	0.024	0.995	35.003	0.486
4020		4.048	-3396.354	-18.07	-3378.284	0.008	0.975	37.503	0.542
4030		4.058	-3391.496	-15.284	-3376.212	0.062	0.985	36.776	0.515
4040		4.068	-3391.496	-15.284	-3376.212	0.062	0.985	36.776	0.515
4050		4.078	-3390.455	-15.299	-3375.156	0.057	0.995	37.962	0.52
4060		4.088	-3390.455	-15.299	-3375.156	0.057	0.995	37.962	0.52
4070		4.098	-3390.455	-15.299	-3375.156	0.057	0.995	37.962	0.52
4080		4.108	-3389.271	-14.586	-3374.685	0.107	0.997	38.991	0.532
4090		4.118	-3389.271	-14.586	-3374.685	0.107	0.997	38.991	0.532
4100		4.128	-3389.466	-15.017	-3374.449	0.08	1.0	38.962	0.533
4110		4.138	-3389.466	-15.017	-3374.449	0.08	1.0	38.962	0.533
4120		4.148	-3389.734	-14.566	-3375.169	0.093	0.994	38.792	0.534
4130		4.158	-3390.294	-15.492	-3374.801	0.132	0.994	34.728	0.492
4140		4.168	-3393.045	-15.954	-3377.091	0.108	0.996	33.519	0.474
4150		4.178	-3392.104	-14.906	-3377.198	0.106	0.979	34.111	0.537
4160		4.188	-3389.547	-14.525	-3375.022	0.096	0.996	39.346	0.535
4170		4.198	-3389.704	-14.54	-3375.164	0.14	0.988	37.982	0.533
4180		4.208	-3392.003	-14.431	-3377.572	0.121	0.989	41.225	0.513
4190		4.218	-3389.292	-14.713	-3374.579	0.139	0.992	37.598	0.526
4200		4.229	-3391.208	-15.247	-3375.961	0.101	0.971	32.876	0.521
4210		4.239	-3389.031	-15.521	-3373.51	0.156	0.99	32.268	0.515
4220		4.249	-3389.031	-15.521	-3373.51	0.156	0.99	32.268	0.515
4230		4.259	-3389.031	-15.521	-3373.51	0.156	0.99	32.268	0.515
4240		4.269	-3390.731	-16.365	-3374.366	0.1	0.972	27.365	0.497
4250		4.279	-3389.441	-16.897	-3372.545	0.064	0.995	28.629	0.481
4260		4.289	-3390.995	-16.81	-3374.186	0.053	0.984	29.446	0.486
4270		4.299	-3388.259	-15.791	-3372.468	0.124	0.994	31.368	0.503
4280		4.309	-3389.396	-16.979	-3372.417	0.138	0.987	24.753	0.488
4290		4.32	-3389.333	-18.235	-3371.099	0.169	0.99	21.976	0.447
4300		4.33	-3389.333	-18.235	-3371.099	0.169	0.99	21.976	0.447
4310		4.34	-3390.244	-17.931	-3372.313	0.19	0.972	21.97	0.469
4320		4.35	-3390.13	-19.203	-3370.928	0.192	0.998	20.043	0.43
4330		4.36	-3390.13	-19.203	-3370.928	0.192	0.998	20.043	0.43
4340		4.37	-3392.973	-19.201	-3373.771	0.208	0.949	18.047	0.449
4350		4.38	-3391.769	-19.498	-3372.271	0.239	0.968	18.936	0.437
4360		4.39	-3390.682	-19.173	-3371.509	0.266	0.971	20.495	0.454
4370		4.4	-3390.307	-19.478	-3370.829	0.272	0.974	19.631	0.452
4380		4.41	-3391.59	-19.948	-3371.643	0.287	0.972	19.17	0.44
4390		4.42	-3389.003	-21.363	-3367.64	0.246	0.994	14.178	0.419
4400		4.43	-3390.712	-21.834	-3368.879	0.295	0.997	15.327	0.409
4410		4.44	-3389.606	-21.225	-3368.381	0.289	0.994	15.469	0.433
4420		4.45	-3389.595	-22.131	-3367.463	0.325	0.994	14.644	0.424
4430		4.46	-3389.595	-22.131	-3367.463	0.325	0.994	14.644	0.424
4440		4.47	-3389.699	-22.412	-3367.287	0.372	0.999	16.56	0.426
4450		4.48	-3389.699	-22.412	-3367.287	0.372	0.999	16.56	0.426
4460		4.49	-3389.857	-22.073	-3367.784	0.371	0.997	17.232	0.43
4470		4.5	-3389.857	-22.073	-3367.784	0.371	0.997	17.232	0.43
4480		4.51	-3389.857	-22.073	-3367.784	0.371	0.997	17.232	0.43
4490		4.52	-3389.857	-22.073	-3367.784	0.371	0.997	17.232	0.43
