iter	hours	log_posterior	log_prior	loglik	missing	mixture	scale	shape
0		0.001	-5215.013	-5.051	-5209.961	0.107	0.176	248.916	2.505
10		0.011	-5105.784	-4.97	-5100.814	0.125	0.203	250.487	2.474
20		0.02	-5050.387	-5.001	-5045.385	0.139	0.243	250.034	2.496
30		0.03	-5050.387	-5.001	-5045.385	0.139	0.243	250.034	2.496
40		0.04	-5032.644	-5.09	-5027.554	0.111	0.259	246.424	2.56
50		0.05	-5032.644	-5.09	-5027.554	0.111	0.259	246.424	2.56
60		0.059	-5032.644	-5.09	-5027.554	0.111	0.259	246.424	2.56
70		0.069	-5018.93	-5.143	-5013.787	0.095	0.301	246.687	2.558
80		0.079	-5018.93	-5.143	-5013.787	0.095	0.301	246.687	2.558
90		0.089	-4989.372	-5.001	-4984.37	0.109	0.314	246.882	2.503
100		0.098	-4989.372	-5.001	-4984.37	0.109	0.314	246.882	2.503
110		0.108	-4965.509	-5.081	-4960.428	0.115	0.351	245.477	2.569
120		0.118	-4965.509	-5.081	-4960.428	0.115	0.351	245.477	2.569
130		0.128	-4965.509	-5.081	-4960.428	0.115	0.351	245.477	2.569
140		0.137	-4940.115	-5.079	-4935.036	0.126	0.373	243.082	2.574
150		0.147	-4940.115	-5.079	-4935.036	0.126	0.373	243.082	2.574
160		0.157	-4939.439	-5.31	-4934.129	0.185	0.369	240.429	2.585
170		0.167	-4919.91	-5.297	-4914.613	0.199	0.393	235.978	2.511
180		0.176	-4919.91	-5.297	-4914.613	0.199	0.393	235.978	2.511
190		0.186	-4912.799	-5.275	-4907.525	0.179	0.435	234.049	2.588
200		0.196	-4907.501	-5.303	-4902.199	0.154	0.443	231.862	2.678
210		0.206	-4903.058	-5.324	-4897.734	0.113	0.453	236.436	2.721
220		0.215	-4883.233	-5.26	-4877.973	0.117	0.46	242.594	2.689
230		0.225	-4869.353	-5.267	-4864.086	0.116	0.484	241.72	2.692
240		0.235	-4844.43	-5.087	-4839.343	0.104	0.526	238.438	2.556
250		0.245	-4832.817	-5.266	-4827.551	0.071	0.588	235.001	2.501
260		0.255	-4778.894	-5.398	-4773.496	0.06	0.665	234.236	2.459
270		0.264	-4778.894	-5.398	-4773.496	0.06	0.665	234.236	2.459
280		0.274	-4778.894	-5.398	-4773.496	0.06	0.665	234.236	2.459
290		0.284	-4768.204	-5.27	-4762.934	0.071	0.673	234.648	2.497
300		0.293	-4768.204	-5.27	-4762.934	0.071	0.673	234.648	2.497
310		0.303	-4768.204	-5.27	-4762.934	0.071	0.673	234.648	2.497
320		0.313	-4768.204	-5.27	-4762.934	0.071	0.673	234.648	2.497
330		0.323	-4759.567	-5.007	-4754.56	0.115	0.693	236.027	2.508
340		0.332	-4759.567	-5.007	-4754.56	0.115	0.693	236.027	2.508
350		0.342	-4744.569	-5.036	-4739.532	0.111	0.715	231.628	2.516
360		0.352	-4744.569	-5.036	-4739.532	0.111	0.715	231.628	2.516
370		0.362	-4744.569	-5.036	-4739.532	0.111	0.715	231.628	2.516
380		0.371	-4744.569	-5.036	-4739.532	0.111	0.715	231.628	2.516
390		0.381	-4744.569	-5.036	-4739.532	0.111	0.715	231.628	2.516
400		0.391	-4744.569	-5.036	-4739.532	0.111	0.715	231.628	2.516
410		0.401	-4734.73	-5.136	-4729.594	0.119	0.755	232.968	2.588
420		0.411	-4727.254	-5.114	-4722.14	0.149	0.765	236.28	2.55
430		0.42	-4725.746	-5.24	-4720.506	0.163	0.812	236.094	2.589
440		0.43	-4707.41	-5.718	-4701.692	0.205	0.794	235.106	2.727
450		0.44	-4707.41	-5.718	-4701.692	0.205	0.794	235.106	2.727
460		0.45	-4707.41	-5.718	-4701.692	0.205	0.794	235.106	2.727
470		0.459	-4707.41	-5.718	-4701.692	0.205	0.794	235.106	2.727
480		0.469	-4702.711	-5.343	-4697.368	0.165	0.814	237.716	2.649
490		0.479	-4702.711	-5.343	-4697.368	0.165	0.814	237.716	2.649
500		0.489	-4702.711	-5.343	-4697.368	0.165	0.814	237.716	2.649
510		0.498	-4697.757	-5.341	-4692.416	0.149	0.828	236.027	2.681
520		0.508	-4692.674	-5.476	-4687.198	0.13	0.833	235.565	2.78
530		0.518	-4692.674	-5.476	-4687.198	0.13	0.833	235.565	2.78
540		0.528	-4687.311	-5.747	-4681.563	0.068	0.871	243.203	2.735
550		0.537	-4687.311	-5.747	-4681.563	0.068	0.871	243.203	2.735
560		0.547	-4687.311	-5.747	-4681.563	0.068	0.871	243.203	2.735
570		0.557	-4687.311	-5.747	-4681.563	0.068	0.871	243.203	2.735
580		0.567	-4687.311	-5.747	-4681.563	0.068	0.871	243.203	2.735
590		0.576	-4677.048	-5.584	-4671.464	0.087	0.899	244.032	2.747
600		0.586	-4677.048	-5.584	-4671.464	0.087	0.899	244.032	2.747
610		0.596	-4677.048	-5.584	-4671.464	0.087	0.899	244.032	2.747
620		0.606	-4677.048	-5.584	-4671.464	0.087	0.899	244.032	2.747
630		0.616	-4676.844	-5.641	-4671.203	0.072	0.904	243.01	2.693
640		0.625	-4676.844	-5.641	-4671.203	0.072	0.904	243.01	2.693
650		0.635	-4676.844	-5.641	-4671.203	0.072	0.904	243.01	2.693
660		0.645	-4664.969	-5.834	-4659.135	0.055	0.94	244.522	2.61
670		0.655	-4664.969	-5.834	-4659.135	0.055	0.94	244.522	2.61
680		0.664	-4664.969	-5.834	-4659.135	0.055	0.94	244.522	2.61
690		0.674	-4664.969	-5.834	-4659.135	0.055	0.94	244.522	2.61
700		0.684	-4664.969	-5.834	-4659.135	0.055	0.94	244.522	2.61
710		0.693	-4664.969	-5.834	-4659.135	0.055	0.94	244.522	2.61
720		0.703	-4664.969	-5.834	-4659.135	0.055	0.94	244.522	2.61
730		0.713	-4664.969	-5.834	-4659.135	0.055	0.94	244.522	2.61
740		0.723	-4664.969	-5.834	-4659.135	0.055	0.94	244.522	2.61
750		0.732	-4655.107	-5.331	-4649.777	0.103	0.967	243.928	2.583
760		0.742	-4655.107	-5.331	-4649.777	0.103	0.967	243.928	2.583
770		0.752	-4652.927	-5.251	-4647.676	0.108	0.974	243.973	2.524
780		0.762	-4652.927	-5.251	-4647.676	0.108	0.974	243.973	2.524
790		0.771	-4652.927	-5.251	-4647.676	0.108	0.974	243.973	2.524
800		0.781	-4652.927	-5.251	-4647.676	0.108	0.974	243.973	2.524
810		0.791	-4652.927	-5.251	-4647.676	0.108	0.974	243.973	2.524
820		0.801	-4652.927	-5.251	-4647.676	0.108	0.974	243.973	2.524
830		0.811	-4652.927	-5.251	-4647.676	0.108	0.974	243.973	2.524
840		0.82	-4652.927	-5.251	-4647.676	0.108	0.974	243.973	2.524
850		0.83	-4652.927	-5.251	-4647.676	0.108	0.974	243.973	2.524
860		0.84	-4652.927	-5.251	-4647.676	0.108	0.974	243.973	2.524
870		0.85	-4646.93	-5.35	-4641.58	0.108	0.991	243.81	2.52
880		0.859	-4646.93	-5.35	-4641.58	0.108	0.991	243.81	2.52
890		0.869	-4646.93	-5.35	-4641.58	0.108	0.991	243.81	2.52
900		0.879	-4646.93	-5.35	-4641.58	0.108	0.991	243.81	2.52
910		0.889	-4646.93	-5.35	-4641.58	0.108	0.991	243.81	2.52
920		0.898	-4646.93	-5.35	-4641.58	0.108	0.991	243.81	2.52
930		0.908	-4646.93	-5.35	-4641.58	0.108	0.991	243.81	2.52
940		0.918	-4646.93	-5.35	-4641.58	0.108	0.991	243.81	2.52
950		0.928	-4646.93	-5.35	-4641.58	0.108	0.991	243.81	2.52
960		0.938	-4646.93	-5.35	-4641.58	0.108	0.991	243.81	2.52
970		0.947	-4646.93	-5.35	-4641.58	0.108	0.991	243.81	2.52
980		0.957	-4646.93	-5.35	-4641.58	0.108	0.991	243.81	2.52
990		0.967	-4646.93	-5.35	-4641.58	0.108	0.991	243.81	2.52
1000		0.977	-4646.93	-5.35	-4641.58	0.108	0.991	243.81	2.52
1010		0.986	-4646.93	-5.35	-4641.58	0.108	0.991	243.81	2.52
1020		0.996	-4646.93	-5.35	-4641.58	0.108	0.991	243.81	2.52
1030		1.006	-4646.93	-5.35	-4641.58	0.108	0.991	243.81	2.52
1040		1.016	-4646.93	-5.35	-4641.58	0.108	0.991	243.81	2.52
1050		1.025	-4646.93	-5.35	-4641.58	0.108	0.991	243.81	2.52
1060		1.035	-4646.93	-5.35	-4641.58	0.108	0.991	243.81	2.52
1070		1.045	-4646.93	-5.35	-4641.58	0.108	0.991	243.81	2.52
1080		1.054	-4646.93	-5.35	-4641.58	0.108	0.991	243.81	2.52
1090		1.064	-4647.008	-5.496	-4641.512	0.122	0.994	247.354	2.606
1100		1.074	-4645.718	-5.876	-4639.842	0.134	1.0	249.351	2.646
1110		1.084	-4645.718	-5.876	-4639.842	0.134	1.0	249.351	2.646
1120		1.093	-4645.718	-5.876	-4639.842	0.134	1.0	249.351	2.646
1130		1.103	-4645.718	-5.876	-4639.842	0.134	1.0	249.351	2.646
1140		1.113	-4645.718	-5.876	-4639.842	0.134	1.0	249.351	2.646
1150		1.122	-4645.718	-5.876	-4639.842	0.134	1.0	249.351	2.646
1160		1.132	-4645.718	-5.876	-4639.842	0.134	1.0	249.351	2.646
1170		1.142	-4645.718	-5.876	-4639.842	0.134	1.0	249.351	2.646
1180		1.151	-4645.718	-5.876	-4639.842	0.134	1.0	249.351	2.646
1190		1.161	-4645.718	-5.876	-4639.842	0.134	1.0	249.351	2.646
1200		1.171	-4645.718	-5.876	-4639.842	0.134	1.0	249.351	2.646
1210		1.181	-4645.718	-5.876	-4639.842	0.134	1.0	249.351	2.646
1220		1.19	-4645.718	-5.876	-4639.842	0.134	1.0	249.351	2.646
1230		1.2	-4648.284	-5.412	-4642.872	0.147	0.988	247.122	2.577
1240		1.21	-4648.284	-5.412	-4642.872	0.147	0.988	247.122	2.577
1250		1.219	-4648.284	-5.412	-4642.872	0.147	0.988	247.122	2.577
1260		1.229	-4648.284	-5.412	-4642.872	0.147	0.988	247.122	2.577
1270		1.239	-4648.284	-5.412	-4642.872	0.147	0.988	247.122	2.577
1280		1.249	-4648.284	-5.412	-4642.872	0.147	0.988	247.122	2.577
1290		1.258	-4648.284	-5.412	-4642.872	0.147	0.988	247.122	2.577
1300		1.268	-4648.284	-5.412	-4642.872	0.147	0.988	247.122	2.577
1310		1.278	-4645.148	-5.599	-4639.549	0.14	0.996	248.571	2.643
1320		1.287	-4645.148	-5.599	-4639.549	0.14	0.996	248.571	2.643
1330		1.297	-4645.148	-5.599	-4639.549	0.14	0.996	248.571	2.643
1340		1.307	-4645.148	-5.599	-4639.549	0.14	0.996	248.571	2.643
1350		1.316	-4645.148	-5.599	-4639.549	0.14	0.996	248.571	2.643
1360		1.326	-4645.148	-5.599	-4639.549	0.14	0.996	248.571	2.643
1370		1.336	-4645.148	-5.599	-4639.549	0.14	0.996	248.571	2.643
1380		1.345	-4645.148	-5.599	-4639.549	0.14	0.996	248.571	2.643
1390		1.355	-4645.148	-5.599	-4639.549	0.14	0.996	248.571	2.643
1400		1.365	-4645.148	-5.599	-4639.549	0.14	0.996	248.571	2.643
1410		1.375	-4645.148	-5.599	-4639.549	0.14	0.996	248.571	2.643
1420		1.384	-4645.148	-5.599	-4639.549	0.14	0.996	248.571	2.643
1430		1.394	-4645.148	-5.599	-4639.549	0.14	0.996	248.571	2.643
1440		1.404	-4645.148	-5.599	-4639.549	0.14	0.996	248.571	2.643
1450		1.413	-4645.148	-5.599	-4639.549	0.14	0.996	248.571	2.643
1460		1.423	-4645.148	-5.599	-4639.549	0.14	0.996	248.571	2.643
1470		1.433	-4645.148	-5.599	-4639.549	0.14	0.996	248.571	2.643
1480		1.442	-4645.148	-5.599	-4639.549	0.14	0.996	248.571	2.643
1490		1.452	-4645.148	-5.599	-4639.549	0.14	0.996	248.571	2.643
1500		1.462	-4645.148	-5.599	-4639.549	0.14	0.996	248.571	2.643
1510		1.472	-4645.148	-5.599	-4639.549	0.14	0.996	248.571	2.643
1520		1.481	-4645.148	-5.599	-4639.549	0.14	0.996	248.571	2.643
1530		1.491	-4645.148	-5.599	-4639.549	0.14	0.996	248.571	2.643
1540		1.501	-4645.148	-5.599	-4639.549	0.14	0.996	248.571	2.643
1550		1.51	-4645.148	-5.599	-4639.549	0.14	0.996	248.571	2.643
1560		1.52	-4645.148	-5.599	-4639.549	0.14	0.996	248.571	2.643
1570		1.53	-4645.148	-5.599	-4639.549	0.14	0.996	248.571	2.643
1580		1.539	-4645.148	-5.599	-4639.549	0.14	0.996	248.571	2.643
1590		1.549	-4645.148	-5.599	-4639.549	0.14	0.996	248.571	2.643
1600		1.559	-4645.148	-5.599	-4639.549	0.14	0.996	248.571	2.643
1610		1.569	-4645.148	-5.599	-4639.549	0.14	0.996	248.571	2.643
1620		1.578	-4645.148	-5.599	-4639.549	0.14	0.996	248.571	2.643
1630		1.588	-4645.148	-5.599	-4639.549	0.14	0.996	248.571	2.643
1640		1.598	-4645.148	-5.599	-4639.549	0.14	0.996	248.571	2.643
1650		1.608	-4645.148	-5.599	-4639.549	0.14	0.996	248.571	2.643
1660		1.618	-4645.148	-5.599	-4639.549	0.14	0.996	248.571	2.643
1670		1.627	-4645.148	-5.599	-4639.549	0.14	0.996	248.571	2.643
1680		1.637	-4645.148	-5.599	-4639.549	0.14	0.996	248.571	2.643
1690		1.647	-4644.647	-5.503	-4639.144	0.115	0.99	245.301	2.638
1700		1.656	-4644.647	-5.503	-4639.144	0.115	0.99	245.301	2.638
1710		1.666	-4644.647	-5.503	-4639.144	0.115	0.99	245.301	2.638
1720		1.676	-4644.647	-5.503	-4639.144	0.115	0.99	245.301	2.638
1730		1.686	-4644.647	-5.503	-4639.144	0.115	0.99	245.301	2.638
1740		1.695	-4644.647	-5.503	-4639.144	0.115	0.99	245.301	2.638
1750		1.705	-4644.427	-5.564	-4638.863	0.146	0.998	246.426	2.569
1760		1.715	-4644.427	-5.564	-4638.863	0.146	0.998	246.426	2.569
1770		1.725	-4644.427	-5.564	-4638.863	0.146	0.998	246.426	2.569
1780		1.734	-4644.427	-5.564	-4638.863	0.146	0.998	246.426	2.569
1790		1.744	-4644.427	-5.564	-4638.863	0.146	0.998	246.426	2.569
1800		1.754	-4644.427	-5.564	-4638.863	0.146	0.998	246.426	2.569
1810		1.764	-4644.427	-5.564	-4638.863	0.146	0.998	246.426	2.569
1820		1.773	-4644.427	-5.564	-4638.863	0.146	0.998	246.426	2.569
1830		1.783	-4644.427	-5.564	-4638.863	0.146	0.998	246.426	2.569
1840		1.793	-4644.427	-5.564	-4638.863	0.146	0.998	246.426	2.569
1850		1.803	-4644.427	-5.564	-4638.863	0.146	0.998	246.426	2.569
1860		1.812	-4644.427	-5.564	-4638.863	0.146	0.998	246.426	2.569
1870		1.822	-4644.427	-5.564	-4638.863	0.146	0.998	246.426	2.569
1880		1.832	-4644.427	-5.564	-4638.863	0.146	0.998	246.426	2.569
1890		1.842	-4644.427	-5.564	-4638.863	0.146	0.998	246.426	2.569
1900		1.851	-4644.427	-5.564	-4638.863	0.146	0.998	246.426	2.569
1910		1.861	-4644.427	-5.564	-4638.863	0.146	0.998	246.426	2.569
1920		1.871	-4644.427	-5.564	-4638.863	0.146	0.998	246.426	2.569
1930		1.881	-4644.427	-5.564	-4638.863	0.146	0.998	246.426	2.569
1940		1.89	-4644.427	-5.564	-4638.863	0.146	0.998	246.426	2.569
1950		1.9	-4644.427	-5.564	-4638.863	0.146	0.998	246.426	2.569
1960		1.91	-4644.226	-5.646	-4638.58	0.172	0.994	245.168	2.615
1970		1.92	-4644.226	-5.646	-4638.58	0.172	0.994	245.168	2.615
1980		1.93	-4644.226	-5.646	-4638.58	0.172	0.994	245.168	2.615
1990		1.939	-4644.226	-5.646	-4638.58	0.172	0.994	245.168	2.615
2000		1.949	-4644.226	-5.646	-4638.58	0.172	0.994	245.168	2.615
2010		1.959	-4644.226	-5.646	-4638.58	0.172	0.994	245.168	2.615
2020		1.969	-4644.226	-5.646	-4638.58	0.172	0.994	245.168	2.615
2030		1.978	-4644.226	-5.646	-4638.58	0.172	0.994	245.168	2.615
2040		1.988	-4644.226	-5.646	-4638.58	0.172	0.994	245.168	2.615
2050		1.998	-4644.226	-5.646	-4638.58	0.172	0.994	245.168	2.615
2060		2.008	-4644.226	-5.646	-4638.58	0.172	0.994	245.168	2.615
2070		2.017	-4644.226	-5.646	-4638.58	0.172	0.994	245.168	2.615
2080		2.027	-4644.226	-5.646	-4638.58	0.172	0.994	245.168	2.615
2090		2.036	-4644.226	-5.646	-4638.58	0.172	0.994	245.168	2.615
2100		2.046	-4644.226	-5.646	-4638.58	0.172	0.994	245.168	2.615
2110		2.056	-4644.226	-5.646	-4638.58	0.172	0.994	245.168	2.615
2120		2.066	-4644.226	-5.646	-4638.58	0.172	0.994	245.168	2.615
2130		2.075	-4644.226	-5.646	-4638.58	0.172	0.994	245.168	2.615
2140		2.085	-4644.226	-5.646	-4638.58	0.172	0.994	245.168	2.615
2150		2.095	-4644.226	-5.646	-4638.58	0.172	0.994	245.168	2.615
2160		2.104	-4644.226	-5.646	-4638.58	0.172	0.994	245.168	2.615
2170		2.114	-4644.226	-5.646	-4638.58	0.172	0.994	245.168	2.615
2180		2.124	-4645.579	-5.608	-4639.971	0.175	0.985	245.98	2.643
2190		2.133	-4645.579	-5.608	-4639.971	0.175	0.985	245.98	2.643
2200		2.143	-4645.579	-5.608	-4639.971	0.175	0.985	245.98	2.643
2210		2.153	-4645.579	-5.608	-4639.971	0.175	0.985	245.98	2.643
2220		2.163	-4645.579	-5.608	-4639.971	0.175	0.985	245.98	2.643
2230		2.172	-4645.579	-5.608	-4639.971	0.175	0.985	245.98	2.643
2240		2.182	-4645.579	-5.608	-4639.971	0.175	0.985	245.98	2.643
2250		2.192	-4645.579	-5.608	-4639.971	0.175	0.985	245.98	2.643
2260		2.202	-4645.579	-5.608	-4639.971	0.175	0.985	245.98	2.643
2270		2.211	-4645.579	-5.608	-4639.971	0.175	0.985	245.98	2.643
2280		2.221	-4645.579	-5.608	-4639.971	0.175	0.985	245.98	2.643
2290		2.231	-4645.579	-5.608	-4639.971	0.175	0.985	245.98	2.643
2300		2.24	-4643.202	-5.796	-4637.406	0.185	0.993	246.257	2.674
2310		2.25	-4643.202	-5.796	-4637.406	0.185	0.993	246.257	2.674
2320		2.26	-4643.202	-5.796	-4637.406	0.185	0.993	246.257	2.674
2330		2.27	-4643.202	-5.796	-4637.406	0.185	0.993	246.257	2.674
2340		2.279	-4643.202	-5.796	-4637.406	0.185	0.993	246.257	2.674
2350		2.289	-4643.202	-5.796	-4637.406	0.185	0.993	246.257	2.674
2360		2.299	-4643.202	-5.796	-4637.406	0.185	0.993	246.257	2.674
2370		2.308	-4643.202	-5.796	-4637.406	0.185	0.993	246.257	2.674
2380		2.318	-4643.202	-5.796	-4637.406	0.185	0.993	246.257	2.674
2390		2.328	-4643.202	-5.796	-4637.406	0.185	0.993	246.257	2.674
2400		2.338	-4643.202	-5.796	-4637.406	0.185	0.993	246.257	2.674
2410		2.348	-4643.202	-5.796	-4637.406	0.185	0.993	246.257	2.674
2420		2.357	-4643.202	-5.796	-4637.406	0.185	0.993	246.257	2.674
2430		2.367	-4643.202	-5.796	-4637.406	0.185	0.993	246.257	2.674
2440		2.377	-4643.202	-5.796	-4637.406	0.185	0.993	246.257	2.674
2450		2.387	-4643.202	-5.796	-4637.406	0.185	0.993	246.257	2.674
2460		2.396	-4643.202	-5.796	-4637.406	0.185	0.993	246.257	2.674
2470		2.406	-4643.202	-5.796	-4637.406	0.185	0.993	246.257	2.674
2480		2.416	-4643.202	-5.796	-4637.406	0.185	0.993	246.257	2.674
2490		2.426	-4643.202	-5.796	-4637.406	0.185	0.993	246.257	2.674
2500		2.435	-4643.202	-5.796	-4637.406	0.185	0.993	246.257	2.674
2510		2.445	-4643.202	-5.796	-4637.406	0.185	0.993	246.257	2.674
2520		2.454	-4643.202	-5.796	-4637.406	0.185	0.993	246.257	2.674
2530		2.464	-4643.202	-5.796	-4637.406	0.185	0.993	246.257	2.674
2540		2.474	-4643.202	-5.796	-4637.406	0.185	0.993	246.257	2.674
2550		2.483	-4643.202	-5.796	-4637.406	0.185	0.993	246.257	2.674
2560		2.493	-4643.202	-5.796	-4637.406	0.185	0.993	246.257	2.674
2570		2.503	-4643.202	-5.796	-4637.406	0.185	0.993	246.257	2.674
2580		2.512	-4643.202	-5.796	-4637.406	0.185	0.993	246.257	2.674
2590		2.522	-4643.202	-5.796	-4637.406	0.185	0.993	246.257	2.674
2600		2.532	-4643.202	-5.796	-4637.406	0.185	0.993	246.257	2.674
2610		2.541	-4643.202	-5.796	-4637.406	0.185	0.993	246.257	2.674
2620		2.551	-4643.202	-5.796	-4637.406	0.185	0.993	246.257	2.674
2630		2.561	-4643.202	-5.796	-4637.406	0.185	0.993	246.257	2.674
2640		2.57	-4643.202	-5.796	-4637.406	0.185	0.993	246.257	2.674
2650		2.58	-4643.202	-5.796	-4637.406	0.185	0.993	246.257	2.674
2660		2.59	-4643.202	-5.796	-4637.406	0.185	0.993	246.257	2.674
2670		2.6	-4643.202	-5.796	-4637.406	0.185	0.993	246.257	2.674
2680		2.609	-4643.202	-5.796	-4637.406	0.185	0.993	246.257	2.674
2690		2.619	-4643.202	-5.796	-4637.406	0.185	0.993	246.257	2.674
2700		2.629	-4643.202	-5.796	-4637.406	0.185	0.993	246.257	2.674
2710		2.638	-4643.202	-5.796	-4637.406	0.185	0.993	246.257	2.674
2720		2.648	-4643.202	-5.796	-4637.406	0.185	0.993	246.257	2.674
2730		2.658	-4643.202	-5.796	-4637.406	0.185	0.993	246.257	2.674
2740		2.667	-4644.093	-6.134	-4637.959	0.242	0.989	245.769	2.612
2750		2.677	-4644.093	-6.134	-4637.959	0.242	0.989	245.769	2.612
2760		2.687	-4641.957	-6.74	-4635.217	0.271	0.999	244.338	2.657
2770		2.696	-4641.957	-6.74	-4635.217	0.271	0.999	244.338	2.657
2780		2.706	-4641.957	-6.74	-4635.217	0.271	0.999	244.338	2.657
2790		2.716	-4641.957	-6.74	-4635.217	0.271	0.999	244.338	2.657
2800		2.725	-4641.957	-6.74	-4635.217	0.271	0.999	244.338	2.657
2810		2.735	-4641.957	-6.74	-4635.217	0.271	0.999	244.338	2.657
2820		2.745	-4641.957	-6.74	-4635.217	0.271	0.999	244.338	2.657
2830		2.754	-4641.957	-6.74	-4635.217	0.271	0.999	244.338	2.657
2840		2.764	-4641.957	-6.74	-4635.217	0.271	0.999	244.338	2.657
2850		2.773	-4641.957	-6.74	-4635.217	0.271	0.999	244.338	2.657
2860		2.783	-4641.752	-6.893	-4634.858	0.302	0.993	245.08	2.615
2870		2.793	-4641.752	-6.893	-4634.858	0.302	0.993	245.08	2.615
2880		2.803	-4641.752	-6.893	-4634.858	0.302	0.993	245.08	2.615
2890		2.812	-4642.713	-7.544	-4635.169	0.336	0.995	247.463	2.695
2900		2.822	-4642.713	-7.544	-4635.169	0.336	0.995	247.463	2.695
2910		2.831	-4642.713	-7.544	-4635.169	0.336	0.995	247.463	2.695
2920		2.841	-4642.713	-7.544	-4635.169	0.336	0.995	247.463	2.695
2930		2.851	-4642.713	-7.544	-4635.169	0.336	0.995	247.463	2.695
2940		2.86	-4642.713	-7.544	-4635.169	0.336	0.995	247.463	2.695
2950		2.87	-4642.713	-7.544	-4635.169	0.336	0.995	247.463	2.695
2960		2.88	-4642.713	-7.544	-4635.169	0.336	0.995	247.463	2.695
2970		2.889	-4642.713	-7.544	-4635.169	0.336	0.995	247.463	2.695
2980		2.899	-4642.713	-7.544	-4635.169	0.336	0.995	247.463	2.695
2990		2.909	-4641.189	-7.729	-4633.46	0.341	0.995	249.067	2.757
3000		2.918	-4641.189	-7.729	-4633.46	0.341	0.995	249.067	2.757
3010		2.928	-4641.189	-7.729	-4633.46	0.341	0.995	249.067	2.757
3020		2.938	-4641.189	-7.729	-4633.46	0.341	0.995	249.067	2.757
3030		2.947	-4641.189	-7.729	-4633.46	0.341	0.995	249.067	2.757
3040		2.957	-4637.453	-8.644	-4628.809	0.379	0.999	246.404	2.846
3050		2.967	-4637.453	-8.644	-4628.809	0.379	0.999	246.404	2.846
3060		2.976	-4637.453	-8.644	-4628.809	0.379	0.999	246.404	2.846
3070		2.986	-4637.453	-8.644	-4628.809	0.379	0.999	246.404	2.846
3080		2.996	-4637.453	-8.644	-4628.809	0.379	0.999	246.404	2.846
3090		3.005	-4637.453	-8.644	-4628.809	0.379	0.999	246.404	2.846
3100		3.015	-4637.453	-8.644	-4628.809	0.379	0.999	246.404	2.846
3110		3.025	-4637.453	-8.644	-4628.809	0.379	0.999	246.404	2.846
3120		3.034	-4637.453	-8.644	-4628.809	0.379	0.999	246.404	2.846
3130		3.044	-4637.453	-8.644	-4628.809	0.379	0.999	246.404	2.846
3140		3.054	-4637.453	-8.644	-4628.809	0.379	0.999	246.404	2.846
3150		3.064	-4637.453	-8.644	-4628.809	0.379	0.999	246.404	2.846
3160		3.073	-4637.453	-8.644	-4628.809	0.379	0.999	246.404	2.846
3170		3.083	-4637.453	-8.644	-4628.809	0.379	0.999	246.404	2.846
3180		3.093	-4637.453	-8.644	-4628.809	0.379	0.999	246.404	2.846
3190		3.102	-4637.453	-8.644	-4628.809	0.379	0.999	246.404	2.846
3200		3.112	-4637.453	-8.644	-4628.809	0.379	0.999	246.404	2.846
3210		3.122	-4637.453	-8.644	-4628.809	0.379	0.999	246.404	2.846
3220		3.132	-4637.453	-8.644	-4628.809	0.379	0.999	246.404	2.846
3230		3.142	-4637.453	-8.644	-4628.809	0.379	0.999	246.404	2.846
3240		3.151	-4637.453	-8.644	-4628.809	0.379	0.999	246.404	2.846
3250		3.161	-4637.453	-8.644	-4628.809	0.379	0.999	246.404	2.846
3260		3.171	-4637.453	-8.644	-4628.809	0.379	0.999	246.404	2.846
3270		3.181	-4637.453	-8.644	-4628.809	0.379	0.999	246.404	2.846
3280		3.19	-4637.453	-8.644	-4628.809	0.379	0.999	246.404	2.846
3290		3.2	-4637.453	-8.644	-4628.809	0.379	0.999	246.404	2.846
3300		3.21	-4637.453	-8.644	-4628.809	0.379	0.999	246.404	2.846
3310		3.22	-4636.445	-8.992	-4627.453	0.396	0.995	246.248	2.949
3320		3.229	-4636.445	-8.992	-4627.453	0.396	0.995	246.248	2.949
3330		3.239	-4636.445	-8.992	-4627.453	0.396	0.995	246.248	2.949
3340		3.249	-4636.445	-8.992	-4627.453	0.396	0.995	246.248	2.949
3350		3.259	-4636.445	-8.992	-4627.453	0.396	0.995	246.248	2.949
3360		3.268	-4636.445	-8.992	-4627.453	0.396	0.995	246.248	2.949
3370		3.278	-4636.445	-8.992	-4627.453	0.396	0.995	246.248	2.949
3380		3.288	-4636.445	-8.992	-4627.453	0.396	0.995	246.248	2.949
3390		3.298	-4636.445	-8.992	-4627.453	0.396	0.995	246.248	2.949
3400		3.307	-4636.445	-8.992	-4627.453	0.396	0.995	246.248	2.949
3410		3.317	-4636.445	-8.992	-4627.453	0.396	0.995	246.248	2.949
3420		3.327	-4636.445	-8.992	-4627.453	0.396	0.995	246.248	2.949
3430		3.337	-4636.722	-8.275	-4628.448	0.345	0.994	246.001	3.025
3440		3.346	-4637.719	-8.743	-4628.975	0.361	0.996	249.121	3.113
3450		3.356	-4637.719	-8.743	-4628.975	0.361	0.996	249.121	3.113
3460		3.366	-4637.719	-8.743	-4628.975	0.361	0.996	249.121	3.113
3470		3.376	-4638.908	-8.167	-4630.742	0.338	0.993	248.374	3.033
3480		3.385	-4638.908	-8.167	-4630.742	0.338	0.993	248.374	3.033
3490		3.395	-4638.908	-8.167	-4630.742	0.338	0.993	248.374	3.033
3500		3.405	-4637.606	-8.496	-4629.109	0.356	0.988	247.543	3.083
3510		3.415	-4637.606	-8.496	-4629.109	0.356	0.988	247.543	3.083
3520		3.424	-4637.606	-8.496	-4629.109	0.356	0.988	247.543	3.083
3530		3.434	-4637.606	-8.496	-4629.109	0.356	0.988	247.543	3.083
3540		3.444	-4637.606	-8.496	-4629.109	0.356	0.988	247.543	3.083
3550		3.454	-4637.606	-8.496	-4629.109	0.356	0.988	247.543	3.083
3560		3.464	-4637.606	-8.496	-4629.109	0.356	0.988	247.543	3.083
3570		3.473	-4637.606	-8.496	-4629.109	0.356	0.988	247.543	3.083
3580		3.483	-4637.606	-8.496	-4629.109	0.356	0.988	247.543	3.083
3590		3.493	-4637.606	-8.496	-4629.109	0.356	0.988	247.543	3.083
3600		3.503	-4637.606	-8.496	-4629.109	0.356	0.988	247.543	3.083
3610		3.512	-4637.606	-8.496	-4629.109	0.356	0.988	247.543	3.083
3620		3.522	-4637.606	-8.496	-4629.109	0.356	0.988	247.543	3.083
3630		3.532	-4637.606	-8.496	-4629.109	0.356	0.988	247.543	3.083
3640		3.541	-4637.194	-7.774	-4629.42	0.305	0.99	245.507	3.091
3650		3.551	-4635.422	-8.027	-4627.395	0.316	0.991	242.35	3.133
3660		3.561	-4635.422	-8.027	-4627.395	0.316	0.991	242.35	3.133
3670		3.571	-4635.422	-8.027	-4627.395	0.316	0.991	242.35	3.133
3680		3.58	-4635.422	-8.027	-4627.395	0.316	0.991	242.35	3.133
3690		3.59	-4635.422	-8.027	-4627.395	0.316	0.991	242.35	3.133
3700		3.6	-4635.422	-8.027	-4627.395	0.316	0.991	242.35	3.133
3710		3.61	-4635.422	-8.027	-4627.395	0.316	0.991	242.35	3.133
3720		3.619	-4635.422	-8.027	-4627.395	0.316	0.991	242.35	3.133
3730		3.629	-4635.422	-8.027	-4627.395	0.316	0.991	242.35	3.133
3740		3.639	-4635.422	-8.027	-4627.395	0.316	0.991	242.35	3.133
3750		3.649	-4635.422	-8.027	-4627.395	0.316	0.991	242.35	3.133
3760		3.658	-4635.422	-8.027	-4627.395	0.316	0.991	242.35	3.133
3770		3.668	-4635.422	-8.027	-4627.395	0.316	0.991	242.35	3.133
3780		3.678	-4635.422	-8.027	-4627.395	0.316	0.991	242.35	3.133
3790		3.687	-4635.422	-8.027	-4627.395	0.316	0.991	242.35	3.133
3800		3.697	-4635.422	-8.027	-4627.395	0.316	0.991	242.35	3.133
3810		3.706	-4635.422	-8.027	-4627.395	0.316	0.991	242.35	3.133
3820		3.716	-4633.74	-7.844	-4625.896	0.3	0.992	240.403	3.146
3830		3.726	-4633.74	-7.844	-4625.896	0.3	0.992	240.403	3.146
3840		3.735	-4633.74	-7.844	-4625.896	0.3	0.992	240.403	3.146
3850		3.745	-4633.74	-7.844	-4625.896	0.3	0.992	240.403	3.146
3860		3.755	-4633.74	-7.844	-4625.896	0.3	0.992	240.403	3.146
3870		3.764	-4633.74	-7.844	-4625.896	0.3	0.992	240.403	3.146
3880		3.774	-4633.74	-7.844	-4625.896	0.3	0.992	240.403	3.146
3890		3.784	-4633.74	-7.844	-4625.896	0.3	0.992	240.403	3.146
3900		3.793	-4633.74	-7.844	-4625.896	0.3	0.992	240.403	3.146
3910		3.803	-4633.74	-7.844	-4625.896	0.3	0.992	240.403	3.146
3920		3.813	-4633.74	-7.844	-4625.896	0.3	0.992	240.403	3.146
3930		3.822	-4636.163	-7.932	-4628.231	0.311	0.978	240.501	3.163
3940		3.832	-4636.163	-7.932	-4628.231	0.311	0.978	240.501	3.163
3950		3.842	-4636.163	-7.932	-4628.231	0.311	0.978	240.501	3.163
3960		3.852	-4636.163	-7.932	-4628.231	0.311	0.978	240.501	3.163
3970		3.861	-4636.163	-7.932	-4628.231	0.311	0.978	240.501	3.163
3980		3.871	-4636.163	-7.932	-4628.231	0.311	0.978	240.501	3.163
3990		3.881	-4636.163	-7.932	-4628.231	0.311	0.978	240.501	3.163
4000		3.89	-4634.224	-8.151	-4626.073	0.325	0.978	237.548	3.173
4010		3.9	-4634.224	-8.151	-4626.073	0.325	0.978	237.548	3.173
4020		3.91	-4634.224	-8.151	-4626.073	0.325	0.978	237.548	3.173
4030		3.919	-4634.551	-8.058	-4626.493	0.321	0.977	235.869	3.158
4040		3.929	-4635.323	-7.985	-4627.338	0.311	0.969	233.053	3.202
4050		3.939	-4635.482	-7.911	-4627.57	0.291	0.972	234.29	3.28
4060		3.949	-4635.482	-7.911	-4627.57	0.291	0.972	234.29	3.28
4070		3.958	-4635.482	-7.911	-4627.57	0.291	0.972	234.29	3.28
4080		3.968	-4635.482	-7.911	-4627.57	0.291	0.972	234.29	3.28
4090		3.978	-4634.559	-7.647	-4626.912	0.279	0.966	231.545	3.239
4100		3.987	-4634.559	-7.647	-4626.912	0.279	0.966	231.545	3.239
4110		3.997	-4634.559	-7.647	-4626.912	0.279	0.966	231.545	3.239
4120		4.007	-4634.559	-7.647	-4626.912	0.279	0.966	231.545	3.239
4130		4.016	-4634.559	-7.647	-4626.912	0.279	0.966	231.545	3.239
4140		4.026	-4634.559	-7.647	-4626.912	0.279	0.966	231.545	3.239
4150		4.036	-4626.827	-8.021	-4618.806	0.282	0.993	231.734	3.317
4160		4.045	-4626.827	-8.021	-4618.806	0.282	0.993	231.734	3.317
4170		4.055	-4626.827	-8.021	-4618.806	0.282	0.993	231.734	3.317
4180		4.065	-4626.827	-8.021	-4618.806	0.282	0.993	231.734	3.317
4190		4.075	-4626.827	-8.021	-4618.806	0.282	0.993	231.734	3.317
4200		4.084	-4626.827	-8.021	-4618.806	0.282	0.993	231.734	3.317
4210		4.094	-4626.827	-8.021	-4618.806	0.282	0.993	231.734	3.317
4220		4.104	-4626.827	-8.021	-4618.806	0.282	0.993	231.734	3.317
4230		4.114	-4626.827	-8.021	-4618.806	0.282	0.993	231.734	3.317
4240		4.123	-4626.22	-8.088	-4618.132	0.283	0.997	228.597	3.309
4250		4.133	-4624.432	-8.067	-4616.365	0.293	0.996	230.421	3.258
4260		4.143	-4624.432	-8.067	-4616.365	0.293	0.996	230.421	3.258
4270		4.153	-4624.432	-8.067	-4616.365	0.293	0.996	230.421	3.258
4280		4.162	-4624.432	-8.067	-4616.365	0.293	0.996	230.421	3.258
4290		4.172	-4623.617	-8.671	-4614.946	0.307	1.0	228.586	3.235
4300		4.182	-4623.617	-8.671	-4614.946	0.307	1.0	228.586	3.235
4310		4.192	-4623.617	-8.671	-4614.946	0.307	1.0	228.586	3.235
4320		4.201	-4623.617	-8.671	-4614.946	0.307	1.0	228.586	3.235
4330		4.211	-4623.617	-8.671	-4614.946	0.307	1.0	228.586	3.235
4340		4.221	-4623.617	-8.671	-4614.946	0.307	1.0	228.586	3.235
4350		4.23	-4623.617	-8.671	-4614.946	0.307	1.0	228.586	3.235
4360		4.24	-4623.617	-8.671	-4614.946	0.307	1.0	228.586	3.235
4370		4.25	-4623.617	-8.671	-4614.946	0.307	1.0	228.586	3.235
4380		4.26	-4623.617	-8.671	-4614.946	0.307	1.0	228.586	3.235
4390		4.269	-4623.617	-8.671	-4614.946	0.307	1.0	228.586	3.235
4400		4.279	-4623.617	-8.671	-4614.946	0.307	1.0	228.586	3.235
4410		4.289	-4623.617	-8.671	-4614.946	0.307	1.0	228.586	3.235
4420		4.299	-4623.617	-8.671	-4614.946	0.307	1.0	228.586	3.235
4430		4.308	-4623.617	-8.671	-4614.946	0.307	1.0	228.586	3.235
4440		4.318	-4623.617	-8.671	-4614.946	0.307	1.0	228.586	3.235
4450		4.328	-4623.617	-8.671	-4614.946	0.307	1.0	228.586	3.235
4460		4.337	-4623.617	-8.671	-4614.946	0.307	1.0	228.586	3.235
4470		4.347	-4623.617	-8.671	-4614.946	0.307	1.0	228.586	3.235
4480		4.357	-4623.617	-8.671	-4614.946	0.307	1.0	228.586	3.235
4490		4.367	-4623.617	-8.671	-4614.946	0.307	1.0	228.586	3.235
