iter	hours	log_posterior	log_prior	loglik	missing	mixture	scale	shape
0	0.001	-1876.456	-9.053	-1867.404	0.32	0.97	71.644	2.062
10	0.008	-1808.558	-8.789	-1799.769	0.32	0.921	75.279	2.066
20	0.017	-1790.252	-8.654	-1781.597	0.32	0.833	76.113	2.013
30	0.025	-1790.252	-8.654	-1781.597	0.32	0.833	76.113	2.013
40	0.032	-1790.991	-8.733	-1782.258	0.32	0.833	74.844	2.047
50	0.04	-1788.248	-8.729	-1779.519	0.32	0.828	75.02	2.058
60	0.047	-1788.248	-8.729	-1779.519	0.32	0.828	75.02	2.058
70	0.055	-1788.248	-8.729	-1779.519	0.32	0.828	75.02	2.058
80	0.063	-1786.363	-8.775	-1777.588	0.32	0.811	73.022	1.981
90	0.07	-1786.363	-8.775	-1777.588	0.32	0.811	73.022	1.981
100	0.078	-1784.784	-8.8	-1775.985	0.32	0.799	71.856	1.907
110	0.086	-1780.551	-8.736	-1771.815	0.32	0.815	73.228	1.707
120	0.093	-1778.35	-8.951	-1769.399	0.32	0.795	69.609	1.61
130	0.101	-1766.881	-8.894	-1757.987	0.32	0.834	73.214	1.481
140	0.109	-1750.062	-8.949	-1741.113	0.32	0.839	74.638	1.386
150	0.116	-1739.442	-9.188	-1730.254	0.32	0.844	74.812	1.253
160	0.124	-1731.225	-9.482	-1721.743	0.32	0.923	76.874	1.126
170	0.132	-1729.103	-9.744	-1719.359	0.32	0.904	73.751	1.082
180	0.139	-1729.103	-9.744	-1719.359	0.32	0.904	73.751	1.082
190	0.147	-1728.363	-10.23	-1718.134	0.32	0.859	66.539	1.039
200	0.154	-1723.992	-11.052	-1712.94	0.32	0.883	60.671	0.928
210	0.162	-1723.863	-10.971	-1712.893	0.32	0.909	60.827	0.949
220	0.17	-1721.546	-11.766	-1709.78	0.32	0.91	55.659	0.858
230	0.177	-1723.298	-11.554	-1711.744	0.32	0.946	57.386	0.884
240	0.185	-1722.909	-11.977	-1710.931	0.32	0.939	57.03	0.811
250	0.193	-1721.977	-12.361	-1709.616	0.32	0.857	49.591	0.826
260	0.2	-1719.78	-12.502	-1707.278	0.32	0.893	48.66	0.819
270	0.208	-1719.315	-12.573	-1706.743	0.32	0.912	47.086	0.833
280	0.215	-1717.461	-13.568	-1703.893	0.32	0.919	42.093	0.75
290	0.223	-1716.224	-13.028	-1703.196	0.32	0.932	42.854	0.825
300	0.231	-1713.555	-13.601	-1699.954	0.32	0.919	41.271	0.757
310	0.238	-1715.069	-13.067	-1702.002	0.32	0.914	42.734	0.817
320	0.246	-1713.977	-13.456	-1700.521	0.32	0.902	40.837	0.783
330	0.254	-1717.511	-12.969	-1704.542	0.32	0.927	42.063	0.847
340	0.261	-1719.865	-13.367	-1706.497	0.32	0.854	41.545	0.78
350	0.269	-1714.417	-13.098	-1701.32	0.32	0.916	40.835	0.844
360	0.276	-1713.71	-13.486	-1700.224	0.32	0.914	41.675	0.767
370	0.284	-1715.427	-13.16	-1702.267	0.32	0.93	42.282	0.812
380	0.291	-1715.427	-13.16	-1702.267	0.32	0.93	42.282	0.812
390	0.299	-1715.032	-13.022	-1702.01	0.32	0.938	42.08	0.841
400	0.307	-1714.937	-14.816	-1700.121	0.32	0.852	31.425	0.743
410	0.314	-1705.552	-17.772	-1687.78	0.32	0.934	21.778	0.596
420	0.322	-1705.572	-18.101	-1687.471	0.32	0.928	20.454	0.591
430	0.33	-1705.687	-19.303	-1686.384	0.32	0.927	17.425	0.549
440	0.337	-1705.597	-19.067	-1686.53	0.32	0.907	17.55	0.565
450	0.345	-1705.476	-18.592	-1686.884	0.32	0.922	19.103	0.574
460	0.353	-1705.476	-18.592	-1686.884	0.32	0.922	19.103	0.574
470	0.36	-1706.652	-17.975	-1688.677	0.32	0.886	19.976	0.611
480	0.368	-1705.412	-18.896	-1686.516	0.32	0.921	18.136	0.568
490	0.375	-1705.412	-18.896	-1686.516	0.32	0.921	18.136	0.568
500	0.383	-1703.92	-18.759	-1685.162	0.32	0.935	17.751	0.592
510	0.391	-1703.92	-18.759	-1685.162	0.32	0.935	17.751	0.592
520	0.398	-1703.92	-18.759	-1685.162	0.32	0.935	17.751	0.592
530	0.406	-1703.92	-18.759	-1685.162	0.32	0.935	17.751	0.592
540	0.413	-1705.334	-16.643	-1688.69	0.32	0.918	23.833	0.672
550	0.421	-1705.652	-16.725	-1688.927	0.32	0.947	24.228	0.659
560	0.429	-1705.384	-16.424	-1688.96	0.32	0.929	24.938	0.676
570	0.436	-1705.384	-16.424	-1688.96	0.32	0.929	24.938	0.676
580	0.444	-1705.384	-16.424	-1688.96	0.32	0.929	24.938	0.676
590	0.452	-1704.505	-17.308	-1687.197	0.32	0.947	22.485	0.631
600	0.459	-1705.614	-17.933	-1687.681	0.32	0.936	21.171	0.594
610	0.467	-1705.743	-17.328	-1688.416	0.32	0.945	21.854	0.643
620	0.474	-1705.743	-17.328	-1688.416	0.32	0.945	21.854	0.643
630	0.482	-1705.875	-17.081	-1688.794	0.32	0.945	22.709	0.651
640	0.49	-1703.908	-18.313	-1685.595	0.32	0.945	19.287	0.6
650	0.497	-1706.7	-18.221	-1688.479	0.32	0.953	21.117	0.57
660	0.505	-1707.009	-19.006	-1688.004	0.32	0.935	18.969	0.541
670	0.512	-1705.37	-18.071	-1687.299	0.32	0.962	20.379	0.602
680	0.52	-1705.37	-18.071	-1687.299	0.32	0.962	20.379	0.602
690	0.527	-1705.37	-18.071	-1687.299	0.32	0.962	20.379	0.602
700	0.535	-1706.327	-19.463	-1686.865	0.32	0.899	16.84	0.546
710	0.543	-1706.436	-22.401	-1684.035	0.32	0.931	10.554	0.49
720	0.55	-1706.439	-21.132	-1685.307	0.32	0.923	12.376	0.529
730	0.558	-1708.203	-21.513	-1686.69	0.32	0.911	12.788	0.486
740	0.565	-1707.056	-20.746	-1686.309	0.32	0.901	14.036	0.51
750	0.573	-1707.642	-20.309	-1687.333	0.32	0.925	15.568	0.509
760	0.58	-1705.551	-19.315	-1686.236	0.32	0.914	16.678	0.564
770	0.588	-1706.258	-19.533	-1686.724	0.32	0.904	15.702	0.569
780	0.595	-1706.721	-19.848	-1686.873	0.32	0.886	14.976	0.56
790	0.603	-1706.721	-19.848	-1686.873	0.32	0.886	14.976	0.56
800	0.61	-1706.549	-19.316	-1687.233	0.32	0.883	16.476	0.567
810	0.618	-1708.617	-19.355	-1689.262	0.32	0.856	16.804	0.554
820	0.626	-1707.635	-19.191	-1688.444	0.32	0.87	17.339	0.556
830	0.633	-1705.857	-19.591	-1686.266	0.32	0.9	16.055	0.554
840	0.641	-1707.42	-19.521	-1687.9	0.32	0.924	17.552	0.527
850	0.649	-1705.431	-18.617	-1686.814	0.32	0.922	18.799	0.578
860	0.656	-1705.556	-18.743	-1686.813	0.32	0.919	18.767	0.567
870	0.664	-1706.344	-18.747	-1687.596	0.32	0.944	19.514	0.553
880	0.672	-1705.895	-19.304	-1686.59	0.32	0.915	17.417	0.547
890	0.679	-1705.701	-19.078	-1686.623	0.32	0.912	17.839	0.557
900	0.687	-1706.71	-19.445	-1687.265	0.32	0.956	17.273	0.544
910	0.694	-1708.155	-19.514	-1688.641	0.32	0.968	16.712	0.554
920	0.702	-1709.625	-19.763	-1689.862	0.32	0.963	17.58	0.512
930	0.71	-1706.532	-20.087	-1686.446	0.32	0.95	14.987	0.545
940	0.717	-1706.532	-20.087	-1686.446	0.32	0.95	14.987	0.545
950	0.725	-1704.669	-20.119	-1684.55	0.32	0.943	14.369	0.558
960	0.732	-1706.653	-19.457	-1687.196	0.32	0.909	17.251	0.538
970	0.74	-1705.805	-18.346	-1687.459	0.32	0.913	19.104	0.597
980	0.747	-1705.027	-16.599	-1688.428	0.32	0.913	24.078	0.671
990	0.755	-1704.709	-16.948	-1687.761	0.32	0.897	22.911	0.655
1000	0.763	-1705.323	-16.486	-1688.837	0.32	0.937	24.904	0.67
1010	0.77	-1704.863	-16.924	-1687.939	0.32	0.916	22.924	0.66
1020	0.778	-1704.716	-16.723	-1687.993	0.32	0.935	24.17	0.658
1030	0.786	-1706.263	-17.453	-1688.81	0.32	0.906	21.718	0.627
1040	0.793	-1704.697	-17.373	-1687.324	0.32	0.917	21.477	0.643
1050	0.801	-1705.678	-18.991	-1686.688	0.32	0.921	17.393	0.577
1060	0.809	-1706.429	-18.629	-1687.8	0.32	0.955	19.247	0.572
1070	0.816	-1706.152	-17.844	-1688.309	0.32	0.901	20.508	0.613
1080	0.824	-1705.662	-18.792	-1686.87	0.32	0.929	18.83	0.562
1090	0.832	-1705.659	-19.498	-1686.161	0.32	0.918	16.105	0.563
1100	0.839	-1705.655	-20.022	-1685.633	0.32	0.916	14.928	0.548
1110	0.847	-1705.902	-19.77	-1686.133	0.32	0.917	15.31	0.56
1120	0.854	-1705.858	-18.59	-1687.268	0.32	0.929	18.514	0.589
1130	0.862	-1703.792	-18.038	-1685.754	0.32	0.925	19.731	0.614
1140	0.87	-1704.011	-17.452	-1686.559	0.32	0.915	21.478	0.634
1150	0.877	-1704.011	-17.452	-1686.559	0.32	0.915	21.478	0.634
1160	0.885	-1704.011	-17.452	-1686.559	0.32	0.915	21.478	0.634
1170	0.892	-1704.011	-17.452	-1686.559	0.32	0.915	21.478	0.634
1180	0.9	-1704.011	-17.452	-1686.559	0.32	0.915	21.478	0.634
1190	0.908	-1704.609	-16.483	-1688.126	0.32	0.931	25.065	0.666
1200	0.915	-1704.609	-16.483	-1688.126	0.32	0.931	25.065	0.666
1210	0.923	-1704.464	-16.532	-1687.932	0.32	0.928	24.85	0.664
1220	0.931	-1704.464	-16.532	-1687.932	0.32	0.928	24.85	0.664
1230	0.938	-1704.464	-16.532	-1687.932	0.32	0.928	24.85	0.664
1240	0.946	-1704.464	-16.532	-1687.932	0.32	0.928	24.85	0.664
1250	0.953	-1705.055	-17.237	-1687.818	0.32	0.945	22.409	0.64
1260	0.961	-1705.055	-17.237	-1687.818	0.32	0.945	22.409	0.64
1270	0.969	-1707.743	-17.822	-1689.92	0.32	0.961	21.432	0.604
1280	0.976	-1704.884	-18.475	-1686.409	0.32	0.95	18.604	0.601
1290	0.984	-1706.929	-18.457	-1688.472	0.32	0.875	18.771	0.59
1300	0.991	-1705.623	-18.629	-1686.993	0.32	0.926	19.217	0.568
1310	0.999	-1705.642	-18.745	-1686.897	0.32	0.926	18.161	0.582
1320	1.006	-1705.854	-19.59	-1686.264	0.32	0.908	15.772	0.563
1330	1.014	-1705.673	-19.829	-1685.845	0.32	0.91	15.73	0.543
1340	1.021	-1706.354	-19.513	-1686.841	0.32	0.888	16.009	0.562
1350	1.029	-1707.171	-19.239	-1687.932	0.32	0.881	17.372	0.552
1360	1.037	-1705.815	-19.329	-1686.486	0.32	0.941	16.948	0.56
1370	1.044	-1705.901	-17.884	-1688.017	0.32	0.907	20.542	0.609
1380	1.052	-1706.184	-19.556	-1686.628	0.32	0.894	15.834	0.563
1390	1.06	-1706.623	-20.668	-1685.955	0.32	0.89	13.361	0.535
1400	1.067	-1705.691	-18.936	-1686.755	0.32	0.915	17.499	0.579
1410	1.075	-1706.66	-18.891	-1687.769	0.32	0.888	17.248	0.587
1420	1.082	-1707.739	-19.291	-1688.448	0.32	0.862	16.575	0.565
1430	1.09	-1706.079	-20.534	-1685.545	0.32	0.917	13.611	0.541
1440	1.098	-1706.831	-20.103	-1686.729	0.32	0.884	15.007	0.536
1450	1.105	-1708.721	-20.246	-1688.475	0.32	0.868	14.993	0.524
1460	1.113	-1706.019	-18.862	-1687.157	0.32	0.928	17.626	0.584
1470	1.12	-1705.6	-19.909	-1685.69	0.32	0.933	15.429	0.546
1480	1.128	-1705.756	-18.705	-1687.052	0.32	0.917	18.093	0.586
1490	1.136	-1708.154	-19.832	-1688.322	0.32	0.924	16.9	0.516
1500	1.143	-1707.218	-19.186	-1688.032	0.32	0.932	18.495	0.535
1510	1.151	-1707.138	-19.885	-1687.253	0.32	0.958	16.421	0.527
1520	1.158	-1704.56	-18.079	-1686.48	0.32	0.951	20.04	0.607
1530	1.166	-1705.4	-17.789	-1687.612	0.32	0.959	21.11	0.614
1540	1.173	-1705.438	-17.965	-1687.473	0.32	0.956	20.311	0.613
1550	1.181	-1704.39	-16.913	-1687.478	0.32	0.946	23.993	0.642
1560	1.189	-1706.058	-17.072	-1688.986	0.32	0.921	23.228	0.637
1570	1.196	-1703.828	-18.141	-1685.686	0.32	0.933	19.559	0.609
1580	1.204	-1703.828	-18.141	-1685.686	0.32	0.933	19.559	0.609
1590	1.211	-1703.828	-18.141	-1685.686	0.32	0.933	19.559	0.609
1600	1.219	-1703.828	-18.141	-1685.686	0.32	0.933	19.559	0.609
1610	1.227	-1703.828	-18.141	-1685.686	0.32	0.933	19.559	0.609
1620	1.234	-1704.126	-18.906	-1685.22	0.32	0.937	17.336	0.589
1630	1.242	-1705.439	-19.151	-1686.287	0.32	0.917	17.299	0.564
1640	1.249	-1705.446	-18.791	-1686.656	0.32	0.919	18.244	0.575
1650	1.257	-1705.464	-19.51	-1685.954	0.32	0.93	16.596	0.551
1660	1.264	-1705.464	-19.51	-1685.954	0.32	0.93	16.596	0.551
1670	1.272	-1705.464	-19.51	-1685.954	0.32	0.93	16.596	0.551
1680	1.28	-1705.577	-20.089	-1685.489	0.32	0.923	14.871	0.544
1690	1.287	-1705.745	-20.268	-1685.477	0.32	0.939	14.697	0.535
1700	1.295	-1705.8	-20.967	-1684.833	0.32	0.923	13.181	0.518
1710	1.302	-1705.781	-20.004	-1685.777	0.32	0.918	14.885	0.551
1720	1.31	-1705.91	-17.769	-1688.141	0.32	0.912	20.891	0.613
1730	1.317	-1705.934	-17.26	-1688.674	0.32	0.921	22.607	0.63
1740	1.325	-1705.546	-18.237	-1687.308	0.32	0.914	19.812	0.591
1750	1.332	-1706.092	-18.592	-1687.5	0.32	0.909	19.447	0.565
1760	1.34	-1705.991	-17.621	-1688.37	0.32	0.94	21.837	0.611
1770	1.347	-1707.205	-16.814	-1690.391	0.32	0.953	23.62	0.663
1780	1.355	-1710.446	-15.639	-1694.807	0.32	0.95	28.963	0.694
1790	1.363	-1710.446	-15.639	-1694.807	0.32	0.95	28.963	0.694
1800	1.37	-1711.575	-15.21	-1696.365	0.32	0.909	32.408	0.679
1810	1.378	-1710.014	-15.929	-1694.084	0.32	0.904	26.434	0.701
1820	1.385	-1711.82	-16.602	-1695.218	0.32	0.89	24.248	0.665
1830	1.393	-1710.436	-16.165	-1694.271	0.32	0.913	27.179	0.658
1840	1.4	-1711.744	-15.692	-1696.052	0.32	0.881	28.708	0.682
1850	1.408	-1710.395	-16.198	-1694.197	0.32	0.915	27.152	0.655
1860	1.416	-1712.995	-15.947	-1697.048	0.32	0.893	29.984	0.632
1870	1.423	-1711.536	-15.09	-1696.446	0.32	0.917	31.829	0.705
1880	1.431	-1712.383	-16.078	-1696.305	0.32	0.888	28.902	0.635
1890	1.438	-1710.9	-15.541	-1695.359	0.32	0.922	28.09	0.719
1900	1.446	-1705.528	-17.61	-1687.918	0.32	0.926	22.198	0.603
1910	1.453	-1704.69	-17.489	-1687.201	0.32	0.925	21.144	0.639
1920	1.461	-1704.416	-17.13	-1687.286	0.32	0.936	22.751	0.643
1930	1.469	-1704.416	-17.13	-1687.286	0.32	0.936	22.751	0.643
1940	1.476	-1704.416	-17.13	-1687.286	0.32	0.936	22.751	0.643
1950	1.484	-1704.303	-17.096	-1687.206	0.32	0.937	22.952	0.643
1960	1.491	-1704.303	-17.096	-1687.206	0.32	0.937	22.952	0.643
1970	1.499	-1704.07	-18.317	-1685.753	0.32	0.917	18.721	0.609
1980	1.506	-1704.07	-18.317	-1685.753	0.32	0.917	18.721	0.609
1990	1.514	-1705.731	-17.803	-1687.928	0.32	0.915	21.382	0.599
2000	1.521	-1705.883	-18.565	-1687.318	0.32	0.898	18.784	0.581
2010	1.529	-1706.793	-20.571	-1686.222	0.32	0.887	13.458	0.54
2020	1.537	-1706.793	-20.571	-1686.222	0.32	0.887	13.458	0.54
2030	1.544	-1706.517	-18.739	-1687.778	0.32	0.882	18.087	0.58
2040	1.552	-1707.451	-19.462	-1687.989	0.32	0.93	17.775	0.527
2050	1.559	-1706.54	-19.994	-1686.546	0.32	0.942	16.072	0.524
2060	1.567	-1704.497	-19.619	-1684.878	0.32	0.937	15.442	0.572
2070	1.575	-1706.005	-19.159	-1686.845	0.32	0.921	16.756	0.578
2080	1.582	-1705.325	-17.843	-1687.482	0.32	0.941	20.158	0.627
2090	1.59	-1705.287	-17.082	-1688.204	0.32	0.946	22.972	0.645
2100	1.598	-1705.287	-17.082	-1688.204	0.32	0.946	22.972	0.645
2110	1.605	-1704.341	-17.591	-1686.75	0.32	0.908	20.819	0.633
2120	1.613	-1704.341	-17.591	-1686.75	0.32	0.908	20.819	0.633
2130	1.62	-1704.341	-17.591	-1686.75	0.32	0.908	20.819	0.633
2140	1.628	-1703.726	-17.99	-1685.736	0.32	0.92	19.84	0.616
2150	1.636	-1703.726	-17.99	-1685.736	0.32	0.92	19.84	0.616
2160	1.644	-1703.726	-17.99	-1685.736	0.32	0.92	19.84	0.616
2170	1.651	-1703.726	-17.99	-1685.736	0.32	0.92	19.84	0.616
2180	1.659	-1706.542	-18.665	-1687.876	0.32	0.899	19.208	0.563
2190	1.667	-1705.812	-18.455	-1687.357	0.32	0.944	19.906	0.572
2200	1.674	-1706.206	-17.984	-1688.221	0.32	0.92	20.027	0.612
2210	1.682	-1707.833	-17.39	-1690.443	0.32	0.867	21.599	0.633
2220	1.689	-1707.833	-17.39	-1690.443	0.32	0.867	21.599	0.633
2230	1.697	-1707.833	-17.39	-1690.443	0.32	0.867	21.599	0.633
2240	1.705	-1705.973	-19.872	-1686.101	0.32	0.923	16.076	0.532
2250	1.712	-1706.341	-19.531	-1686.81	0.32	0.89	15.87	0.564
2260	1.72	-1706.059	-19.816	-1686.243	0.32	0.927	16.293	0.531
2270	1.727	-1708.003	-18.334	-1689.669	0.32	0.96	18.697	0.615
2280	1.735	-1708.003	-18.334	-1689.669	0.32	0.96	18.697	0.615
2290	1.742	-1706.2	-17.027	-1689.174	0.32	0.953	23.155	0.649
2300	1.75	-1704.316	-16.531	-1687.786	0.32	0.922	24.806	0.665
2310	1.758	-1704.316	-16.531	-1687.786	0.32	0.922	24.806	0.665
2320	1.765	-1704.316	-16.531	-1687.786	0.32	0.922	24.806	0.665
2330	1.773	-1704.316	-16.531	-1687.786	0.32	0.922	24.806	0.665
2340	1.78	-1704.316	-16.531	-1687.786	0.32	0.922	24.806	0.665
2350	1.788	-1704.319	-16.59	-1687.729	0.32	0.927	24.657	0.662
2360	1.795	-1704.319	-16.59	-1687.729	0.32	0.927	24.657	0.662
2370	1.803	-1704.319	-16.59	-1687.729	0.32	0.927	24.657	0.662
2380	1.811	-1705.777	-17.531	-1688.245	0.32	0.91	22.084	0.611
2390	1.818	-1705.584	-17.953	-1687.63	0.32	0.93	20.684	0.601
2400	1.826	-1708.026	-17.868	-1690.157	0.32	0.965	21.539	0.598
2410	1.834	-1707.553	-18.326	-1689.227	0.32	0.963	20.91	0.566
2420	1.841	-1707.553	-18.326	-1689.227	0.32	0.963	20.91	0.566
2430	1.849	-1708.301	-17.547	-1690.754	0.32	0.965	21.405	0.634
2440	1.857	-1706.923	-17.528	-1689.395	0.32	0.96	21.504	0.632
2450	1.864	-1705.344	-17.778	-1687.566	0.32	0.937	20.224	0.631
2460	1.872	-1705.068	-16.769	-1688.299	0.32	0.935	23.83	0.66
2470	1.879	-1705.068	-16.769	-1688.299	0.32	0.935	23.83	0.66
2480	1.887	-1706.655	-17.402	-1689.253	0.32	0.886	22.001	0.624
2490	1.894	-1707.18	-17.346	-1689.834	0.32	0.877	21.951	0.631
2500	1.902	-1707.108	-17.422	-1689.686	0.32	0.881	21.601	0.631
2510	1.91	-1703.982	-17.179	-1686.802	0.32	0.933	22.66	0.639
2520	1.917	-1704.281	-17.387	-1686.894	0.32	0.911	21.548	0.639
2530	1.925	-1704.281	-17.387	-1686.894	0.32	0.911	21.548	0.639
2540	1.932	-1705.167	-17.811	-1687.356	0.32	0.932	20.123	0.629
2550	1.94	-1705.77	-18.221	-1687.549	0.32	0.904	19.622	0.596
2560	1.947	-1706.489	-19.078	-1687.411	0.32	0.935	18.548	0.544
2570	1.955	-1704.169	-18.932	-1685.237	0.32	0.924	17.057	0.592
2580	1.963	-1703.769	-18.904	-1684.865	0.32	0.933	17.377	0.587
2590	1.97	-1703.769	-18.904	-1684.865	0.32	0.933	17.377	0.587
2600	1.978	-1703.769	-18.904	-1684.865	0.32	0.933	17.377	0.587
2610	1.986	-1703.769	-18.904	-1684.865	0.32	0.933	17.377	0.587
2620	1.993	-1703.769	-18.904	-1684.865	0.32	0.933	17.377	0.587
2630	2.001	-1705.485	-19.152	-1686.333	0.32	0.914	17.356	0.562
2640	2.009	-1705.895	-19.864	-1686.03	0.32	0.912	15.107	0.556
2650	2.016	-1705.963	-20.622	-1685.342	0.32	0.919	14.165	0.518
2660	2.024	-1705.966	-20.392	-1685.574	0.32	0.919	14.717	0.522
2670	2.031	-1705.966	-20.392	-1685.574	0.32	0.919	14.717	0.522
2680	2.039	-1706.117	-20.47	-1685.646	0.32	0.899	14.094	0.531
2690	2.047	-1706.191	-20.268	-1685.922	0.32	0.895	14.42	0.539
2700	2.054	-1707.179	-19.724	-1687.455	0.32	0.874	15.768	0.548
2710	2.062	-1707.477	-20.323	-1687.154	0.32	0.877	14.582	0.529
2720	2.07	-1707.272	-20.841	-1686.431	0.32	0.9	13.862	0.508
2730	2.077	-1705.312	-19.906	-1685.406	0.32	0.956	15.082	0.559
2740	2.085	-1705.015	-19.001	-1686.014	0.32	0.941	16.938	0.591
2750	2.092	-1705.015	-19.001	-1686.014	0.32	0.941	16.938	0.591
2760	2.1	-1705.803	-20.794	-1685.009	0.32	0.923	13.692	0.518
2770	2.108	-1706.584	-19.544	-1687.041	0.32	0.901	16.809	0.54
2780	2.115	-1706.537	-21.205	-1685.332	0.32	0.899	12.7	0.511
2790	2.123	-1706.537	-21.205	-1685.332	0.32	0.899	12.7	0.511
2800	2.13	-1705.805	-18.955	-1686.851	0.32	0.938	17.876	0.571
2810	2.138	-1705.805	-18.955	-1686.851	0.32	0.938	17.876	0.571
2820	2.145	-1706.569	-18.095	-1688.474	0.32	0.949	20.283	0.599
2830	2.153	-1707.634	-19.408	-1688.226	0.32	0.955	16.405	0.569
2840	2.161	-1705.942	-18.967	-1686.974	0.32	0.924	18.512	0.553
2850	2.168	-1705.725	-17.645	-1688.081	0.32	0.937	22.399	0.597
2860	2.176	-1707.217	-18.524	-1688.693	0.32	0.871	18.856	0.582
2870	2.183	-1706.414	-18.378	-1688.037	0.32	0.892	18.763	0.6
2880	2.191	-1706.389	-20.435	-1685.954	0.32	0.95	14.394	0.531
2890	2.198	-1705.666	-19.643	-1686.024	0.32	0.907	15.947	0.553
2900	2.206	-1705.741	-18.762	-1686.979	0.32	0.908	18.637	0.567
2910	2.214	-1705.827	-18.956	-1686.871	0.32	0.916	18.34	0.557
2920	2.221	-1707.031	-19.545	-1687.486	0.32	0.957	16.469	0.555
2930	2.229	-1706.257	-20.663	-1685.594	0.32	0.949	14.055	0.522
2940	2.236	-1706.257	-20.663	-1685.594	0.32	0.949	14.055	0.522
2950	2.244	-1706.611	-19.561	-1687.05	0.32	0.908	16.929	0.536
2960	2.252	-1708.597	-18.161	-1690.436	0.32	0.966	20.243	0.597
2970	2.259	-1705.915	-18.621	-1687.294	0.32	0.937	19.516	0.564
2980	2.267	-1706.003	-18.884	-1687.119	0.32	0.929	18.82	0.554
2990	2.274	-1706.003	-18.884	-1687.119	0.32	0.929	18.82	0.554
3000	2.282	-1706.148	-18.589	-1687.558	0.32	0.896	19.037	0.573
3010	2.289	-1704.426	-17.6	-1686.827	0.32	0.928	20.899	0.633
3020	2.297	-1704.874	-17.383	-1687.491	0.32	0.935	21.64	0.64
3030	2.304	-1704.347	-17.528	-1686.819	0.32	0.948	21.795	0.623
3040	2.312	-1704.347	-17.528	-1686.819	0.32	0.948	21.795	0.623
3050	2.32	-1704.347	-17.528	-1686.819	0.32	0.948	21.795	0.623
3060	2.327	-1705.815	-17.341	-1688.475	0.32	0.917	22.345	0.626
3070	2.335	-1705.394	-16.588	-1688.807	0.32	0.919	24.047	0.674
3080	2.342	-1704.263	-17.265	-1686.997	0.32	0.931	22.203	0.64
3090	2.35	-1704.263	-17.265	-1686.997	0.32	0.931	22.203	0.64
3100	2.357	-1705.772	-16.85	-1688.921	0.32	0.933	23.211	0.664
3110	2.365	-1705.25	-16.609	-1688.641	0.32	0.916	23.97	0.673
3120	2.372	-1705.077	-16.839	-1688.238	0.32	0.936	23.582	0.658
3130	2.38	-1706.27	-16.383	-1689.886	0.32	0.959	26.244	0.66
3140	2.387	-1706.27	-16.383	-1689.886	0.32	0.959	26.244	0.66
3150	2.395	-1706.843	-16.685	-1690.158	0.32	0.937	24.71	0.651
3160	2.403	-1706.563	-16.64	-1689.923	0.32	0.918	24.564	0.657
3170	2.41	-1704.188	-16.816	-1687.373	0.32	0.931	23.882	0.653
3180	2.418	-1704.831	-17.228	-1687.603	0.32	0.923	21.951	0.648
3190	2.425	-1704.843	-16.602	-1688.241	0.32	0.943	24.899	0.658
3200	2.433	-1705.422	-17.647	-1687.776	0.32	0.918	21.836	0.606
3210	2.44	-1705.96	-17.871	-1688.089	0.32	0.899	20.791	0.604
3220	2.448	-1705.997	-17.466	-1688.531	0.32	0.903	22.02	0.619
3230	2.455	-1703.96	-17.282	-1686.679	0.32	0.918	22.038	0.64
3240	2.463	-1706.106	-18.513	-1687.593	0.32	0.93	18.612	0.594
3250	2.47	-1707.944	-18.534	-1689.41	0.32	0.965	19.357	0.581
3260	2.478	-1706.597	-17.82	-1688.777	0.32	0.883	20.907	0.605
3270	2.485	-1704.139	-19.036	-1685.103	0.32	0.926	16.812	0.588
3280	2.493	-1704.139	-19.036	-1685.103	0.32	0.926	16.812	0.588
3290	2.501	-1704.139	-19.036	-1685.103	0.32	0.926	16.812	0.588
3300	2.508	-1704.139	-19.036	-1685.103	0.32	0.926	16.812	0.588
3310	2.516	-1704.139	-19.036	-1685.103	0.32	0.926	16.812	0.588
3320	2.523	-1706.534	-19.402	-1687.132	0.32	0.945	16.402	0.567
3330	2.531	-1705.616	-19.503	-1686.113	0.32	0.936	16.771	0.548
3340	2.539	-1706.486	-18.296	-1688.19	0.32	0.887	19.764	0.584
3350	2.546	-1706.486	-18.296	-1688.19	0.32	0.887	19.764	0.584
3360	2.554	-1706.353	-17.465	-1688.888	0.32	0.893	21.813	0.623
3370	2.561	-1705.249	-17.084	-1688.165	0.32	0.946	22.944	0.646
3380	2.569	-1706.208	-17.069	-1689.14	0.32	0.935	23.551	0.633
3390	2.577	-1704.072	-17.751	-1686.322	0.32	0.916	20.458	0.626
3400	2.584	-1705.95	-20.889	-1685.061	0.32	0.909	13.264	0.521
3410	2.592	-1705.896	-19.125	-1686.771	0.32	0.92	17.989	0.55
3420	2.599	-1705.815	-18.343	-1687.472	0.32	0.934	19.433	0.592
3430	2.607	-1705.767	-20.403	-1685.364	0.32	0.939	14.436	0.531
3440	2.614	-1705.775	-19.343	-1686.432	0.32	0.901	16.646	0.562
3450	2.622	-1706.607	-19.814	-1686.793	0.32	0.945	15.395	0.557
3460	2.629	-1708.476	-18.234	-1690.241	0.32	0.969	21.387	0.567
3470	2.637	-1708.476	-18.234	-1690.241	0.32	0.969	21.387	0.567
3480	2.645	-1706.22	-19.077	-1687.143	0.32	0.946	18.328	0.55
3490	2.652	-1706.684	-19.857	-1686.827	0.32	0.954	15.649	0.548
3500	2.66	-1704.502	-20.021	-1684.481	0.32	0.941	14.601	0.56
3510	2.667	-1705.963	-21.279	-1684.684	0.32	0.923	12.36	0.518
3520	2.675	-1706.235	-21.679	-1684.556	0.32	0.92	11.899	0.5
3530	2.683	-1707.223	-19.77	-1687.453	0.32	0.917	16.724	0.524
3540	2.69	-1704.396	-18.781	-1685.615	0.32	0.932	17.502	0.596
3550	2.698	-1704.598	-18.024	-1686.574	0.32	0.931	19.605	0.619
3560	2.705	-1705.74	-17.842	-1687.898	0.32	0.949	20.29	0.625
3570	2.713	-1705.48	-19.254	-1686.225	0.32	0.92	17.024	0.562
3580	2.721	-1705.738	-19.646	-1686.092	0.32	0.91	16.291	0.544
3590	2.728	-1705.973	-20.89	-1685.084	0.32	0.921	13.042	0.529
3600	2.736	-1707.301	-19.711	-1687.59	0.32	0.878	16.059	0.542
3610	2.743	-1705.739	-18.474	-1687.265	0.32	0.941	19.919	0.569
3620	2.751	-1705.595	-17.286	-1688.308	0.32	0.915	22.903	0.62
3630	2.759	-1705.595	-17.286	-1688.308	0.32	0.915	22.903	0.62
3640	2.766	-1706.185	-17.235	-1688.95	0.32	0.902	22.693	0.629
3650	2.774	-1706.422	-17.541	-1688.88	0.32	0.919	21.367	0.627
3660	2.781	-1705.97	-17.031	-1688.939	0.32	0.934	23.956	0.628
3670	2.789	-1705.97	-17.031	-1688.939	0.32	0.934	23.956	0.628
3680	2.797	-1706.381	-17.505	-1688.876	0.32	0.944	22.153	0.617
3690	2.805	-1707.163	-16.823	-1690.341	0.32	0.949	24.634	0.64
3700	2.812	-1707.22	-17.156	-1690.063	0.32	0.956	24.131	0.616
3710	2.82	-1705.54	-18.077	-1687.464	0.32	0.92	20.476	0.592
3720	2.828	-1703.916	-18.516	-1685.4	0.32	0.925	18.31	0.601
3730	2.835	-1703.916	-18.516	-1685.4	0.32	0.925	18.31	0.601
3740	2.843	-1704.02	-18.293	-1685.727	0.32	0.936	19.099	0.605
3750	2.85	-1704.788	-18.273	-1686.515	0.32	0.94	19.016	0.609
3760	2.858	-1704.562	-18.045	-1686.517	0.32	0.946	19.901	0.612
3770	2.865	-1706.657	-18.588	-1688.07	0.32	0.948	20.133	0.555
3780	2.873	-1706.275	-18.833	-1687.442	0.32	0.92	17.489	0.59
3790	2.881	-1706.22	-18.643	-1687.577	0.32	0.943	18.588	0.584
3800	2.888	-1708.017	-16.657	-1691.359	0.32	0.961	24.442	0.665
3810	2.896	-1709.127	-16.9	-1692.227	0.32	0.965	24.55	0.637
3820	2.903	-1707.684	-17.087	-1690.597	0.32	0.959	24.19	0.622
3830	2.911	-1704.782	-17.043	-1687.739	0.32	0.902	22.519	0.654
3840	2.919	-1704.384	-17.032	-1687.352	0.32	0.908	22.76	0.65
3850	2.926	-1705.563	-18.709	-1686.854	0.32	0.931	18.929	0.568
3860	2.934	-1705.708	-19.573	-1686.135	0.32	0.94	16.475	0.549
3870	2.942	-1712.828	-19.844	-1692.984	0.32	0.891	14.605	0.571
3880	2.949	-1706.041	-20.185	-1685.856	0.32	0.912	14.342	0.55
3890	2.957	-1705.749	-20.739	-1685.01	0.32	0.917	13.66	0.523
3900	2.965	-1705.749	-20.739	-1685.01	0.32	0.917	13.66	0.523
3910	2.972	-1705.964	-19.861	-1686.103	0.32	0.914	15.064	0.558
3920	2.98	-1705.436	-19.383	-1686.053	0.32	0.921	16.648	0.56
3930	2.987	-1704.99	-19.213	-1685.776	0.32	0.949	16.597	0.581
3940	2.995	-1706.497	-22.33	-1684.168	0.32	0.94	10.768	0.489
3950	3.003	-1706.136	-21.657	-1684.478	0.32	0.935	11.867	0.504
3960	3.01	-1707.495	-21.149	-1686.346	0.32	0.927	13.592	0.493
3970	3.018	-1706.512	-22.094	-1684.418	0.32	0.938	11.362	0.487
3980	3.025	-1706.512	-22.094	-1684.418	0.32	0.938	11.362	0.487
3990	3.033	-1705.7	-19.564	-1686.135	0.32	0.908	16.358	0.55
