iter	hours	log_posterior	log_prior	loglik	missing	mixture	scale	shape
0	0.001	-2086.484	-18.636	-2067.848	0.32	0.783	102.017	0.22
10	0.008	-1922.917	-13.372	-1909.545	0.32	0.797	106.944	0.44
20	0.016	-1809.344	-10.495	-1798.849	0.32	0.832	107.143	0.702
30	0.024	-1758.779	-8.343	-1750.437	0.32	0.865	107.55	1.134
40	0.031	-1751.436	-8.112	-1743.324	0.32	0.931	107.006	1.254
50	0.039	-1748.759	-8.303	-1740.456	0.32	0.954	103.852	1.224
60	0.046	-1737.521	-8.728	-1728.793	0.32	0.92	93.841	1.158
70	0.053	-1739.65	-8.844	-1730.806	0.32	0.952	96.205	1.108
80	0.061	-1737.754	-9.246	-1728.508	0.32	0.947	91.709	1.031
90	0.068	-1732.0	-9.824	-1722.175	0.32	0.923	79.054	1.0
100	0.076	-1731.224	-9.808	-1721.416	0.32	0.902	75.026	1.046
110	0.083	-1727.286	-10.841	-1716.445	0.32	0.952	68.705	0.894
120	0.091	-1726.932	-10.741	-1716.191	0.32	0.953	67.566	0.927
130	0.098	-1726.707	-10.859	-1715.849	0.32	0.95	67.88	0.898
140	0.106	-1727.637	-10.221	-1717.416	0.32	0.871	67.72	1.026
150	0.114	-1723.894	-11.085	-1712.808	0.32	0.907	62.772	0.899
160	0.121	-1723.974	-11.483	-1712.492	0.32	0.926	61.536	0.843
170	0.129	-1723.394	-11.982	-1711.412	0.32	0.942	57.552	0.805
180	0.136	-1720.532	-12.612	-1707.92	0.32	0.917	50.702	0.779
190	0.144	-1715.38	-13.397	-1701.983	0.32	0.949	43.765	0.758
200	0.151	-1715.049	-14.095	-1700.954	0.32	0.955	40.206	0.712
210	0.158	-1713.437	-14.607	-1698.83	0.32	0.91	36.871	0.685
220	0.166	-1714.274	-13.425	-1700.849	0.32	0.929	41.333	0.785
230	0.173	-1714.441	-13.207	-1701.234	0.32	0.907	42.317	0.8
240	0.181	-1714.441	-13.207	-1701.234	0.32	0.907	42.317	0.8
250	0.188	-1713.819	-13.733	-1700.086	0.32	0.937	40.321	0.756
260	0.196	-1710.471	-15.568	-1694.903	0.32	0.949	29.258	0.697
270	0.203	-1710.471	-15.568	-1694.903	0.32	0.949	29.258	0.697
280	0.211	-1710.471	-15.568	-1694.903	0.32	0.949	29.258	0.697
290	0.218	-1705.217	-16.212	-1689.005	0.32	0.931	25.94	0.68
300	0.226	-1705.217	-16.212	-1689.005	0.32	0.931	25.94	0.68
310	0.233	-1705.217	-16.212	-1689.005	0.32	0.931	25.94	0.68
320	0.241	-1704.785	-17.196	-1687.589	0.32	0.95	22.929	0.634
330	0.248	-1705.664	-18.29	-1687.374	0.32	0.912	19.445	0.594
340	0.256	-1705.883	-19.013	-1686.87	0.32	0.916	17.19	0.58
350	0.263	-1705.079	-18.803	-1686.277	0.32	0.944	17.527	0.595
360	0.271	-1703.93	-17.571	-1686.359	0.32	0.914	21.117	0.629
370	0.279	-1703.93	-17.571	-1686.359	0.32	0.914	21.117	0.629
380	0.286	-1706.495	-17.384	-1689.111	0.32	0.941	22.412	0.624
390	0.294	-1705.003	-16.838	-1688.164	0.32	0.936	23.61	0.657
400	0.301	-1705.003	-16.838	-1688.164	0.32	0.936	23.61	0.657
410	0.309	-1705.003	-16.838	-1688.164	0.32	0.936	23.61	0.657
420	0.317	-1705.469	-16.317	-1689.152	0.32	0.944	25.884	0.671
430	0.324	-1705.083	-16.894	-1688.189	0.32	0.928	23.165	0.659
440	0.332	-1704.328	-16.564	-1687.764	0.32	0.907	24.496	0.666
450	0.339	-1705.543	-17.384	-1688.159	0.32	0.92	22.69	0.615
460	0.347	-1709.846	-17.319	-1692.528	0.32	0.912	23.175	0.611
470	0.354	-1711.396	-18.118	-1693.278	0.32	0.945	21.891	0.563
480	0.362	-1703.812	-18.461	-1685.351	0.32	0.937	18.705	0.598
490	0.369	-1703.812	-18.461	-1685.351	0.32	0.937	18.705	0.598
500	0.377	-1703.812	-18.461	-1685.351	0.32	0.937	18.705	0.598
510	0.384	-1703.812	-18.461	-1685.351	0.32	0.937	18.705	0.598
520	0.392	-1703.812	-18.461	-1685.351	0.32	0.937	18.705	0.598
530	0.399	-1703.844	-17.603	-1686.241	0.32	0.925	21.062	0.628
540	0.407	-1703.844	-17.603	-1686.241	0.32	0.925	21.062	0.628
550	0.414	-1705.873	-17.896	-1687.978	0.32	0.903	21.061	0.596
560	0.422	-1705.938	-17.174	-1688.764	0.32	0.911	22.849	0.633
570	0.429	-1705.938	-17.174	-1688.764	0.32	0.911	22.849	0.633
580	0.437	-1703.824	-17.235	-1686.589	0.32	0.929	22.448	0.637
590	0.444	-1703.824	-17.235	-1686.589	0.32	0.929	22.448	0.637
600	0.452	-1705.713	-17.323	-1688.39	0.32	0.954	22.269	0.636
610	0.46	-1705.713	-17.323	-1688.39	0.32	0.954	22.269	0.636
620	0.467	-1705.713	-17.323	-1688.39	0.32	0.954	22.269	0.636
630	0.474	-1707.335	-19.828	-1687.507	0.32	0.963	16.301	0.536
640	0.482	-1706.954	-19.084	-1687.869	0.32	0.957	17.565	0.569
650	0.489	-1707.046	-21.768	-1685.278	0.32	0.934	12.202	0.486
660	0.497	-1708.274	-20.839	-1687.435	0.32	0.946	14.575	0.494
670	0.504	-1707.438	-20.464	-1686.974	0.32	0.915	15.019	0.509
680	0.512	-1706.198	-21.76	-1684.439	0.32	0.938	11.789	0.499
690	0.519	-1706.786	-22.405	-1684.38	0.32	0.907	10.413	0.492
700	0.527	-1706.786	-22.405	-1684.38	0.32	0.907	10.413	0.492
710	0.534	-1706.919	-22.886	-1684.033	0.32	0.914	9.758	0.481
720	0.542	-1708.035	-24.105	-1683.93	0.32	0.917	8.217	0.453
730	0.549	-1708.925	-23.327	-1685.597	0.32	0.909	9.542	0.457
740	0.557	-1707.846	-23.539	-1684.307	0.32	0.91	8.97	0.463
750	0.564	-1707.626	-22.796	-1684.83	0.32	0.924	10.334	0.468
760	0.572	-1708.454	-23.647	-1684.807	0.32	0.92	9.068	0.452
770	0.579	-1707.076	-23.141	-1683.934	0.32	0.943	9.603	0.47
780	0.587	-1707.076	-23.141	-1683.934	0.32	0.943	9.603	0.47
790	0.594	-1706.941	-21.196	-1685.745	0.32	0.921	13.272	0.498
800	0.602	-1706.049	-19.998	-1686.051	0.32	0.945	15.769	0.531
810	0.61	-1706.052	-18.778	-1687.274	0.32	0.901	18.641	0.565
820	0.617	-1705.576	-19.286	-1686.291	0.32	0.91	16.77	0.564
830	0.625	-1707.033	-18.125	-1688.908	0.32	0.877	19.442	0.608
840	0.632	-1706.693	-20.422	-1686.27	0.32	0.936	15.093	0.512
850	0.64	-1706.055	-20.76	-1685.295	0.32	0.909	13.238	0.533
860	0.647	-1706.055	-20.76	-1685.295	0.32	0.909	13.238	0.533
870	0.655	-1706.211	-20.316	-1685.895	0.32	0.915	13.991	0.549
880	0.662	-1706.336	-21.598	-1684.738	0.32	0.945	12.047	0.505
890	0.67	-1706.336	-21.598	-1684.738	0.32	0.945	12.047	0.505
900	0.677	-1706.868	-22.498	-1684.37	0.32	0.909	10.444	0.485
910	0.685	-1707.336	-20.64	-1686.696	0.32	0.875	13.534	0.532
920	0.692	-1707.336	-20.64	-1686.696	0.32	0.875	13.534	0.532
930	0.7	-1706.765	-22.342	-1684.423	0.32	0.939	10.987	0.481
940	0.707	-1706.182	-21.906	-1684.276	0.32	0.921	11.379	0.499
950	0.715	-1706.23	-20.969	-1685.261	0.32	0.948	13.366	0.516
960	0.723	-1706.205	-20.847	-1685.358	0.32	0.922	13.807	0.51
970	0.73	-1706.731	-20.892	-1685.838	0.32	0.896	13.456	0.514
980	0.738	-1706.534	-19.58	-1686.954	0.32	0.923	17.08	0.532
990	0.745	-1705.84	-19.481	-1686.359	0.32	0.908	16.044	0.565
1000	0.753	-1705.82	-18.948	-1686.872	0.32	0.928	17.5	0.579
1010	0.76	-1705.541	-19.471	-1686.07	0.32	0.917	16.279	0.561
1020	0.768	-1706.369	-18.833	-1687.536	0.32	0.953	19.051	0.557
1030	0.775	-1706.369	-18.833	-1687.536	0.32	0.953	19.051	0.557
1040	0.783	-1706.234	-18.837	-1687.398	0.32	0.918	18.952	0.554
1050	0.79	-1707.543	-18.255	-1689.288	0.32	0.964	20.939	0.573
1060	0.798	-1705.48	-19.241	-1686.239	0.32	0.928	17.183	0.56
1070	0.805	-1706.803	-19.778	-1687.024	0.32	0.941	16.767	0.525
1080	0.812	-1706.327	-19.666	-1686.661	0.32	0.903	15.353	0.567
1090	0.82	-1705.568	-19.561	-1686.007	0.32	0.913	16.361	0.55
1100	0.828	-1706.763	-18.541	-1688.223	0.32	0.88	18.445	0.591
1110	0.835	-1706.763	-18.541	-1688.223	0.32	0.88	18.445	0.591
1120	0.843	-1706.046	-19.291	-1686.754	0.32	0.894	16.751	0.563
1130	0.85	-1705.94	-18.993	-1686.947	0.32	0.96	17.32	0.585
1140	0.858	-1705.94	-18.993	-1686.947	0.32	0.96	17.32	0.585
1150	0.865	-1703.801	-18.219	-1685.582	0.32	0.933	19.322	0.606
1160	0.873	-1704.666	-16.875	-1687.791	0.32	0.944	23.948	0.647
1170	0.88	-1705.477	-16.396	-1689.082	0.32	0.95	25.828	0.664
1180	0.888	-1705.549	-16.599	-1688.949	0.32	0.939	24.439	0.667
1190	0.895	-1705.549	-16.599	-1688.949	0.32	0.939	24.439	0.667
1200	0.903	-1704.061	-16.961	-1687.1	0.32	0.931	23.386	0.647
1210	0.91	-1704.061	-16.961	-1687.1	0.32	0.931	23.386	0.647
1220	0.918	-1703.978	-17.252	-1686.726	0.32	0.92	22.161	0.64
1230	0.925	-1704.848	-17.072	-1687.776	0.32	0.906	22.397	0.654
1240	0.932	-1704.848	-17.072	-1687.776	0.32	0.906	22.397	0.654
1250	0.94	-1704.848	-17.072	-1687.776	0.32	0.906	22.397	0.654
1260	0.947	-1704.848	-17.072	-1687.776	0.32	0.906	22.397	0.654
1270	0.955	-1704.848	-17.072	-1687.776	0.32	0.906	22.397	0.654
1280	0.963	-1705.677	-17.697	-1687.98	0.32	0.913	21.613	0.605
1290	0.97	-1705.798	-18.466	-1687.332	0.32	0.929	19.898	0.569
1300	0.978	-1705.878	-18.119	-1687.759	0.32	0.906	19.776	0.603
1310	0.985	-1706.855	-17.814	-1689.042	0.32	0.88	20.536	0.614
1320	0.993	-1705.576	-18.883	-1686.693	0.32	0.911	17.777	0.577
1330	1.0	-1705.576	-18.883	-1686.693	0.32	0.911	17.777	0.577
1340	1.008	-1707.186	-19.252	-1687.935	0.32	0.961	17.25	0.563
1350	1.015	-1705.813	-18.197	-1687.615	0.32	0.914	19.556	0.601
1360	1.023	-1705.813	-18.197	-1687.615	0.32	0.914	19.556	0.601
1370	1.031	-1703.636	-18.283	-1685.354	0.32	0.922	19.013	0.606
1380	1.038	-1703.636	-18.283	-1685.354	0.32	0.922	19.013	0.606
1390	1.046	-1705.683	-18.651	-1687.032	0.32	0.909	18.459	0.582
1400	1.053	-1705.612	-18.49	-1687.122	0.32	0.915	18.859	0.588
1410	1.061	-1706.368	-18.846	-1687.522	0.32	0.94	19.114	0.553
1420	1.068	-1704.166	-17.936	-1686.23	0.32	0.949	20.571	0.609
1430	1.076	-1707.067	-17.185	-1689.882	0.32	0.899	22.26	0.643
1440	1.083	-1703.901	-16.851	-1687.05	0.32	0.926	23.813	0.65
1450	1.091	-1703.901	-16.851	-1687.05	0.32	0.926	23.813	0.65
1460	1.098	-1703.901	-16.851	-1687.05	0.32	0.926	23.813	0.65
1470	1.106	-1704.84	-16.747	-1688.093	0.32	0.919	23.698	0.663
1480	1.113	-1704.84	-16.747	-1688.093	0.32	0.919	23.698	0.663
1490	1.12	-1704.963	-16.738	-1688.225	0.32	0.902	23.585	0.665
1500	1.128	-1704.963	-16.738	-1688.225	0.32	0.902	23.585	0.665
1510	1.136	-1704.963	-16.738	-1688.225	0.32	0.902	23.585	0.665
1520	1.143	-1704.963	-16.738	-1688.225	0.32	0.902	23.585	0.665
1530	1.151	-1704.831	-16.324	-1688.507	0.32	0.909	25.242	0.678
1540	1.158	-1709.16	-15.896	-1693.264	0.32	0.911	27.066	0.693
1550	1.166	-1705.226	-16.569	-1688.657	0.32	0.913	24.115	0.674
1560	1.174	-1705.588	-17.326	-1688.262	0.32	0.917	22.772	0.619
1570	1.181	-1706.234	-19.016	-1687.217	0.32	0.952	17.911	0.566
1580	1.189	-1705.431	-19.237	-1686.194	0.32	0.926	17.103	0.562
1590	1.196	-1705.716	-19.708	-1686.009	0.32	0.932	15.778	0.554
1600	1.203	-1704.471	-18.53	-1685.941	0.32	0.941	18.367	0.6
1610	1.211	-1704.532	-18.871	-1685.661	0.32	0.954	17.805	0.583
1620	1.219	-1704.532	-18.871	-1685.661	0.32	0.954	17.805	0.583
1630	1.226	-1705.916	-18.829	-1687.087	0.32	0.941	18.854	0.56
1640	1.234	-1705.691	-20.146	-1685.545	0.32	0.931	14.74	0.544
1650	1.241	-1705.759	-19.523	-1686.236	0.32	0.914	15.959	0.564
1660	1.249	-1705.828	-18.428	-1687.4	0.32	0.909	19.695	0.575
1670	1.256	-1706.43	-19.455	-1686.975	0.32	0.9	15.829	0.573
1680	1.264	-1703.942	-18.596	-1685.346	0.32	0.913	17.938	0.601
1690	1.271	-1705.683	-18.456	-1687.227	0.32	0.916	18.887	0.591
1700	1.279	-1706.373	-18.614	-1687.759	0.32	0.914	18.009	0.597
1710	1.286	-1705.909	-19.631	-1686.279	0.32	0.923	16.671	0.538
1720	1.294	-1705.918	-19.668	-1686.25	0.32	0.912	15.525	0.563
1730	1.302	-1706.196	-20.049	-1686.147	0.32	0.932	15.806	0.524
1740	1.309	-1707.466	-19.551	-1687.916	0.32	0.916	17.37	0.528
1750	1.317	-1708.102	-17.533	-1690.57	0.32	0.968	21.68	0.63
1760	1.324	-1708.249	-18.198	-1690.051	0.32	0.966	21.561	0.566
1770	1.332	-1707.433	-18.072	-1689.361	0.32	0.962	21.45	0.579
1780	1.34	-1704.241	-16.899	-1687.342	0.32	0.925	23.436	0.652
1790	1.347	-1704.358	-16.983	-1687.375	0.32	0.916	22.961	0.652
1800	1.355	-1704.358	-16.983	-1687.375	0.32	0.916	22.961	0.652
1810	1.362	-1704.237	-17.209	-1687.027	0.32	0.909	22.197	0.643
1820	1.37	-1707.218	-17.782	-1689.436	0.32	0.96	22.104	0.593
1830	1.377	-1704.538	-17.635	-1686.903	0.32	0.911	20.623	0.634
1840	1.385	-1704.538	-17.635	-1686.903	0.32	0.911	20.623	0.634
1850	1.392	-1704.538	-17.635	-1686.903	0.32	0.911	20.623	0.634
1860	1.4	-1703.938	-18.24	-1685.697	0.32	0.939	19.37	0.604
1870	1.407	-1705.488	-18.296	-1687.192	0.32	0.918	19.836	0.585
1880	1.415	-1704.353	-17.862	-1686.491	0.32	0.923	20.07	0.624
1890	1.422	-1703.979	-16.965	-1687.014	0.32	0.927	23.298	0.648
1900	1.43	-1705.305	-16.424	-1688.881	0.32	0.91	24.622	0.68
1910	1.437	-1705.305	-16.424	-1688.881	0.32	0.91	24.622	0.68
1920	1.444	-1705.223	-16.598	-1688.625	0.32	0.899	24.002	0.672
1930	1.452	-1704.817	-16.463	-1688.354	0.32	0.905	24.655	0.674
1940	1.459	-1704.817	-16.463	-1688.354	0.32	0.905	24.655	0.674
1950	1.467	-1704.549	-17.033	-1687.516	0.32	0.932	22.963	0.649
1960	1.474	-1707.372	-17.771	-1689.601	0.32	0.96	20.559	0.628
1970	1.482	-1704.829	-17.058	-1687.77	0.32	0.901	22.443	0.654
1980	1.489	-1704.829	-17.058	-1687.77	0.32	0.901	22.443	0.654
1990	1.497	-1704.829	-17.058	-1687.77	0.32	0.901	22.443	0.654
2000	1.504	-1704.415	-17.084	-1687.331	0.32	0.905	22.556	0.649
2010	1.512	-1704.226	-16.75	-1687.476	0.32	0.916	23.892	0.658
2020	1.52	-1704.226	-16.75	-1687.476	0.32	0.916	23.892	0.658
2030	1.527	-1703.756	-17.174	-1686.582	0.32	0.93	22.717	0.638
2040	1.534	-1703.756	-17.174	-1686.582	0.32	0.93	22.717	0.638
2050	1.542	-1703.756	-17.174	-1686.582	0.32	0.93	22.717	0.638
2060	1.55	-1705.658	-17.731	-1687.928	0.32	0.935	21.565	0.605
2070	1.557	-1705.938	-16.979	-1688.959	0.32	0.941	22.897	0.658
2080	1.565	-1703.838	-17.331	-1686.507	0.32	0.927	22.018	0.636
2090	1.572	-1706.612	-18.422	-1688.19	0.32	0.95	20.516	0.563
2100	1.579	-1705.74	-18.067	-1687.673	0.32	0.922	20.978	0.583
2110	1.587	-1706.488	-18.595	-1687.893	0.32	0.937	19.954	0.557
2120	1.595	-1706.208	-18.865	-1687.343	0.32	0.944	18.875	0.557
2130	1.602	-1705.502	-18.906	-1686.596	0.32	0.929	18.032	0.57
2140	1.61	-1705.106	-18.778	-1686.328	0.32	0.944	17.594	0.596
2150	1.617	-1706.503	-18.65	-1687.852	0.32	0.891	17.958	0.593
2160	1.625	-1705.601	-18.049	-1687.552	0.32	0.927	21.147	0.582
2170	1.632	-1706.261	-18.59	-1687.671	0.32	0.918	18.148	0.597
2180	1.64	-1705.072	-17.338	-1687.734	0.32	0.929	21.585	0.646
2190	1.647	-1703.783	-17.513	-1686.27	0.32	0.922	21.366	0.631
2200	1.654	-1705.228	-16.672	-1688.556	0.32	0.944	24.499	0.658
2210	1.662	-1705.228	-16.672	-1688.556	0.32	0.944	24.499	0.658
2220	1.67	-1704.217	-16.914	-1687.304	0.32	0.94	23.836	0.644
2230	1.677	-1704.217	-16.914	-1687.304	0.32	0.94	23.836	0.644
2240	1.685	-1704.217	-16.914	-1687.304	0.32	0.94	23.836	0.644
2250	1.692	-1704.217	-16.914	-1687.304	0.32	0.94	23.836	0.644
2260	1.699	-1704.499	-16.615	-1687.884	0.32	0.94	24.905	0.656
2270	1.707	-1704.499	-16.615	-1687.884	0.32	0.94	24.905	0.656
2280	1.714	-1704.499	-16.615	-1687.884	0.32	0.94	24.905	0.656
2290	1.722	-1704.499	-16.615	-1687.884	0.32	0.94	24.905	0.656
2300	1.729	-1705.506	-18.168	-1687.337	0.32	0.921	20.252	0.588
2310	1.737	-1705.067	-18.014	-1687.053	0.32	0.957	20.37	0.607
2320	1.744	-1705.067	-18.014	-1687.053	0.32	0.957	20.37	0.607
2330	1.752	-1705.067	-18.014	-1687.053	0.32	0.957	20.37	0.607
2340	1.759	-1705.067	-18.014	-1687.053	0.32	0.957	20.37	0.607
2350	1.767	-1705.115	-17.732	-1687.383	0.32	0.958	21.383	0.613
2360	1.775	-1705.115	-17.732	-1687.383	0.32	0.958	21.383	0.613
2370	1.782	-1705.115	-17.732	-1687.383	0.32	0.958	21.383	0.613
2380	1.79	-1705.813	-17.53	-1688.283	0.32	0.909	21.981	0.613
2390	1.797	-1706.751	-17.044	-1689.707	0.32	0.947	23.874	0.63
2400	1.805	-1705.823	-18.261	-1687.562	0.32	0.934	20.691	0.572
2410	1.812	-1705.653	-18.103	-1687.55	0.32	0.94	20.776	0.586
2420	1.82	-1704.341	-17.826	-1686.515	0.32	0.944	20.615	0.618
2430	1.827	-1706.965	-18.46	-1688.505	0.32	0.957	20.395	0.563
2440	1.835	-1707.222	-17.866	-1689.356	0.32	0.956	21.107	0.605
2450	1.842	-1706.693	-18.192	-1688.501	0.32	0.961	19.452	0.611
2460	1.85	-1704.558	-18.745	-1685.813	0.32	0.945	17.861	0.592
2470	1.857	-1705.594	-19.021	-1686.573	0.32	0.92	17.396	0.574
2480	1.865	-1705.594	-19.021	-1686.573	0.32	0.92	17.396	0.574
2490	1.872	-1704.643	-17.891	-1686.752	0.32	0.932	20.045	0.623
2500	1.88	-1706.313	-18.396	-1687.917	0.32	0.952	19.771	0.582
2510	1.887	-1706.27	-19.328	-1686.942	0.32	0.935	16.458	0.571
2520	1.895	-1705.693	-19.26	-1686.433	0.32	0.909	16.688	0.569
2530	1.902	-1705.693	-19.26	-1686.433	0.32	0.909	16.688	0.569
2540	1.91	-1705.602	-19.885	-1685.717	0.32	0.911	15.353	0.548
2550	1.917	-1705.602	-19.885	-1685.717	0.32	0.911	15.353	0.548
2560	1.925	-1705.602	-19.885	-1685.717	0.32	0.911	15.353	0.548
2570	1.932	-1705.795	-17.247	-1688.547	0.32	0.915	22.721	0.628
2580	1.94	-1706.209	-17.455	-1688.754	0.32	0.935	22.031	0.623
2590	1.947	-1704.574	-16.706	-1687.868	0.32	0.923	23.991	0.662
2600	1.955	-1706.015	-16.952	-1689.063	0.32	0.929	24.002	0.635
2610	1.962	-1706.015	-16.952	-1689.063	0.32	0.929	24.002	0.635
2620	1.97	-1705.597	-17.297	-1688.299	0.32	0.922	22.925	0.619
2630	1.977	-1705.409	-18.216	-1687.193	0.32	0.948	19.186	0.613
2640	1.985	-1704.314	-16.672	-1687.642	0.32	0.935	24.526	0.656
2650	1.992	-1704.057	-16.822	-1687.235	0.32	0.93	23.892	0.652
2660	2.0	-1704.057	-16.822	-1687.235	0.32	0.93	23.892	0.652
2670	2.007	-1703.995	-16.724	-1687.271	0.32	0.925	24.264	0.654
2680	2.015	-1703.995	-16.724	-1687.271	0.32	0.925	24.264	0.654
2690	2.022	-1703.995	-16.724	-1687.271	0.32	0.925	24.264	0.654
2700	2.03	-1703.995	-16.724	-1687.271	0.32	0.925	24.264	0.654
2710	2.037	-1708.609	-17.055	-1691.554	0.32	0.97	23.489	0.643
2720	2.045	-1708.609	-17.055	-1691.554	0.32	0.97	23.489	0.643
2730	2.052	-1705.733	-18.431	-1687.302	0.32	0.907	18.975	0.591
2740	2.06	-1706.385	-19.289	-1687.095	0.32	0.897	17.304	0.55
2750	2.067	-1706.384	-17.76	-1688.625	0.32	0.897	20.647	0.618
2760	2.075	-1706.545	-18.54	-1688.005	0.32	0.893	18.194	0.598
2770	2.082	-1706.072	-18.799	-1687.273	0.32	0.894	18.278	0.571
2780	2.09	-1706.164	-19.242	-1686.921	0.32	0.896	17.232	0.556
2790	2.097	-1705.689	-19.457	-1686.232	0.32	0.915	16.166	0.565
2800	2.105	-1706.559	-20.034	-1686.525	0.32	0.92	15.872	0.523
2810	2.112	-1706.235	-19.768	-1686.467	0.32	0.907	15.149	0.564
2820	2.12	-1706.24	-18.858	-1687.381	0.32	0.945	18.046	0.577
2830	2.127	-1706.178	-19.62	-1686.559	0.32	0.928	15.632	0.566
2840	2.134	-1705.689	-18.411	-1687.278	0.32	0.912	19.018	0.592
2850	2.142	-1705.546	-18.515	-1687.031	0.32	0.932	19.245	0.579
2860	2.149	-1705.546	-18.515	-1687.031	0.32	0.932	19.245	0.579
2870	2.157	-1706.334	-18.915	-1687.419	0.32	0.902	18.461	0.557
2880	2.164	-1706.167	-19.54	-1686.627	0.32	0.891	16.055	0.558
2890	2.172	-1705.879	-19.911	-1685.968	0.32	0.901	15.27	0.547
2900	2.179	-1706.978	-22.745	-1684.233	0.32	0.923	10.233	0.475
2910	2.187	-1707.824	-22.424	-1685.4	0.32	0.946	11.17	0.47
2920	2.194	-1705.692	-20.347	-1685.344	0.32	0.93	14.331	0.538
2930	2.202	-1705.562	-18.073	-1687.489	0.32	0.924	20.712	0.588
2940	2.209	-1703.598	-17.396	-1686.203	0.32	0.928	21.934	0.631
2950	2.216	-1704.25	-16.469	-1687.781	0.32	0.915	24.999	0.667
2960	2.224	-1704.25	-16.469	-1687.781	0.32	0.915	24.999	0.667
2970	2.231	-1704.25	-16.469	-1687.781	0.32	0.915	24.999	0.667
2980	2.239	-1704.25	-16.469	-1687.781	0.32	0.915	24.999	0.667
2990	2.246	-1704.25	-16.469	-1687.781	0.32	0.915	24.999	0.667
3000	2.254	-1704.25	-16.469	-1687.781	0.32	0.915	24.999	0.667
3010	2.261	-1704.25	-16.469	-1687.781	0.32	0.915	24.999	0.667
3020	2.269	-1705.659	-17.324	-1688.335	0.32	0.926	23.01	0.615
3030	2.276	-1705.774	-17.291	-1688.482	0.32	0.931	22.932	0.621
3040	2.284	-1705.564	-16.975	-1688.589	0.32	0.951	23.52	0.646
3050	2.291	-1705.564	-16.975	-1688.589	0.32	0.951	23.52	0.646
3060	2.299	-1706.535	-17.299	-1689.236	0.32	0.945	21.722	0.649
3070	2.306	-1703.684	-18.274	-1685.41	0.32	0.935	19.256	0.603
3080	2.314	-1703.684	-18.274	-1685.41	0.32	0.935	19.256	0.603
3090	2.321	-1703.684	-18.274	-1685.41	0.32	0.935	19.256	0.603
3100	2.329	-1703.684	-18.274	-1685.41	0.32	0.935	19.256	0.603
3110	2.336	-1703.684	-18.274	-1685.41	0.32	0.935	19.256	0.603
3120	2.344	-1704.887	-17.776	-1687.111	0.32	0.941	20.481	0.626
3130	2.351	-1704.887	-17.776	-1687.111	0.32	0.941	20.481	0.626
3140	2.358	-1704.887	-17.776	-1687.111	0.32	0.941	20.481	0.626
3150	2.366	-1704.887	-17.776	-1687.111	0.32	0.941	20.481	0.626
3160	2.373	-1705.906	-19.133	-1686.773	0.32	0.921	17.984	0.55
3170	2.381	-1706.274	-18.979	-1687.295	0.32	0.954	18.368	0.559
3180	2.388	-1706.871	-20.723	-1686.148	0.32	0.958	14.157	0.515
3190	2.396	-1705.422	-19.19	-1686.232	0.32	0.925	17.372	0.56
3200	2.403	-1708.017	-19.249	-1688.768	0.32	0.858	16.465	0.572
3210	2.411	-1706.746	-19.452	-1687.295	0.32	0.879	16.262	0.56
3220	2.418	-1705.728	-19.598	-1686.13	0.32	0.931	15.971	0.559
3230	2.426	-1705.728	-19.598	-1686.13	0.32	0.931	15.971	0.559
3240	2.433	-1706.007	-18.249	-1687.757	0.32	0.927	19.408	0.601
3250	2.441	-1704.136	-17.396	-1686.74	0.32	0.925	21.647	0.637
3260	2.448	-1704.136	-17.396	-1686.74	0.32	0.925	21.647	0.637
3270	2.456	-1704.509	-17.184	-1687.325	0.32	0.931	22.394	0.644
3280	2.463	-1704.921	-17.256	-1687.665	0.32	0.949	22.608	0.635
3290	2.471	-1704.921	-17.256	-1687.665	0.32	0.949	22.608	0.635
3300	2.478	-1705.696	-17.726	-1687.971	0.32	0.912	21.62	0.602
3310	2.486	-1705.554	-18.606	-1686.948	0.32	0.926	19.224	0.57
3320	2.493	-1705.94	-17.778	-1688.162	0.32	0.906	20.864	0.612
3330	2.501	-1705.94	-17.778	-1688.162	0.32	0.906	20.864	0.612
3340	2.508	-1704.969	-16.877	-1688.092	0.32	0.917	23.08	0.662
3350	2.516	-1703.965	-18.124	-1685.842	0.32	0.944	19.784	0.607
3360	2.523	-1704.639	-17.798	-1686.841	0.32	0.951	20.897	0.616
3370	2.531	-1704.734	-17.349	-1687.385	0.32	0.932	21.751	0.641
3380	2.538	-1706.678	-17.397	-1689.282	0.32	0.945	22.436	0.623
3390	2.546	-1706.923	-16.504	-1690.419	0.32	0.959	25.397	0.663
3400	2.553	-1706.923	-16.504	-1690.419	0.32	0.959	25.397	0.663
3410	2.561	-1706.923	-16.504	-1690.419	0.32	0.959	25.397	0.663
3420	2.568	-1708.234	-16.683	-1691.551	0.32	0.967	24.797	0.657
3430	2.576	-1708.234	-16.683	-1691.551	0.32	0.967	24.797	0.657
3440	2.583	-1706.55	-17.047	-1689.503	0.32	0.961	23.433	0.643
3450	2.591	-1705.373	-17.268	-1688.105	0.32	0.952	22.492	0.637
3460	2.598	-1705.373	-17.268	-1688.105	0.32	0.952	22.492	0.637
3470	2.606	-1706.737	-17.518	-1689.219	0.32	0.951	22.382	0.612
3480	2.613	-1703.678	-17.791	-1685.887	0.32	0.932	20.678	0.618
3490	2.621	-1703.678	-17.791	-1685.887	0.32	0.932	20.678	0.618
3500	2.628	-1703.678	-17.791	-1685.887	0.32	0.932	20.678	0.618
3510	2.636	-1703.678	-17.791	-1685.887	0.32	0.932	20.678	0.618
3520	2.643	-1703.678	-17.791	-1685.887	0.32	0.932	20.678	0.618
3530	2.651	-1703.678	-17.791	-1685.887	0.32	0.932	20.678	0.618
3540	2.658	-1703.678	-17.791	-1685.887	0.32	0.932	20.678	0.618
3550	2.665	-1703.678	-17.791	-1685.887	0.32	0.932	20.678	0.618
3560	2.673	-1703.678	-17.791	-1685.887	0.32	0.932	20.678	0.618
3570	2.68	-1705.566	-17.911	-1687.655	0.32	0.918	21.021	0.597
3580	2.688	-1705.566	-17.911	-1687.655	0.32	0.918	21.021	0.597
3590	2.696	-1705.506	-16.508	-1688.998	0.32	0.921	24.362	0.677
3600	2.703	-1706.113	-17.247	-1688.866	0.32	0.928	22.661	0.631
3610	2.711	-1705.561	-17.781	-1687.779	0.32	0.93	21.849	0.593
3620	2.718	-1705.812	-17.131	-1688.681	0.32	0.93	23.551	0.625
3630	2.725	-1705.812	-17.131	-1688.681	0.32	0.93	23.551	0.625
3640	2.733	-1706.272	-17.167	-1689.104	0.32	0.915	22.648	0.638
3650	2.74	-1705.908	-17.447	-1688.461	0.32	0.905	22.224	0.617
3660	2.748	-1707.55	-19.192	-1688.358	0.32	0.866	16.658	0.573
3670	2.755	-1706.49	-18.915	-1687.575	0.32	0.885	17.433	0.58
3680	2.763	-1707.107	-19.31	-1687.796	0.32	0.884	17.233	0.549
3690	2.77	-1705.765	-20.077	-1685.689	0.32	0.907	14.986	0.541
3700	2.778	-1705.765	-20.077	-1685.689	0.32	0.907	14.986	0.541
3710	2.785	-1706.234	-20.423	-1685.811	0.32	0.909	14.621	0.522
3720	2.793	-1705.832	-20.288	-1685.544	0.32	0.913	14.305	0.542
3730	2.8	-1707.728	-22.575	-1685.153	0.32	0.889	9.975	0.494
3740	2.808	-1706.828	-21.487	-1685.342	0.32	0.937	11.79	0.521
3750	2.815	-1706.475	-20.051	-1686.423	0.32	0.894	14.531	0.555
3760	2.823	-1706.337	-21.225	-1685.112	0.32	0.901	12.442	0.518
3770	2.83	-1706.178	-20.256	-1685.922	0.32	0.895	14.424	0.54
3780	2.838	-1706.521	-19.823	-1686.698	0.32	0.929	16.485	0.527
3790	2.845	-1706.757	-21.594	-1685.164	0.32	0.915	12.309	0.494
3800	2.853	-1705.696	-19.504	-1686.192	0.32	0.915	16.051	0.564
3810	2.86	-1705.914	-19.573	-1686.341	0.32	0.902	15.853	0.561
3820	2.868	-1706.369	-20.005	-1686.364	0.32	0.896	15.389	0.535
3830	2.875	-1705.64	-19.008	-1686.633	0.32	0.927	17.46	0.575
3840	2.883	-1704.131	-17.544	-1686.587	0.32	0.914	21.097	0.632
3850	2.89	-1704.131	-17.544	-1686.587	0.32	0.914	21.097	0.632
3860	2.898	-1704.131	-17.544	-1686.587	0.32	0.914	21.097	0.632
3870	2.905	-1704.079	-16.899	-1687.18	0.32	0.936	23.765	0.647
3880	2.913	-1704.079	-16.899	-1687.18	0.32	0.936	23.765	0.647
3890	2.92	-1703.995	-17.531	-1686.463	0.32	0.944	21.777	0.622
3900	2.927	-1706.53	-16.651	-1689.88	0.32	0.921	24.591	0.655
3910	2.935	-1706.53	-16.651	-1689.88	0.32	0.921	24.591	0.655
3920	2.942	-1704.608	-16.585	-1688.023	0.32	0.911	24.308	0.668
3930	2.95	-1704.608	-16.585	-1688.023	0.32	0.911	24.308	0.668
3940	2.957	-1704.119	-16.677	-1687.442	0.32	0.912	24.182	0.66
3950	2.965	-1705.019	-16.284	-1688.735	0.32	0.915	25.385	0.681
3960	2.972	-1705.019	-16.284	-1688.735	0.32	0.915	25.385	0.681
3970	2.98	-1703.97	-16.56	-1687.41	0.32	0.925	24.913	0.66
3980	2.987	-1703.97	-16.56	-1687.41	0.32	0.925	24.913	0.66
3990	2.995	-1703.97	-16.56	-1687.41	0.32	0.925	24.913	0.66
