iter	hours	log_posterior	log_prior	loglik	missing	mixture	scale	shape
0	0.001	-3410.824	-6.444	-3404.38	0.132	0.343	239.03	4.326
10	0.011	-3394.751	-6.353	-3388.398	0.135	0.378	231.962	4.36
20	0.022	-3376.998	-6.403	-3370.595	0.161	0.426	225.278	4.477
30	0.032	-3361.576	-6.626	-3354.95	0.213	0.491	227.624	4.256
40	0.043	-3348.303	-6.284	-3342.018	0.179	0.554	226.48	4.059
50	0.053	-3342.527	-6.105	-3336.422	0.154	0.585	224.239	3.955
60	0.064	-3337.48	-6.643	-3330.837	0.236	0.62	222.097	3.915
70	0.074	-3337.709	-6.502	-3331.207	0.226	0.607	219.628	3.789
80	0.085	-3334.113	-6.792	-3327.321	0.253	0.705	219.315	3.954
90	0.096	-3333.523	-6.52	-3327.003	0.226	0.686	219.964	3.905
100	0.106	-3335.686	-8.171	-3327.515	0.349	0.711	225.513	3.947
110	0.117	-3337.783	-8.085	-3329.698	0.344	0.773	224.243	3.859
120	0.128	-3335.346	-6.423	-3328.922	0.2	0.736	227.242	3.915
130	0.139	-3332.481	-6.037	-3326.444	0.164	0.695	217.192	3.819
140	0.149	-3333.33	-6.24	-3327.09	0.192	0.7	219.739	3.898
150	0.159	-3331.833	-6.745	-3325.089	0.259	0.718	212.751	3.726
160	0.169	-3332.635	-6.521	-3326.114	0.252	0.755	202.262	3.732
170	0.178	-3329.738	-6.191	-3323.547	0.227	0.71	197.683	3.71
180	0.188	-3329.417	-6.094	-3323.323	0.203	0.627	200.318	3.461
190	0.197	-3327.161	-5.986	-3321.175	0.194	0.651	197.716	3.46
200	0.206	-3326.428	-6.137	-3320.291	0.211	0.707	196.725	3.413
210	0.215	-3326.942	-5.778	-3321.165	0.104	0.698	197.397	3.421
220	0.225	-3324.719	-5.96	-3318.759	0.162	0.715	196.109	3.216
230	0.234	-3326.34	-6.023	-3320.317	0.086	0.744	196.58	3.222
240	0.243	-3324.802	-5.958	-3318.844	0.12	0.681	201.604	3.209
250	0.253	-3324.832	-6.066	-3318.765	0.154	0.717	200.397	3.141
260	0.262	-3324.19	-6.324	-3317.866	0.214	0.711	195.527	3.181
270	0.271	-3323.594	-6.047	-3317.547	0.133	0.67	200.521	3.107
280	0.281	-3321.464	-6.402	-3315.062	0.111	0.685	198.57	2.841
290	0.29	-3319.51	-7.044	-3312.465	0.131	0.771	199.836	2.542
300	0.299	-3318.07	-6.99	-3311.08	0.138	0.76	193.919	2.531
310	0.309	-3317.794	-7.238	-3310.556	0.126	0.763	200.442	2.469
320	0.318	-3317.449	-7.577	-3309.871	0.238	0.725	193.107	2.542
330	0.327	-3314.769	-8.215	-3306.554	0.271	0.735	184.356	2.393
340	0.337	-3315.125	-8.278	-3306.847	0.262	0.743	193.372	2.38
350	0.346	-3315.016	-7.456	-3307.56	0.161	0.767	185.742	2.347
360	0.355	-3309.226	-8.608	-3300.617	0.206	0.71	179.959	2.078
370	0.365	-3304.972	-9.952	-3295.02	0.271	0.731	166.4	1.885
380	0.374	-3305.51	-9.051	-3296.459	0.192	0.76	160.562	1.9
390	0.384	-3301.897	-10.004	-3291.892	0.214	0.779	154.566	1.742
400	0.393	-3296.702	-11.657	-3285.045	0.254	0.729	154.826	1.547
410	0.402	-3295.999	-11.693	-3284.306	0.131	0.794	158.162	1.446
420	0.412	-3292.759	-13.496	-3279.264	0.158	0.797	152.914	1.248
430	0.421	-3293.337	-13.687	-3279.65	0.146	0.782	151.973	1.224
440	0.431	-3293.523	-13.841	-3279.683	0.154	0.772	154.002	1.214
450	0.44	-3294.738	-13.803	-3280.935	0.202	0.781	158.258	1.25
460	0.449	-3296.506	-13.457	-3283.049	0.142	0.832	155.365	1.252
470	0.459	-3295.592	-14.151	-3281.441	0.165	0.79	151.523	1.187
480	0.468	-3291.537	-13.996	-3277.541	0.182	0.79	147.69	1.205
490	0.477	-3292.644	-15.148	-3277.496	0.343	0.803	140.603	1.26
500	0.487	-3289.3	-13.852	-3275.448	0.274	0.76	136.52	1.288
510	0.496	-3288.198	-14.393	-3273.805	0.295	0.753	133.404	1.255
520	0.505	-3287.896	-15.971	-3271.925	0.38	0.741	128.211	1.221
530	0.515	-3287.554	-15.019	-3272.536	0.347	0.723	121.223	1.252
540	0.524	-3286.538	-15.184	-3271.354	0.344	0.712	121.534	1.232
550	0.534	-3286.852	-19.029	-3267.823	0.471	0.769	117.979	1.099
560	0.543	-3285.965	-17.884	-3268.081	0.431	0.774	112.805	1.12
570	0.552	-3283.782	-17.499	-3266.283	0.355	0.78	114.643	1.044
580	0.562	-3282.207	-16.893	-3265.314	0.336	0.726	111.278	1.064
590	0.571	-3285.191	-16.109	-3269.082	0.296	0.799	120.362	1.091
600	0.581	-3283.271	-15.621	-3267.651	0.265	0.766	121.013	1.099
610	0.59	-3284.986	-15.897	-3269.089	0.223	0.731	124.192	1.045
620	0.599	-3285.193	-15.47	-3269.723	0.257	0.764	126.697	1.11
630	0.609	-3285.531	-15.362	-3270.169	0.183	0.762	127.584	1.067
640	0.618	-3283.917	-14.693	-3269.225	0.192	0.724	120.845	1.118
650	0.628	-3285.08	-16.193	-3268.887	0.181	0.707	116.538	0.994
660	0.637	-3283.333	-15.038	-3268.294	0.193	0.725	118.7	1.089
670	0.646	-3284.116	-13.54	-3270.576	0.161	0.759	118.415	1.203
680	0.656	-3282.614	-16.745	-3265.869	0.229	0.738	115.734	0.981
690	0.665	-3282.041	-17.523	-3264.519	0.264	0.799	111.994	0.951
700	0.674	-3280.896	-17.937	-3262.959	0.278	0.785	106.277	0.93
710	0.684	-3279.645	-15.069	-3264.576	0.139	0.74	105.621	1.056
720	0.693	-3279.083	-15.149	-3263.934	0.188	0.715	104.975	1.065
730	0.702	-3278.114	-17.174	-3260.94	0.215	0.74	102.076	0.933
740	0.712	-3277.222	-17.454	-3259.767	0.186	0.803	95.878	0.899
750	0.721	-3276.221	-16.346	-3259.875	0.147	0.748	99.263	0.96
760	0.731	-3276.876	-16.147	-3260.73	0.094	0.726	96.127	0.975
770	0.74	-3277.989	-14.949	-3263.04	0.132	0.705	94.576	1.055
780	0.749	-3278.074	-16.039	-3262.035	0.142	0.683	94.406	0.976
790	0.759	-3275.214	-15.391	-3259.823	0.119	0.714	85.585	1.016
800	0.768	-3274.9	-16.441	-3258.459	0.134	0.696	87.969	0.944
810	0.778	-3274.706	-16.685	-3258.022	0.235	0.714	87.064	0.969
820	0.787	-3275.188	-15.77	-3259.418	0.201	0.71	83.579	1.01
830	0.797	-3274.06	-17.33	-3256.731	0.207	0.737	87.53	0.91
840	0.807	-3273.776	-17.584	-3256.191	0.232	0.683	80.261	0.904
850	0.816	-3271.697	-17.382	-3254.315	0.179	0.72	79.124	0.891
860	0.826	-3272.328	-17.628	-3254.701	0.151	0.753	77.549	0.868
870	0.835	-3271.175	-20.565	-3250.609	0.284	0.784	73.446	0.768
880	0.845	-3271.728	-18.947	-3252.781	0.23	0.752	74.836	0.822
890	0.855	-3272.781	-19.377	-3253.404	0.245	0.777	76.5	0.807
900	0.864	-3270.717	-18.739	-3251.978	0.247	0.732	70.353	0.841
910	0.874	-3271.116	-19.168	-3251.948	0.275	0.758	72.809	0.836
920	0.885	-3271.468	-18.368	-3253.101	0.236	0.73	74.44	0.857
930	0.895	-3272.454	-19.107	-3253.347	0.257	0.751	79.249	0.83
940	0.905	-3272.873	-17.89	-3254.982	0.281	0.716	80.213	0.919
950	0.915	-3272.861	-20.241	-3252.62	0.285	0.782	81.091	0.788
960	0.925	-3273.71	-19.606	-3254.104	0.267	0.779	84.423	0.811
970	0.934	-3274.84	-20.411	-3254.429	0.309	0.75	80.76	0.795
980	0.944	-3272.757	-20.8	-3251.956	0.31	0.762	76.194	0.773
990	0.954	-3272.196	-20.646	-3251.549	0.378	0.751	71.394	0.836
1000	0.964	-3272.797	-21.004	-3251.793	0.397	0.712	74.294	0.836
1010	0.974	-3274.798	-17.018	-3257.78	0.294	0.689	74.276	0.986
1020	0.983	-3271.439	-19.026	-3252.413	0.286	0.755	72.766	0.852
1030	0.993	-3271.689	-18.113	-3253.576	0.147	0.74	82.12	0.841
1040	1.002	-3272.316	-18.602	-3253.714	0.129	0.703	75.55	0.809
1050	1.012	-3270.237	-18.567	-3251.67	0.109	0.721	71.542	0.811
1060	1.021	-3269.897	-18.847	-3251.05	0.124	0.721	72.986	0.795
1070	1.03	-3269.897	-18.847	-3251.05	0.124	0.721	72.986	0.795
1080	1.04	-3270.897	-19.558	-3251.34	0.09	0.781	73.294	0.765
1090	1.049	-3271.302	-20.822	-3250.48	0.052	0.768	68.554	0.727
1100	1.059	-3271.302	-20.822	-3250.48	0.052	0.768	68.554	0.727
1110	1.068	-3270.114	-21.413	-3248.701	0.044	0.779	65.127	0.709
1120	1.078	-3270.114	-21.413	-3248.701	0.044	0.779	65.127	0.709
1130	1.087	-3270.409	-20.944	-3249.465	0.047	0.771	66.793	0.727
1140	1.097	-3271.48	-17.719	-3253.761	0.137	0.735	74.166	0.859
1150	1.106	-3270.7	-19.97	-3250.729	0.109	0.728	65.916	0.738
1160	1.116	-3271.39	-20.11	-3251.28	0.102	0.772	71.645	0.734
1170	1.125	-3270.187	-19.61	-3250.577	0.116	0.78	70.579	0.756
1180	1.135	-3269.49	-19.565	-3249.925	0.191	0.713	68.377	0.769
1190	1.144	-3273.021	-17.375	-3255.647	0.24	0.7	71.811	0.919
1200	1.154	-3274.247	-15.812	-3258.435	0.139	0.676	68.192	0.978
1210	1.163	-3271.813	-18.062	-3253.752	0.18	0.754	64.25	0.846
1220	1.173	-3270.091	-18.01	-3252.081	0.226	0.681	63.074	0.869
1230	1.182	-3270.823	-17.848	-3252.975	0.238	0.685	67.746	0.886
1240	1.191	-3269.94	-20.679	-3249.261	0.331	0.729	64.119	0.792
1250	1.201	-3269.716	-20.998	-3248.718	0.346	0.733	64.36	0.787
1260	1.21	-3270.529	-20.562	-3249.967	0.319	0.71	61.879	0.788
1270	1.22	-3272.265	-21.365	-3250.9	0.378	0.653	58.445	0.793
1280	1.229	-3271.347	-21.689	-3249.658	0.334	0.676	60.272	0.742
1290	1.239	-3269.406	-21.222	-3248.184	0.36	0.718	58.526	0.785
1300	1.248	-3267.572	-23.196	-3244.376	0.403	0.718	50.212	0.724
1310	1.258	-3267.516	-22.699	-3244.817	0.354	0.701	47.275	0.708
1320	1.267	-3267.751	-24.858	-3242.894	0.436	0.698	46.793	0.678
1330	1.276	-3267.858	-24.666	-3243.192	0.413	0.742	45.124	0.668
1340	1.286	-3266.638	-22.836	-3243.802	0.285	0.752	51.272	0.659
1350	1.295	-3266.759	-21.251	-3245.508	0.193	0.736	46.457	0.688
1360	1.305	-3268.032	-19.609	-3248.423	0.133	0.681	48.133	0.752
1370	1.314	-3266.965	-19.975	-3246.99	0.101	0.675	49.13	0.736
1380	1.324	-3268.28	-19.855	-3248.424	0.189	0.691	51.486	0.751
1390	1.333	-3265.442	-20.708	-3244.734	0.185	0.715	47.95	0.71
1400	1.343	-3264.769	-21.503	-3243.266	0.184	0.719	44.857	0.674
1410	1.353	-3264.952	-21.649	-3243.303	0.19	0.751	42.68	0.67
1420	1.363	-3265.382	-21.833	-3243.549	0.198	0.733	37.341	0.666
1430	1.372	-3263.776	-22.924	-3240.852	0.173	0.765	29.531	0.618
1440	1.382	-3263.754	-25.087	-3238.667	0.236	0.834	25.885	0.56
1450	1.392	-3264.376	-23.752	-3240.623	0.21	0.794	29.122	0.597
1460	1.402	-3262.236	-24.529	-3237.707	0.183	0.813	29.296	0.562
1470	1.413	-3265.166	-24.221	-3240.945	0.085	0.768	34.532	0.569
1480	1.43	-3267.448	-23.829	-3243.619	0.08	0.813	37.5	0.584
1490	1.44	-3266.13	-22.182	-3243.948	0.085	0.81	41.295	0.645
1500	1.45	-3266.691	-22.464	-3244.227	0.044	0.752	43.138	0.661
1510	1.461	-3265.463	-23.119	-3242.344	0.076	0.789	39.002	0.611
1520	1.471	-3265.455	-22.143	-3243.312	0.109	0.804	41.924	0.641
1530	1.481	-3266.731	-23.527	-3243.204	0.092	0.765	39.918	0.59
1540	1.492	-3265.282	-22.425	-3242.858	0.063	0.788	37.171	0.647
1550	1.502	-3265.225	-23.126	-3242.099	0.085	0.764	37.416	0.608
1560	1.513	-3262.521	-24.147	-3238.374	0.127	0.802	28.876	0.569
1570	1.523	-3262.34	-24.256	-3238.084	0.111	0.787	26.608	0.567
1580	1.534	-3263.288	-23.754	-3239.534	0.099	0.796	30.065	0.584
1590	1.544	-3262.813	-24.38	-3238.433	0.096	0.806	29.405	0.563
1600	1.555	-3265.487	-21.749	-3243.737	0.127	0.74	41.16	0.656
1610	1.565	-3266.237	-21.945	-3244.292	0.114	0.724	47.153	0.647
1620	1.576	-3265.516	-20.389	-3245.128	0.166	0.727	51.714	0.72
1630	1.586	-3268.348	-20.648	-3247.7	0.16	0.811	50.478	0.708
1640	1.597	-3265.64	-21.935	-3243.705	0.234	0.705	48.954	0.673
1650	1.608	-3266.953	-20.793	-3246.159	0.223	0.681	49.422	0.719
1660	1.618	-3267.651	-21.006	-3246.645	0.316	0.723	55.209	0.762
1670	1.629	-3267.781	-23.532	-3244.249	0.305	0.739	50.152	0.641
1680	1.64	-3266.898	-22.726	-3244.172	0.292	0.778	45.34	0.668
1690	1.651	-3266.252	-21.705	-3244.548	0.193	0.792	43.438	0.669
1700	1.662	-3266.039	-21.804	-3244.235	0.179	0.766	43.47	0.661
1710	1.673	-3266.27	-22.618	-3243.652	0.121	0.684	41.079	0.62
1720	1.684	-3266.604	-24.53	-3242.074	0.174	0.751	37.51	0.557
1730	1.695	-3265.389	-22.085	-3243.304	0.162	0.792	41.271	0.646
1740	1.706	-3264.588	-21.473	-3243.115	0.203	0.724	46.56	0.681
1750	1.717	-3265.537	-20.852	-3244.685	0.209	0.697	44.31	0.711
1760	1.728	-3268.398	-23.595	-3244.803	0.303	0.768	48.884	0.638
1770	1.739	-3265.805	-23.508	-3242.296	0.347	0.761	42.98	0.668
1780	1.75	-3265.449	-22.569	-3242.88	0.285	0.749	41.642	0.671
1790	1.761	-3264.97	-21.995	-3242.975	0.202	0.741	39.769	0.66
1800	1.772	-3263.809	-24.03	-3239.779	0.222	0.763	40.93	0.586
1810	1.783	-3263.809	-24.03	-3239.779	0.222	0.763	40.93	0.586
1820	1.794	-3264.888	-22.961	-3241.927	0.179	0.724	39.5	0.615
1830	1.805	-3267.02	-21.332	-3245.689	0.192	0.713	35.634	0.686
1840	1.816	-3264.945	-21.949	-3242.997	0.157	0.759	33.885	0.653
1850	1.827	-3263.137	-24.194	-3238.943	0.132	0.782	31.714	0.566
1860	1.838	-3263.555	-23.815	-3239.739	0.179	0.797	36.026	0.584
1870	1.849	-3262.996	-23.97	-3239.026	0.218	0.776	30.154	0.591
1880	1.86	-3266.568	-24.801	-3241.766	0.259	0.842	32.002	0.576
1890	1.871	-3263.888	-23.605	-3240.283	0.189	0.794	37.234	0.594
1900	1.882	-3264.953	-22.945	-3242.009	0.2	0.722	39.221	0.62
1910	1.893	-3265.06	-22.407	-3242.652	0.193	0.794	41.143	0.64
1920	1.904	-3263.752	-23.23	-3240.522	0.171	0.79	36.345	0.604
1930	1.915	-3263.323	-22.708	-3240.615	0.099	0.762	33.881	0.622
1940	1.926	-3264.593	-22.344	-3242.25	0.108	0.735	35.377	0.634
1950	1.937	-3265.481	-22.477	-3243.005	0.064	0.789	36.146	0.644
1960	1.948	-3263.661	-23.454	-3240.207	0.084	0.745	31.127	0.598
1970	1.959	-3263.709	-23.645	-3240.063	0.092	0.783	31.758	0.589
1980	1.97	-3262.381	-23.585	-3238.796	0.108	0.763	28.667	0.59
1990	1.981	-3262.035	-24.995	-3237.039	0.096	0.764	21.52	0.547
2000	1.992	-3262.053	-25.369	-3236.684	0.134	0.772	21.308	0.532
2010	2.003	-3263.241	-25.621	-3237.62	0.129	0.726	20.547	0.524
2020	2.014	-3266.239	-25.041	-3241.198	0.095	0.716	25.11	0.542
2030	2.025	-3263.252	-25.201	-3238.051	0.156	0.728	21.532	0.539
2040	2.036	-3263.302	-26.012	-3237.291	0.219	0.725	20.399	0.527
2050	2.047	-3261.486	-26.407	-3235.079	0.222	0.767	21.016	0.515
2060	2.058	-3262.722	-25.49	-3237.232	0.227	0.782	20.064	0.548
2070	2.069	-3265.42	-29.14	-3236.28	0.188	0.801	14.433	0.437
2080	2.08	-3264.983	-27.187	-3237.796	0.159	0.87	18.939	0.482
2090	2.091	-3262.706	-26.891	-3235.816	0.126	0.833	16.157	0.491
2100	2.102	-3261.819	-26.179	-3235.64	0.164	0.821	19.322	0.512
2110	2.113	-3262.754	-27.464	-3235.29	0.251	0.758	15.849	0.497
2120	2.124	-3261.978	-27.27	-3234.709	0.223	0.787	15.71	0.495
2130	2.135	-3262.109	-30.596	-3231.513	0.235	0.777	9.463	0.418
2140	2.146	-3261.587	-29.483	-3232.104	0.202	0.792	10.952	0.436
2150	2.157	-3261.487	-28.936	-3232.551	0.281	0.809	13.664	0.468
2160	2.168	-3261.462	-29.59	-3231.872	0.258	0.795	13.793	0.442
2170	2.179	-3261.773	-30.878	-3230.895	0.303	0.785	10.853	0.428
2180	2.19	-3261.773	-30.878	-3230.895	0.303	0.785	10.853	0.428
2190	2.202	-3261.773	-30.878	-3230.895	0.303	0.785	10.853	0.428
2200	2.213	-3262.435	-31.306	-3231.129	0.348	0.802	10.909	0.434
2210	2.224	-3263.168	-30.296	-3232.872	0.297	0.776	10.311	0.442
2220	2.235	-3262.956	-29.868	-3233.088	0.322	0.799	11.925	0.46
2230	2.246	-3264.105	-29.197	-3234.908	0.313	0.785	12.465	0.474
2240	2.257	-3261.987	-29.489	-3232.499	0.305	0.779	13.312	0.461
2250	2.268	-3261.434	-29.429	-3232.005	0.29	0.784	14.487	0.456
2260	2.279	-3263.051	-28.046	-3235.005	0.253	0.785	20.072	0.476
2270	2.29	-3262.539	-24.77	-3237.77	0.223	0.789	25.489	0.567
2280	2.301	-3261.893	-26.222	-3235.67	0.215	0.821	20.589	0.52
2290	2.312	-3261.05	-27.107	-3233.943	0.159	0.785	17.8	0.484
2300	2.322	-3260.446	-28.128	-3232.318	0.152	0.799	15.478	0.458
2310	2.333	-3260.446	-28.128	-3232.318	0.152	0.799	15.478	0.458
2320	2.344	-3260.446	-28.128	-3232.318	0.152	0.799	15.478	0.458
2330	2.355	-3263.129	-25.416	-3237.713	0.088	0.8	20.639	0.536
2340	2.365	-3261.148	-27.436	-3233.712	0.11	0.818	15.873	0.476
2350	2.376	-3263.124	-26.326	-3236.798	0.14	0.778	16.324	0.508
2360	2.386	-3260.594	-28.194	-3232.399	0.166	0.8	15.769	0.457
2370	2.397	-3260.432	-27.103	-3233.329	0.177	0.807	18.362	0.487
2380	2.407	-3262.028	-26.308	-3235.719	0.131	0.757	18.707	0.505
2390	2.418	-3262.23	-24.881	-3237.35	0.174	0.747	22.189	0.552
2400	2.429	-3262.006	-25.5	-3236.506	0.196	0.764	23.715	0.535
2410	2.439	-3260.546	-26.44	-3234.106	0.194	0.8	22.132	0.507
2420	2.45	-3261.332	-25.916	-3235.416	0.198	0.79	20.56	0.525
2430	2.46	-3261.525	-27.474	-3234.051	0.253	0.82	18.078	0.495
2440	2.471	-3261.529	-27.919	-3233.61	0.277	0.782	16.928	0.491
2450	2.482	-3261.529	-27.919	-3233.61	0.277	0.782	16.928	0.491
2460	2.492	-3261.069	-26.567	-3234.502	0.194	0.81	19.855	0.505
2470	2.503	-3261.324	-25.584	-3235.74	0.155	0.805	22.41	0.527
2480	2.513	-3264.107	-26.583	-3237.524	0.175	0.838	16.983	0.504
2490	2.524	-3264.518	-27.035	-3237.482	0.149	0.836	14.768	0.49
2500	2.534	-3264.518	-27.035	-3237.482	0.149	0.836	14.768	0.49
2510	2.545	-3262.995	-26.969	-3236.026	0.082	0.754	16.079	0.493
2520	2.556	-3262.771	-27.13	-3235.641	0.132	0.834	15.414	0.485
2530	2.566	-3262.771	-27.13	-3235.641	0.132	0.834	15.414	0.485
2540	2.577	-3262.586	-27.491	-3235.095	0.122	0.834	14.376	0.476
2550	2.587	-3263.916	-28.083	-3235.833	0.096	0.835	15.982	0.459
2560	2.598	-3264.291	-27.562	-3236.729	0.036	0.806	16.768	0.503
2570	2.608	-3266.378	-23.334	-3243.044	0.145	0.755	24.242	0.602
2580	2.619	-3263.96	-23.813	-3240.146	0.197	0.739	25.476	0.593
2590	2.63	-3264.488	-26.552	-3237.936	0.253	0.822	24.832	0.518
2600	2.64	-3262.168	-25.743	-3236.425	0.166	0.769	23.176	0.522
2610	2.651	-3261.558	-25.064	-3236.494	0.158	0.811	26.116	0.542
2620	2.661	-3262.289	-25.487	-3236.802	0.208	0.804	22.741	0.54
2630	2.672	-3260.743	-27.708	-3233.034	0.272	0.807	18.676	0.494
2640	2.683	-3261.162	-29.079	-3232.083	0.316	0.804	15.943	0.474
2650	2.693	-3261.162	-29.079	-3232.083	0.316	0.804	15.943	0.474
2660	2.704	-3261.162	-29.079	-3232.083	0.316	0.804	15.943	0.474
2670	2.714	-3261.731	-28.496	-3233.235	0.287	0.818	15.741	0.48
2680	2.725	-3261.406	-28.986	-3232.42	0.307	0.804	16.424	0.472
2690	2.736	-3262.509	-29.251	-3233.258	0.32	0.769	14.423	0.472
2700	2.746	-3263.984	-28.48	-3235.505	0.366	0.76	16.188	0.514
2710	2.757	-3262.346	-30.737	-3231.61	0.418	0.784	16.662	0.474
2720	2.768	-3264.043	-26.798	-3237.245	0.346	0.761	20.688	0.553
2730	2.778	-3262.015	-29.343	-3232.672	0.316	0.786	14.454	0.468
2740	2.789	-3262.015	-29.343	-3232.672	0.316	0.786	14.454	0.468
2750	2.8	-3263.002	-28.222	-3234.78	0.285	0.753	17.365	0.484
2760	2.81	-3263.458	-30.047	-3233.411	0.341	0.763	12.717	0.461
2770	2.821	-3262.853	-31.093	-3231.76	0.343	0.777	11.395	0.436
2780	2.831	-3261.261	-30.748	-3230.512	0.268	0.801	10.324	0.421
2790	2.842	-3261.261	-30.748	-3230.512	0.268	0.801	10.324	0.421
2800	2.852	-3263.007	-30.375	-3232.632	0.232	0.791	11.545	0.419
2810	2.863	-3264.276	-30.071	-3234.205	0.218	0.838	12.251	0.422
2820	2.874	-3263.659	-28.699	-3234.96	0.192	0.829	13.682	0.45
2830	2.885	-3261.962	-28.888	-3233.074	0.187	0.773	13.34	0.444
2840	2.896	-3262.575	-26.882	-3235.693	0.204	0.739	16.699	0.5
2850	2.907	-3262.575	-26.882	-3235.693	0.204	0.739	16.699	0.5
2860	2.918	-3261.534	-27.951	-3233.584	0.197	0.771	16.337	0.468
2870	2.929	-3261.756	-28.138	-3233.618	0.157	0.771	13.618	0.46
2880	2.94	-3261.111	-27.443	-3233.668	0.183	0.777	16.593	0.479
2890	2.951	-3261.617	-27.277	-3234.34	0.202	0.777	15.513	0.49
2900	2.962	-3261.006	-27.695	-3233.311	0.207	0.798	14.94	0.48
2910	2.973	-3260.617	-29.738	-3230.878	0.207	0.802	11.35	0.429
2920	2.984	-3260.968	-28.376	-3232.592	0.2	0.793	15.92	0.457
2930	2.995	-3260.252	-28.397	-3231.855	0.232	0.798	16.248	0.464
2940	3.006	-3260.252	-28.397	-3231.855	0.232	0.798	16.248	0.464
2950	3.017	-3260.252	-28.397	-3231.855	0.232	0.798	16.248	0.464
2960	3.028	-3260.252	-28.397	-3231.855	0.232	0.798	16.248	0.464
2970	3.039	-3260.252	-28.397	-3231.855	0.232	0.798	16.248	0.464
2980	3.05	-3260.252	-28.397	-3231.855	0.232	0.798	16.248	0.464
2990	3.061	-3260.514	-28.002	-3232.512	0.224	0.794	15.682	0.474
3000	3.072	-3260.027	-28.274	-3231.753	0.229	0.794	16.246	0.467
3010	3.082	-3260.027	-28.274	-3231.753	0.229	0.794	16.246	0.467
3020	3.093	-3260.027	-28.274	-3231.753	0.229	0.794	16.246	0.467
3030	3.103	-3260.027	-28.274	-3231.753	0.229	0.794	16.246	0.467
3040	3.114	-3261.259	-26.689	-3234.57	0.209	0.784	18.37	0.506
3050	3.124	-3261.646	-26.511	-3235.135	0.184	0.799	17.527	0.507
3060	3.135	-3260.821	-27.819	-3233.001	0.197	0.783	16.864	0.471
3070	3.146	-3261.069	-25.999	-3235.07	0.222	0.788	22.061	0.528
3080	3.157	-3260.855	-27.557	-3233.298	0.194	0.787	18.036	0.477
3090	3.168	-3261.483	-26.626	-3234.857	0.164	0.768	17.514	0.5
3100	3.179	-3261.152	-26.573	-3234.579	0.181	0.807	19.332	0.502
3110	3.19	-3260.645	-25.977	-3234.668	0.156	0.8	20.278	0.516
3120	3.201	-3260.645	-25.977	-3234.668	0.156	0.8	20.278	0.516
3130	3.213	-3264.62	-27.178	-3237.442	0.133	0.836	20.135	0.479
3140	3.224	-3260.794	-26.469	-3234.325	0.109	0.786	20.909	0.499
3150	3.235	-3261.387	-26.546	-3234.841	0.089	0.782	18.692	0.501
3160	3.246	-3262.938	-25.559	-3237.379	0.074	0.764	21.412	0.534
3170	3.257	-3264.037	-25.187	-3238.85	0.077	0.823	22.45	0.545
3180	3.268	-3262.382	-25.76	-3236.622	0.058	0.79	22.634	0.535
3190	3.279	-3262.382	-25.76	-3236.622	0.058	0.79	22.634	0.535
3200	3.29	-3261.492	-26.663	-3234.829	0.077	0.785	21.305	0.499
3210	3.301	-3262.745	-25.348	-3237.397	0.092	0.744	20.021	0.537
3220	3.312	-3263.773	-26.014	-3237.759	0.145	0.743	21.375	0.512
3230	3.322	-3263.208	-25.728	-3237.48	0.168	0.825	20.159	0.526
3240	3.333	-3261.162	-27.245	-3233.917	0.157	0.792	15.276	0.483
3250	3.344	-3262.644	-27.691	-3234.953	0.157	0.757	16.397	0.469
3260	3.355	-3262.236	-26.475	-3235.761	0.167	0.737	17.458	0.504
3270	3.366	-3263.732	-25.842	-3237.89	0.106	0.744	21.928	0.517
3280	3.377	-3263.936	-26.421	-3237.516	0.08	0.748	20.277	0.506
3290	3.388	-3263.446	-28.541	-3234.905	0.078	0.758	14.217	0.452
3300	3.4	-3261.791	-28.651	-3233.141	0.056	0.806	14.001	0.459
3310	3.411	-3262.531	-26.512	-3236.02	0.157	0.804	16.318	0.504
3320	3.421	-3260.614	-27.443	-3233.171	0.142	0.793	17.967	0.473
3330	3.433	-3260.779	-26.446	-3234.334	0.187	0.802	19.155	0.508
3340	3.444	-3260.779	-26.446	-3234.334	0.187	0.802	19.155	0.508
3350	3.455	-3261.286	-27.205	-3234.081	0.185	0.815	16.457	0.487
3360	3.466	-3260.805	-26.394	-3234.41	0.132	0.794	19.732	0.502
3370	3.477	-3260.377	-27.416	-3232.961	0.165	0.792	17.912	0.476
3380	3.488	-3261.22	-27.229	-3233.992	0.168	0.776	17.069	0.483
3390	3.499	-3262.553	-29.185	-3233.367	0.165	0.757	11.547	0.436
3400	3.51	-3261.168	-28.312	-3232.856	0.144	0.793	13.839	0.454
3410	3.521	-3260.263	-27.165	-3233.097	0.172	0.811	16.642	0.486
3420	3.532	-3260.263	-27.165	-3233.097	0.172	0.811	16.642	0.486
3430	3.543	-3261.831	-27.379	-3234.452	0.188	0.817	14.883	0.485
3440	3.554	-3260.415	-27.847	-3232.569	0.202	0.8	15.941	0.473
3450	3.565	-3263.288	-26.355	-3236.932	0.206	0.791	16.49	0.518
3460	3.576	-3261.019	-26.617	-3234.403	0.166	0.799	17.435	0.501
3470	3.586	-3261.547	-26.13	-3235.418	0.149	0.821	19.761	0.511
3480	3.598	-3260.98	-26.942	-3234.038	0.155	0.815	17.987	0.489
3490	3.609	-3261.097	-27.735	-3233.362	0.116	0.79	16.539	0.466
3500	3.62	-3262.589	-28.242	-3234.346	0.115	0.803	11.658	0.459
3510	3.631	-3262.096	-28.766	-3233.33	0.136	0.81	10.879	0.446
3520	3.642	-3262.096	-28.766	-3233.33	0.136	0.81	10.879	0.446
3530	3.653	-3262.014	-30.831	-3231.183	0.115	0.816	7.776	0.402
3540	3.663	-3262.698	-27.571	-3235.128	0.13	0.755	13.951	0.474
3550	3.674	-3261.101	-29.402	-3231.699	0.06	0.804	12.181	0.439
3560	3.686	-3261.101	-29.402	-3231.699	0.06	0.804	12.181	0.439
3570	3.697	-3261.101	-29.402	-3231.699	0.06	0.804	12.181	0.439
3580	3.708	-3261.101	-29.402	-3231.699	0.06	0.804	12.181	0.439
3590	3.719	-3261.245	-28.444	-3232.801	0.086	0.779	13.967	0.453
3600	3.73	-3263.613	-29.109	-3234.504	0.088	0.797	9.794	0.442
3610	3.741	-3262.437	-29.554	-3232.882	0.049	0.81	12.444	0.442
3620	3.752	-3262.437	-29.554	-3232.882	0.049	0.81	12.444	0.442
3630	3.763	-3261.949	-28.3	-3233.65	0.051	0.802	14.979	0.47
3640	3.774	-3261.949	-28.3	-3233.65	0.051	0.802	14.979	0.47
3650	3.785	-3261.949	-28.3	-3233.65	0.051	0.802	14.979	0.47
3660	3.796	-3261.949	-28.3	-3233.65	0.051	0.802	14.979	0.47
3670	3.807	-3261.926	-27.406	-3234.52	0.08	0.807	15.394	0.482
3680	3.817	-3260.596	-27.786	-3232.809	0.106	0.811	15.087	0.467
3690	3.828	-3260.882	-27.81	-3233.072	0.106	0.798	14.109	0.468
3700	3.839	-3261.964	-27.753	-3234.21	0.171	0.786	13.382	0.473
3710	3.849	-3260.637	-28.671	-3231.966	0.198	0.804	13.503	0.452
3720	3.86	-3261.294	-27.755	-3233.539	0.2	0.81	14.465	0.477
3730	3.871	-3261.294	-27.755	-3233.539	0.2	0.81	14.465	0.477
3740	3.882	-3262.382	-28.271	-3234.111	0.164	0.819	11.948	0.46
3750	3.893	-3261.114	-28.479	-3232.635	0.175	0.809	12.301	0.456
3760	3.904	-3261.114	-28.479	-3232.635	0.175	0.809	12.301	0.456
3770	3.915	-3261.05	-27.326	-3233.724	0.269	0.793	21.449	0.502
3780	3.926	-3261.954	-27.584	-3234.37	0.324	0.798	20.15	0.517
3790	3.937	-3262.604	-26.816	-3235.788	0.289	0.763	20.134	0.526
3800	3.948	-3260.953	-27.013	-3233.939	0.261	0.797	20.332	0.51
3810	3.959	-3261.934	-27.784	-3234.15	0.309	0.776	19.066	0.505
3820	3.97	-3264.894	-27.349	-3237.545	0.226	0.84	17.11	0.492
3830	3.981	-3261.325	-27.964	-3233.362	0.279	0.811	16.804	0.491
3840	3.992	-3261.325	-27.964	-3233.362	0.279	0.811	16.804	0.491
3850	4.003	-3261.625	-28.272	-3233.352	0.313	0.799	17.554	0.494
3860	4.014	-3263.511	-28.294	-3235.217	0.354	0.781	17.524	0.512
3870	4.025	-3261.898	-28.337	-3233.562	0.301	0.775	16.595	0.488
3880	4.036	-3263.119	-29.666	-3233.454	0.318	0.779	16.277	0.457
3890	4.047	-3262.449	-29.095	-3233.354	0.364	0.781	17.329	0.493
3900	4.058	-3263.764	-29.462	-3234.302	0.276	0.818	11.123	0.456
3910	4.069	-3261.854	-30.548	-3231.306	0.317	0.799	13.197	0.438
3920	4.08	-3263.658	-29.915	-3233.743	0.367	0.829	14.249	0.475
3930	4.091	-3263.473	-29.276	-3234.197	0.359	0.81	14.94	0.489
3940	4.102	-3264.327	-28.452	-3235.874	0.316	0.822	15.363	0.493
3950	4.113	-3265.149	-30.442	-3234.707	0.296	0.841	13.57	0.433
3960	4.124	-3261.468	-30.291	-3231.177	0.333	0.816	13.209	0.451
3970	4.135	-3262.24	-29.464	-3232.777	0.321	0.796	13.407	0.468
3980	4.146	-3262.959	-28.14	-3234.82	0.267	0.772	14.203	0.484
3990	4.157	-3260.664	-29.671	-3230.994	0.291	0.8	13.75	0.451
4000	4.168	-3260.607	-27.958	-3232.649	0.25	0.81	16.249	0.482
4010	4.179	-3260.909	-28.795	-3232.114	0.279	0.813	15.028	0.469
4020	4.19	-3261.335	-29.174	-3232.161	0.263	0.791	13.389	0.455
4030	4.201	-3262.295	-29.065	-3233.23	0.262	0.778	12.388	0.46
4040	4.212	-3261.45	-29.849	-3231.601	0.256	0.806	10.992	0.439
4050	4.223	-3261.833	-29.424	-3232.409	0.265	0.819	11.913	0.452
4060	4.234	-3260.827	-28.468	-3232.359	0.23	0.782	14.966	0.463
4070	4.245	-3260.933	-26.744	-3234.19	0.202	0.79	20.923	0.5
4080	4.256	-3260.884	-26.015	-3234.869	0.194	0.787	24.239	0.518
4090	4.267	-3263.16	-25.265	-3237.896	0.257	0.74	23.004	0.563
4100	4.278	-3261.514	-25.029	-3236.484	0.213	0.782	26.722	0.554
4110	4.289	-3262.656	-24.639	-3238.018	0.174	0.757	26.188	0.558
4120	4.3	-3262.364	-24.46	-3237.904	0.128	0.794	27.742	0.558
4130	4.311	-3263.278	-23.609	-3239.67	0.157	0.696	32.821	0.588
4140	4.322	-3263.278	-23.609	-3239.67	0.157	0.696	32.821	0.588
4150	4.333	-3263.278	-23.609	-3239.67	0.157	0.696	32.821	0.588
4160	4.344	-3264.155	-22.434	-3241.72	0.156	0.737	34.158	0.632
4170	4.355	-3266.571	-22.491	-3244.08	0.23	0.741	30.981	0.652
4180	4.366	-3264.936	-22.387	-3242.549	0.194	0.73	36.941	0.642
4190	4.377	-3265.909	-21.817	-3244.092	0.169	0.657	37.063	0.658
4200	4.388	-3264.886	-21.874	-3243.012	0.193	0.748	39.246	0.662
4210	4.399	-3264.891	-22.386	-3242.504	0.244	0.747	41.001	0.659
4220	4.41	-3265.304	-22.15	-3243.153	0.125	0.814	40.747	0.64
4230	4.422	-3264.345	-23.373	-3240.972	0.121	0.795	38.085	0.593
4240	4.433	-3264.079	-23.045	-3241.034	0.152	0.827	35.825	0.609
4250	4.444	-3263.827	-22.783	-3241.044	0.182	0.773	36.06	0.623
4260	4.455	-3264.359	-22.777	-3241.583	0.187	0.788	38.002	0.625
4270	4.466	-3264.745	-22.328	-3242.417	0.127	0.73	34.679	0.634
4280	4.477	-3263.344	-23.04	-3240.304	0.21	0.766	32.036	0.623
4290	4.488	-3264.014	-24.478	-3239.536	0.234	0.761	33.921	0.576
4300	4.499	-3263.512	-24.188	-3239.324	0.199	0.763	31.982	0.576
4310	4.509	-3264.2	-23.122	-3241.078	0.194	0.77	28.583	0.617
4320	4.52	-3261.99	-25.626	-3236.364	0.211	0.797	25.941	0.534
4330	4.531	-3261.618	-25.227	-3236.391	0.197	0.78	23.569	0.545
4340	4.542	-3261.512	-25.656	-3235.856	0.18	0.781	25.523	0.526
4350	4.553	-3265.722	-25.25	-3240.472	0.121	0.825	19.853	0.538
4360	4.564	-3263.484	-26.872	-3236.612	0.137	0.827	19.705	0.488
4370	4.575	-3260.734	-27.848	-3232.886	0.2	0.8	16.039	0.472
4380	4.586	-3260.734	-27.848	-3232.886	0.2	0.8	16.039	0.472
4390	4.597	-3260.676	-27.882	-3232.794	0.225	0.798	15.942	0.477
4400	4.608	-3261.032	-27.351	-3233.681	0.227	0.771	18.773	0.49
4410	4.619	-3261.463	-26.962	-3234.501	0.183	0.814	17.142	0.494
4420	4.63	-3261.463	-26.962	-3234.501	0.183	0.814	17.142	0.494
4430	4.641	-3260.807	-27.392	-3233.415	0.168	0.814	16.486	0.479
4440	4.652	-3262.032	-24.744	-3237.288	0.16	0.775	22.275	0.555
4450	4.663	-3261.243	-25.915	-3235.328	0.145	0.788	24.103	0.514
4460	4.674	-3261.099	-25.519	-3235.581	0.16	0.799	21.959	0.53
4470	4.685	-3261.916	-25.822	-3236.094	0.146	0.789	18.973	0.521
4480	4.696	-3261.448	-25.453	-3235.994	0.143	0.792	21.568	0.53
4490	4.707	-3263.323	-25.771	-3237.553	0.119	0.815	19.129	0.522
