iter	hours	log_posterior	log_prior	loglik	missing	mixture	scale	shape
0		0.001	-3449.017	-6.607	-3442.41	0.143	0.253	231.916	3.068
10		0.012	-3400.665	-7.152	-3393.514	0.221	0.364	236.577	3.045
20		0.023	-3388.281	-7.022	-3381.259	0.219	0.4	237.721	3.163
30		0.034	-3346.888	-6.806	-3340.082	0.21	0.567	236.456	3.293
40		0.045	-3345.205	-6.398	-3338.808	0.113	0.568	231.795	3.234
50		0.056	-3334.555	-6.377	-3328.177	0.117	0.655	231.126	3.247
60		0.067	-3328.803	-6.534	-3322.269	0.19	0.703	224.312	3.228
70		0.077	-3329.473	-6.405	-3323.068	0.129	0.766	226.348	3.159
80		0.088	-3326.342	-6.529	-3319.813	0.128	0.72	222.558	2.993
90		0.099	-3327.397	-6.473	-3320.924	0.152	0.68	217.777	3.009
100		0.109	-3327.423	-6.257	-3321.166	0.091	0.696	214.386	3.204
110		0.12	-3327.346	-6.996	-3320.35	0.049	0.733	213.83	3.087
120		0.13	-3323.781	-6.404	-3317.377	0.11	0.712	210.79	2.964
130		0.141	-3322.808	-6.843	-3315.966	0.193	0.772	202.167	2.775
140		0.151	-3322.265	-7.505	-3314.76	0.265	0.714	206.951	2.814
150		0.162	-3321.626	-7.165	-3314.461	0.237	0.73	204.434	2.813
160		0.172	-3320.745	-7.569	-3313.175	0.29	0.689	197.362	2.862
170		0.183	-3319.35	-7.179	-3312.171	0.223	0.75	193.375	2.656
180		0.193	-3318.621	-7.169	-3311.452	0.17	0.695	198.966	2.53
190		0.204	-3316.936	-7.501	-3309.435	0.165	0.753	203.355	2.424
200		0.215	-3316.09	-8.78	-3307.31	0.286	0.747	201.239	2.351
210		0.225	-3313.823	-8.559	-3305.264	0.213	0.697	194.311	2.157
220		0.236	-3316.093	-10.354	-3305.739	0.296	0.67	196.623	1.953
230		0.246	-3309.527	-9.666	-3299.862	0.211	0.742	192.587	1.897
240		0.257	-3311.585	-10.397	-3301.187	0.245	0.741	199.901	1.838
250		0.267	-3306.815	-11.392	-3295.423	0.265	0.743	188.152	1.674
260		0.278	-3306.842	-10.303	-3296.539	0.207	0.765	190.489	1.767
270		0.288	-3309.706	-10.552	-3299.153	0.318	0.734	187.859	1.95
280		0.299	-3308.12	-10.641	-3297.48	0.197	0.74	191.625	1.699
290		0.309	-3304.396	-10.914	-3293.481	0.175	0.79	183.871	1.62
300		0.32	-3300.411	-12.009	-3288.402	0.22	0.771	173.307	1.492
310		0.331	-3304.699	-13.693	-3291.007	0.304	0.733	179.792	1.411
320		0.341	-3308.166	-13.063	-3295.103	0.287	0.717	187.285	1.474
330		0.352	-3305.149	-12.518	-3292.631	0.186	0.812	189.497	1.426
340		0.362	-3305.815	-11.748	-3294.067	0.161	0.82	189.288	1.506
350		0.373	-3305.068	-12.227	-3292.841	0.188	0.812	188.94	1.463
360		0.384	-3305.606	-11.704	-3293.902	0.165	0.782	190.644	1.516
370		0.394	-3305.302	-11.518	-3293.784	0.122	0.813	185.726	1.519
380		0.405	-3303.438	-12.357	-3291.081	0.208	0.817	183.557	1.456
390		0.415	-3302.254	-13.016	-3289.238	0.184	0.795	181.554	1.354
400		0.426	-3304.504	-12.381	-3292.124	0.147	0.773	184.592	1.411
410		0.436	-3305.875	-13.566	-3292.309	0.082	0.732	178.941	1.285
420		0.447	-3300.404	-13.3	-3287.104	0.058	0.798	172.829	1.343
430		0.457	-3299.919	-12.395	-3287.524	0.111	0.787	172.087	1.387
440		0.468	-3301.176	-12.043	-3289.132	0.182	0.764	174.028	1.452
450		0.478	-3299.102	-12.505	-3286.597	0.223	0.79	169.469	1.427
460		0.489	-3298.253	-12.136	-3286.117	0.212	0.778	167.513	1.457
470		0.499	-3296.215	-13.151	-3283.064	0.236	0.782	162.423	1.355
480		0.51	-3296.277	-12.825	-3283.452	0.258	0.789	160.805	1.416
490		0.52	-3295.337	-13.372	-3281.965	0.296	0.797	155.3	1.398
500		0.531	-3295.166	-14.221	-3280.945	0.288	0.756	154.858	1.292
510		0.541	-3293.236	-14.613	-3278.623	0.248	0.758	151.142	1.203
520		0.552	-3292.176	-13.726	-3278.45	0.232	0.741	146.488	1.267
530		0.562	-3288.577	-14.504	-3274.073	0.264	0.776	137.644	1.213
540		0.573	-3289.941	-14.157	-3275.784	0.167	0.741	142.044	1.175
550		0.583	-3290.351	-13.325	-3277.026	0.124	0.78	141.971	1.243
560		0.594	-3290.81	-14.06	-3276.75	0.202	0.803	141.734	1.205
570		0.604	-3290.295	-13.935	-3276.36	0.191	0.8	138.874	1.206
580		0.615	-3285.593	-15.109	-3270.484	0.195	0.782	130.517	1.097
590		0.625	-3285.918	-14.672	-3271.245	0.188	0.782	131.396	1.13
600		0.636	-3287.444	-14.332	-3273.112	0.152	0.815	125.438	1.138
610		0.646	-3284.194	-14.542	-3269.651	0.084	0.76	111.556	1.114
620		0.657	-3280.129	-16.02	-3264.108	0.092	0.779	106.257	0.993
630		0.667	-3280.834	-16.332	-3264.502	0.127	0.795	105.851	0.964
640		0.678	-3278.971	-18.386	-3260.585	0.284	0.788	99.603	0.903
650		0.688	-3277.669	-17.752	-3259.917	0.213	0.811	97.955	0.895
660		0.699	-3276.974	-17.475	-3259.499	0.251	0.78	98.441	0.935
670		0.709	-3278.858	-17.717	-3261.141	0.235	0.804	100.759	0.911
680		0.72	-3279.167	-16.031	-3263.135	0.272	0.711	102.267	1.055
690		0.731	-3276.668	-15.9	-3260.768	0.156	0.739	100.367	0.994
700		0.741	-3277.579	-16.836	-3260.744	0.202	0.728	99.129	0.947
710		0.752	-3278.232	-15.079	-3263.153	0.176	0.734	99.019	1.061
720		0.762	-3278.096	-15.177	-3262.919	0.205	0.726	98.536	1.067
730		0.773	-3276.865	-16.334	-3260.531	0.144	0.769	93.706	0.957
740		0.783	-3279.448	-17.615	-3261.833	0.251	0.778	101.22	0.928
750		0.794	-3277.957	-17.849	-3260.108	0.133	0.789	98.611	0.864
760		0.804	-3277.955	-18.034	-3259.921	0.146	0.766	95.354	0.852
770		0.815	-3276.487	-17.943	-3258.544	0.154	0.779	94.352	0.859
780		0.825	-3274.368	-17.785	-3256.584	0.144	0.726	87.571	0.862
790		0.836	-3274.723	-18.782	-3255.942	0.152	0.785	87.289	0.808
800		0.846	-3273.661	-18.556	-3255.105	0.141	0.795	86.412	0.818
810		0.857	-3273.894	-18.18	-3255.715	0.14	0.8	86.562	0.839
820		0.867	-3274.115	-18.413	-3255.702	0.118	0.785	86.835	0.825
830		0.878	-3273.925	-18.775	-3255.15	0.168	0.784	86.158	0.811
840		0.888	-3273.563	-17.824	-3255.739	0.118	0.761	82.327	0.856
850		0.899	-3274.448	-16.887	-3257.561	0.1	0.75	80.918	0.915
860		0.909	-3273.161	-17.103	-3256.058	0.112	0.702	82.1	0.899
870		0.92	-3274.258	-16.749	-3257.509	0.154	0.709	85.193	0.926
880		0.93	-3273.867	-16.891	-3256.976	0.162	0.716	88.612	0.921
890		0.941	-3274.979	-16.953	-3258.027	0.185	0.721	91.109	0.926
900		0.952	-3274.533	-16.573	-3257.96	0.226	0.728	89.153	0.972
910		0.962	-3274.755	-16.533	-3258.222	0.235	0.725	89.106	0.981
920		0.973	-3272.524	-17.615	-3254.909	0.212	0.725	82.498	0.893
930		0.983	-3276.779	-19.914	-3256.866	0.188	0.751	81.075	0.755
940		0.994	-3273.051	-18.985	-3254.066	0.205	0.755	79.085	0.809
950		1.005	-3272.231	-18.702	-3253.529	0.24	0.739	83.504	0.844
960		1.015	-3272.184	-19.602	-3252.582	0.29	0.75	75.035	0.823
970		1.026	-3270.865	-19.981	-3250.884	0.235	0.776	73.792	0.769
980		1.037	-3271.103	-20.236	-3250.867	0.205	0.779	73.783	0.744
990		1.047	-3272.17	-19.821	-3252.349	0.27	0.764	72.919	0.797
1000		1.058	-3269.954	-19.999	-3249.955	0.336	0.734	64.371	0.833
1010		1.068	-3268.949	-22.475	-3246.475	0.365	0.709	60.157	0.728
1020		1.079	-3269.238	-21.445	-3247.793	0.369	0.726	60.198	0.782
1030		1.089	-3272.09	-21.974	-3250.117	0.253	0.694	55.503	0.68
1040		1.1	-3271.134	-23.542	-3247.592	0.264	0.749	52.97	0.62
1050		1.11	-3267.073	-23.521	-3243.551	0.294	0.718	45.137	0.636
1060		1.121	-3264.889	-22.996	-3241.893	0.273	0.705	44.533	0.646
1070		1.131	-3266.151	-22.147	-3244.004	0.237	0.729	47.334	0.665
1080		1.142	-3267.021	-21.948	-3245.073	0.232	0.783	47.763	0.672
1090		1.152	-3266.6	-21.919	-3244.681	0.259	0.743	45.974	0.686
1100		1.163	-3265.871	-23.957	-3241.914	0.322	0.728	37.431	0.635
1110		1.173	-3265.058	-24.902	-3240.157	0.335	0.786	35.996	0.606
1120		1.184	-3264.308	-25.643	-3238.665	0.33	0.796	33.158	0.578
1130		1.194	-3264.48	-24.009	-3240.47	0.32	0.758	33.477	0.633
1140		1.205	-3263.18	-27.509	-3235.671	0.345	0.763	24.639	0.526
1150		1.215	-3262.493	-26.804	-3235.689	0.293	0.82	21.478	0.528
1160		1.225	-3263.235	-26.417	-3236.818	0.289	0.829	22.92	0.538
1170		1.236	-3263.148	-26.138	-3237.01	0.258	0.753	22.003	0.534
1180		1.246	-3263.825	-28.936	-3234.89	0.333	0.78	13.426	0.488
1190		1.257	-3264.182	-29.408	-3234.775	0.333	0.732	13.908	0.474
1200		1.267	-3263.794	-29.861	-3233.933	0.374	0.756	13.305	0.481
1210		1.278	-3263.466	-30.252	-3233.213	0.433	0.779	18.395	0.495
1220		1.288	-3263.24	-28.836	-3234.404	0.399	0.783	19.376	0.517
1230		1.299	-3262.694	-28.885	-3233.809	0.412	0.795	22.503	0.521
1240		1.309	-3262.694	-28.885	-3233.809	0.412	0.795	22.503	0.521
1250		1.32	-3263.446	-28.684	-3234.761	0.402	0.805	21.319	0.522
1260		1.33	-3264.253	-28.094	-3236.159	0.421	0.8	24.714	0.551
1270		1.341	-3263.247	-29.366	-3233.881	0.432	0.795	21.867	0.518
1280		1.351	-3263.105	-28.79	-3234.315	0.391	0.776	22.302	0.511
1290		1.362	-3263.133	-28.328	-3234.806	0.393	0.801	21.347	0.528
1300		1.372	-3263.929	-29.535	-3234.394	0.453	0.774	22.109	0.526
1310		1.382	-3265.119	-30.389	-3234.73	0.423	0.771	20.359	0.483
1320		1.393	-3265.029	-31.497	-3233.533	0.493	0.796	16.464	0.499
1330		1.403	-3264.386	-32.416	-3231.97	0.511	0.803	15.995	0.485
1340		1.414	-3264.386	-32.416	-3231.97	0.511	0.803	15.995	0.485
1350		1.424	-3264.97	-33.001	-3231.969	0.513	0.795	14.064	0.472
1360		1.435	-3265.079	-32.677	-3232.402	0.516	0.787	15.382	0.482
1370		1.445	-3264.911	-33.134	-3231.777	0.51	0.792	16.93	0.463
1380		1.456	-3265.752	-30.753	-3234.999	0.431	0.816	17.407	0.48
1390		1.467	-3262.608	-30.775	-3231.833	0.438	0.789	18.586	0.482
1400		1.477	-3263.797	-29.205	-3234.592	0.434	0.783	23.355	0.524
1410		1.488	-3262.455	-27.076	-3235.379	0.31	0.77	20.958	0.526
1420		1.498	-3264.441	-25.98	-3238.461	0.318	0.743	21.877	0.566
1430		1.509	-3265.287	-25.262	-3240.024	0.318	0.72	27.286	0.587
1440		1.519	-3263.803	-25.994	-3237.81	0.383	0.77	29.483	0.597
1450		1.53	-3266.14	-26.126	-3240.014	0.35	0.713	28.032	0.573
1460		1.54	-3266.493	-26.146	-3240.348	0.402	0.724	27.742	0.605
1470		1.551	-3267.441	-26.796	-3240.645	0.372	0.7	31.006	0.56
1480		1.561	-3267.569	-27.782	-3239.787	0.411	0.748	32.158	0.551
1490		1.572	-3269.442	-28.643	-3240.799	0.466	0.742	33.812	0.558
1500		1.583	-3267.338	-26.743	-3240.595	0.426	0.71	35.072	0.596
1510		1.593	-3267.091	-26.808	-3240.283	0.436	0.708	35.322	0.601
1520		1.604	-3267.557	-28.005	-3239.552	0.423	0.755	32.143	0.551
1530		1.614	-3266.566	-26.602	-3239.964	0.408	0.752	40.964	0.588
1540		1.625	-3267.041	-21.753	-3245.287	0.253	0.682	47.982	0.689
1550		1.635	-3266.464	-21.897	-3244.567	0.252	0.693	51.188	0.682
1560		1.646	-3266.711	-21.362	-3245.348	0.164	0.738	53.457	0.676
1570		1.656	-3266.259	-21.625	-3244.634	0.148	0.757	52.78	0.662
1580		1.667	-3266.788	-20.286	-3246.501	0.165	0.761	49.351	0.725
1590		1.677	-3266.408	-20.69	-3245.718	0.159	0.742	43.3	0.705
1600		1.688	-3264.424	-21.692	-3242.732	0.113	0.764	40.374	0.659
1610		1.699	-3266.811	-23.205	-3243.606	0.142	0.82	38.831	0.601
1620		1.709	-3266.274	-22.318	-3243.956	0.161	0.832	38.343	0.638
1630		1.72	-3265.251	-22.218	-3243.034	0.178	0.796	42.199	0.644
1640		1.73	-3266.486	-23.773	-3242.713	0.205	0.815	35.663	0.593
1650		1.741	-3264.828	-25.177	-3239.651	0.281	0.773	35.144	0.57
1660		1.751	-3264.593	-23.807	-3240.786	0.304	0.749	34.433	0.632
1670		1.762	-3264.504	-24.977	-3239.528	0.32	0.738	32.206	0.596
1680		1.772	-3265.542	-23.324	-3242.218	0.299	0.749	33.232	0.65
1690		1.783	-3264.919	-23.633	-3241.286	0.215	0.731	39.592	0.599
1700		1.793	-3264.148	-22.209	-3241.94	0.148	0.746	37.276	0.639
1710		1.804	-3264.148	-22.209	-3241.94	0.148	0.746	37.276	0.639
1720		1.814	-3265.33	-22.049	-3243.281	0.172	0.774	40.482	0.65
1730		1.825	-3265.222	-22.075	-3243.148	0.096	0.735	37.494	0.646
1740		1.835	-3264.893	-22.173	-3242.719	0.139	0.733	36.22	0.64
1750		1.846	-3264.299	-22.983	-3241.316	0.077	0.753	31.298	0.618
1760		1.856	-3264.867	-23.296	-3241.571	0.151	0.708	26.699	0.602
1770		1.867	-3262.282	-24.67	-3237.611	0.147	0.776	23.964	0.555
1780		1.878	-3263.036	-23.995	-3239.041	0.183	0.77	24.922	0.583
1790		1.888	-3264.667	-27.03	-3237.636	0.161	0.763	21.65	0.483
1800		1.899	-3265.425	-24.357	-3241.068	0.193	0.693	23.116	0.573
1810		1.909	-3261.72	-26.246	-3235.473	0.183	0.767	22.344	0.51
1820		1.92	-3261.846	-27.005	-3234.84	0.196	0.789	21.622	0.49
1830		1.93	-3261.768	-26.016	-3235.752	0.127	0.766	22.134	0.511
1840		1.941	-3261.865	-25.522	-3236.343	0.131	0.779	24.787	0.525
1850		1.951	-3261.835	-25.682	-3236.154	0.161	0.825	21.483	0.525
1860		1.962	-3259.882	-26.963	-3232.919	0.138	0.793	18.78	0.486
1870		1.972	-3259.882	-26.963	-3232.919	0.138	0.793	18.78	0.486
1880		1.983	-3259.882	-26.963	-3232.919	0.138	0.793	18.78	0.486
1890		1.994	-3263.683	-27.743	-3235.94	0.091	0.76	17.016	0.468
1900		2.004	-3263.944	-27.49	-3236.454	0.095	0.736	15.773	0.475
1910		2.014	-3260.959	-27.177	-3233.782	0.14	0.792	16.286	0.482
1920		2.025	-3261.431	-28.054	-3233.377	0.168	0.808	12.955	0.465
1930		2.035	-3261.431	-28.054	-3233.377	0.168	0.808	12.955	0.465
1940		2.046	-3263.059	-30.172	-3232.888	0.121	0.767	9.085	0.414
1950		2.056	-3264.923	-25.374	-3239.55	0.114	0.745	17.292	0.536
1960		2.067	-3263.494	-26.713	-3236.78	0.104	0.785	14.478	0.499
1970		2.077	-3263.918	-29.888	-3234.029	0.108	0.777	10.983	0.418
1980		2.088	-3262.472	-27.029	-3235.443	0.099	0.766	15.142	0.489
1990		2.098	-3262.829	-25.934	-3236.895	0.122	0.75	19.641	0.516
2000		2.109	-3261.334	-26.221	-3235.113	0.154	0.774	21.567	0.507
2010		2.119	-3262.721	-24.505	-3238.216	0.092	0.798	26.987	0.561
2020		2.13	-3263.804	-24.514	-3239.29	0.081	0.8	24.241	0.565
2030		2.14	-3262.448	-26.433	-3236.015	0.069	0.791	23.549	0.507
2040		2.15	-3263.323	-26.462	-3236.862	0.037	0.783	22.966	0.531
2050		2.161	-3263.082	-25.964	-3237.118	0.057	0.774	20.67	0.53
2060		2.172	-3262.561	-24.863	-3237.698	0.059	0.77	24.246	0.563
2070		2.182	-3264.623	-25.398	-3239.225	0.069	0.745	25.339	0.539
2080		2.193	-3264.157	-25.402	-3238.755	0.123	0.735	24.29	0.529
2090		2.203	-3265.605	-22.864	-3242.74	0.083	0.719	31.93	0.62
2100		2.214	-3264.323	-24.996	-3239.327	0.055	0.785	29.475	0.558
2110		2.224	-3263.226	-24.497	-3238.729	0.076	0.768	27.453	0.565
2120		2.235	-3263.604	-24.744	-3238.86	0.064	0.771	25.099	0.564
2130		2.245	-3267.228	-26.568	-3240.66	0.052	0.808	26.196	0.511
2140		2.256	-3264.458	-25.257	-3239.201	0.128	0.841	21.603	0.537
2150		2.266	-3264.596	-25.631	-3238.966	0.06	0.807	21.241	0.539
2160		2.277	-3262.318	-26.186	-3236.132	0.101	0.787	24.04	0.506
2170		2.287	-3265.587	-26.049	-3239.538	0.082	0.844	23.998	0.515
2180		2.298	-3264.211	-25.358	-3238.854	0.05	0.821	24.908	0.553
2190		2.308	-3264.9	-28.214	-3236.686	0.016	0.793	24.7	0.518
2200		2.319	-3262.505	-25.939	-3236.566	0.068	0.806	23.349	0.524
2210		2.329	-3262.829	-24.439	-3238.39	0.105	0.793	29.418	0.559
2220		2.34	-3262.291	-24.944	-3237.347	0.095	0.82	25.907	0.546
2230		2.35	-3262.461	-25.699	-3236.762	0.089	0.748	19.694	0.527
2240		2.361	-3264.613	-27.388	-3237.225	0.064	0.781	21.461	0.482
2250		2.371	-3263.473	-26.067	-3237.406	0.055	0.804	20.791	0.529
2260		2.382	-3263.726	-26.656	-3237.07	0.038	0.815	21.91	0.525
2270		2.392	-3263.302	-27.114	-3236.189	0.035	0.805	21.913	0.514
2280		2.403	-3263.302	-27.114	-3236.189	0.035	0.805	21.913	0.514
2290		2.414	-3262.323	-24.609	-3237.713	0.121	0.775	27.845	0.553
2300		2.424	-3262.808	-23.56	-3239.248	0.133	0.766	26.712	0.591
2310		2.435	-3264.214	-22.784	-3241.43	0.212	0.74	33.007	0.633
2320		2.445	-3262.154	-25.415	-3236.739	0.174	0.804	21.985	0.535
2330		2.456	-3262.154	-25.415	-3236.739	0.174	0.804	21.985	0.535
2340		2.466	-3263.75	-22.914	-3240.835	0.114	0.75	30.464	0.613
2350		2.477	-3263.16	-23.326	-3239.834	0.161	0.741	28.836	0.601
2360		2.487	-3266.956	-22.324	-3244.632	0.22	0.693	33.508	0.654
2370		2.498	-3264.538	-22.605	-3241.933	0.166	0.729	32.568	0.628
2380		2.508	-3263.823	-22.565	-3241.258	0.116	0.784	32.065	0.626
2390		2.519	-3262.794	-24.157	-3238.637	0.127	0.799	32.141	0.567
2400		2.529	-3264.548	-23.515	-3241.033	0.177	0.8	28.951	0.598
2410		2.539	-3262.953	-23.914	-3239.039	0.169	0.793	29.975	0.581
2420		2.55	-3263.256	-24.376	-3238.88	0.144	0.795	24.0	0.565
2430		2.56	-3262.076	-24.529	-3237.547	0.15	0.761	22.769	0.561
2440		2.571	-3261.901	-26.077	-3235.824	0.134	0.765	20.67	0.51
2450		2.581	-3260.212	-27.002	-3233.21	0.129	0.804	18.615	0.485
2460		2.592	-3260.212	-27.002	-3233.21	0.129	0.804	18.615	0.485
2470		2.602	-3260.212	-27.002	-3233.21	0.129	0.804	18.615	0.485
2480		2.613	-3260.212	-27.002	-3233.21	0.129	0.804	18.615	0.485
2490		2.623	-3260.212	-27.002	-3233.21	0.129	0.804	18.615	0.485
2500		2.634	-3260.854	-27.684	-3233.17	0.114	0.794	14.916	0.47
2510		2.644	-3262.564	-31.339	-3231.225	0.078	0.811	7.488	0.395
2520		2.655	-3262.229	-30.695	-3231.534	0.073	0.797	8.679	0.409
2530		2.665	-3264.333	-30.279	-3234.054	0.117	0.772	7.658	0.415
2540		2.676	-3263.224	-30.494	-3232.73	0.074	0.785	8.882	0.413
2550		2.686	-3261.281	-28.681	-3232.6	0.087	0.803	12.893	0.449
2560		2.697	-3261.281	-28.681	-3232.6	0.087	0.803	12.893	0.449
2570		2.707	-3260.906	-28.368	-3232.538	0.112	0.808	13.189	0.453
2580		2.718	-3260.906	-28.368	-3232.538	0.112	0.808	13.189	0.453
2590		2.729	-3260.906	-28.368	-3232.538	0.112	0.808	13.189	0.453
2600		2.739	-3261.124	-27.782	-3233.342	0.134	0.809	14.004	0.468
2610		2.75	-3260.807	-28.648	-3232.158	0.124	0.821	12.26	0.447
2620		2.76	-3260.512	-27.85	-3232.662	0.128	0.792	15.896	0.463
2630		2.771	-3260.512	-27.85	-3232.662	0.128	0.792	15.896	0.463
2640		2.781	-3260.512	-27.85	-3232.662	0.128	0.792	15.896	0.463
2650		2.792	-3261.583	-26.513	-3235.07	0.138	0.771	17.305	0.501
2660		2.802	-3260.907	-27.544	-3233.362	0.102	0.783	16.49	0.472
2670		2.813	-3260.907	-27.544	-3233.362	0.102	0.783	16.49	0.472
2680		2.823	-3260.41	-27.267	-3233.143	0.135	0.8	16.371	0.48
2690		2.834	-3260.615	-27.229	-3233.385	0.113	0.806	16.108	0.481
2700		2.844	-3260.673	-27.956	-3232.717	0.102	0.813	14.645	0.464
2710		2.854	-3263.133	-28.513	-3234.62	0.096	0.828	11.391	0.454
2720		2.865	-3260.774	-27.615	-3233.159	0.166	0.801	14.773	0.475
2730		2.875	-3261.777	-27.932	-3233.845	0.155	0.769	14.052	0.465
2740		2.886	-3261.695	-28.393	-3233.302	0.175	0.8	12.058	0.458
2750		2.896	-3260.845	-29.685	-3231.16	0.214	0.803	12.38	0.431
2760		2.907	-3262.074	-29.54	-3232.535	0.219	0.781	10.642	0.438
2770		2.917	-3262.074	-29.54	-3232.535	0.219	0.781	10.642	0.438
2780		2.928	-3262.843	-29.703	-3233.141	0.213	0.762	10.665	0.433
2790		2.938	-3263.602	-27.945	-3235.657	0.172	0.744	15.549	0.464
2800		2.949	-3261.681	-25.937	-3235.744	0.19	0.751	19.531	0.523
2810		2.959	-3262.819	-25.963	-3236.856	0.212	0.732	18.68	0.529
2820		2.97	-3264.083	-26.611	-3237.472	0.143	0.726	14.805	0.501
2830		2.98	-3263.51	-26.732	-3236.778	0.107	0.728	15.523	0.496
2840		2.991	-3264.566	-28.279	-3236.288	0.085	0.736	13.586	0.458
2850		3.001	-3265.492	-28.386	-3237.106	0.109	0.797	16.034	0.449
2860		3.012	-3261.41	-27.637	-3233.773	0.104	0.799	14.166	0.473
2870		3.022	-3262.159	-28.048	-3234.111	0.134	0.797	12.269	0.463
2880		3.033	-3262.563	-30.234	-3232.329	0.146	0.788	10.015	0.411
2890		3.043	-3261.38	-29.193	-3232.187	0.177	0.781	12.267	0.436
2900		3.054	-3261.38	-29.193	-3232.187	0.177	0.781	12.267	0.436
2910		3.064	-3261.38	-29.193	-3232.187	0.177	0.781	12.267	0.436
2920		3.075	-3260.561	-28.426	-3232.135	0.161	0.818	12.859	0.454
2930		3.085	-3264.669	-28.637	-3236.033	0.13	0.833	11.898	0.448
2940		3.096	-3264.669	-28.637	-3236.033	0.13	0.833	11.898	0.448
2950		3.107	-3264.653	-30.484	-3234.17	0.127	0.831	9.636	0.406
2960		3.117	-3262.319	-29.844	-3232.474	0.065	0.795	11.69	0.427
2970		3.127	-3262.729	-28.769	-3233.96	0.071	0.799	11.447	0.453
2980		3.138	-3262.39	-31.269	-3231.122	0.107	0.805	7.481	0.392
2990		3.148	-3266.767	-30.188	-3236.579	0.121	0.8	6.978	0.419
3000		3.159	-3266.767	-30.188	-3236.579	0.121	0.8	6.978	0.419
3010		3.169	-3264.939	-28.822	-3236.117	0.128	0.796	9.474	0.448
3020		3.18	-3261.446	-27.216	-3234.23	0.162	0.796	14.838	0.485
3030		3.19	-3260.727	-27.478	-3233.25	0.184	0.819	16.335	0.48
3040		3.201	-3260.796	-26.85	-3233.945	0.22	0.79	18.87	0.503
3050		3.212	-3262.876	-27.761	-3235.115	0.233	0.794	14.05	0.486
3060		3.222	-3260.748	-27.94	-3232.808	0.239	0.788	16.456	0.479
3070		3.233	-3260.748	-27.94	-3232.808	0.239	0.788	16.456	0.479
3080		3.243	-3260.748	-27.94	-3232.808	0.239	0.788	16.456	0.479
3090		3.254	-3261.63	-27.413	-3234.217	0.253	0.796	16.682	0.499
3100		3.265	-3262.338	-25.991	-3236.348	0.239	0.811	21.727	0.533
3110		3.275	-3262.473	-27.904	-3234.569	0.245	0.756	14.735	0.484
3120		3.286	-3262.207	-28.085	-3234.122	0.239	0.805	13.796	0.478
3130		3.297	-3262.207	-28.085	-3234.122	0.239	0.805	13.796	0.478
3140		3.307	-3261.934	-28.891	-3233.043	0.25	0.769	14.714	0.457
3150		3.318	-3260.712	-28.877	-3231.835	0.234	0.79	14.519	0.453
3160		3.328	-3261.164	-28.821	-3232.343	0.26	0.787	15.787	0.461
3170		3.339	-3261.164	-28.821	-3232.343	0.26	0.787	15.787	0.461
3180		3.349	-3261.187	-28.284	-3232.903	0.313	0.803	17.7	0.494
3190		3.36	-3261.129	-29.234	-3231.895	0.319	0.812	15.579	0.471
3200		3.37	-3261.129	-29.234	-3231.895	0.319	0.812	15.579	0.471
3210		3.381	-3262.387	-29.569	-3232.818	0.374	0.819	16.926	0.484
3220		3.391	-3262.495	-28.681	-3233.813	0.355	0.779	20.609	0.498
3230		3.402	-3263.093	-28.033	-3235.06	0.335	0.767	20.706	0.508
3240		3.412	-3262.132	-29.143	-3232.988	0.277	0.774	13.766	0.46
3250		3.423	-3263.31	-29.499	-3233.811	0.298	0.755	13.847	0.457
3260		3.433	-3265.578	-29.661	-3235.918	0.266	0.737	13.245	0.443
3270		3.444	-3260.218	-27.561	-3232.657	0.214	0.799	18.831	0.481
3280		3.454	-3260.817	-27.49	-3233.327	0.218	0.795	17.665	0.485
3290		3.465	-3262.929	-25.783	-3237.146	0.157	0.742	21.006	0.521
3300		3.475	-3262.594	-26.178	-3236.416	0.156	0.749	18.888	0.511
3310		3.485	-3261.464	-26.492	-3234.971	0.102	0.812	19.68	0.5
3320		3.496	-3260.659	-26.941	-3233.718	0.099	0.806	18.483	0.488
3330		3.506	-3263.673	-27.608	-3236.065	0.127	0.833	17.369	0.469
3340		3.517	-3263.845	-27.065	-3236.78	0.15	0.84	15.263	0.488
3350		3.527	-3261.751	-25.976	-3235.775	0.152	0.787	18.754	0.517
3360		3.538	-3261.744	-25.949	-3235.795	0.112	0.79	19.411	0.516
3370		3.548	-3264.312	-24.708	-3239.603	0.165	0.754	20.03	0.559
3380		3.558	-3262.231	-25.967	-3236.264	0.149	0.765	18.281	0.517
3390		3.569	-3261.891	-25.635	-3236.256	0.166	0.786	19.942	0.528
3400		3.579	-3263.346	-24.943	-3238.403	0.134	0.793	20.033	0.548
3410		3.59	-3262.956	-25.968	-3236.988	0.081	0.755	19.779	0.52
3420		3.6	-3263.112	-26.062	-3237.05	0.082	0.75	20.957	0.516
3430		3.611	-3260.848	-26.904	-3233.944	0.145	0.786	18.069	0.489
3440		3.621	-3260.999	-27.631	-3233.368	0.221	0.791	18.991	0.48
3450		3.632	-3261.094	-27.184	-3233.91	0.219	0.781	16.537	0.495
3460		3.642	-3260.82	-28.171	-3232.649	0.227	0.789	15.314	0.47
3470		3.653	-3260.82	-28.171	-3232.649	0.227	0.789	15.314	0.47
3480		3.663	-3260.906	-28.34	-3232.566	0.167	0.784	14.633	0.454
3490		3.674	-3263.327	-29.232	-3234.095	0.169	0.768	12.634	0.434
3500		3.684	-3262.057	-28.114	-3233.943	0.132	0.774	12.686	0.46
3510		3.695	-3263.205	-29.243	-3233.962	0.177	0.781	9.64	0.44
3520		3.705	-3262.32	-26.558	-3235.762	0.146	0.756	17.288	0.5
3530		3.715	-3262.235	-25.351	-3236.884	0.133	0.758	22.655	0.532
3540		3.726	-3263.0	-26.036	-3236.964	0.152	0.73	19.344	0.514
3550		3.736	-3262.481	-28.608	-3233.873	0.1	0.781	11.202	0.451
3560		3.747	-3262.581	-28.72	-3233.861	0.092	0.766	11.871	0.448
3570		3.757	-3261.799	-28.491	-3233.308	0.116	0.788	12.717	0.45
3580		3.768	-3261.109	-27.422	-3233.687	0.125	0.813	15.118	0.477
3590		3.778	-3263.601	-26.352	-3237.249	0.119	0.816	16.472	0.507
3600		3.789	-3260.926	-27.025	-3233.901	0.082	0.797	19.492	0.488
3610		3.799	-3263.104	-25.373	-3237.73	0.133	0.782	18.519	0.535
3620		3.81	-3261.481	-28.94	-3232.541	0.201	0.773	13.301	0.446
3630		3.82	-3261.481	-28.94	-3232.541	0.201	0.773	13.301	0.446
3640		3.831	-3261.121	-27.943	-3233.178	0.272	0.811	18.091	0.488
3650		3.841	-3261.022	-28.372	-3232.649	0.264	0.783	17.028	0.473
3660		3.852	-3260.598	-26.821	-3233.777	0.195	0.798	18.606	0.498
3670		3.862	-3260.939	-26.697	-3234.243	0.153	0.801	17.338	0.497
3680		3.873	-3260.79	-26.751	-3234.039	0.216	0.794	20.275	0.504
3690		3.883	-3261.044	-26.832	-3234.212	0.223	0.788	18.87	0.504
3700		3.894	-3260.863	-27.219	-3233.644	0.205	0.794	16.944	0.49
3710		3.905	-3261.267	-28.537	-3232.729	0.233	0.796	16.537	0.46
3720		3.915	-3263.56	-28.545	-3235.015	0.261	0.773	12.567	0.474
3730		3.926	-3260.878	-30.603	-3230.275	0.318	0.81	12.255	0.438
3740		3.936	-3260.878	-30.603	-3230.275	0.318	0.81	12.255	0.438
3750		3.947	-3262.128	-29.577	-3232.551	0.305	0.785	12.859	0.46
3760		3.957	-3263.611	-30.39	-3233.221	0.374	0.785	12.474	0.467
3770		3.968	-3264.906	-31.285	-3233.622	0.358	0.748	11.718	0.437
3780		3.978	-3262.578	-31.201	-3231.377	0.412	0.819	14.116	0.461
3790		3.989	-3264.423	-32.069	-3232.354	0.404	0.783	13.299	0.435
3800		3.999	-3261.966	-27.527	-3234.438	0.321	0.789	20.861	0.517
3810		4.01	-3263.16	-27.106	-3236.054	0.341	0.805	22.583	0.539
3820		4.02	-3262.066	-28.443	-3233.623	0.317	0.775	19.202	0.489
3830		4.031	-3260.639	-27.921	-3232.719	0.265	0.792	18.78	0.485
3840		4.041	-3260.865	-27.381	-3233.484	0.242	0.79	19.612	0.493
3850		4.052	-3261.547	-25.067	-3236.48	0.151	0.78	24.408	0.541
3860		4.062	-3261.499	-26.534	-3234.965	0.135	0.779	19.778	0.497
3870		4.073	-3264.992	-25.684	-3239.307	0.17	0.841	22.504	0.526
3880		4.084	-3262.284	-24.964	-3237.319	0.229	0.774	25.121	0.562
3890		4.094	-3262.634	-24.528	-3238.106	0.204	0.814	30.341	0.567
3900		4.105	-3261.737	-24.833	-3236.903	0.219	0.788	27.015	0.562
3910		4.115	-3262.067	-26.174	-3235.893	0.212	0.772	24.454	0.517
3920		4.126	-3261.805	-26.65	-3235.155	0.28	0.791	25.039	0.524
3930		4.136	-3264.798	-27.681	-3237.116	0.315	0.751	23.242	0.508
3940		4.146	-3262.603	-29.179	-3233.424	0.397	0.788	20.037	0.505
3950		4.157	-3265.11	-27.805	-3237.305	0.34	0.815	22.193	0.516
3960		4.167	-3264.978	-27.646	-3237.332	0.322	0.78	26.26	0.51
3970		4.178	-3265.616	-26.932	-3238.684	0.321	0.82	24.634	0.533
3980		4.188	-3264.084	-26.969	-3237.115	0.32	0.811	20.621	0.535
3990		4.199	-3263.308	-28.408	-3234.9	0.327	0.769	21.243	0.492
4000		4.209	-3262.174	-26.189	-3235.984	0.289	0.767	21.732	0.545
4010		4.22	-3262.274	-27.334	-3234.94	0.298	0.771	22.768	0.511
4020		4.23	-3261.405	-28.228	-3233.177	0.278	0.792	16.773	0.483
4030		4.241	-3260.75	-29.349	-3231.401	0.281	0.795	14.844	0.455
4040		4.251	-3260.75	-29.349	-3231.401	0.281	0.795	14.844	0.455
4050		4.262	-3261.622	-28.238	-3233.384	0.31	0.792	17.396	0.494
4060		4.272	-3261.132	-29.259	-3231.872	0.306	0.792	16.044	0.464
4070		4.283	-3261.289	-27.891	-3233.398	0.283	0.809	19.095	0.492
4080		4.293	-3262.155	-26.886	-3235.269	0.3	0.799	22.83	0.527
4090		4.304	-3262.843	-26.798	-3236.046	0.3	0.77	25.11	0.528
4100		4.314	-3261.924	-27.209	-3234.715	0.276	0.765	21.57	0.507
4110		4.325	-3262.422	-28.096	-3234.326	0.282	0.768	19.388	0.485
4120		4.335	-3261.14	-27.569	-3233.571	0.285	0.792	19.229	0.502
4130		4.345	-3262.148	-28.241	-3233.907	0.317	0.793	16.982	0.497
4140		4.356	-3262.148	-28.241	-3233.907	0.317	0.793	16.982	0.497
4150		4.366	-3262.162	-29.083	-3233.078	0.299	0.785	13.401	0.47
4160		4.377	-3264.131	-30.351	-3233.78	0.298	0.75	11.282	0.439
4170		4.387	-3265.62	-30.59	-3235.03	0.307	0.759	13.097	0.433
4180		4.398	-3262.039	-28.189	-3233.85	0.338	0.794	22.713	0.503
4190		4.408	-3262.34	-26.634	-3235.706	0.314	0.777	23.812	0.54
4200		4.419	-3262.174	-25.442	-3236.732	0.237	0.776	21.582	0.551
4210		4.429	-3262.629	-26.74	-3235.889	0.254	0.799	18.133	0.518
4220		4.44	-3261.429	-27.866	-3233.563	0.296	0.786	20.404	0.496
4230		4.45	-3261.952	-27.792	-3234.16	0.316	0.811	20.45	0.507
4240		4.461	-3265.884	-26.96	-3238.924	0.279	0.865	26.785	0.514
4250		4.471	-3267.451	-27.961	-3239.491	0.28	0.825	23.504	0.486
4260		4.481	-3262.326	-25.739	-3236.587	0.262	0.778	23.303	0.548
4270		4.492	-3261.744	-25.685	-3236.059	0.237	0.75	21.871	0.542
4280		4.502	-3262.533	-25.263	-3237.27	0.17	0.755	22.127	0.539
4290		4.513	-3263.125	-25.771	-3237.354	0.167	0.755	23.284	0.521
4300		4.523	-3261.508	-28.101	-3233.408	0.3	0.789	18.254	0.493
4310		4.534	-3261.508	-28.101	-3233.408	0.3	0.789	18.254	0.493
4320		4.544	-3262.697	-28.705	-3233.992	0.292	0.779	13.763	0.478
4330		4.554	-3263.865	-27.799	-3236.065	0.233	0.738	16.67	0.48
4340		4.565	-3262.558	-27.728	-3234.83	0.153	0.748	15.409	0.468
4350		4.575	-3260.982	-27.306	-3233.677	0.228	0.79	16.804	0.494
4360		4.586	-3262.027	-27.673	-3234.353	0.253	0.774	15.449	0.492
4370		4.597	-3261.571	-28.991	-3232.58	0.2	0.779	12.566	0.445
4380		4.607	-3261.802	-29.738	-3232.064	0.256	0.799	11.133	0.442
4390		4.618	-3262.463	-31.761	-3230.702	0.19	0.804	6.933	0.388
4400		4.628	-3262.389	-31.356	-3231.032	0.133	0.812	7.718	0.389
4410		4.639	-3261.303	-29.502	-3231.802	0.103	0.799	11.26	0.427
4420		4.649	-3263.246	-29.653	-3233.592	0.084	0.83	9.388	0.43
4430		4.66	-3264.437	-31.07	-3233.367	0.134	0.779	8.366	0.394
4440		4.67	-3264.192	-28.929	-3235.262	0.152	0.855	13.071	0.44
4450		4.681	-3264.252	-30.34	-3233.913	0.116	0.828	9.723	0.409
4460		4.691	-3265.558	-26.733	-3238.826	0.189	0.85	18.336	0.501
4470		4.702	-3260.503	-27.936	-3232.567	0.17	0.785	15.503	0.465
4480		4.712	-3261.074	-27.444	-3233.63	0.136	0.784	16.135	0.475
4490		4.723	-3262.259	-29.267	-3232.993	0.059	0.794	12.16	0.443
